[ 2014-10-26T14:05:07+08:00 ] 127.0.0.1 /
INFO: [ app_init ] --START--
INFO: Run Behavior\BuildLiteBehavior [ RunTime:0.000000s ]
INFO: [ app_init ] --END-- [ RunTime:0.000000s ]
INFO: [ app_begin ] --START--
INFO: Run Behavior\ReadHtmlCacheBehavior [ RunTime:0.001000s ]
INFO: [ app_begin ] --END-- [ RunTime:0.001000s ]
SQL: SHOW COLUMNS FROM `db_topic` [ RunTime:0.022001s ]
ERR: 1146:Table 'db_laboratory.db_topic' doesn't exist
 [ SQL语句 ] : SHOW COLUMNS FROM `db_topic`
SQL: SELECT * FROM `db_topic` WHERE ( type=1 ) ORDER BY id desc LIMIT 0,11   [ RunTime:0.001000s ]
ERR: 1146:Table 'db_laboratory.db_topic' doesn't exist
 [ SQL语句 ] : SELECT * FROM `db_topic` WHERE ( type=1 ) ORDER BY id desc LIMIT 0,11  
SQL: SELECT * FROM `db_topic` WHERE ( type=2 ) ORDER BY id desc LIMIT 0,11   [ RunTime:0.000000s ]
ERR: 1146:Table 'db_laboratory.db_topic' doesn't exist
 [ SQL语句 ] : SELECT * FROM `db_topic` WHERE ( type=2 ) ORDER BY id desc LIMIT 0,11  
SQL: SELECT * FROM `db_topic` WHERE ( type=3 ) ORDER BY id desc LIMIT 0,11   [ RunTime:0.000000s ]
ERR: 1146:Table 'db_laboratory.db_topic' doesn't exist
 [ SQL语句 ] : SELECT * FROM `db_topic` WHERE ( type=3 ) ORDER BY id desc LIMIT 0,11  
SQL: SELECT * FROM `db_topic` WHERE ( type=4 ) ORDER BY id desc LIMIT 0,11   [ RunTime:0.000000s ]
ERR: 1146:Table 'db_laboratory.db_topic' doesn't exist
 [ SQL语句 ] : SELECT * FROM `db_topic` WHERE ( type=4 ) ORDER BY id desc LIMIT 0,11  
SQL: SELECT * FROM `db_topic` WHERE ( type=6 ) ORDER BY id desc LIMIT 0,11   [ RunTime:0.000000s ]
ERR: 1146:Table 'db_laboratory.db_topic' doesn't exist
 [ SQL语句 ] : SELECT * FROM `db_topic` WHERE ( type=6 ) ORDER BY id desc LIMIT 0,11  
NOTIC: [2] Invalid argument supplied for foreach() G:\github\gaozi\Application\Home\Controller\IndexController.class.php 第 15 行.
INFO: [ view_parse ] --START--
INFO: [ template_filter ] --START--
INFO: Run Behavior\ContentReplaceBehavior [ RunTime:0.000000s ]
INFO: [ template_filter ] --END-- [ RunTime:0.000000s ]
NOTIC: [8] Undefined variable: info_active G:\github\gaozi\Application\Runtime\Cache\Home\2a94b8bda04ff446dcedd42276fc99ee.php 第 25 行.
NOTIC: [8] Undefined variable: notice_active G:\github\gaozi\Application\Runtime\Cache\Home\2a94b8bda04ff446dcedd42276fc99ee.php 第 26 行.
INFO: Run Behavior\ParseTemplateBehavior [ RunTime:0.008001s ]
INFO: [ view_parse ] --END-- [ RunTime:0.008001s ]
INFO: [ view_filter ] --START--
INFO: Run Behavior\WriteHtmlCacheBehavior [ RunTime:0.000000s ]
INFO: [ view_filter ] --END-- [ RunTime:0.000000s ]
INFO: [ app_end ] --START--
INFO: Run Behavior\ShowPageTraceBehavior [ RunTime:0.001000s ]
INFO: [ app_end ] --END-- [ RunTime:0.001000s ]

[ 2014-10-26T14:05:09+08:00 ] 127.0.0.1 /home/index/notice
INFO: [ app_init ] --START--
INFO: Run Behavior\BuildLiteBehavior [ RunTime:0.000000s ]
INFO: [ app_init ] --END-- [ RunTime:0.000000s ]
INFO: [ app_begin ] --START--
INFO: Run Behavior\ReadHtmlCacheBehavior [ RunTime:0.001000s ]
INFO: [ app_begin ] --END-- [ RunTime:0.001000s ]
ERR: 非法操作:notice

[ 2014-10-26T14:05:12+08:00 ] 127.0.0.1 /home/index/info
INFO: [ app_init ] --START--
INFO: Run Behavior\BuildLiteBehavior [ RunTime:0.000000s ]
INFO: [ app_init ] --END-- [ RunTime:0.000000s ]
INFO: [ app_begin ] --START--
INFO: Run Behavior\ReadHtmlCacheBehavior [ RunTime:0.001000s ]
INFO: [ app_begin ] --END-- [ RunTime:0.001000s ]
SQL: SHOW COLUMNS FROM `db_labinfo` [ RunTime:0.029002s ]
SQL: SELECT `info` FROM `db_labinfo`  [ RunTime:0.000000s ]
INFO: [ view_parse ] --START--
INFO: [ template_filter ] --START--
INFO: Run Behavior\ContentReplaceBehavior [ RunTime:0.000000s ]
INFO: [ template_filter ] --END-- [ RunTime:0.000000s ]
NOTIC: [8] Undefined variable: index_active G:\github\gaozi\Application\Runtime\Cache\Home\58dcbc0a6aedef7ee219b145fa55354f.php 第 24 行.
NOTIC: [8] Undefined variable: notice_active G:\github\gaozi\Application\Runtime\Cache\Home\58dcbc0a6aedef7ee219b145fa55354f.php 第 26 行.
INFO: Run Behavior\ParseTemplateBehavior [ RunTime:0.007000s ]
INFO: [ view_parse ] --END-- [ RunTime:0.007000s ]
INFO: [ view_filter ] --START--
INFO: Run Behavior\WriteHtmlCacheBehavior [ RunTime:0.000000s ]
INFO: [ view_filter ] --END-- [ RunTime:0.000000s ]
INFO: [ app_end ] --START--
INFO: Run Behavior\ShowPageTraceBehavior [ RunTime:0.000000s ]
INFO: [ app_end ] --END-- [ RunTime:0.000000s ]

[ 2014-10-26T14:56:33+08:00 ] 127.0.0.1 /home/index/info
INFO: [ app_init ] --START--
INFO: Run Behavior\BuildLiteBehavior [ RunTime:0.000000s ]
INFO: [ app_init ] --END-- [ RunTime:0.000000s ]
INFO: [ app_begin ] --START--
INFO: Run Behavior\ReadHtmlCacheBehavior [ RunTime:0.000000s ]
INFO: [ app_begin ] --END-- [ RunTime:0.000000s ]
SQL: SHOW COLUMNS FROM `db_labinfo` [ RunTime:0.002000s ]
SQL: SELECT `info` FROM `db_labinfo`  [ RunTime:0.000000s ]
INFO: [ view_parse ] --START--
INFO: [ template_filter ] --START--
INFO: Run Behavior\ContentReplaceBehavior [ RunTime:0.000000s ]
INFO: [ template_filter ] --END-- [ RunTime:0.000000s ]
NOTIC: [8] Undefined variable: index_active G:\github\gaozi\Application\Runtime\Cache\Home\58dcbc0a6aedef7ee219b145fa55354f.php 第 24 行.
NOTIC: [8] Undefined variable: mews_active G:\github\gaozi\Application\Runtime\Cache\Home\58dcbc0a6aedef7ee219b145fa55354f.php 第 26 行.
INFO: Run Behavior\ParseTemplateBehavior [ RunTime:0.008000s ]
INFO: [ view_parse ] --END-- [ RunTime:0.008000s ]
INFO: [ view_filter ] --START--
INFO: Run Behavior\WriteHtmlCacheBehavior [ RunTime:0.000000s ]
INFO: [ view_filter ] --END-- [ RunTime:0.000000s ]
INFO: [ app_end ] --START--
INFO: Run Behavior\ShowPageTraceBehavior [ RunTime:0.001000s ]
INFO: [ app_end ] --END-- [ RunTime:0.001000s ]

[ 2014-10-26T14:56:35+08:00 ] 127.0.0.1 /home/index/info
INFO: [ app_init ] --START--
INFO: Run Behavior\BuildLiteBehavior [ RunTime:0.000000s ]
INFO: [ app_init ] --END-- [ RunTime:0.000000s ]
INFO: [ app_begin ] --START--
INFO: Run Behavior\ReadHtmlCacheBehavior [ RunTime:0.001000s ]
INFO: [ app_begin ] --END-- [ RunTime:0.001000s ]
SQL: SHOW COLUMNS FROM `db_labinfo` [ RunTime:0.002000s ]
SQL: SELECT `info` FROM `db_labinfo`  [ RunTime:0.000000s ]
INFO: [ view_parse ] --START--
INFO: [ template_filter ] --START--
INFO: Run Behavior\ContentReplaceBehavior [ RunTime:0.001000s ]
INFO: [ template_filter ] --END-- [ RunTime:0.001000s ]
NOTIC: [8] Undefined variable: index_active G:\github\gaozi\Application\Runtime\Cache\Home\58dcbc0a6aedef7ee219b145fa55354f.php 第 24 行.
NOTIC: [8] Undefined variable: mews_active G:\github\gaozi\Application\Runtime\Cache\Home\58dcbc0a6aedef7ee219b145fa55354f.php 第 26 行.
INFO: Run Behavior\ParseTemplateBehavior [ RunTime:0.008001s ]
INFO: [ view_parse ] --END-- [ RunTime:0.008001s ]
INFO: [ view_filter ] --START--
INFO: Run Behavior\WriteHtmlCacheBehavior [ RunTime:0.000000s ]
INFO: [ view_filter ] --END-- [ RunTime:0.000000s ]
INFO: [ app_end ] --START--
INFO: Run Behavior\ShowPageTraceBehavior [ RunTime:0.001000s ]
INFO: [ app_end ] --END-- [ RunTime:0.001000s ]

[ 2014-10-26T14:56:35+08:00 ] 127.0.0.1 /home/index/info
INFO: [ app_init ] --START--
INFO: Run Behavior\BuildLiteBehavior [ RunTime:0.000000s ]
INFO: [ app_init ] --END-- [ RunTime:0.001000s ]
INFO: [ app_begin ] --START--
INFO: Run Behavior\ReadHtmlCacheBehavior [ RunTime:0.001000s ]
INFO: [ app_begin ] --END-- [ RunTime:0.001000s ]
SQL: SHOW COLUMNS FROM `db_labinfo` [ RunTime:0.002000s ]
SQL: SELECT `info` FROM `db_labinfo`  [ RunTime:0.001000s ]
INFO: [ view_parse ] --START--
INFO: [ template_filter ] --START--
INFO: Run Behavior\ContentReplaceBehavior [ RunTime:0.000000s ]
INFO: [ template_filter ] --END-- [ RunTime:0.000000s ]
NOTIC: [8] Undefined variable: index_active G:\github\gaozi\Application\Runtime\Cache\Home\58dcbc0a6aedef7ee219b145fa55354f.php 第 24 行.
NOTIC: [8] Undefined variable: mews_active G:\github\gaozi\Application\Runtime\Cache\Home\58dcbc0a6aedef7ee219b145fa55354f.php 第 26 行.
INFO: Run Behavior\ParseTemplateBehavior [ RunTime:0.007001s ]
INFO: [ view_parse ] --END-- [ RunTime:0.007001s ]
INFO: [ view_filter ] --START--
INFO: Run Behavior\WriteHtmlCacheBehavior [ RunTime:0.001000s ]
INFO: [ view_filter ] --END-- [ RunTime:0.001000s ]
INFO: [ app_end ] --START--
INFO: Run Behavior\ShowPageTraceBehavior [ RunTime:0.000000s ]
INFO: [ app_end ] --END-- [ RunTime:0.000000s ]

[ 2014-10-26T14:56:45+08:00 ] 127.0.0.1 /home/index/info
INFO: [ app_init ] --START--
INFO: Run Behavior\BuildLiteBehavior [ RunTime:0.000000s ]
INFO: [ app_init ] --END-- [ RunTime:0.001000s ]
INFO: [ app_begin ] --START--
INFO: Run Behavior\ReadHtmlCacheBehavior [ RunTime:0.001000s ]
INFO: [ app_begin ] --END-- [ RunTime:0.001000s ]
SQL: SHOW COLUMNS FROM `db_labinfo` [ RunTime:0.002000s ]
SQL: SELECT `info` FROM `db_labinfo`  [ RunTime:0.001000s ]
INFO: [ view_parse ] --START--
INFO: [ template_filter ] --START--
INFO: Run Behavior\ContentReplaceBehavior [ RunTime:0.000000s ]
INFO: [ template_filter ] --END-- [ RunTime:0.000000s ]
NOTIC: [8] Undefined variable: index_active G:\github\gaozi\Application\Runtime\Cache\Home\58dcbc0a6aedef7ee219b145fa55354f.php 第 24 行.
NOTIC: [8] Undefined variable: mews_active G:\github\gaozi\Application\Runtime\Cache\Home\58dcbc0a6aedef7ee219b145fa55354f.php 第 26 行.
INFO: Run Behavior\ParseTemplateBehavior [ RunTime:0.008001s ]
INFO: [ view_parse ] --END-- [ RunTime:0.009001s ]
INFO: [ view_filter ] --START--
INFO: Run Behavior\WriteHtmlCacheBehavior [ RunTime:0.000000s ]
INFO: [ view_filter ] --END-- [ RunTime:0.000000s ]
INFO: [ app_end ] --START--
INFO: Run Behavior\ShowPageTraceBehavior [ RunTime:0.000000s ]
INFO: [ app_end ] --END-- [ RunTime:0.000000s ]

[ 2014-10-26T14:56:46+08:00 ] 127.0.0.1 /home/index/news
INFO: [ app_init ] --START--
INFO: Run Behavior\BuildLiteBehavior [ RunTime:0.000000s ]
INFO: [ app_init ] --END-- [ RunTime:0.001000s ]
INFO: [ app_begin ] --START--
INFO: Run Behavior\ReadHtmlCacheBehavior [ RunTime:0.001000s ]
INFO: [ app_begin ] --END-- [ RunTime:0.001000s ]
SQL: SHOW COLUMNS FROM `db_labinfo` [ RunTime:0.002000s ]
SQL: SELECT `info` FROM `db_labinfo`  [ RunTime:0.000000s ]
INFO: [ view_parse ] --START--
INFO: [ template_filter ] --START--
INFO: Run Behavior\ContentReplaceBehavior [ RunTime:0.000000s ]
INFO: [ template_filter ] --END-- [ RunTime:0.000000s ]
NOTIC: [8] Undefined variable: index_active G:\github\gaozi\Application\Runtime\Cache\Home\cecb45903f8aa0e33f62e7ce7ef7b49f.php 第 24 行.
NOTIC: [8] Undefined variable: info_active G:\github\gaozi\Application\Runtime\Cache\Home\cecb45903f8aa0e33f62e7ce7ef7b49f.php 第 25 行.
NOTIC: [8] Undefined variable: mews_active G:\github\gaozi\Application\Runtime\Cache\Home\cecb45903f8aa0e33f62e7ce7ef7b49f.php 第 26 行.
INFO: Run Behavior\ParseTemplateBehavior [ RunTime:0.007001s ]
INFO: [ view_parse ] --END-- [ RunTime:0.007001s ]
INFO: [ view_filter ] --START--
INFO: Run Behavior\WriteHtmlCacheBehavior [ RunTime:0.000000s ]
INFO: [ view_filter ] --END-- [ RunTime:0.000000s ]
INFO: [ app_end ] --START--
INFO: Run Behavior\ShowPageTraceBehavior [ RunTime:0.001000s ]
INFO: [ app_end ] --END-- [ RunTime:0.001000s ]

[ 2014-10-26T14:57:08+08:00 ] 127.0.0.1 /home/index/news
INFO: [ app_init ] --START--
INFO: Run Behavior\BuildLiteBehavior [ RunTime:0.000000s ]
INFO: [ app_init ] --END-- [ RunTime:0.000000s ]
INFO: [ app_begin ] --START--
INFO: Run Behavior\ReadHtmlCacheBehavior [ RunTime:0.000000s ]
INFO: [ app_begin ] --END-- [ RunTime:0.000000s ]
SQL: SHOW COLUMNS FROM `db_labinfo` [ RunTime:0.002001s ]
SQL: SELECT `info` FROM `db_labinfo`  [ RunTime:0.001000s ]
INFO: [ view_parse ] --START--
INFO: [ template_filter ] --START--
INFO: Run Behavior\ContentReplaceBehavior [ RunTime:0.000000s ]
INFO: [ template_filter ] --END-- [ RunTime:0.000000s ]
NOTIC: [8] Undefined variable: index_active G:\github\gaozi\Application\Runtime\Cache\Home\cecb45903f8aa0e33f62e7ce7ef7b49f.php 第 24 行.
NOTIC: [8] Undefined variable: info_active G:\github\gaozi\Application\Runtime\Cache\Home\cecb45903f8aa0e33f62e7ce7ef7b49f.php 第 25 行.
NOTIC: [8] Undefined variable: mews_active G:\github\gaozi\Application\Runtime\Cache\Home\cecb45903f8aa0e33f62e7ce7ef7b49f.php 第 26 行.
INFO: Run Behavior\ParseTemplateBehavior [ RunTime:0.008000s ]
INFO: [ view_parse ] --END-- [ RunTime:0.008000s ]
INFO: [ view_filter ] --START--
INFO: Run Behavior\WriteHtmlCacheBehavior [ RunTime:0.000000s ]
INFO: [ view_filter ] --END-- [ RunTime:0.000000s ]
INFO: [ app_end ] --START--
INFO: Run Behavior\ShowPageTraceBehavior [ RunTime:0.001000s ]
INFO: [ app_end ] --END-- [ RunTime:0.001000s ]

[ 2014-10-26T19:11:14+08:00 ] 127.0.0.1 /
INFO: [ app_init ] --START--
INFO: Run Behavior\BuildLiteBehavior [ RunTime:0.000000s ]
INFO: [ app_init ] --END-- [ RunTime:0.001000s ]
INFO: [ app_begin ] --START--
INFO: Run Behavior\ReadHtmlCacheBehavior [ RunTime:0.001000s ]
INFO: [ app_begin ] --END-- [ RunTime:0.001000s ]
SQL: SHOW COLUMNS FROM `db_topic` [ RunTime:0.003000s ]
ERR: 1146:Table 'db_laboratory.db_topic' doesn't exist
 [ SQL语句 ] : SHOW COLUMNS FROM `db_topic`
SQL: SELECT * FROM `db_topic` WHERE ( type=1 ) ORDER BY id desc LIMIT 0,11   [ RunTime:0.000000s ]
ERR: 1146:Table 'db_laboratory.db_topic' doesn't exist
 [ SQL语句 ] : SELECT * FROM `db_topic` WHERE ( type=1 ) ORDER BY id desc LIMIT 0,11  
SQL: SELECT * FROM `db_topic` WHERE ( type=2 ) ORDER BY id desc LIMIT 0,11   [ RunTime:0.001000s ]
ERR: 1146:Table 'db_laboratory.db_topic' doesn't exist
 [ SQL语句 ] : SELECT * FROM `db_topic` WHERE ( type=2 ) ORDER BY id desc LIMIT 0,11  
SQL: SELECT * FROM `db_topic` WHERE ( type=3 ) ORDER BY id desc LIMIT 0,11   [ RunTime:0.000000s ]
ERR: 1146:Table 'db_laboratory.db_topic' doesn't exist
 [ SQL语句 ] : SELECT * FROM `db_topic` WHERE ( type=3 ) ORDER BY id desc LIMIT 0,11  
SQL: SELECT * FROM `db_topic` WHERE ( type=4 ) ORDER BY id desc LIMIT 0,11   [ RunTime:0.000000s ]
ERR: 1146:Table 'db_laboratory.db_topic' doesn't exist
 [ SQL语句 ] : SELECT * FROM `db_topic` WHERE ( type=4 ) ORDER BY id desc LIMIT 0,11  
SQL: SELECT * FROM `db_topic` WHERE ( type=6 ) ORDER BY id desc LIMIT 0,11   [ RunTime:0.001000s ]
ERR: 1146:Table 'db_laboratory.db_topic' doesn't exist
 [ SQL语句 ] : SELECT * FROM `db_topic` WHERE ( type=6 ) ORDER BY id desc LIMIT 0,11  
NOTIC: [2] Invalid argument supplied for foreach() G:\github\gaozi\Application\Home\Controller\IndexController.class.php 第 15 行.
INFO: [ view_parse ] --START--
INFO: [ template_filter ] --START--
INFO: Run Behavior\ContentReplaceBehavior [ RunTime:0.000000s ]
INFO: [ template_filter ] --END-- [ RunTime:0.001000s ]
NOTIC: [8] Undefined variable: info_active G:\github\gaozi\Application\Runtime\Cache\Home\2a94b8bda04ff446dcedd42276fc99ee.php 第 25 行.
NOTIC: [8] Undefined variable: mews_active G:\github\gaozi\Application\Runtime\Cache\Home\2a94b8bda04ff446dcedd42276fc99ee.php 第 26 行.
INFO: Run Behavior\ParseTemplateBehavior [ RunTime:0.008000s ]
INFO: [ view_parse ] --END-- [ RunTime:0.008000s ]
INFO: [ view_filter ] --START--
INFO: Run Behavior\WriteHtmlCacheBehavior [ RunTime:0.000000s ]
INFO: [ view_filter ] --END-- [ RunTime:0.000000s ]
INFO: [ app_end ] --START--
INFO: Run Behavior\ShowPageTraceBehavior [ RunTime:0.001000s ]
INFO: [ app_end ] --END-- [ RunTime:0.001000s ]

[ 2014-10-26T19:11:20+08:00 ] 127.0.0.1 /home/index/news
INFO: [ app_init ] --START--
INFO: Run Behavior\BuildLiteBehavior [ RunTime:0.000000s ]
INFO: [ app_init ] --END-- [ RunTime:0.000000s ]
INFO: [ app_begin ] --START--
INFO: Run Behavior\ReadHtmlCacheBehavior [ RunTime:0.001000s ]
INFO: [ app_begin ] --END-- [ RunTime:0.001000s ]
SQL: SHOW COLUMNS FROM `db_labinfo` [ RunTime:0.018001s ]
SQL: SELECT `info` FROM `db_labinfo`  [ RunTime:0.001000s ]
INFO: [ view_parse ] --START--
INFO: [ template_filter ] --START--
INFO: Run Behavior\ContentReplaceBehavior [ RunTime:0.000000s ]
INFO: [ template_filter ] --END-- [ RunTime:0.000000s ]
NOTIC: [8] Undefined variable: index_active G:\github\gaozi\Application\Runtime\Cache\Home\cecb45903f8aa0e33f62e7ce7ef7b49f.php 第 24 行.
NOTIC: [8] Undefined variable: info_active G:\github\gaozi\Application\Runtime\Cache\Home\cecb45903f8aa0e33f62e7ce7ef7b49f.php 第 25 行.
NOTIC: [8] Undefined variable: mews_active G:\github\gaozi\Application\Runtime\Cache\Home\cecb45903f8aa0e33f62e7ce7ef7b49f.php 第 26 行.
INFO: Run Behavior\ParseTemplateBehavior [ RunTime:0.030002s ]
INFO: [ view_parse ] --END-- [ RunTime:0.030002s ]
INFO: [ view_filter ] --START--
INFO: Run Behavior\WriteHtmlCacheBehavior [ RunTime:0.001000s ]
INFO: [ view_filter ] --END-- [ RunTime:0.001000s ]
INFO: [ app_end ] --START--
INFO: Run Behavior\ShowPageTraceBehavior [ RunTime:0.000000s ]
INFO: [ app_end ] --END-- [ RunTime:0.000000s ]

[ 2014-10-26T19:31:00+08:00 ] 127.0.0.1 /home/index/news
INFO: [ app_init ] --START--
INFO: Run Behavior\BuildLiteBehavior [ RunTime:0.000000s ]
INFO: [ app_init ] --END-- [ RunTime:0.000000s ]
INFO: [ app_begin ] --START--
INFO: Run Behavior\ReadHtmlCacheBehavior [ RunTime:0.001000s ]
INFO: [ app_begin ] --END-- [ RunTime:0.001000s ]
SQL: SHOW COLUMNS FROM `db_labinfo` [ RunTime:0.003000s ]
SQL: SELECT `info` FROM `db_labinfo`  [ RunTime:0.001000s ]
INFO: [ view_parse ] --START--
INFO: [ template_filter ] --START--
INFO: Run Behavior\ContentReplaceBehavior [ RunTime:0.000000s ]
INFO: [ template_filter ] --END-- [ RunTime:0.000000s ]
NOTIC: [8] Undefined variable: index_active G:\github\gaozi\Application\Runtime\Cache\Home\cecb45903f8aa0e33f62e7ce7ef7b49f.php 第 24 行.
NOTIC: [8] Undefined variable: info_active G:\github\gaozi\Application\Runtime\Cache\Home\cecb45903f8aa0e33f62e7ce7ef7b49f.php 第 25 行.
NOTIC: [8] Undefined variable: mews_active G:\github\gaozi\Application\Runtime\Cache\Home\cecb45903f8aa0e33f62e7ce7ef7b49f.php 第 26 行.
INFO: Run Behavior\ParseTemplateBehavior [ RunTime:0.008001s ]
INFO: [ view_parse ] --END-- [ RunTime:0.008001s ]
INFO: [ view_filter ] --START--
INFO: Run Behavior\WriteHtmlCacheBehavior [ RunTime:0.001000s ]
INFO: [ view_filter ] --END-- [ RunTime:0.001000s ]
INFO: [ app_end ] --START--
INFO: Run Behavior\ShowPageTraceBehavior [ RunTime:0.001000s ]
INFO: [ app_end ] --END-- [ RunTime:0.001000s ]

[ 2014-10-26T19:54:14+08:00 ] 127.0.0.1 /home/index/news
INFO: [ app_init ] --START--
INFO: Run Behavior\BuildLiteBehavior [ RunTime:0.000000s ]
INFO: [ app_init ] --END-- [ RunTime:0.000000s ]
INFO: [ app_begin ] --START--
INFO: Run Behavior\ReadHtmlCacheBehavior [ RunTime:0.001000s ]
INFO: [ app_begin ] --END-- [ RunTime:0.001000s ]
SQL: SHOW COLUMNS FROM `db_labinfo` [ RunTime:0.003000s ]
SQL: SELECT `info` FROM `db_labinfo`  [ RunTime:0.000000s ]
INFO: [ view_parse ] --START--
INFO: [ template_filter ] --START--
INFO: Run Behavior\ContentReplaceBehavior [ RunTime:0.000000s ]
INFO: [ template_filter ] --END-- [ RunTime:0.000000s ]
NOTIC: [8] Undefined variable: index_active G:\github\gaozi\Application\Runtime\Cache\Home\cecb45903f8aa0e33f62e7ce7ef7b49f.php 第 24 行.
NOTIC: [8] Undefined variable: info_active G:\github\gaozi\Application\Runtime\Cache\Home\cecb45903f8aa0e33f62e7ce7ef7b49f.php 第 25 行.
NOTIC: [8] Undefined variable: mews_active G:\github\gaozi\Application\Runtime\Cache\Home\cecb45903f8aa0e33f62e7ce7ef7b49f.php 第 26 行.
INFO: Run Behavior\ParseTemplateBehavior [ RunTime:0.006000s ]
INFO: [ view_parse ] --END-- [ RunTime:0.006000s ]
INFO: [ view_filter ] --START--
INFO: Run Behavior\WriteHtmlCacheBehavior [ RunTime:0.000000s ]
INFO: [ view_filter ] --END-- [ RunTime:0.000000s ]
INFO: [ app_end ] --START--
INFO: Run Behavior\ShowPageTraceBehavior [ RunTime:0.002000s ]
INFO: [ app_end ] --END-- [ RunTime:0.002000s ]

[ 2014-10-26T19:54:15+08:00 ] 127.0.0.1 /home/index/news
INFO: [ app_init ] --START--
INFO: Run Behavior\BuildLiteBehavior [ RunTime:0.000000s ]
INFO: [ app_init ] --END-- [ RunTime:0.000000s ]
INFO: [ app_begin ] --START--
INFO: Run Behavior\ReadHtmlCacheBehavior [ RunTime:0.000000s ]
INFO: [ app_begin ] --END-- [ RunTime:0.001000s ]
SQL: SHOW COLUMNS FROM `db_labinfo` [ RunTime:0.003001s ]
SQL: SELECT `info` FROM `db_labinfo`  [ RunTime:0.000000s ]
INFO: [ view_parse ] --START--
INFO: [ template_filter ] --START--
INFO: Run Behavior\ContentReplaceBehavior [ RunTime:0.000000s ]
INFO: [ template_filter ] --END-- [ RunTime:0.000000s ]
NOTIC: [8] Undefined variable: index_active G:\github\gaozi\Application\Runtime\Cache\Home\cecb45903f8aa0e33f62e7ce7ef7b49f.php 第 24 行.
NOTIC: [8] Undefined variable: info_active G:\github\gaozi\Application\Runtime\Cache\Home\cecb45903f8aa0e33f62e7ce7ef7b49f.php 第 25 行.
NOTIC: [8] Undefined variable: mews_active G:\github\gaozi\Application\Runtime\Cache\Home\cecb45903f8aa0e33f62e7ce7ef7b49f.php 第 26 行.
INFO: Run Behavior\ParseTemplateBehavior [ RunTime:0.006000s ]
INFO: [ view_parse ] --END-- [ RunTime:0.006000s ]
INFO: [ view_filter ] --START--
INFO: Run Behavior\WriteHtmlCacheBehavior [ RunTime:0.000000s ]
INFO: [ view_filter ] --END-- [ RunTime:0.000000s ]
INFO: [ app_end ] --START--
INFO: Run Behavior\ShowPageTraceBehavior [ RunTime:0.001000s ]
INFO: [ app_end ] --END-- [ RunTime:0.001000s ]

[ 2014-10-26T19:54:44+08:00 ] 127.0.0.1 /home/index/news
INFO: [ app_init ] --START--
INFO: Run Behavior\BuildLiteBehavior [ RunTime:0.000000s ]
INFO: [ app_init ] --END-- [ RunTime:0.000000s ]
INFO: [ app_begin ] --START--
INFO: Run Behavior\ReadHtmlCacheBehavior [ RunTime:0.001000s ]
INFO: [ app_begin ] --END-- [ RunTime:0.001000s ]
SQL: SHOW COLUMNS FROM `db_labinfo` [ RunTime:0.003000s ]
SQL: SELECT `info` FROM `db_labinfo`  [ RunTime:0.000000s ]
INFO: [ view_parse ] --START--
INFO: [ template_filter ] --START--
INFO: Run Behavior\ContentReplaceBehavior [ RunTime:0.000000s ]
INFO: [ template_filter ] --END-- [ RunTime:0.000000s ]
NOTIC: [8] Undefined variable: index_active G:\github\gaozi\Application\Runtime\Cache\Home\cecb45903f8aa0e33f62e7ce7ef7b49f.php 第 24 行.
NOTIC: [8] Undefined variable: info_active G:\github\gaozi\Application\Runtime\Cache\Home\cecb45903f8aa0e33f62e7ce7ef7b49f.php 第 25 行.
NOTIC: [8] Undefined variable: mews_active G:\github\gaozi\Application\Runtime\Cache\Home\cecb45903f8aa0e33f62e7ce7ef7b49f.php 第 26 行.
INFO: Run Behavior\ParseTemplateBehavior [ RunTime:0.008001s ]
INFO: [ view_parse ] --END-- [ RunTime:0.008001s ]
INFO: [ view_filter ] --START--
INFO: Run Behavior\WriteHtmlCacheBehavior [ RunTime:0.001000s ]
INFO: [ view_filter ] --END-- [ RunTime:0.001000s ]
INFO: [ app_end ] --START--
INFO: Run Behavior\ShowPageTraceBehavior [ RunTime:0.000000s ]
INFO: [ app_end ] --END-- [ RunTime:0.000000s ]

[ 2014-10-26T19:57:24+08:00 ] 127.0.0.1 /home/index/news
INFO: [ app_init ] --START--
INFO: Run Behavior\BuildLiteBehavior [ RunTime:0.000000s ]
INFO: [ app_init ] --END-- [ RunTime:0.000000s ]
INFO: [ app_begin ] --START--
INFO: Run Behavior\ReadHtmlCacheBehavior [ RunTime:0.001000s ]
INFO: [ app_begin ] --END-- [ RunTime:0.001000s ]
SQL: SHOW COLUMNS FROM `db_labinfo` [ RunTime:0.003000s ]
SQL: SELECT `info` FROM `db_labinfo`  [ RunTime:0.001000s ]
INFO: [ view_parse ] --START--
INFO: [ template_filter ] --START--
INFO: Run Behavior\ContentReplaceBehavior [ RunTime:0.000000s ]
INFO: [ template_filter ] --END-- [ RunTime:0.000000s ]
NOTIC: [8] Undefined variable: index_active G:\github\gaozi\Application\Runtime\Cache\Home\cecb45903f8aa0e33f62e7ce7ef7b49f.php 第 24 行.
NOTIC: [8] Undefined variable: info_active G:\github\gaozi\Application\Runtime\Cache\Home\cecb45903f8aa0e33f62e7ce7ef7b49f.php 第 25 行.
NOTIC: [8] Undefined variable: mews_active G:\github\gaozi\Application\Runtime\Cache\Home\cecb45903f8aa0e33f62e7ce7ef7b49f.php 第 26 行.
INFO: Run Behavior\ParseTemplateBehavior [ RunTime:0.008000s ]
INFO: [ view_parse ] --END-- [ RunTime:0.008000s ]
INFO: [ view_filter ] --START--
INFO: Run Behavior\WriteHtmlCacheBehavior [ RunTime:0.000000s ]
INFO: [ view_filter ] --END-- [ RunTime:0.000000s ]
INFO: [ app_end ] --START--
INFO: Run Behavior\ShowPageTraceBehavior [ RunTime:0.000000s ]
INFO: [ app_end ] --END-- [ RunTime:0.001000s ]

[ 2014-10-26T20:05:20+08:00 ] 127.0.0.1 /home/index/news
INFO: [ app_init ] --START--
INFO: Run Behavior\BuildLiteBehavior [ RunTime:0.000000s ]
INFO: [ app_init ] --END-- [ RunTime:0.001000s ]
INFO: [ app_begin ] --START--
INFO: Run Behavior\ReadHtmlCacheBehavior [ RunTime:0.000000s ]
INFO: [ app_begin ] --END-- [ RunTime:0.001000s ]
SQL: SHOW COLUMNS FROM `db_labinfo` [ RunTime:0.002000s ]
SQL: SELECT `info` FROM `db_labinfo`  [ RunTime:0.001000s ]
INFO: [ view_parse ] --START--
INFO: [ template_filter ] --START--
INFO: Run Behavior\ContentReplaceBehavior [ RunTime:0.000000s ]
INFO: [ template_filter ] --END-- [ RunTime:0.000000s ]
NOTIC: [8] Undefined variable: index_active G:\github\gaozi\Application\Runtime\Cache\Home\cecb45903f8aa0e33f62e7ce7ef7b49f.php 第 24 行.
NOTIC: [8] Undefined variable: info_active G:\github\gaozi\Application\Runtime\Cache\Home\cecb45903f8aa0e33f62e7ce7ef7b49f.php 第 25 行.
NOTIC: [8] Undefined variable: mews_active G:\github\gaozi\Application\Runtime\Cache\Home\cecb45903f8aa0e33f62e7ce7ef7b49f.php 第 26 行.
INFO: Run Behavior\ParseTemplateBehavior [ RunTime:0.009000s ]
INFO: [ view_parse ] --END-- [ RunTime:0.009000s ]
INFO: [ view_filter ] --START--
INFO: Run Behavior\WriteHtmlCacheBehavior [ RunTime:0.000000s ]
INFO: [ view_filter ] --END-- [ RunTime:0.000000s ]
INFO: [ app_end ] --START--
INFO: Run Behavior\ShowPageTraceBehavior [ RunTime:0.001000s ]
INFO: [ app_end ] --END-- [ RunTime:0.001000s ]

[ 2014-10-26T20:09:07+08:00 ] 127.0.0.1 /home/index/news
INFO: [ app_init ] --START--
INFO: Run Behavior\BuildLiteBehavior [ RunTime:0.000000s ]
INFO: [ app_init ] --END-- [ RunTime:0.000000s ]
INFO: [ app_begin ] --START--
INFO: Run Behavior\ReadHtmlCacheBehavior [ RunTime:0.000000s ]
INFO: [ app_begin ] --END-- [ RunTime:0.000000s ]
SQL: SHOW COLUMNS FROM `db_labinfo` [ RunTime:0.004000s ]
SQL: SELECT `info` FROM `db_labinfo`  [ RunTime:0.000000s ]
INFO: [ view_parse ] --START--
INFO: [ template_filter ] --START--
INFO: Run Behavior\ContentReplaceBehavior [ RunTime:0.000000s ]
INFO: [ template_filter ] --END-- [ RunTime:0.000000s ]
NOTIC: [8] Undefined variable: index_active G:\github\gaozi\Application\Runtime\Cache\Home\cecb45903f8aa0e33f62e7ce7ef7b49f.php 第 24 行.
NOTIC: [8] Undefined variable: info_active G:\github\gaozi\Application\Runtime\Cache\Home\cecb45903f8aa0e33f62e7ce7ef7b49f.php 第 25 行.
NOTIC: [8] Undefined variable: mews_active G:\github\gaozi\Application\Runtime\Cache\Home\cecb45903f8aa0e33f62e7ce7ef7b49f.php 第 26 行.
INFO: Run Behavior\ParseTemplateBehavior [ RunTime:0.007000s ]
INFO: [ view_parse ] --END-- [ RunTime:0.007000s ]
INFO: [ view_filter ] --START--
INFO: Run Behavior\WriteHtmlCacheBehavior [ RunTime:0.001000s ]
INFO: [ view_filter ] --END-- [ RunTime:0.001000s ]
INFO: [ app_end ] --START--
INFO: Run Behavior\ShowPageTraceBehavior [ RunTime:0.001000s ]
INFO: [ app_end ] --END-- [ RunTime:0.001000s ]

[ 2014-10-26T21:05:04+08:00 ] 127.0.0.1 /home/index/news
INFO: [ app_init ] --START--
INFO: Run Behavior\BuildLiteBehavior [ RunTime:0.000000s ]
INFO: [ app_init ] --END-- [ RunTime:0.001000s ]
INFO: [ app_begin ] --START--
INFO: Run Behavior\ReadHtmlCacheBehavior [ RunTime:0.000000s ]
INFO: [ app_begin ] --END-- [ RunTime:0.000000s ]
SQL: SHOW COLUMNS FROM `db_labinfo` [ RunTime:0.003000s ]
SQL: SELECT `info` FROM `db_labinfo`  [ RunTime:0.000000s ]
INFO: [ view_parse ] --START--
INFO: [ template_filter ] --START--
INFO: Run Behavior\ContentReplaceBehavior [ RunTime:0.000000s ]
INFO: [ template_filter ] --END-- [ RunTime:0.000000s ]
NOTIC: [8] Undefined variable: index_active G:\github\gaozi\Application\Runtime\Cache\Home\cecb45903f8aa0e33f62e7ce7ef7b49f.php 第 24 行.
NOTIC: [8] Undefined variable: info_active G:\github\gaozi\Application\Runtime\Cache\Home\cecb45903f8aa0e33f62e7ce7ef7b49f.php 第 25 行.
NOTIC: [8] Undefined variable: mews_active G:\github\gaozi\Application\Runtime\Cache\Home\cecb45903f8aa0e33f62e7ce7ef7b49f.php 第 27 行.
INFO: Run Behavior\ParseTemplateBehavior [ RunTime:0.007000s ]
INFO: [ view_parse ] --END-- [ RunTime:0.007000s ]
INFO: [ view_filter ] --START--
INFO: Run Behavior\WriteHtmlCacheBehavior [ RunTime:0.001000s ]
INFO: [ view_filter ] --END-- [ RunTime:0.001000s ]
INFO: [ app_end ] --START--
INFO: Run Behavior\ShowPageTraceBehavior [ RunTime:0.000000s ]
INFO: [ app_end ] --END-- [ RunTime:0.000000s ]

[ 2014-10-26T21:05:06+08:00 ] 127.0.0.1 /home/index/info
INFO: [ app_init ] --START--
INFO: Run Behavior\BuildLiteBehavior [ RunTime:0.001000s ]
INFO: [ app_init ] --END-- [ RunTime:0.001000s ]
INFO: [ app_begin ] --START--
INFO: Run Behavior\ReadHtmlCacheBehavior [ RunTime:0.000000s ]
INFO: [ app_begin ] --END-- [ RunTime:0.000000s ]
SQL: SHOW COLUMNS FROM `db_labinfo` [ RunTime:0.002000s ]
SQL: SELECT `info` FROM `db_labinfo`  [ RunTime:0.000000s ]
INFO: [ view_parse ] --START--
INFO: [ template_filter ] --START--
INFO: Run Behavior\ContentReplaceBehavior [ RunTime:0.000000s ]
INFO: [ template_filter ] --END-- [ RunTime:0.000000s ]
NOTIC: [8] Undefined variable: index_active G:\github\gaozi\Application\Runtime\Cache\Home\58dcbc0a6aedef7ee219b145fa55354f.php 第 24 行.
NOTIC: [8] Undefined variable: news_active G:\github\gaozi\Application\Runtime\Cache\Home\58dcbc0a6aedef7ee219b145fa55354f.php 第 26 行.
NOTIC: [8] Undefined variable: mews_active G:\github\gaozi\Application\Runtime\Cache\Home\58dcbc0a6aedef7ee219b145fa55354f.php 第 27 行.
INFO: Run Behavior\ParseTemplateBehavior [ RunTime:0.007000s ]
INFO: [ view_parse ] --END-- [ RunTime:0.007000s ]
INFO: [ view_filter ] --START--
INFO: Run Behavior\WriteHtmlCacheBehavior [ RunTime:0.000000s ]
INFO: [ view_filter ] --END-- [ RunTime:0.000000s ]
INFO: [ app_end ] --START--
INFO: Run Behavior\ShowPageTraceBehavior [ RunTime:0.001000s ]
INFO: [ app_end ] --END-- [ RunTime:0.001000s ]

[ 2014-10-26T21:05:07+08:00 ] 127.0.0.1 /home/index/news
INFO: [ app_init ] --START--
INFO: Run Behavior\BuildLiteBehavior [ RunTime:0.000000s ]
INFO: [ app_init ] --END-- [ RunTime:0.000000s ]
INFO: [ app_begin ] --START--
INFO: Run Behavior\ReadHtmlCacheBehavior [ RunTime:0.001000s ]
INFO: [ app_begin ] --END-- [ RunTime:0.001000s ]
SQL: SHOW COLUMNS FROM `db_labinfo` [ RunTime:0.002000s ]
SQL: SELECT `info` FROM `db_labinfo`  [ RunTime:0.000000s ]
INFO: [ view_parse ] --START--
INFO: [ template_filter ] --START--
INFO: Run Behavior\ContentReplaceBehavior [ RunTime:0.000000s ]
INFO: [ template_filter ] --END-- [ RunTime:0.000000s ]
NOTIC: [8] Undefined variable: index_active G:\github\gaozi\Application\Runtime\Cache\Home\cecb45903f8aa0e33f62e7ce7ef7b49f.php 第 24 行.
NOTIC: [8] Undefined variable: info_active G:\github\gaozi\Application\Runtime\Cache\Home\cecb45903f8aa0e33f62e7ce7ef7b49f.php 第 25 行.
NOTIC: [8] Undefined variable: mews_active G:\github\gaozi\Application\Runtime\Cache\Home\cecb45903f8aa0e33f62e7ce7ef7b49f.php 第 27 行.
INFO: Run Behavior\ParseTemplateBehavior [ RunTime:0.006000s ]
INFO: [ view_parse ] --END-- [ RunTime:0.007000s ]
INFO: [ view_filter ] --START--
INFO: Run Behavior\WriteHtmlCacheBehavior [ RunTime:0.000000s ]
INFO: [ view_filter ] --END-- [ RunTime:0.000000s ]
INFO: [ app_end ] --START--
INFO: Run Behavior\ShowPageTraceBehavior [ RunTime:0.000000s ]
INFO: [ app_end ] --END-- [ RunTime:0.000000s ]

[ 2014-10-26T21:07:12+08:00 ] 127.0.0.1 /home/index/news
INFO: [ app_init ] --START--
INFO: Run Behavior\BuildLiteBehavior [ RunTime:0.001000s ]
INFO: [ app_init ] --END-- [ RunTime:0.001000s ]
INFO: [ app_begin ] --START--
INFO: Run Behavior\ReadHtmlCacheBehavior [ RunTime:0.001000s ]
INFO: [ app_begin ] --END-- [ RunTime:0.001000s ]
INFO: [ view_parse ] --START--
INFO: [ template_filter ] --START--
INFO: Run Behavior\ContentReplaceBehavior [ RunTime:0.000000s ]
INFO: [ template_filter ] --END-- [ RunTime:0.000000s ]
NOTIC: [8] Undefined variable: index_active G:\github\gaozi\Application\Runtime\Cache\Home\cecb45903f8aa0e33f62e7ce7ef7b49f.php 第 24 行.
NOTIC: [8] Undefined variable: info_active G:\github\gaozi\Application\Runtime\Cache\Home\cecb45903f8aa0e33f62e7ce7ef7b49f.php 第 25 行.
NOTIC: [8] Undefined variable: member_active G:\github\gaozi\Application\Runtime\Cache\Home\cecb45903f8aa0e33f62e7ce7ef7b49f.php 第 27 行.
INFO: Run Behavior\ParseTemplateBehavior [ RunTime:0.009000s ]
INFO: [ view_parse ] --END-- [ RunTime:0.009000s ]
INFO: [ view_filter ] --START--
INFO: Run Behavior\WriteHtmlCacheBehavior [ RunTime:0.000000s ]
INFO: [ view_filter ] --END-- [ RunTime:0.000000s ]
INFO: [ app_end ] --START--
INFO: Run Behavior\ShowPageTraceBehavior [ RunTime:0.000000s ]
INFO: [ app_end ] --END-- [ RunTime:0.000000s ]

[ 2014-10-26T21:07:13+08:00 ] 127.0.0.1 /home/index/member
INFO: [ app_init ] --START--
INFO: Run Behavior\BuildLiteBehavior [ RunTime:0.000000s ]
INFO: [ app_init ] --END-- [ RunTime:0.000000s ]
INFO: [ app_begin ] --START--
INFO: Run Behavior\ReadHtmlCacheBehavior [ RunTime:0.001000s ]
INFO: [ app_begin ] --END-- [ RunTime:0.001000s ]
INFO: [ view_parse ] --START--
INFO: [ template_filter ] --START--
INFO: Run Behavior\ContentReplaceBehavior [ RunTime:0.000000s ]
INFO: [ template_filter ] --END-- [ RunTime:0.000000s ]
NOTIC: [8] Undefined variable: index_active G:\github\gaozi\Application\Runtime\Cache\Home\0034c409d5ac2c07ac3f17b1b2ad5d84.php 第 24 行.
NOTIC: [8] Undefined variable: info_active G:\github\gaozi\Application\Runtime\Cache\Home\0034c409d5ac2c07ac3f17b1b2ad5d84.php 第 25 行.
NOTIC: [8] Undefined variable: news_active G:\github\gaozi\Application\Runtime\Cache\Home\0034c409d5ac2c07ac3f17b1b2ad5d84.php 第 26 行.
NOTIC: [8] Undefined variable: lab_info G:\github\gaozi\Application\Runtime\Cache\Home\0034c409d5ac2c07ac3f17b1b2ad5d84.php 第 44 行.
INFO: Run Behavior\ParseTemplateBehavior [ RunTime:0.007000s ]
INFO: [ view_parse ] --END-- [ RunTime:0.007000s ]
INFO: [ view_filter ] --START--
INFO: Run Behavior\WriteHtmlCacheBehavior [ RunTime:0.001000s ]
INFO: [ view_filter ] --END-- [ RunTime:0.001000s ]
INFO: [ app_end ] --START--
INFO: Run Behavior\ShowPageTraceBehavior [ RunTime:0.000000s ]
INFO: [ app_end ] --END-- [ RunTime:0.000000s ]

[ 2014-10-26T21:07:26+08:00 ] 127.0.0.1 /home/index/member
INFO: [ app_init ] --START--
INFO: Run Behavior\BuildLiteBehavior [ RunTime:0.000000s ]
INFO: [ app_init ] --END-- [ RunTime:0.001000s ]
INFO: [ app_begin ] --START--
INFO: Run Behavior\ReadHtmlCacheBehavior [ RunTime:0.001000s ]
INFO: [ app_begin ] --END-- [ RunTime:0.001000s ]
INFO: [ view_parse ] --START--
INFO: [ template_filter ] --START--
INFO: Run Behavior\ContentReplaceBehavior [ RunTime:0.000000s ]
INFO: [ template_filter ] --END-- [ RunTime:0.000000s ]
NOTIC: [8] Undefined variable: index_active G:\github\gaozi\Application\Runtime\Cache\Home\0034c409d5ac2c07ac3f17b1b2ad5d84.php 第 24 行.
NOTIC: [8] Undefined variable: info_active G:\github\gaozi\Application\Runtime\Cache\Home\0034c409d5ac2c07ac3f17b1b2ad5d84.php 第 25 行.
NOTIC: [8] Undefined variable: news_active G:\github\gaozi\Application\Runtime\Cache\Home\0034c409d5ac2c07ac3f17b1b2ad5d84.php 第 26 行.
NOTIC: [8] Undefined variable: lab_info G:\github\gaozi\Application\Runtime\Cache\Home\0034c409d5ac2c07ac3f17b1b2ad5d84.php 第 44 行.
INFO: Run Behavior\ParseTemplateBehavior [ RunTime:0.007001s ]
INFO: [ view_parse ] --END-- [ RunTime:0.007001s ]
INFO: [ view_filter ] --START--
INFO: Run Behavior\WriteHtmlCacheBehavior [ RunTime:0.000000s ]
INFO: [ view_filter ] --END-- [ RunTime:0.000000s ]
INFO: [ app_end ] --START--
INFO: Run Behavior\ShowPageTraceBehavior [ RunTime:0.000000s ]
INFO: [ app_end ] --END-- [ RunTime:0.000000s ]

[ 2014-10-26T21:07:28+08:00 ] 127.0.0.1 /
INFO: [ app_init ] --START--
INFO: Run Behavior\BuildLiteBehavior [ RunTime:0.000000s ]
INFO: [ app_init ] --END-- [ RunTime:0.000000s ]
INFO: [ app_begin ] --START--
INFO: Run Behavior\ReadHtmlCacheBehavior [ RunTime:0.001000s ]
INFO: [ app_begin ] --END-- [ RunTime:0.001000s ]
SQL: SHOW COLUMNS FROM `db_topic` [ RunTime:0.002000s ]
ERR: 1146:Table 'db_laboratory.db_topic' doesn't exist
 [ SQL语句 ] : SHOW COLUMNS FROM `db_topic`
SQL: SELECT * FROM `db_topic` WHERE ( type=1 ) ORDER BY id desc LIMIT 0,11   [ RunTime:0.001000s ]
ERR: 1146:Table 'db_laboratory.db_topic' doesn't exist
 [ SQL语句 ] : SELECT * FROM `db_topic` WHERE ( type=1 ) ORDER BY id desc LIMIT 0,11  
SQL: SELECT * FROM `db_topic` WHERE ( type=2 ) ORDER BY id desc LIMIT 0,11   [ RunTime:0.000000s ]
ERR: 1146:Table 'db_laboratory.db_topic' doesn't exist
 [ SQL语句 ] : SELECT * FROM `db_topic` WHERE ( type=2 ) ORDER BY id desc LIMIT 0,11  
SQL: SELECT * FROM `db_topic` WHERE ( type=3 ) ORDER BY id desc LIMIT 0,11   [ RunTime:0.000000s ]
ERR: 1146:Table 'db_laboratory.db_topic' doesn't exist
 [ SQL语句 ] : SELECT * FROM `db_topic` WHERE ( type=3 ) ORDER BY id desc LIMIT 0,11  
SQL: SELECT * FROM `db_topic` WHERE ( type=4 ) ORDER BY id desc LIMIT 0,11   [ RunTime:0.000000s ]
ERR: 1146:Table 'db_laboratory.db_topic' doesn't exist
 [ SQL语句 ] : SELECT * FROM `db_topic` WHERE ( type=4 ) ORDER BY id desc LIMIT 0,11  
SQL: SELECT * FROM `db_topic` WHERE ( type=6 ) ORDER BY id desc LIMIT 0,11   [ RunTime:0.000000s ]
ERR: 1146:Table 'db_laboratory.db_topic' doesn't exist
 [ SQL语句 ] : SELECT * FROM `db_topic` WHERE ( type=6 ) ORDER BY id desc LIMIT 0,11  
NOTIC: [2] Invalid argument supplied for foreach() G:\github\gaozi\Application\Home\Controller\IndexController.class.php 第 15 行.
INFO: [ view_parse ] --START--
INFO: [ template_filter ] --START--
INFO: Run Behavior\ContentReplaceBehavior [ RunTime:0.000000s ]
INFO: [ template_filter ] --END-- [ RunTime:0.000000s ]
NOTIC: [8] Undefined variable: info_active G:\github\gaozi\Application\Runtime\Cache\Home\2a94b8bda04ff446dcedd42276fc99ee.php 第 25 行.
NOTIC: [8] Undefined variable: news_active G:\github\gaozi\Application\Runtime\Cache\Home\2a94b8bda04ff446dcedd42276fc99ee.php 第 26 行.
NOTIC: [8] Undefined variable: member_active G:\github\gaozi\Application\Runtime\Cache\Home\2a94b8bda04ff446dcedd42276fc99ee.php 第 27 行.
INFO: Run Behavior\ParseTemplateBehavior [ RunTime:0.008000s ]
INFO: [ view_parse ] --END-- [ RunTime:0.008000s ]
INFO: [ view_filter ] --START--
INFO: Run Behavior\WriteHtmlCacheBehavior [ RunTime:0.000000s ]
INFO: [ view_filter ] --END-- [ RunTime:0.000000s ]
INFO: [ app_end ] --START--
INFO: Run Behavior\ShowPageTraceBehavior [ RunTime:0.001001s ]
INFO: [ app_end ] --END-- [ RunTime:0.001001s ]

[ 2014-10-26T21:26:58+08:00 ] 127.0.0.1 /home/index/member
INFO: [ app_init ] --START--
INFO: Run Behavior\BuildLiteBehavior [ RunTime:0.000000s ]
INFO: [ app_init ] --END-- [ RunTime:0.000000s ]
INFO: [ app_begin ] --START--
INFO: Run Behavior\ReadHtmlCacheBehavior [ RunTime:0.001000s ]
INFO: [ app_begin ] --END-- [ RunTime:0.001000s ]
INFO: [ view_parse ] --START--
INFO: [ template_filter ] --START--
INFO: Run Behavior\ContentReplaceBehavior [ RunTime:0.000000s ]
INFO: [ template_filter ] --END-- [ RunTime:0.000000s ]
NOTIC: [8] Undefined variable: index_active G:\github\gaozi\Application\Runtime\Cache\Home\0034c409d5ac2c07ac3f17b1b2ad5d84.php 第 24 行.
NOTIC: [8] Undefined variable: info_active G:\github\gaozi\Application\Runtime\Cache\Home\0034c409d5ac2c07ac3f17b1b2ad5d84.php 第 25 行.
NOTIC: [8] Undefined variable: news_active G:\github\gaozi\Application\Runtime\Cache\Home\0034c409d5ac2c07ac3f17b1b2ad5d84.php 第 26 行.
NOTIC: [8] Undefined variable: lab_info G:\github\gaozi\Application\Runtime\Cache\Home\0034c409d5ac2c07ac3f17b1b2ad5d84.php 第 44 行.
INFO: Run Behavior\ParseTemplateBehavior [ RunTime:0.007000s ]
INFO: [ view_parse ] --END-- [ RunTime:0.007000s ]
INFO: [ view_filter ] --START--
INFO: Run Behavior\WriteHtmlCacheBehavior [ RunTime:0.001000s ]
INFO: [ view_filter ] --END-- [ RunTime:0.001000s ]
INFO: [ app_end ] --START--
INFO: Run Behavior\ShowPageTraceBehavior [ RunTime:0.001000s ]
INFO: [ app_end ] --END-- [ RunTime:0.001000s ]

[ 2014-10-26T21:29:33+08:00 ] 127.0.0.1 /home/index/member
INFO: [ app_init ] --START--
INFO: Run Behavior\BuildLiteBehavior [ RunTime:0.000000s ]
INFO: [ app_init ] --END-- [ RunTime:0.000000s ]
INFO: [ app_begin ] --START--
INFO: Run Behavior\ReadHtmlCacheBehavior [ RunTime:0.000000s ]
INFO: [ app_begin ] --END-- [ RunTime:0.000000s ]
INFO: [ view_parse ] --START--
INFO: [ template_filter ] --START--
INFO: Run Behavior\ContentReplaceBehavior [ RunTime:0.000000s ]
INFO: [ template_filter ] --END-- [ RunTime:0.000000s ]
NOTIC: [8] Undefined variable: index_active G:\github\gaozi\Application\Runtime\Cache\Home\0034c409d5ac2c07ac3f17b1b2ad5d84.php 第 24 行.
NOTIC: [8] Undefined variable: info_active G:\github\gaozi\Application\Runtime\Cache\Home\0034c409d5ac2c07ac3f17b1b2ad5d84.php 第 25 行.
NOTIC: [8] Undefined variable: news_active G:\github\gaozi\Application\Runtime\Cache\Home\0034c409d5ac2c07ac3f17b1b2ad5d84.php 第 26 行.
INFO: Run Behavior\ParseTemplateBehavior [ RunTime:0.007000s ]
INFO: [ view_parse ] --END-- [ RunTime:0.007000s ]
INFO: [ view_filter ] --START--
INFO: Run Behavior\WriteHtmlCacheBehavior [ RunTime:0.001000s ]
INFO: [ view_filter ] --END-- [ RunTime:0.001000s ]
INFO: [ app_end ] --START--
INFO: Run Behavior\ShowPageTraceBehavior [ RunTime:0.000000s ]
INFO: [ app_end ] --END-- [ RunTime:0.000000s ]

[ 2014-10-26T21:30:01+08:00 ] 127.0.0.1 /home/index/member
INFO: [ app_init ] --START--
INFO: Run Behavior\BuildLiteBehavior [ RunTime:0.000000s ]
INFO: [ app_init ] --END-- [ RunTime:0.001000s ]
INFO: [ app_begin ] --START--
INFO: Run Behavior\ReadHtmlCacheBehavior [ RunTime:0.000000s ]
INFO: [ app_begin ] --END-- [ RunTime:0.000000s ]
INFO: [ view_parse ] --START--
INFO: [ template_filter ] --START--
INFO: Run Behavior\ContentReplaceBehavior [ RunTime:0.000000s ]
INFO: [ template_filter ] --END-- [ RunTime:0.000000s ]
NOTIC: [8] Undefined variable: index_active G:\github\gaozi\Application\Runtime\Cache\Home\0034c409d5ac2c07ac3f17b1b2ad5d84.php 第 24 行.
NOTIC: [8] Undefined variable: info_active G:\github\gaozi\Application\Runtime\Cache\Home\0034c409d5ac2c07ac3f17b1b2ad5d84.php 第 25 行.
NOTIC: [8] Undefined variable: news_active G:\github\gaozi\Application\Runtime\Cache\Home\0034c409d5ac2c07ac3f17b1b2ad5d84.php 第 26 行.
INFO: Run Behavior\ParseTemplateBehavior [ RunTime:0.008000s ]
INFO: [ view_parse ] --END-- [ RunTime:0.008000s ]
INFO: [ view_filter ] --START--
INFO: Run Behavior\WriteHtmlCacheBehavior [ RunTime:0.001000s ]
INFO: [ view_filter ] --END-- [ RunTime:0.001000s ]
INFO: [ app_end ] --START--
INFO: Run Behavior\ShowPageTraceBehavior [ RunTime:0.000000s ]
INFO: [ app_end ] --END-- [ RunTime:0.000000s ]

[ 2014-10-26T21:30:03+08:00 ] 127.0.0.1 /home/index/member
INFO: [ app_init ] --START--
INFO: Run Behavior\BuildLiteBehavior [ RunTime:0.000000s ]
INFO: [ app_init ] --END-- [ RunTime:0.000000s ]
INFO: [ app_begin ] --START--
INFO: Run Behavior\ReadHtmlCacheBehavior [ RunTime:0.001000s ]
INFO: [ app_begin ] --END-- [ RunTime:0.001000s ]
INFO: [ view_parse ] --START--
INFO: [ template_filter ] --START--
INFO: Run Behavior\ContentReplaceBehavior [ RunTime:0.000000s ]
INFO: [ template_filter ] --END-- [ RunTime:0.000000s ]
NOTIC: [8] Undefined variable: index_active G:\github\gaozi\Application\Runtime\Cache\Home\0034c409d5ac2c07ac3f17b1b2ad5d84.php 第 24 行.
NOTIC: [8] Undefined variable: info_active G:\github\gaozi\Application\Runtime\Cache\Home\0034c409d5ac2c07ac3f17b1b2ad5d84.php 第 25 行.
NOTIC: [8] Undefined variable: news_active G:\github\gaozi\Application\Runtime\Cache\Home\0034c409d5ac2c07ac3f17b1b2ad5d84.php 第 26 行.
INFO: Run Behavior\ParseTemplateBehavior [ RunTime:0.007000s ]
INFO: [ view_parse ] --END-- [ RunTime:0.007000s ]
INFO: [ view_filter ] --START--
INFO: Run Behavior\WriteHtmlCacheBehavior [ RunTime:0.001000s ]
INFO: [ view_filter ] --END-- [ RunTime:0.001000s ]
INFO: [ app_end ] --START--
INFO: Run Behavior\ShowPageTraceBehavior [ RunTime:0.000000s ]
INFO: [ app_end ] --END-- [ RunTime:0.000000s ]

[ 2014-10-26T21:30:03+08:00 ] 127.0.0.1 /home/index/member
INFO: [ app_init ] --START--
INFO: Run Behavior\BuildLiteBehavior [ RunTime:0.000000s ]
INFO: [ app_init ] --END-- [ RunTime:0.001001s ]
INFO: [ app_begin ] --START--
INFO: Run Behavior\ReadHtmlCacheBehavior [ RunTime:0.001000s ]
INFO: [ app_begin ] --END-- [ RunTime:0.001000s ]
INFO: [ view_parse ] --START--
INFO: [ template_filter ] --START--
INFO: Run Behavior\ContentReplaceBehavior [ RunTime:0.001000s ]
INFO: [ template_filter ] --END-- [ RunTime:0.001000s ]
NOTIC: [8] Undefined variable: index_active G:\github\gaozi\Application\Runtime\Cache\Home\0034c409d5ac2c07ac3f17b1b2ad5d84.php 第 24 行.
NOTIC: [8] Undefined variable: info_active G:\github\gaozi\Application\Runtime\Cache\Home\0034c409d5ac2c07ac3f17b1b2ad5d84.php 第 25 行.
NOTIC: [8] Undefined variable: news_active G:\github\gaozi\Application\Runtime\Cache\Home\0034c409d5ac2c07ac3f17b1b2ad5d84.php 第 26 行.
INFO: Run Behavior\ParseTemplateBehavior [ RunTime:0.008000s ]
INFO: [ view_parse ] --END-- [ RunTime:0.008000s ]
INFO: [ view_filter ] --START--
INFO: Run Behavior\WriteHtmlCacheBehavior [ RunTime:0.000000s ]
INFO: [ view_filter ] --END-- [ RunTime:0.001000s ]
INFO: [ app_end ] --START--
INFO: Run Behavior\ShowPageTraceBehavior [ RunTime:0.000000s ]
INFO: [ app_end ] --END-- [ RunTime:0.000000s ]

[ 2014-10-26T21:30:09+08:00 ] 127.0.0.1 /home/index/member
INFO: [ app_init ] --START--
INFO: Run Behavior\BuildLiteBehavior [ RunTime:0.000000s ]
INFO: [ app_init ] --END-- [ RunTime:0.001000s ]
INFO: [ app_begin ] --START--
INFO: Run Behavior\ReadHtmlCacheBehavior [ RunTime:0.000000s ]
INFO: [ app_begin ] --END-- [ RunTime:0.000000s ]
INFO: [ view_parse ] --START--
INFO: [ template_filter ] --START--
INFO: Run Behavior\ContentReplaceBehavior [ RunTime:0.000000s ]
INFO: [ template_filter ] --END-- [ RunTime:0.000000s ]
NOTIC: [8] Undefined variable: index_active G:\github\gaozi\Application\Runtime\Cache\Home\0034c409d5ac2c07ac3f17b1b2ad5d84.php 第 24 行.
NOTIC: [8] Undefined variable: info_active G:\github\gaozi\Application\Runtime\Cache\Home\0034c409d5ac2c07ac3f17b1b2ad5d84.php 第 25 行.
NOTIC: [8] Undefined variable: news_active G:\github\gaozi\Application\Runtime\Cache\Home\0034c409d5ac2c07ac3f17b1b2ad5d84.php 第 26 行.
INFO: Run Behavior\ParseTemplateBehavior [ RunTime:0.007001s ]
INFO: [ view_parse ] --END-- [ RunTime:0.007001s ]
INFO: [ view_filter ] --START--
INFO: Run Behavior\WriteHtmlCacheBehavior [ RunTime:0.000000s ]
INFO: [ view_filter ] --END-- [ RunTime:0.000000s ]
INFO: [ app_end ] --START--
INFO: Run Behavior\ShowPageTraceBehavior [ RunTime:0.000000s ]
INFO: [ app_end ] --END-- [ RunTime:0.000000s ]

[ 2014-10-26T21:30:40+08:00 ] 127.0.0.1 /home/index/member
INFO: [ app_init ] --START--
INFO: Run Behavior\BuildLiteBehavior [ RunTime:0.000000s ]
INFO: [ app_init ] --END-- [ RunTime:0.001000s ]
INFO: [ app_begin ] --START--
INFO: Run Behavior\ReadHtmlCacheBehavior [ RunTime:0.001000s ]
INFO: [ app_begin ] --END-- [ RunTime:0.001000s ]
INFO: [ view_parse ] --START--
INFO: [ template_filter ] --START--
INFO: Run Behavior\ContentReplaceBehavior [ RunTime:0.000000s ]
INFO: [ template_filter ] --END-- [ RunTime:0.000000s ]
NOTIC: [8] Undefined variable: index_active G:\github\gaozi\Application\Runtime\Cache\Home\0034c409d5ac2c07ac3f17b1b2ad5d84.php 第 24 行.
NOTIC: [8] Undefined variable: info_active G:\github\gaozi\Application\Runtime\Cache\Home\0034c409d5ac2c07ac3f17b1b2ad5d84.php 第 25 行.
NOTIC: [8] Undefined variable: news_active G:\github\gaozi\Application\Runtime\Cache\Home\0034c409d5ac2c07ac3f17b1b2ad5d84.php 第 26 行.
INFO: Run Behavior\ParseTemplateBehavior [ RunTime:0.009001s ]
INFO: [ view_parse ] --END-- [ RunTime:0.009001s ]
INFO: [ view_filter ] --START--
INFO: Run Behavior\WriteHtmlCacheBehavior [ RunTime:0.000000s ]
INFO: [ view_filter ] --END-- [ RunTime:0.000000s ]
INFO: [ app_end ] --START--
INFO: Run Behavior\ShowPageTraceBehavior [ RunTime:0.001000s ]
INFO: [ app_end ] --END-- [ RunTime:0.001000s ]

[ 2014-10-26T22:03:55+08:00 ] 127.0.0.1 /home/index/news
INFO: [ app_init ] --START--
INFO: Run Behavior\BuildLiteBehavior [ RunTime:0.000000s ]
INFO: [ app_init ] --END-- [ RunTime:0.001000s ]
INFO: [ app_begin ] --START--
INFO: Run Behavior\ReadHtmlCacheBehavior [ RunTime:0.001000s ]
INFO: [ app_begin ] --END-- [ RunTime:0.001000s ]
INFO: [ view_parse ] --START--
INFO: [ template_filter ] --START--
INFO: Run Behavior\ContentReplaceBehavior [ RunTime:0.000000s ]
INFO: [ template_filter ] --END-- [ RunTime:0.000000s ]
NOTIC: [8] Undefined variable: index_active G:\github\gaozi\Application\Runtime\Cache\Home\cecb45903f8aa0e33f62e7ce7ef7b49f.php 第 24 行.
NOTIC: [8] Undefined variable: info_active G:\github\gaozi\Application\Runtime\Cache\Home\cecb45903f8aa0e33f62e7ce7ef7b49f.php 第 25 行.
NOTIC: [8] Undefined variable: member_active G:\github\gaozi\Application\Runtime\Cache\Home\cecb45903f8aa0e33f62e7ce7ef7b49f.php 第 27 行.
INFO: Run Behavior\ParseTemplateBehavior [ RunTime:0.009000s ]
INFO: [ view_parse ] --END-- [ RunTime:0.009000s ]
INFO: [ view_filter ] --START--
INFO: Run Behavior\WriteHtmlCacheBehavior [ RunTime:0.001000s ]
INFO: [ view_filter ] --END-- [ RunTime:0.001000s ]
INFO: [ app_end ] --START--
INFO: Run Behavior\ShowPageTraceBehavior [ RunTime:0.001000s ]
INFO: [ app_end ] --END-- [ RunTime:0.001000s ]

[ 2014-10-26T22:03:56+08:00 ] 127.0.0.1 /home/index/member
INFO: [ app_init ] --START--
INFO: Run Behavior\BuildLiteBehavior [ RunTime:0.000000s ]
INFO: [ app_init ] --END-- [ RunTime:0.000000s ]
INFO: [ app_begin ] --START--
INFO: Run Behavior\ReadHtmlCacheBehavior [ RunTime:0.000000s ]
INFO: [ app_begin ] --END-- [ RunTime:0.000000s ]
INFO: [ view_parse ] --START--
INFO: [ template_filter ] --START--
INFO: Run Behavior\ContentReplaceBehavior [ RunTime:0.000000s ]
INFO: [ template_filter ] --END-- [ RunTime:0.000000s ]
NOTIC: [8] Undefined variable: index_active G:\github\gaozi\Application\Runtime\Cache\Home\0034c409d5ac2c07ac3f17b1b2ad5d84.php 第 24 行.
NOTIC: [8] Undefined variable: info_active G:\github\gaozi\Application\Runtime\Cache\Home\0034c409d5ac2c07ac3f17b1b2ad5d84.php 第 25 行.
NOTIC: [8] Undefined variable: news_active G:\github\gaozi\Application\Runtime\Cache\Home\0034c409d5ac2c07ac3f17b1b2ad5d84.php 第 26 行.
INFO: Run Behavior\ParseTemplateBehavior [ RunTime:0.059004s ]
INFO: [ view_parse ] --END-- [ RunTime:0.059004s ]
INFO: [ view_filter ] --START--
INFO: Run Behavior\WriteHtmlCacheBehavior [ RunTime:0.000000s ]
INFO: [ view_filter ] --END-- [ RunTime:0.000000s ]
INFO: [ app_end ] --START--
INFO: Run Behavior\ShowPageTraceBehavior [ RunTime:0.000000s ]
INFO: [ app_end ] --END-- [ RunTime:0.000000s ]

[ 2014-10-26T22:15:03+08:00 ] 127.0.0.1 /
INFO: [ app_init ] --START--
INFO: Run Behavior\BuildLiteBehavior [ RunTime:0.000000s ]
INFO: [ app_init ] --END-- [ RunTime:0.031002s ]
INFO: [ app_begin ] --START--
INFO: Run Behavior\ReadHtmlCacheBehavior [ RunTime:0.001000s ]
INFO: [ app_begin ] --END-- [ RunTime:0.002000s ]
SQL: SHOW COLUMNS FROM `db_topic` [ RunTime:0.032002s ]
ERR: 1146:Table 'db_laboratory.db_topic' doesn't exist
 [ SQL语句 ] : SHOW COLUMNS FROM `db_topic`
SQL: SELECT * FROM `db_topic` WHERE ( type=1 ) ORDER BY id desc LIMIT 0,11   [ RunTime:0.001000s ]
ERR: 1146:Table 'db_laboratory.db_topic' doesn't exist
 [ SQL语句 ] : SELECT * FROM `db_topic` WHERE ( type=1 ) ORDER BY id desc LIMIT 0,11  
SQL: SELECT * FROM `db_topic` WHERE ( type=2 ) ORDER BY id desc LIMIT 0,11   [ RunTime:0.000000s ]
ERR: 1146:Table 'db_laboratory.db_topic' doesn't exist
 [ SQL语句 ] : SELECT * FROM `db_topic` WHERE ( type=2 ) ORDER BY id desc LIMIT 0,11  
SQL: SELECT * FROM `db_topic` WHERE ( type=3 ) ORDER BY id desc LIMIT 0,11   [ RunTime:0.001000s ]
ERR: 1146:Table 'db_laboratory.db_topic' doesn't exist
 [ SQL语句 ] : SELECT * FROM `db_topic` WHERE ( type=3 ) ORDER BY id desc LIMIT 0,11  
SQL: SELECT * FROM `db_topic` WHERE ( type=4 ) ORDER BY id desc LIMIT 0,11   [ RunTime:0.001001s ]
ERR: 1146:Table 'db_laboratory.db_topic' doesn't exist
 [ SQL语句 ] : SELECT * FROM `db_topic` WHERE ( type=4 ) ORDER BY id desc LIMIT 0,11  
SQL: SELECT * FROM `db_topic` WHERE ( type=6 ) ORDER BY id desc LIMIT 0,11   [ RunTime:0.001000s ]
ERR: 1146:Table 'db_laboratory.db_topic' doesn't exist
 [ SQL语句 ] : SELECT * FROM `db_topic` WHERE ( type=6 ) ORDER BY id desc LIMIT 0,11  
NOTIC: [2] Invalid argument supplied for foreach() G:\github\gaozi\Application\Home\Controller\IndexController.class.php 第 15 行.
INFO: [ view_parse ] --START--
INFO: [ template_filter ] --START--
INFO: Run Behavior\ContentReplaceBehavior [ RunTime:0.000000s ]
INFO: [ template_filter ] --END-- [ RunTime:0.000000s ]
NOTIC: [8] Undefined variable: info_active G:\github\gaozi\Application\Runtime\Cache\Home\2a94b8bda04ff446dcedd42276fc99ee.php 第 25 行.
NOTIC: [8] Undefined variable: news_active G:\github\gaozi\Application\Runtime\Cache\Home\2a94b8bda04ff446dcedd42276fc99ee.php 第 26 行.
NOTIC: [8] Undefined variable: member_active G:\github\gaozi\Application\Runtime\Cache\Home\2a94b8bda04ff446dcedd42276fc99ee.php 第 27 行.
INFO: Run Behavior\ParseTemplateBehavior [ RunTime:0.016001s ]
INFO: [ view_parse ] --END-- [ RunTime:0.016001s ]
INFO: [ view_filter ] --START--
INFO: Run Behavior\WriteHtmlCacheBehavior [ RunTime:0.001000s ]
INFO: [ view_filter ] --END-- [ RunTime:0.001000s ]
INFO: [ app_end ] --START--
INFO: Run Behavior\ShowPageTraceBehavior [ RunTime:0.001000s ]
INFO: [ app_end ] --END-- [ RunTime:0.001000s ]

[ 2014-10-26T22:15:26+08:00 ] 127.0.0.1 /
INFO: [ app_init ] --START--
INFO: Run Behavior\BuildLiteBehavior [ RunTime:0.000000s ]
INFO: [ app_init ] --END-- [ RunTime:0.000000s ]
INFO: [ app_begin ] --START--
INFO: Run Behavior\ReadHtmlCacheBehavior [ RunTime:0.000000s ]
INFO: [ app_begin ] --END-- [ RunTime:0.000000s ]
SQL: SHOW COLUMNS FROM `db_topic` [ RunTime:0.003000s ]
ERR: 1146:Table 'db_laboratory.db_topic' doesn't exist
 [ SQL语句 ] : SHOW COLUMNS FROM `db_topic`
SQL: SELECT * FROM `db_topic` WHERE ( type=1 ) ORDER BY id desc LIMIT 0,11   [ RunTime:0.000000s ]
ERR: 1146:Table 'db_laboratory.db_topic' doesn't exist
 [ SQL语句 ] : SELECT * FROM `db_topic` WHERE ( type=1 ) ORDER BY id desc LIMIT 0,11  
SQL: SELECT * FROM `db_topic` WHERE ( type=2 ) ORDER BY id desc LIMIT 0,11   [ RunTime:0.000000s ]
ERR: 1146:Table 'db_laboratory.db_topic' doesn't exist
 [ SQL语句 ] : SELECT * FROM `db_topic` WHERE ( type=2 ) ORDER BY id desc LIMIT 0,11  
SQL: SELECT * FROM `db_topic` WHERE ( type=3 ) ORDER BY id desc LIMIT 0,11   [ RunTime:0.001000s ]
ERR: 1146:Table 'db_laboratory.db_topic' doesn't exist
 [ SQL语句 ] : SELECT * FROM `db_topic` WHERE ( type=3 ) ORDER BY id desc LIMIT 0,11  
SQL: SELECT * FROM `db_topic` WHERE ( type=4 ) ORDER BY id desc LIMIT 0,11   [ RunTime:0.000000s ]
ERR: 1146:Table 'db_laboratory.db_topic' doesn't exist
 [ SQL语句 ] : SELECT * FROM `db_topic` WHERE ( type=4 ) ORDER BY id desc LIMIT 0,11  
SQL: SELECT * FROM `db_topic` WHERE ( type=6 ) ORDER BY id desc LIMIT 0,11   [ RunTime:0.000000s ]
ERR: 1146:Table 'db_laboratory.db_topic' doesn't exist
 [ SQL语句 ] : SELECT * FROM `db_topic` WHERE ( type=6 ) ORDER BY id desc LIMIT 0,11  
NOTIC: [2] Invalid argument supplied for foreach() G:\github\gaozi\Application\Home\Controller\IndexController.class.php 第 15 行.
INFO: [ view_parse ] --START--
INFO: [ template_filter ] --START--
INFO: Run Behavior\ContentReplaceBehavior [ RunTime:0.000000s ]
INFO: [ template_filter ] --END-- [ RunTime:0.000000s ]
NOTIC: [8] Undefined variable: info_active G:\github\gaozi\Application\Runtime\Cache\Home\2a94b8bda04ff446dcedd42276fc99ee.php 第 25 行.
NOTIC: [8] Undefined variable: news_active G:\github\gaozi\Application\Runtime\Cache\Home\2a94b8bda04ff446dcedd42276fc99ee.php 第 26 行.
NOTIC: [8] Undefined variable: member_active G:\github\gaozi\Application\Runtime\Cache\Home\2a94b8bda04ff446dcedd42276fc99ee.php 第 27 行.
INFO: Run Behavior\ParseTemplateBehavior [ RunTime:0.008000s ]
INFO: [ view_parse ] --END-- [ RunTime:0.008000s ]
INFO: [ view_filter ] --START--
INFO: Run Behavior\WriteHtmlCacheBehavior [ RunTime:0.000000s ]
INFO: [ view_filter ] --END-- [ RunTime:0.000000s ]
INFO: [ app_end ] --START--
INFO: Run Behavior\ShowPageTraceBehavior [ RunTime:0.001000s ]
INFO: [ app_end ] --END-- [ RunTime:0.001000s ]

[ 2014-10-26T22:15:31+08:00 ] 127.0.0.1 /
INFO: [ app_init ] --START--
INFO: Run Behavior\BuildLiteBehavior [ RunTime:0.000000s ]
INFO: [ app_init ] --END-- [ RunTime:0.000000s ]
INFO: [ app_begin ] --START--
INFO: Run Behavior\ReadHtmlCacheBehavior [ RunTime:0.001000s ]
INFO: [ app_begin ] --END-- [ RunTime:0.001000s ]
SQL: SHOW COLUMNS FROM `db_topic` [ RunTime:0.013001s ]
ERR: 1146:Table 'db_laboratory.db_topic' doesn't exist
 [ SQL语句 ] : SHOW COLUMNS FROM `db_topic`
SQL: SELECT * FROM `db_topic` WHERE ( type=1 ) ORDER BY id desc LIMIT 0,11   [ RunTime:0.000000s ]
ERR: 1146:Table 'db_laboratory.db_topic' doesn't exist
 [ SQL语句 ] : SELECT * FROM `db_topic` WHERE ( type=1 ) ORDER BY id desc LIMIT 0,11  
SQL: SELECT * FROM `db_topic` WHERE ( type=2 ) ORDER BY id desc LIMIT 0,11   [ RunTime:0.000000s ]
ERR: 1146:Table 'db_laboratory.db_topic' doesn't exist
 [ SQL语句 ] : SELECT * FROM `db_topic` WHERE ( type=2 ) ORDER BY id desc LIMIT 0,11  
SQL: SELECT * FROM `db_topic` WHERE ( type=3 ) ORDER BY id desc LIMIT 0,11   [ RunTime:0.000000s ]
ERR: 1146:Table 'db_laboratory.db_topic' doesn't exist
 [ SQL语句 ] : SELECT * FROM `db_topic` WHERE ( type=3 ) ORDER BY id desc LIMIT 0,11  
SQL: SELECT * FROM `db_topic` WHERE ( type=4 ) ORDER BY id desc LIMIT 0,11   [ RunTime:0.000000s ]
ERR: 1146:Table 'db_laboratory.db_topic' doesn't exist
 [ SQL语句 ] : SELECT * FROM `db_topic` WHERE ( type=4 ) ORDER BY id desc LIMIT 0,11  
SQL: SELECT * FROM `db_topic` WHERE ( type=6 ) ORDER BY id desc LIMIT 0,11   [ RunTime:0.000000s ]
ERR: 1146:Table 'db_laboratory.db_topic' doesn't exist
 [ SQL语句 ] : SELECT * FROM `db_topic` WHERE ( type=6 ) ORDER BY id desc LIMIT 0,11  
NOTIC: [2] Invalid argument supplied for foreach() G:\github\gaozi\Application\Home\Controller\IndexController.class.php 第 15 行.
INFO: [ view_parse ] --START--
INFO: [ template_filter ] --START--
INFO: Run Behavior\ContentReplaceBehavior [ RunTime:0.000000s ]
INFO: [ template_filter ] --END-- [ RunTime:0.000000s ]
NOTIC: [8] Undefined variable: info_active G:\github\gaozi\Application\Runtime\Cache\Home\2a94b8bda04ff446dcedd42276fc99ee.php 第 25 行.
NOTIC: [8] Undefined variable: news_active G:\github\gaozi\Application\Runtime\Cache\Home\2a94b8bda04ff446dcedd42276fc99ee.php 第 26 行.
NOTIC: [8] Undefined variable: member_active G:\github\gaozi\Application\Runtime\Cache\Home\2a94b8bda04ff446dcedd42276fc99ee.php 第 27 行.
INFO: Run Behavior\ParseTemplateBehavior [ RunTime:0.006001s ]
INFO: [ view_parse ] --END-- [ RunTime:0.006001s ]
INFO: [ view_filter ] --START--
INFO: Run Behavior\WriteHtmlCacheBehavior [ RunTime:0.001000s ]
INFO: [ view_filter ] --END-- [ RunTime:0.001000s ]
INFO: [ app_end ] --START--
INFO: Run Behavior\ShowPageTraceBehavior [ RunTime:0.000000s ]
INFO: [ app_end ] --END-- [ RunTime:0.000000s ]

[ 2014-10-26T22:31:21+08:00 ] 127.0.0.1 /
INFO: [ app_init ] --START--
INFO: Run Behavior\BuildLiteBehavior [ RunTime:0.000000s ]
INFO: [ app_init ] --END-- [ RunTime:0.001000s ]
INFO: [ app_begin ] --START--
INFO: Run Behavior\ReadHtmlCacheBehavior [ RunTime:0.000000s ]
INFO: [ app_begin ] --END-- [ RunTime:0.000000s ]
SQL: SHOW COLUMNS FROM `db_topic` [ RunTime:0.002000s ]
ERR: 1146:Table 'db_laboratory.db_topic' doesn't exist
 [ SQL语句 ] : SHOW COLUMNS FROM `db_topic`
SQL: SELECT * FROM `db_topic` WHERE ( type=1 ) ORDER BY id desc LIMIT 0,11   [ RunTime:0.000000s ]
ERR: 1146:Table 'db_laboratory.db_topic' doesn't exist
 [ SQL语句 ] : SELECT * FROM `db_topic` WHERE ( type=1 ) ORDER BY id desc LIMIT 0,11  
SQL: SELECT * FROM `db_topic` WHERE ( type=2 ) ORDER BY id desc LIMIT 0,11   [ RunTime:0.000000s ]
ERR: 1146:Table 'db_laboratory.db_topic' doesn't exist
 [ SQL语句 ] : SELECT * FROM `db_topic` WHERE ( type=2 ) ORDER BY id desc LIMIT 0,11  
SQL: SELECT * FROM `db_topic` WHERE ( type=3 ) ORDER BY id desc LIMIT 0,11   [ RunTime:0.000000s ]
ERR: 1146:Table 'db_laboratory.db_topic' doesn't exist
 [ SQL语句 ] : SELECT * FROM `db_topic` WHERE ( type=3 ) ORDER BY id desc LIMIT 0,11  
SQL: SELECT * FROM `db_topic` WHERE ( type=4 ) ORDER BY id desc LIMIT 0,11   [ RunTime:0.000000s ]
ERR: 1146:Table 'db_laboratory.db_topic' doesn't exist
 [ SQL语句 ] : SELECT * FROM `db_topic` WHERE ( type=4 ) ORDER BY id desc LIMIT 0,11  
SQL: SELECT * FROM `db_topic` WHERE ( type=6 ) ORDER BY id desc LIMIT 0,11   [ RunTime:0.000000s ]
ERR: 1146:Table 'db_laboratory.db_topic' doesn't exist
 [ SQL语句 ] : SELECT * FROM `db_topic` WHERE ( type=6 ) ORDER BY id desc LIMIT 0,11  
NOTIC: [2] Invalid argument supplied for foreach() G:\github\gaozi\Application\Home\Controller\IndexController.class.php 第 15 行.
INFO: [ view_parse ] --START--
INFO: [ template_filter ] --START--
INFO: Run Behavior\ContentReplaceBehavior [ RunTime:0.000000s ]
INFO: [ template_filter ] --END-- [ RunTime:0.000000s ]
NOTIC: [8] Undefined variable: info_active G:\github\gaozi\Application\Runtime\Cache\Home\2a94b8bda04ff446dcedd42276fc99ee.php 第 25 行.
NOTIC: [8] Undefined variable: news_active G:\github\gaozi\Application\Runtime\Cache\Home\2a94b8bda04ff446dcedd42276fc99ee.php 第 26 行.
NOTIC: [8] Undefined variable: member_active G:\github\gaozi\Application\Runtime\Cache\Home\2a94b8bda04ff446dcedd42276fc99ee.php 第 27 行.
INFO: Run Behavior\ParseTemplateBehavior [ RunTime:0.007001s ]
INFO: [ view_parse ] --END-- [ RunTime:0.007001s ]
INFO: [ view_filter ] --START--
INFO: Run Behavior\WriteHtmlCacheBehavior [ RunTime:0.001000s ]
INFO: [ view_filter ] --END-- [ RunTime:0.001000s ]
INFO: [ app_end ] --START--
INFO: Run Behavior\ShowPageTraceBehavior [ RunTime:0.000000s ]
INFO: [ app_end ] --END-- [ RunTime:0.000000s ]

[ 2014-10-26T22:31:32+08:00 ] 127.0.0.1 /home/index/info
INFO: [ app_init ] --START--
INFO: Run Behavior\BuildLiteBehavior [ RunTime:0.000000s ]
INFO: [ app_init ] --END-- [ RunTime:0.001000s ]
INFO: [ app_begin ] --START--
INFO: Run Behavior\ReadHtmlCacheBehavior [ RunTime:0.001000s ]
INFO: [ app_begin ] --END-- [ RunTime:0.001000s ]
SQL: SHOW COLUMNS FROM `db_labinfo` [ RunTime:0.031002s ]
SQL: SELECT `info` FROM `db_labinfo`  [ RunTime:0.000000s ]
INFO: [ view_parse ] --START--
INFO: [ template_filter ] --START--
INFO: Run Behavior\ContentReplaceBehavior [ RunTime:0.000000s ]
INFO: [ template_filter ] --END-- [ RunTime:0.000000s ]
NOTIC: [8] Undefined variable: index_active G:\github\gaozi\Application\Runtime\Cache\Home\58dcbc0a6aedef7ee219b145fa55354f.php 第 24 行.
NOTIC: [8] Undefined variable: news_active G:\github\gaozi\Application\Runtime\Cache\Home\58dcbc0a6aedef7ee219b145fa55354f.php 第 26 行.
NOTIC: [8] Undefined variable: member_active G:\github\gaozi\Application\Runtime\Cache\Home\58dcbc0a6aedef7ee219b145fa55354f.php 第 27 行.
INFO: Run Behavior\ParseTemplateBehavior [ RunTime:0.007000s ]
INFO: [ view_parse ] --END-- [ RunTime:0.008000s ]
INFO: [ view_filter ] --START--
INFO: Run Behavior\WriteHtmlCacheBehavior [ RunTime:0.000000s ]
INFO: [ view_filter ] --END-- [ RunTime:0.000000s ]
INFO: [ app_end ] --START--
INFO: Run Behavior\ShowPageTraceBehavior [ RunTime:0.001000s ]
INFO: [ app_end ] --END-- [ RunTime:0.001000s ]

[ 2014-10-26T22:31:33+08:00 ] 127.0.0.1 /home/index/news
INFO: [ app_init ] --START--
INFO: Run Behavior\BuildLiteBehavior [ RunTime:0.000000s ]
INFO: [ app_init ] --END-- [ RunTime:0.000000s ]
INFO: [ app_begin ] --START--
INFO: Run Behavior\ReadHtmlCacheBehavior [ RunTime:0.000000s ]
INFO: [ app_begin ] --END-- [ RunTime:0.000000s ]
INFO: [ view_parse ] --START--
INFO: [ template_filter ] --START--
INFO: Run Behavior\ContentReplaceBehavior [ RunTime:0.000000s ]
INFO: [ template_filter ] --END-- [ RunTime:0.000000s ]
NOTIC: [8] Undefined variable: index_active G:\github\gaozi\Application\Runtime\Cache\Home\cecb45903f8aa0e33f62e7ce7ef7b49f.php 第 24 行.
NOTIC: [8] Undefined variable: info_active G:\github\gaozi\Application\Runtime\Cache\Home\cecb45903f8aa0e33f62e7ce7ef7b49f.php 第 25 行.
NOTIC: [8] Undefined variable: member_active G:\github\gaozi\Application\Runtime\Cache\Home\cecb45903f8aa0e33f62e7ce7ef7b49f.php 第 27 行.
INFO: Run Behavior\ParseTemplateBehavior [ RunTime:0.020601s ]
INFO: [ view_parse ] --END-- [ RunTime:0.020601s ]
INFO: [ view_filter ] --START--
INFO: Run Behavior\WriteHtmlCacheBehavior [ RunTime:0.000000s ]
INFO: [ view_filter ] --END-- [ RunTime:0.000000s ]
INFO: [ app_end ] --START--
INFO: Run Behavior\ShowPageTraceBehavior [ RunTime:0.001000s ]
INFO: [ app_end ] --END-- [ RunTime:0.001000s ]

[ 2014-10-26T22:31:33+08:00 ] 127.0.0.1 /home/index/member
INFO: [ app_init ] --START--
INFO: Run Behavior\BuildLiteBehavior [ RunTime:0.000000s ]
INFO: [ app_init ] --END-- [ RunTime:0.001000s ]
INFO: [ app_begin ] --START--
INFO: Run Behavior\ReadHtmlCacheBehavior [ RunTime:0.000000s ]
INFO: [ app_begin ] --END-- [ RunTime:0.000000s ]
INFO: [ view_parse ] --START--
INFO: [ template_filter ] --START--
INFO: Run Behavior\ContentReplaceBehavior [ RunTime:0.000000s ]
INFO: [ template_filter ] --END-- [ RunTime:0.000000s ]
NOTIC: [8] Undefined variable: index_active G:\github\gaozi\Application\Runtime\Cache\Home\0034c409d5ac2c07ac3f17b1b2ad5d84.php 第 24 行.
NOTIC: [8] Undefined variable: info_active G:\github\gaozi\Application\Runtime\Cache\Home\0034c409d5ac2c07ac3f17b1b2ad5d84.php 第 25 行.
NOTIC: [8] Undefined variable: news_active G:\github\gaozi\Application\Runtime\Cache\Home\0034c409d5ac2c07ac3f17b1b2ad5d84.php 第 26 行.
INFO: Run Behavior\ParseTemplateBehavior [ RunTime:0.006001s ]
INFO: [ view_parse ] --END-- [ RunTime:0.006001s ]
INFO: [ view_filter ] --START--
INFO: Run Behavior\WriteHtmlCacheBehavior [ RunTime:0.000000s ]
INFO: [ view_filter ] --END-- [ RunTime:0.000000s ]
INFO: [ app_end ] --START--
INFO: Run Behavior\ShowPageTraceBehavior [ RunTime:0.001000s ]
INFO: [ app_end ] --END-- [ RunTime:0.001000s ]

[ 2014-10-26T22:38:01+08:00 ] 127.0.0.1 /home/index/member
INFO: [ app_init ] --START--
INFO: Run Behavior\BuildLiteBehavior [ RunTime:0.000000s ]
INFO: [ app_init ] --END-- [ RunTime:0.001000s ]
INFO: [ app_begin ] --START--
INFO: Run Behavior\ReadHtmlCacheBehavior [ RunTime:0.001000s ]
INFO: [ app_begin ] --END-- [ RunTime:0.001000s ]

[ 2014-10-26T22:38:20+08:00 ] 127.0.0.1 /home/index/member
INFO: [ app_init ] --START--
INFO: Run Behavior\BuildLiteBehavior [ RunTime:0.000000s ]
INFO: [ app_init ] --END-- [ RunTime:0.001000s ]
INFO: [ app_begin ] --START--
INFO: Run Behavior\ReadHtmlCacheBehavior [ RunTime:0.001000s ]
INFO: [ app_begin ] --END-- [ RunTime:0.001000s ]
INFO: [ view_parse ] --START--
INFO: [ template_filter ] --START--
INFO: Run Behavior\ContentReplaceBehavior [ RunTime:0.000000s ]
INFO: [ template_filter ] --END-- [ RunTime:0.000000s ]
NOTIC: [8] Undefined variable: index_active G:\github\gaozi\Application\Runtime\Cache\Home\0034c409d5ac2c07ac3f17b1b2ad5d84.php 第 24 行.
NOTIC: [8] Undefined variable: info_active G:\github\gaozi\Application\Runtime\Cache\Home\0034c409d5ac2c07ac3f17b1b2ad5d84.php 第 25 行.
NOTIC: [8] Undefined variable: news_active G:\github\gaozi\Application\Runtime\Cache\Home\0034c409d5ac2c07ac3f17b1b2ad5d84.php 第 26 行.
NOTIC: [8] Undefined variable: paper_active G:\github\gaozi\Application\Runtime\Cache\Home\0034c409d5ac2c07ac3f17b1b2ad5d84.php 第 28 行.
INFO: Run Behavior\ParseTemplateBehavior [ RunTime:0.007000s ]
INFO: [ view_parse ] --END-- [ RunTime:0.007000s ]
INFO: [ view_filter ] --START--
INFO: Run Behavior\WriteHtmlCacheBehavior [ RunTime:0.000000s ]
INFO: [ view_filter ] --END-- [ RunTime:0.000000s ]
INFO: [ app_end ] --START--
INFO: Run Behavior\ShowPageTraceBehavior [ RunTime:0.001000s ]
INFO: [ app_end ] --END-- [ RunTime:0.001000s ]

[ 2014-10-26T22:38:21+08:00 ] 127.0.0.1 /home/index/paper
INFO: [ app_init ] --START--
INFO: Run Behavior\BuildLiteBehavior [ RunTime:0.000000s ]
INFO: [ app_init ] --END-- [ RunTime:0.001000s ]
INFO: [ app_begin ] --START--
INFO: Run Behavior\ReadHtmlCacheBehavior [ RunTime:0.000000s ]
INFO: [ app_begin ] --END-- [ RunTime:0.000000s ]
INFO: [ view_parse ] --START--
INFO: [ template_filter ] --START--
INFO: Run Behavior\ContentReplaceBehavior [ RunTime:0.000000s ]
INFO: [ template_filter ] --END-- [ RunTime:0.000000s ]
NOTIC: [8] Undefined variable: index_active G:\github\gaozi\Application\Runtime\Cache\Home\e62ece094d52bdb2f61a2a5604f95112.php 第 24 行.
NOTIC: [8] Undefined variable: info_active G:\github\gaozi\Application\Runtime\Cache\Home\e62ece094d52bdb2f61a2a5604f95112.php 第 25 行.
NOTIC: [8] Undefined variable: news_active G:\github\gaozi\Application\Runtime\Cache\Home\e62ece094d52bdb2f61a2a5604f95112.php 第 26 行.
NOTIC: [8] Undefined variable: member_active G:\github\gaozi\Application\Runtime\Cache\Home\e62ece094d52bdb2f61a2a5604f95112.php 第 27 行.
INFO: Run Behavior\ParseTemplateBehavior [ RunTime:0.007000s ]
INFO: [ view_parse ] --END-- [ RunTime:0.008000s ]
INFO: [ view_filter ] --START--
INFO: Run Behavior\WriteHtmlCacheBehavior [ RunTime:0.000000s ]
INFO: [ view_filter ] --END-- [ RunTime:0.000000s ]
INFO: [ app_end ] --START--
INFO: Run Behavior\ShowPageTraceBehavior [ RunTime:0.001000s ]
INFO: [ app_end ] --END-- [ RunTime:0.001000s ]

