[ 2014-10-24T20:16:35+08:00 ] 127.0.0.1 /
INFO: [ app_init ] --START--
INFO: Run Behavior\BuildLiteBehavior [ RunTime:0.000000s ]
INFO: [ app_init ] --END-- [ RunTime:0.001000s ]
INFO: [ app_begin ] --START--
INFO: Run Behavior\ReadHtmlCacheBehavior [ RunTime:0.001000s ]
INFO: [ app_begin ] --END-- [ RunTime:0.001000s ]
SQL: SHOW COLUMNS FROM `topic` [ RunTime:0.021001s ]
ERR: 1146:Table 'db_laboratory.topic' doesn't exist
 [ SQL语句 ] : SHOW COLUMNS FROM `topic`
SQL: SELECT * FROM `topic` WHERE ( type=1 ) ORDER BY id desc LIMIT 0,11   [ RunTime:0.000000s ]
ERR: 1146:Table 'db_laboratory.topic' doesn't exist
 [ SQL语句 ] : SELECT * FROM `topic` WHERE ( type=1 ) ORDER BY id desc LIMIT 0,11  
SQL: SELECT * FROM `topic` WHERE ( type=2 ) ORDER BY id desc LIMIT 0,11   [ RunTime:0.000000s ]
ERR: 1146:Table 'db_laboratory.topic' doesn't exist
 [ SQL语句 ] : SELECT * FROM `topic` WHERE ( type=2 ) ORDER BY id desc LIMIT 0,11  
SQL: SELECT * FROM `topic` WHERE ( type=3 ) ORDER BY id desc LIMIT 0,11   [ RunTime:0.000000s ]
ERR: 1146:Table 'db_laboratory.topic' doesn't exist
 [ SQL语句 ] : SELECT * FROM `topic` WHERE ( type=3 ) ORDER BY id desc LIMIT 0,11  
SQL: SELECT * FROM `topic` WHERE ( type=4 ) ORDER BY id desc LIMIT 0,11   [ RunTime:0.000000s ]
ERR: 1146:Table 'db_laboratory.topic' doesn't exist
 [ SQL语句 ] : SELECT * FROM `topic` WHERE ( type=4 ) ORDER BY id desc LIMIT 0,11  
SQL: SELECT * FROM `topic` WHERE ( type=6 ) ORDER BY id desc LIMIT 0,11   [ RunTime:0.000000s ]
ERR: 1146:Table 'db_laboratory.topic' doesn't exist
 [ SQL语句 ] : SELECT * FROM `topic` WHERE ( type=6 ) ORDER BY id desc LIMIT 0,11  
NOTIC: [2] Invalid argument supplied for foreach() G:\github\gaozi\Application\Home\Controller\IndexController.class.php 第 14 行.
INFO: [ view_parse ] --START--
INFO: [ template_filter ] --START--
INFO: Run Behavior\ContentReplaceBehavior [ RunTime:0.000000s ]
INFO: [ template_filter ] --END-- [ RunTime:0.000000s ]
INFO: Run Behavior\ParseTemplateBehavior [ RunTime:0.031001s ]
INFO: [ view_parse ] --END-- [ RunTime:0.031001s ]
INFO: [ view_filter ] --START--
INFO: Run Behavior\WriteHtmlCacheBehavior [ RunTime:0.000000s ]
INFO: [ view_filter ] --END-- [ RunTime:0.000000s ]
INFO: [ app_end ] --START--
INFO: Run Behavior\ShowPageTraceBehavior [ RunTime:0.001000s ]
INFO: [ app_end ] --END-- [ RunTime:0.001000s ]

[ 2014-10-24T20:17:18+08:00 ] 127.0.0.1 /
INFO: [ app_init ] --START--
INFO: Run Behavior\BuildLiteBehavior [ RunTime:0.000000s ]
INFO: [ app_init ] --END-- [ RunTime:0.001000s ]
INFO: [ app_begin ] --START--
INFO: Run Behavior\ReadHtmlCacheBehavior [ RunTime:0.000000s ]
INFO: [ app_begin ] --END-- [ RunTime:0.001000s ]
SQL: SHOW COLUMNS FROM `topic` [ RunTime:0.003000s ]
ERR: 1146:Table 'db_laboratory.topic' doesn't exist
 [ SQL语句 ] : SHOW COLUMNS FROM `topic`
SQL: SELECT * FROM `topic` WHERE ( type=1 ) ORDER BY id desc LIMIT 0,11   [ RunTime:0.000000s ]
ERR: 1146:Table 'db_laboratory.topic' doesn't exist
 [ SQL语句 ] : SELECT * FROM `topic` WHERE ( type=1 ) ORDER BY id desc LIMIT 0,11  
SQL: SELECT * FROM `topic` WHERE ( type=2 ) ORDER BY id desc LIMIT 0,11   [ RunTime:0.001000s ]
ERR: 1146:Table 'db_laboratory.topic' doesn't exist
 [ SQL语句 ] : SELECT * FROM `topic` WHERE ( type=2 ) ORDER BY id desc LIMIT 0,11  
SQL: SELECT * FROM `topic` WHERE ( type=3 ) ORDER BY id desc LIMIT 0,11   [ RunTime:0.000000s ]
ERR: 1146:Table 'db_laboratory.topic' doesn't exist
 [ SQL语句 ] : SELECT * FROM `topic` WHERE ( type=3 ) ORDER BY id desc LIMIT 0,11  
SQL: SELECT * FROM `topic` WHERE ( type=4 ) ORDER BY id desc LIMIT 0,11   [ RunTime:0.000000s ]
ERR: 1146:Table 'db_laboratory.topic' doesn't exist
 [ SQL语句 ] : SELECT * FROM `topic` WHERE ( type=4 ) ORDER BY id desc LIMIT 0,11  
SQL: SELECT * FROM `topic` WHERE ( type=6 ) ORDER BY id desc LIMIT 0,11   [ RunTime:0.001000s ]
ERR: 1146:Table 'db_laboratory.topic' doesn't exist
 [ SQL语句 ] : SELECT * FROM `topic` WHERE ( type=6 ) ORDER BY id desc LIMIT 0,11  
NOTIC: [2] Invalid argument supplied for foreach() G:\github\gaozi\Application\Home\Controller\IndexController.class.php 第 14 行.
INFO: [ view_parse ] --START--
INFO: [ template_filter ] --START--
INFO: Run Behavior\ContentReplaceBehavior [ RunTime:0.000000s ]
INFO: [ template_filter ] --END-- [ RunTime:0.001000s ]
INFO: Run Behavior\ParseTemplateBehavior [ RunTime:0.009001s ]
INFO: [ view_parse ] --END-- [ RunTime:0.009001s ]
INFO: [ view_filter ] --START--
INFO: Run Behavior\WriteHtmlCacheBehavior [ RunTime:0.000000s ]
INFO: [ view_filter ] --END-- [ RunTime:0.000000s ]
INFO: [ app_end ] --START--
INFO: Run Behavior\ShowPageTraceBehavior [ RunTime:0.001000s ]
INFO: [ app_end ] --END-- [ RunTime:0.001000s ]

[ 2014-10-24T20:18:02+08:00 ] 127.0.0.1 /
INFO: [ app_init ] --START--
INFO: Run Behavior\BuildLiteBehavior [ RunTime:0.000000s ]
INFO: [ app_init ] --END-- [ RunTime:0.000000s ]
INFO: [ app_begin ] --START--
INFO: Run Behavior\ReadHtmlCacheBehavior [ RunTime:0.001000s ]
INFO: [ app_begin ] --END-- [ RunTime:0.001000s ]
SQL: SHOW COLUMNS FROM `topic` [ RunTime:0.003000s ]
ERR: 1146:Table 'db_laboratory.topic' doesn't exist
 [ SQL语句 ] : SHOW COLUMNS FROM `topic`
SQL: SELECT * FROM `topic` WHERE ( type=1 ) ORDER BY id desc LIMIT 0,11   [ RunTime:0.000000s ]
ERR: 1146:Table 'db_laboratory.topic' doesn't exist
 [ SQL语句 ] : SELECT * FROM `topic` WHERE ( type=1 ) ORDER BY id desc LIMIT 0,11  
SQL: SELECT * FROM `topic` WHERE ( type=2 ) ORDER BY id desc LIMIT 0,11   [ RunTime:0.000000s ]
ERR: 1146:Table 'db_laboratory.topic' doesn't exist
 [ SQL语句 ] : SELECT * FROM `topic` WHERE ( type=2 ) ORDER BY id desc LIMIT 0,11  
SQL: SELECT * FROM `topic` WHERE ( type=3 ) ORDER BY id desc LIMIT 0,11   [ RunTime:0.000000s ]
ERR: 1146:Table 'db_laboratory.topic' doesn't exist
 [ SQL语句 ] : SELECT * FROM `topic` WHERE ( type=3 ) ORDER BY id desc LIMIT 0,11  
SQL: SELECT * FROM `topic` WHERE ( type=4 ) ORDER BY id desc LIMIT 0,11   [ RunTime:0.000000s ]
ERR: 1146:Table 'db_laboratory.topic' doesn't exist
 [ SQL语句 ] : SELECT * FROM `topic` WHERE ( type=4 ) ORDER BY id desc LIMIT 0,11  
SQL: SELECT * FROM `topic` WHERE ( type=6 ) ORDER BY id desc LIMIT 0,11   [ RunTime:0.001000s ]
ERR: 1146:Table 'db_laboratory.topic' doesn't exist
 [ SQL语句 ] : SELECT * FROM `topic` WHERE ( type=6 ) ORDER BY id desc LIMIT 0,11  
NOTIC: [2] Invalid argument supplied for foreach() G:\github\gaozi\Application\Home\Controller\IndexController.class.php 第 14 行.
INFO: [ view_parse ] --START--
INFO: [ template_filter ] --START--
INFO: Run Behavior\ContentReplaceBehavior [ RunTime:0.000000s ]
INFO: [ template_filter ] --END-- [ RunTime:0.000000s ]
INFO: Run Behavior\ParseTemplateBehavior [ RunTime:0.010001s ]
INFO: [ view_parse ] --END-- [ RunTime:0.010001s ]
INFO: [ view_filter ] --START--
INFO: Run Behavior\WriteHtmlCacheBehavior [ RunTime:0.000000s ]
INFO: [ view_filter ] --END-- [ RunTime:0.000000s ]
INFO: [ app_end ] --START--
INFO: Run Behavior\ShowPageTraceBehavior [ RunTime:0.001000s ]
INFO: [ app_end ] --END-- [ RunTime:0.001000s ]

[ 2014-10-24T20:18:25+08:00 ] 127.0.0.1 /
INFO: [ app_init ] --START--
INFO: Run Behavior\BuildLiteBehavior [ RunTime:0.000000s ]
INFO: [ app_init ] --END-- [ RunTime:0.000000s ]
INFO: [ app_begin ] --START--
INFO: Run Behavior\ReadHtmlCacheBehavior [ RunTime:0.001000s ]
INFO: [ app_begin ] --END-- [ RunTime:0.001000s ]
SQL: SHOW COLUMNS FROM `topic` [ RunTime:0.003000s ]
ERR: 1146:Table 'db_laboratory.topic' doesn't exist
 [ SQL语句 ] : SHOW COLUMNS FROM `topic`
SQL: SELECT * FROM `topic` WHERE ( type=1 ) ORDER BY id desc LIMIT 0,11   [ RunTime:0.001000s ]
ERR: 1146:Table 'db_laboratory.topic' doesn't exist
 [ SQL语句 ] : SELECT * FROM `topic` WHERE ( type=1 ) ORDER BY id desc LIMIT 0,11  
SQL: SELECT * FROM `topic` WHERE ( type=2 ) ORDER BY id desc LIMIT 0,11   [ RunTime:0.000000s ]
ERR: 1146:Table 'db_laboratory.topic' doesn't exist
 [ SQL语句 ] : SELECT * FROM `topic` WHERE ( type=2 ) ORDER BY id desc LIMIT 0,11  
SQL: SELECT * FROM `topic` WHERE ( type=3 ) ORDER BY id desc LIMIT 0,11   [ RunTime:0.000000s ]
ERR: 1146:Table 'db_laboratory.topic' doesn't exist
 [ SQL语句 ] : SELECT * FROM `topic` WHERE ( type=3 ) ORDER BY id desc LIMIT 0,11  
SQL: SELECT * FROM `topic` WHERE ( type=4 ) ORDER BY id desc LIMIT 0,11   [ RunTime:0.000000s ]
ERR: 1146:Table 'db_laboratory.topic' doesn't exist
 [ SQL语句 ] : SELECT * FROM `topic` WHERE ( type=4 ) ORDER BY id desc LIMIT 0,11  
SQL: SELECT * FROM `topic` WHERE ( type=6 ) ORDER BY id desc LIMIT 0,11   [ RunTime:0.000000s ]
ERR: 1146:Table 'db_laboratory.topic' doesn't exist
 [ SQL语句 ] : SELECT * FROM `topic` WHERE ( type=6 ) ORDER BY id desc LIMIT 0,11  
NOTIC: [2] Invalid argument supplied for foreach() G:\github\gaozi\Application\Home\Controller\IndexController.class.php 第 14 行.
INFO: [ view_parse ] --START--
INFO: [ template_filter ] --START--
INFO: Run Behavior\ContentReplaceBehavior [ RunTime:0.000000s ]
INFO: [ template_filter ] --END-- [ RunTime:0.000000s ]
INFO: Run Behavior\ParseTemplateBehavior [ RunTime:0.009000s ]
INFO: [ view_parse ] --END-- [ RunTime:0.010000s ]
INFO: [ view_filter ] --START--
INFO: Run Behavior\WriteHtmlCacheBehavior [ RunTime:0.000000s ]
INFO: [ view_filter ] --END-- [ RunTime:0.000000s ]
INFO: [ app_end ] --START--
INFO: Run Behavior\ShowPageTraceBehavior [ RunTime:0.001000s ]
INFO: [ app_end ] --END-- [ RunTime:0.001000s ]

[ 2014-10-24T20:18:58+08:00 ] 127.0.0.1 /
INFO: [ app_init ] --START--
INFO: Run Behavior\BuildLiteBehavior [ RunTime:0.000000s ]
INFO: [ app_init ] --END-- [ RunTime:0.001001s ]
INFO: [ app_begin ] --START--
INFO: Run Behavior\ReadHtmlCacheBehavior [ RunTime:0.000000s ]
INFO: [ app_begin ] --END-- [ RunTime:0.000000s ]
SQL: SHOW COLUMNS FROM `topic` [ RunTime:0.002000s ]
ERR: 1146:Table 'db_laboratory.topic' doesn't exist
 [ SQL语句 ] : SHOW COLUMNS FROM `topic`
SQL: SELECT * FROM `topic` WHERE ( type=1 ) ORDER BY id desc LIMIT 0,11   [ RunTime:0.001000s ]
ERR: 1146:Table 'db_laboratory.topic' doesn't exist
 [ SQL语句 ] : SELECT * FROM `topic` WHERE ( type=1 ) ORDER BY id desc LIMIT 0,11  
SQL: SELECT * FROM `topic` WHERE ( type=2 ) ORDER BY id desc LIMIT 0,11   [ RunTime:0.000000s ]
ERR: 1146:Table 'db_laboratory.topic' doesn't exist
 [ SQL语句 ] : SELECT * FROM `topic` WHERE ( type=2 ) ORDER BY id desc LIMIT 0,11  
SQL: SELECT * FROM `topic` WHERE ( type=3 ) ORDER BY id desc LIMIT 0,11   [ RunTime:0.000000s ]
ERR: 1146:Table 'db_laboratory.topic' doesn't exist
 [ SQL语句 ] : SELECT * FROM `topic` WHERE ( type=3 ) ORDER BY id desc LIMIT 0,11  
SQL: SELECT * FROM `topic` WHERE ( type=4 ) ORDER BY id desc LIMIT 0,11   [ RunTime:0.001001s ]
ERR: 1146:Table 'db_laboratory.topic' doesn't exist
 [ SQL语句 ] : SELECT * FROM `topic` WHERE ( type=4 ) ORDER BY id desc LIMIT 0,11  
SQL: SELECT * FROM `topic` WHERE ( type=6 ) ORDER BY id desc LIMIT 0,11   [ RunTime:0.000000s ]
ERR: 1146:Table 'db_laboratory.topic' doesn't exist
 [ SQL语句 ] : SELECT * FROM `topic` WHERE ( type=6 ) ORDER BY id desc LIMIT 0,11  
NOTIC: [2] Invalid argument supplied for foreach() G:\github\gaozi\Application\Home\Controller\IndexController.class.php 第 14 行.
INFO: [ view_parse ] --START--
INFO: [ template_filter ] --START--
INFO: Run Behavior\ContentReplaceBehavior [ RunTime:0.001000s ]
INFO: [ template_filter ] --END-- [ RunTime:0.001000s ]
INFO: Run Behavior\ParseTemplateBehavior [ RunTime:0.009000s ]
INFO: [ view_parse ] --END-- [ RunTime:0.009000s ]
INFO: [ view_filter ] --START--
INFO: Run Behavior\WriteHtmlCacheBehavior [ RunTime:0.000000s ]
INFO: [ view_filter ] --END-- [ RunTime:0.000000s ]
INFO: [ app_end ] --START--
INFO: Run Behavior\ShowPageTraceBehavior [ RunTime:0.001000s ]
INFO: [ app_end ] --END-- [ RunTime:0.001000s ]

[ 2014-10-24T20:19:14+08:00 ] 127.0.0.1 /
INFO: [ app_init ] --START--
INFO: Run Behavior\BuildLiteBehavior [ RunTime:0.000000s ]
INFO: [ app_init ] --END-- [ RunTime:0.001000s ]
INFO: [ app_begin ] --START--
INFO: Run Behavior\ReadHtmlCacheBehavior [ RunTime:0.001000s ]
INFO: [ app_begin ] --END-- [ RunTime:0.001000s ]
SQL: SHOW COLUMNS FROM `topic` [ RunTime:0.002000s ]
ERR: 1146:Table 'db_laboratory.topic' doesn't exist
 [ SQL语句 ] : SHOW COLUMNS FROM `topic`
SQL: SELECT * FROM `topic` WHERE ( type=1 ) ORDER BY id desc LIMIT 0,11   [ RunTime:0.001000s ]
ERR: 1146:Table 'db_laboratory.topic' doesn't exist
 [ SQL语句 ] : SELECT * FROM `topic` WHERE ( type=1 ) ORDER BY id desc LIMIT 0,11  
SQL: SELECT * FROM `topic` WHERE ( type=2 ) ORDER BY id desc LIMIT 0,11   [ RunTime:0.001000s ]
ERR: 1146:Table 'db_laboratory.topic' doesn't exist
 [ SQL语句 ] : SELECT * FROM `topic` WHERE ( type=2 ) ORDER BY id desc LIMIT 0,11  
SQL: SELECT * FROM `topic` WHERE ( type=3 ) ORDER BY id desc LIMIT 0,11   [ RunTime:0.001000s ]
ERR: 1146:Table 'db_laboratory.topic' doesn't exist
 [ SQL语句 ] : SELECT * FROM `topic` WHERE ( type=3 ) ORDER BY id desc LIMIT 0,11  
SQL: SELECT * FROM `topic` WHERE ( type=4 ) ORDER BY id desc LIMIT 0,11   [ RunTime:0.000000s ]
ERR: 1146:Table 'db_laboratory.topic' doesn't exist
 [ SQL语句 ] : SELECT * FROM `topic` WHERE ( type=4 ) ORDER BY id desc LIMIT 0,11  
SQL: SELECT * FROM `topic` WHERE ( type=6 ) ORDER BY id desc LIMIT 0,11   [ RunTime:0.001000s ]
ERR: 1146:Table 'db_laboratory.topic' doesn't exist
 [ SQL语句 ] : SELECT * FROM `topic` WHERE ( type=6 ) ORDER BY id desc LIMIT 0,11  
NOTIC: [2] Invalid argument supplied for foreach() G:\github\gaozi\Application\Home\Controller\IndexController.class.php 第 14 行.
INFO: [ view_parse ] --START--
INFO: [ template_filter ] --START--
INFO: Run Behavior\ContentReplaceBehavior [ RunTime:0.000000s ]
INFO: [ template_filter ] --END-- [ RunTime:0.000000s ]
INFO: Run Behavior\ParseTemplateBehavior [ RunTime:0.009001s ]
INFO: [ view_parse ] --END-- [ RunTime:0.009001s ]
INFO: [ view_filter ] --START--
INFO: Run Behavior\WriteHtmlCacheBehavior [ RunTime:0.000000s ]
INFO: [ view_filter ] --END-- [ RunTime:0.000000s ]
INFO: [ app_end ] --START--
INFO: Run Behavior\ShowPageTraceBehavior [ RunTime:0.000000s ]
INFO: [ app_end ] --END-- [ RunTime:0.001000s ]

[ 2014-10-24T20:19:30+08:00 ] 127.0.0.1 /
INFO: [ app_init ] --START--
INFO: Run Behavior\BuildLiteBehavior [ RunTime:0.000000s ]
INFO: [ app_init ] --END-- [ RunTime:0.001000s ]
INFO: [ app_begin ] --START--
INFO: Run Behavior\ReadHtmlCacheBehavior [ RunTime:0.001001s ]
INFO: [ app_begin ] --END-- [ RunTime:0.001001s ]
SQL: SHOW COLUMNS FROM `topic` [ RunTime:0.003000s ]
ERR: 1146:Table 'db_laboratory.topic' doesn't exist
 [ SQL语句 ] : SHOW COLUMNS FROM `topic`
SQL: SELECT * FROM `topic` WHERE ( type=1 ) ORDER BY id desc LIMIT 0,11   [ RunTime:0.000000s ]
ERR: 1146:Table 'db_laboratory.topic' doesn't exist
 [ SQL语句 ] : SELECT * FROM `topic` WHERE ( type=1 ) ORDER BY id desc LIMIT 0,11  
SQL: SELECT * FROM `topic` WHERE ( type=2 ) ORDER BY id desc LIMIT 0,11   [ RunTime:0.000000s ]
ERR: 1146:Table 'db_laboratory.topic' doesn't exist
 [ SQL语句 ] : SELECT * FROM `topic` WHERE ( type=2 ) ORDER BY id desc LIMIT 0,11  
SQL: SELECT * FROM `topic` WHERE ( type=3 ) ORDER BY id desc LIMIT 0,11   [ RunTime:0.000000s ]
ERR: 1146:Table 'db_laboratory.topic' doesn't exist
 [ SQL语句 ] : SELECT * FROM `topic` WHERE ( type=3 ) ORDER BY id desc LIMIT 0,11  
SQL: SELECT * FROM `topic` WHERE ( type=4 ) ORDER BY id desc LIMIT 0,11   [ RunTime:0.000000s ]
ERR: 1146:Table 'db_laboratory.topic' doesn't exist
 [ SQL语句 ] : SELECT * FROM `topic` WHERE ( type=4 ) ORDER BY id desc LIMIT 0,11  
SQL: SELECT * FROM `topic` WHERE ( type=6 ) ORDER BY id desc LIMIT 0,11   [ RunTime:0.000000s ]
ERR: 1146:Table 'db_laboratory.topic' doesn't exist
 [ SQL语句 ] : SELECT * FROM `topic` WHERE ( type=6 ) ORDER BY id desc LIMIT 0,11  
NOTIC: [2] Invalid argument supplied for foreach() G:\github\gaozi\Application\Home\Controller\IndexController.class.php 第 14 行.
INFO: [ view_parse ] --START--
INFO: [ template_filter ] --START--
INFO: Run Behavior\ContentReplaceBehavior [ RunTime:0.000000s ]
INFO: [ template_filter ] --END-- [ RunTime:0.000000s ]
INFO: Run Behavior\ParseTemplateBehavior [ RunTime:0.007001s ]
INFO: [ view_parse ] --END-- [ RunTime:0.007001s ]
INFO: [ view_filter ] --START--
INFO: Run Behavior\WriteHtmlCacheBehavior [ RunTime:0.000000s ]
INFO: [ view_filter ] --END-- [ RunTime:0.000000s ]
INFO: [ app_end ] --START--
INFO: Run Behavior\ShowPageTraceBehavior [ RunTime:0.000000s ]
INFO: [ app_end ] --END-- [ RunTime:0.000000s ]

[ 2014-10-24T20:20:28+08:00 ] 127.0.0.1 /
INFO: [ app_init ] --START--
INFO: Run Behavior\BuildLiteBehavior [ RunTime:0.000000s ]
INFO: [ app_init ] --END-- [ RunTime:0.000000s ]
INFO: [ app_begin ] --START--
INFO: Run Behavior\ReadHtmlCacheBehavior [ RunTime:0.001000s ]
INFO: [ app_begin ] --END-- [ RunTime:0.001000s ]
SQL: SHOW COLUMNS FROM `topic` [ RunTime:0.003000s ]
ERR: 1146:Table 'db_laboratory.topic' doesn't exist
 [ SQL语句 ] : SHOW COLUMNS FROM `topic`
SQL: SELECT * FROM `topic` WHERE ( type=1 ) ORDER BY id desc LIMIT 0,11   [ RunTime:0.000000s ]
ERR: 1146:Table 'db_laboratory.topic' doesn't exist
 [ SQL语句 ] : SELECT * FROM `topic` WHERE ( type=1 ) ORDER BY id desc LIMIT 0,11  
SQL: SELECT * FROM `topic` WHERE ( type=2 ) ORDER BY id desc LIMIT 0,11   [ RunTime:0.000000s ]
ERR: 1146:Table 'db_laboratory.topic' doesn't exist
 [ SQL语句 ] : SELECT * FROM `topic` WHERE ( type=2 ) ORDER BY id desc LIMIT 0,11  
SQL: SELECT * FROM `topic` WHERE ( type=3 ) ORDER BY id desc LIMIT 0,11   [ RunTime:0.000000s ]
ERR: 1146:Table 'db_laboratory.topic' doesn't exist
 [ SQL语句 ] : SELECT * FROM `topic` WHERE ( type=3 ) ORDER BY id desc LIMIT 0,11  
SQL: SELECT * FROM `topic` WHERE ( type=4 ) ORDER BY id desc LIMIT 0,11   [ RunTime:0.000000s ]
ERR: 1146:Table 'db_laboratory.topic' doesn't exist
 [ SQL语句 ] : SELECT * FROM `topic` WHERE ( type=4 ) ORDER BY id desc LIMIT 0,11  
SQL: SELECT * FROM `topic` WHERE ( type=6 ) ORDER BY id desc LIMIT 0,11   [ RunTime:0.001000s ]
ERR: 1146:Table 'db_laboratory.topic' doesn't exist
 [ SQL语句 ] : SELECT * FROM `topic` WHERE ( type=6 ) ORDER BY id desc LIMIT 0,11  
NOTIC: [2] Invalid argument supplied for foreach() G:\github\gaozi\Application\Home\Controller\IndexController.class.php 第 14 行.
INFO: [ view_parse ] --START--
INFO: [ template_filter ] --START--
INFO: Run Behavior\ContentReplaceBehavior [ RunTime:0.000000s ]
INFO: [ template_filter ] --END-- [ RunTime:0.001001s ]
INFO: Run Behavior\ParseTemplateBehavior [ RunTime:0.009001s ]
INFO: [ view_parse ] --END-- [ RunTime:0.009001s ]
INFO: [ view_filter ] --START--
INFO: Run Behavior\WriteHtmlCacheBehavior [ RunTime:0.000000s ]
INFO: [ view_filter ] --END-- [ RunTime:0.001000s ]
INFO: [ app_end ] --START--
INFO: Run Behavior\ShowPageTraceBehavior [ RunTime:0.000000s ]
INFO: [ app_end ] --END-- [ RunTime:0.000000s ]

[ 2014-10-24T20:20:57+08:00 ] 127.0.0.1 /
INFO: [ app_init ] --START--
INFO: Run Behavior\BuildLiteBehavior [ RunTime:0.000000s ]
INFO: [ app_init ] --END-- [ RunTime:0.001000s ]
INFO: [ app_begin ] --START--
INFO: Run Behavior\ReadHtmlCacheBehavior [ RunTime:0.002000s ]
INFO: [ app_begin ] --END-- [ RunTime:0.002000s ]
SQL: SHOW COLUMNS FROM `topic` [ RunTime:0.003000s ]
ERR: 1146:Table 'db_laboratory.topic' doesn't exist
 [ SQL语句 ] : SHOW COLUMNS FROM `topic`
SQL: SELECT * FROM `topic` WHERE ( type=1 ) ORDER BY id desc LIMIT 0,11   [ RunTime:0.000000s ]
ERR: 1146:Table 'db_laboratory.topic' doesn't exist
 [ SQL语句 ] : SELECT * FROM `topic` WHERE ( type=1 ) ORDER BY id desc LIMIT 0,11  
SQL: SELECT * FROM `topic` WHERE ( type=2 ) ORDER BY id desc LIMIT 0,11   [ RunTime:0.000000s ]
ERR: 1146:Table 'db_laboratory.topic' doesn't exist
 [ SQL语句 ] : SELECT * FROM `topic` WHERE ( type=2 ) ORDER BY id desc LIMIT 0,11  
SQL: SELECT * FROM `topic` WHERE ( type=3 ) ORDER BY id desc LIMIT 0,11   [ RunTime:0.000000s ]
ERR: 1146:Table 'db_laboratory.topic' doesn't exist
 [ SQL语句 ] : SELECT * FROM `topic` WHERE ( type=3 ) ORDER BY id desc LIMIT 0,11  
SQL: SELECT * FROM `topic` WHERE ( type=4 ) ORDER BY id desc LIMIT 0,11   [ RunTime:0.000000s ]
ERR: 1146:Table 'db_laboratory.topic' doesn't exist
 [ SQL语句 ] : SELECT * FROM `topic` WHERE ( type=4 ) ORDER BY id desc LIMIT 0,11  
SQL: SELECT * FROM `topic` WHERE ( type=6 ) ORDER BY id desc LIMIT 0,11   [ RunTime:0.000000s ]
ERR: 1146:Table 'db_laboratory.topic' doesn't exist
 [ SQL语句 ] : SELECT * FROM `topic` WHERE ( type=6 ) ORDER BY id desc LIMIT 0,11  
NOTIC: [2] Invalid argument supplied for foreach() G:\github\gaozi\Application\Home\Controller\IndexController.class.php 第 14 行.
INFO: [ view_parse ] --START--
INFO: [ template_filter ] --START--
INFO: Run Behavior\ContentReplaceBehavior [ RunTime:0.001000s ]
INFO: [ template_filter ] --END-- [ RunTime:0.001000s ]
INFO: Run Behavior\ParseTemplateBehavior [ RunTime:0.009001s ]
INFO: [ view_parse ] --END-- [ RunTime:0.009001s ]
INFO: [ view_filter ] --START--
INFO: Run Behavior\WriteHtmlCacheBehavior [ RunTime:0.000000s ]
INFO: [ view_filter ] --END-- [ RunTime:0.000000s ]
INFO: [ app_end ] --START--
INFO: Run Behavior\ShowPageTraceBehavior [ RunTime:0.001000s ]
INFO: [ app_end ] --END-- [ RunTime:0.001000s ]

[ 2014-10-24T20:21:08+08:00 ] 127.0.0.1 /
INFO: [ app_init ] --START--
INFO: Run Behavior\BuildLiteBehavior [ RunTime:0.000000s ]
INFO: [ app_init ] --END-- [ RunTime:0.001000s ]
INFO: [ app_begin ] --START--
INFO: Run Behavior\ReadHtmlCacheBehavior [ RunTime:0.001000s ]
INFO: [ app_begin ] --END-- [ RunTime:0.001000s ]
SQL: SHOW COLUMNS FROM `topic` [ RunTime:0.002000s ]
ERR: 1146:Table 'db_laboratory.topic' doesn't exist
 [ SQL语句 ] : SHOW COLUMNS FROM `topic`
SQL: SELECT * FROM `topic` WHERE ( type=1 ) ORDER BY id desc LIMIT 0,11   [ RunTime:0.000000s ]
ERR: 1146:Table 'db_laboratory.topic' doesn't exist
 [ SQL语句 ] : SELECT * FROM `topic` WHERE ( type=1 ) ORDER BY id desc LIMIT 0,11  
SQL: SELECT * FROM `topic` WHERE ( type=2 ) ORDER BY id desc LIMIT 0,11   [ RunTime:0.000000s ]
ERR: 1146:Table 'db_laboratory.topic' doesn't exist
 [ SQL语句 ] : SELECT * FROM `topic` WHERE ( type=2 ) ORDER BY id desc LIMIT 0,11  
SQL: SELECT * FROM `topic` WHERE ( type=3 ) ORDER BY id desc LIMIT 0,11   [ RunTime:0.001000s ]
ERR: 1146:Table 'db_laboratory.topic' doesn't exist
 [ SQL语句 ] : SELECT * FROM `topic` WHERE ( type=3 ) ORDER BY id desc LIMIT 0,11  
SQL: SELECT * FROM `topic` WHERE ( type=4 ) ORDER BY id desc LIMIT 0,11   [ RunTime:0.000000s ]
ERR: 1146:Table 'db_laboratory.topic' doesn't exist
 [ SQL语句 ] : SELECT * FROM `topic` WHERE ( type=4 ) ORDER BY id desc LIMIT 0,11  
SQL: SELECT * FROM `topic` WHERE ( type=6 ) ORDER BY id desc LIMIT 0,11   [ RunTime:0.000000s ]
ERR: 1146:Table 'db_laboratory.topic' doesn't exist
 [ SQL语句 ] : SELECT * FROM `topic` WHERE ( type=6 ) ORDER BY id desc LIMIT 0,11  
NOTIC: [2] Invalid argument supplied for foreach() G:\github\gaozi\Application\Home\Controller\IndexController.class.php 第 14 行.
INFO: [ view_parse ] --START--
INFO: [ template_filter ] --START--
INFO: Run Behavior\ContentReplaceBehavior [ RunTime:0.000000s ]
INFO: [ template_filter ] --END-- [ RunTime:0.000000s ]
INFO: Run Behavior\ParseTemplateBehavior [ RunTime:0.007000s ]
INFO: [ view_parse ] --END-- [ RunTime:0.007000s ]
INFO: [ view_filter ] --START--
INFO: Run Behavior\WriteHtmlCacheBehavior [ RunTime:0.001000s ]
INFO: [ view_filter ] --END-- [ RunTime:0.001000s ]
INFO: [ app_end ] --START--
INFO: Run Behavior\ShowPageTraceBehavior [ RunTime:0.000000s ]
INFO: [ app_end ] --END-- [ RunTime:0.000000s ]

[ 2014-10-24T20:22:27+08:00 ] 127.0.0.1 /
INFO: [ app_init ] --START--
INFO: Run Behavior\BuildLiteBehavior [ RunTime:0.000000s ]
INFO: [ app_init ] --END-- [ RunTime:0.000000s ]
INFO: [ app_begin ] --START--
INFO: Run Behavior\ReadHtmlCacheBehavior [ RunTime:0.001000s ]
INFO: [ app_begin ] --END-- [ RunTime:0.001000s ]
SQL: SHOW COLUMNS FROM `topic` [ RunTime:0.002000s ]
ERR: 1146:Table 'db_laboratory.topic' doesn't exist
 [ SQL语句 ] : SHOW COLUMNS FROM `topic`
SQL: SELECT * FROM `topic` WHERE ( type=1 ) ORDER BY id desc LIMIT 0,11   [ RunTime:0.000000s ]
ERR: 1146:Table 'db_laboratory.topic' doesn't exist
 [ SQL语句 ] : SELECT * FROM `topic` WHERE ( type=1 ) ORDER BY id desc LIMIT 0,11  
SQL: SELECT * FROM `topic` WHERE ( type=2 ) ORDER BY id desc LIMIT 0,11   [ RunTime:0.000000s ]
ERR: 1146:Table 'db_laboratory.topic' doesn't exist
 [ SQL语句 ] : SELECT * FROM `topic` WHERE ( type=2 ) ORDER BY id desc LIMIT 0,11  
SQL: SELECT * FROM `topic` WHERE ( type=3 ) ORDER BY id desc LIMIT 0,11   [ RunTime:0.001000s ]
ERR: 1146:Table 'db_laboratory.topic' doesn't exist
 [ SQL语句 ] : SELECT * FROM `topic` WHERE ( type=3 ) ORDER BY id desc LIMIT 0,11  
SQL: SELECT * FROM `topic` WHERE ( type=4 ) ORDER BY id desc LIMIT 0,11   [ RunTime:0.001000s ]
ERR: 1146:Table 'db_laboratory.topic' doesn't exist
 [ SQL语句 ] : SELECT * FROM `topic` WHERE ( type=4 ) ORDER BY id desc LIMIT 0,11  
SQL: SELECT * FROM `topic` WHERE ( type=6 ) ORDER BY id desc LIMIT 0,11   [ RunTime:0.000000s ]
ERR: 1146:Table 'db_laboratory.topic' doesn't exist
 [ SQL语句 ] : SELECT * FROM `topic` WHERE ( type=6 ) ORDER BY id desc LIMIT 0,11  
NOTIC: [2] Invalid argument supplied for foreach() G:\github\gaozi\Application\Home\Controller\IndexController.class.php 第 14 行.
INFO: [ view_parse ] --START--
INFO: [ template_filter ] --START--
INFO: Run Behavior\ContentReplaceBehavior [ RunTime:0.000000s ]
INFO: [ template_filter ] --END-- [ RunTime:0.000000s ]
INFO: Run Behavior\ParseTemplateBehavior [ RunTime:0.007000s ]
INFO: [ view_parse ] --END-- [ RunTime:0.007000s ]
INFO: [ view_filter ] --START--
INFO: Run Behavior\WriteHtmlCacheBehavior [ RunTime:0.000000s ]
INFO: [ view_filter ] --END-- [ RunTime:0.000000s ]
INFO: [ app_end ] --START--
INFO: Run Behavior\ShowPageTraceBehavior [ RunTime:0.001001s ]
INFO: [ app_end ] --END-- [ RunTime:0.001001s ]

[ 2014-10-24T20:25:17+08:00 ] 127.0.0.1 /
INFO: [ app_init ] --START--
INFO: Run Behavior\BuildLiteBehavior [ RunTime:0.000000s ]
INFO: [ app_init ] --END-- [ RunTime:0.000000s ]
INFO: [ app_begin ] --START--
INFO: Run Behavior\ReadHtmlCacheBehavior [ RunTime:0.001000s ]
INFO: [ app_begin ] --END-- [ RunTime:0.001000s ]
SQL: SHOW COLUMNS FROM `topic` [ RunTime:0.082004s ]
ERR: 1146:Table 'db_laboratory.topic' doesn't exist
 [ SQL语句 ] : SHOW COLUMNS FROM `topic`
SQL: SELECT * FROM `topic` WHERE ( type=1 ) ORDER BY id desc LIMIT 0,11   [ RunTime:0.000000s ]
ERR: 1146:Table 'db_laboratory.topic' doesn't exist
 [ SQL语句 ] : SELECT * FROM `topic` WHERE ( type=1 ) ORDER BY id desc LIMIT 0,11  
SQL: SELECT * FROM `topic` WHERE ( type=2 ) ORDER BY id desc LIMIT 0,11   [ RunTime:0.000000s ]
ERR: 1146:Table 'db_laboratory.topic' doesn't exist
 [ SQL语句 ] : SELECT * FROM `topic` WHERE ( type=2 ) ORDER BY id desc LIMIT 0,11  
SQL: SELECT * FROM `topic` WHERE ( type=3 ) ORDER BY id desc LIMIT 0,11   [ RunTime:0.001001s ]
ERR: 1146:Table 'db_laboratory.topic' doesn't exist
 [ SQL语句 ] : SELECT * FROM `topic` WHERE ( type=3 ) ORDER BY id desc LIMIT 0,11  
SQL: SELECT * FROM `topic` WHERE ( type=4 ) ORDER BY id desc LIMIT 0,11   [ RunTime:0.001000s ]
ERR: 1146:Table 'db_laboratory.topic' doesn't exist
 [ SQL语句 ] : SELECT * FROM `topic` WHERE ( type=4 ) ORDER BY id desc LIMIT 0,11  
SQL: SELECT * FROM `topic` WHERE ( type=6 ) ORDER BY id desc LIMIT 0,11   [ RunTime:0.000000s ]
ERR: 1146:Table 'db_laboratory.topic' doesn't exist
 [ SQL语句 ] : SELECT * FROM `topic` WHERE ( type=6 ) ORDER BY id desc LIMIT 0,11  
NOTIC: [2] Invalid argument supplied for foreach() G:\github\gaozi\Application\Home\Controller\IndexController.class.php 第 14 行.
INFO: [ view_parse ] --START--
INFO: [ template_filter ] --START--
INFO: Run Behavior\ContentReplaceBehavior [ RunTime:0.000000s ]
INFO: [ template_filter ] --END-- [ RunTime:0.000000s ]
INFO: Run Behavior\ParseTemplateBehavior [ RunTime:0.007000s ]
INFO: [ view_parse ] --END-- [ RunTime:0.007000s ]
INFO: [ view_filter ] --START--
INFO: Run Behavior\WriteHtmlCacheBehavior [ RunTime:0.000000s ]
INFO: [ view_filter ] --END-- [ RunTime:0.000000s ]
INFO: [ app_end ] --START--
INFO: Run Behavior\ShowPageTraceBehavior [ RunTime:0.001000s ]
INFO: [ app_end ] --END-- [ RunTime:0.001000s ]

[ 2014-10-24T20:31:30+08:00 ] 127.0.0.1 /
INFO: [ app_init ] --START--
INFO: Run Behavior\BuildLiteBehavior [ RunTime:0.000000s ]
INFO: [ app_init ] --END-- [ RunTime:0.001000s ]
INFO: [ app_begin ] --START--
INFO: Run Behavior\ReadHtmlCacheBehavior [ RunTime:0.000000s ]
INFO: [ app_begin ] --END-- [ RunTime:0.000000s ]
SQL: SHOW COLUMNS FROM `topic` [ RunTime:0.002000s ]
ERR: 1146:Table 'db_laboratory.topic' doesn't exist
 [ SQL语句 ] : SHOW COLUMNS FROM `topic`
SQL: SELECT * FROM `topic` WHERE ( type=1 ) ORDER BY id desc LIMIT 0,11   [ RunTime:0.001001s ]
ERR: 1146:Table 'db_laboratory.topic' doesn't exist
 [ SQL语句 ] : SELECT * FROM `topic` WHERE ( type=1 ) ORDER BY id desc LIMIT 0,11  
SQL: SELECT * FROM `topic` WHERE ( type=2 ) ORDER BY id desc LIMIT 0,11   [ RunTime:0.000000s ]
ERR: 1146:Table 'db_laboratory.topic' doesn't exist
 [ SQL语句 ] : SELECT * FROM `topic` WHERE ( type=2 ) ORDER BY id desc LIMIT 0,11  
SQL: SELECT * FROM `topic` WHERE ( type=3 ) ORDER BY id desc LIMIT 0,11   [ RunTime:0.000000s ]
ERR: 1146:Table 'db_laboratory.topic' doesn't exist
 [ SQL语句 ] : SELECT * FROM `topic` WHERE ( type=3 ) ORDER BY id desc LIMIT 0,11  
SQL: SELECT * FROM `topic` WHERE ( type=4 ) ORDER BY id desc LIMIT 0,11   [ RunTime:0.001000s ]
ERR: 1146:Table 'db_laboratory.topic' doesn't exist
 [ SQL语句 ] : SELECT * FROM `topic` WHERE ( type=4 ) ORDER BY id desc LIMIT 0,11  
SQL: SELECT * FROM `topic` WHERE ( type=6 ) ORDER BY id desc LIMIT 0,11   [ RunTime:0.000000s ]
ERR: 1146:Table 'db_laboratory.topic' doesn't exist
 [ SQL语句 ] : SELECT * FROM `topic` WHERE ( type=6 ) ORDER BY id desc LIMIT 0,11  
NOTIC: [2] Invalid argument supplied for foreach() G:\github\gaozi\Application\Home\Controller\IndexController.class.php 第 14 行.
INFO: [ view_parse ] --START--
INFO: [ template_filter ] --START--
INFO: Run Behavior\ContentReplaceBehavior [ RunTime:0.000000s ]
INFO: [ template_filter ] --END-- [ RunTime:0.000000s ]
INFO: Run Behavior\ParseTemplateBehavior [ RunTime:0.009000s ]
INFO: [ view_parse ] --END-- [ RunTime:0.009000s ]
INFO: [ view_filter ] --START--
INFO: Run Behavior\WriteHtmlCacheBehavior [ RunTime:0.000000s ]
INFO: [ view_filter ] --END-- [ RunTime:0.000000s ]
INFO: [ app_end ] --START--
INFO: Run Behavior\ShowPageTraceBehavior [ RunTime:0.001000s ]
INFO: [ app_end ] --END-- [ RunTime:0.001000s ]

[ 2014-10-24T20:31:42+08:00 ] 127.0.0.1 /
INFO: [ app_init ] --START--
INFO: Run Behavior\BuildLiteBehavior [ RunTime:0.000000s ]
INFO: [ app_init ] --END-- [ RunTime:0.000000s ]
INFO: [ app_begin ] --START--
INFO: Run Behavior\ReadHtmlCacheBehavior [ RunTime:0.001000s ]
INFO: [ app_begin ] --END-- [ RunTime:0.001000s ]
SQL: SHOW COLUMNS FROM `topic` [ RunTime:0.003000s ]
ERR: 1146:Table 'db_laboratory.topic' doesn't exist
 [ SQL语句 ] : SHOW COLUMNS FROM `topic`
SQL: SELECT * FROM `topic` WHERE ( type=1 ) ORDER BY id desc LIMIT 0,11   [ RunTime:0.000000s ]
ERR: 1146:Table 'db_laboratory.topic' doesn't exist
 [ SQL语句 ] : SELECT * FROM `topic` WHERE ( type=1 ) ORDER BY id desc LIMIT 0,11  
SQL: SELECT * FROM `topic` WHERE ( type=2 ) ORDER BY id desc LIMIT 0,11   [ RunTime:0.000000s ]
ERR: 1146:Table 'db_laboratory.topic' doesn't exist
 [ SQL语句 ] : SELECT * FROM `topic` WHERE ( type=2 ) ORDER BY id desc LIMIT 0,11  
SQL: SELECT * FROM `topic` WHERE ( type=3 ) ORDER BY id desc LIMIT 0,11   [ RunTime:0.000000s ]
ERR: 1146:Table 'db_laboratory.topic' doesn't exist
 [ SQL语句 ] : SELECT * FROM `topic` WHERE ( type=3 ) ORDER BY id desc LIMIT 0,11  
SQL: SELECT * FROM `topic` WHERE ( type=4 ) ORDER BY id desc LIMIT 0,11   [ RunTime:0.000000s ]
ERR: 1146:Table 'db_laboratory.topic' doesn't exist
 [ SQL语句 ] : SELECT * FROM `topic` WHERE ( type=4 ) ORDER BY id desc LIMIT 0,11  
SQL: SELECT * FROM `topic` WHERE ( type=6 ) ORDER BY id desc LIMIT 0,11   [ RunTime:0.000000s ]
ERR: 1146:Table 'db_laboratory.topic' doesn't exist
 [ SQL语句 ] : SELECT * FROM `topic` WHERE ( type=6 ) ORDER BY id desc LIMIT 0,11  
NOTIC: [2] Invalid argument supplied for foreach() G:\github\gaozi\Application\Home\Controller\IndexController.class.php 第 14 行.
INFO: [ view_parse ] --START--
INFO: [ template_filter ] --START--
INFO: Run Behavior\ContentReplaceBehavior [ RunTime:0.001000s ]
INFO: [ template_filter ] --END-- [ RunTime:0.001000s ]
INFO: Run Behavior\ParseTemplateBehavior [ RunTime:0.008000s ]
INFO: [ view_parse ] --END-- [ RunTime:0.008000s ]
INFO: [ view_filter ] --START--
INFO: Run Behavior\WriteHtmlCacheBehavior [ RunTime:0.000000s ]
INFO: [ view_filter ] --END-- [ RunTime:0.000000s ]
INFO: [ app_end ] --START--
INFO: Run Behavior\ShowPageTraceBehavior [ RunTime:0.001001s ]
INFO: [ app_end ] --END-- [ RunTime:0.001001s ]

[ 2014-10-24T20:35:44+08:00 ] 127.0.0.1 /home/index/info
INFO: [ app_init ] --START--
INFO: Run Behavior\BuildLiteBehavior [ RunTime:0.000000s ]
INFO: [ app_init ] --END-- [ RunTime:0.000000s ]
INFO: [ app_begin ] --START--
INFO: Run Behavior\ReadHtmlCacheBehavior [ RunTime:0.000000s ]
INFO: [ app_begin ] --END-- [ RunTime:0.000000s ]
INFO: [ view_parse ] --START--
INFO: [ template_filter ] --START--
INFO: Run Behavior\ContentReplaceBehavior [ RunTime:0.000000s ]
INFO: [ template_filter ] --END-- [ RunTime:0.000000s ]
INFO: Run Behavior\ParseTemplateBehavior [ RunTime:0.007000s ]
INFO: [ view_parse ] --END-- [ RunTime:0.007000s ]
INFO: [ view_filter ] --START--
INFO: Run Behavior\WriteHtmlCacheBehavior [ RunTime:0.001001s ]
INFO: [ view_filter ] --END-- [ RunTime:0.001001s ]
INFO: [ app_end ] --START--
INFO: Run Behavior\ShowPageTraceBehavior [ RunTime:0.000000s ]
INFO: [ app_end ] --END-- [ RunTime:0.000000s ]

[ 2014-10-24T20:36:03+08:00 ] 127.0.0.1 /home/index/info
INFO: [ app_init ] --START--
INFO: Run Behavior\BuildLiteBehavior [ RunTime:0.000000s ]
INFO: [ app_init ] --END-- [ RunTime:0.000000s ]
INFO: [ app_begin ] --START--
INFO: Run Behavior\ReadHtmlCacheBehavior [ RunTime:0.001000s ]
INFO: [ app_begin ] --END-- [ RunTime:0.001000s ]
INFO: [ view_parse ] --START--
INFO: [ template_filter ] --START--
INFO: Run Behavior\ContentReplaceBehavior [ RunTime:0.000000s ]
INFO: [ template_filter ] --END-- [ RunTime:0.000000s ]
INFO: Run Behavior\ParseTemplateBehavior [ RunTime:0.008000s ]
INFO: [ view_parse ] --END-- [ RunTime:0.008000s ]
INFO: [ view_filter ] --START--
INFO: Run Behavior\WriteHtmlCacheBehavior [ RunTime:0.000000s ]
INFO: [ view_filter ] --END-- [ RunTime:0.000000s ]
INFO: [ app_end ] --START--
INFO: Run Behavior\ShowPageTraceBehavior [ RunTime:0.001000s ]
INFO: [ app_end ] --END-- [ RunTime:0.001000s ]

[ 2014-10-24T20:36:04+08:00 ] 127.0.0.1 /home/index/home/index
INFO: [ app_init ] --START--
INFO: Run Behavior\BuildLiteBehavior [ RunTime:0.000000s ]
INFO: [ app_init ] --END-- [ RunTime:0.001000s ]
INFO: [ app_begin ] --START--
INFO: Run Behavior\ReadHtmlCacheBehavior [ RunTime:0.001000s ]
INFO: [ app_begin ] --END-- [ RunTime:0.001000s ]
ERR: 非法操作:home

[ 2014-10-24T20:36:12+08:00 ] 127.0.0.1 /home/index/home/index
INFO: [ app_init ] --START--
INFO: Run Behavior\BuildLiteBehavior [ RunTime:0.000000s ]
INFO: [ app_init ] --END-- [ RunTime:0.001000s ]
INFO: [ app_begin ] --START--
INFO: Run Behavior\ReadHtmlCacheBehavior [ RunTime:0.000000s ]
INFO: [ app_begin ] --END-- [ RunTime:0.000000s ]
ERR: 非法操作:home

[ 2014-10-24T20:36:13+08:00 ] 127.0.0.1 /home/index/info
INFO: [ app_init ] --START--
INFO: Run Behavior\BuildLiteBehavior [ RunTime:0.000000s ]
INFO: [ app_init ] --END-- [ RunTime:0.000000s ]
INFO: [ app_begin ] --START--
INFO: Run Behavior\ReadHtmlCacheBehavior [ RunTime:0.001000s ]
INFO: [ app_begin ] --END-- [ RunTime:0.001000s ]
INFO: [ view_parse ] --START--
INFO: [ template_filter ] --START--
INFO: Run Behavior\ContentReplaceBehavior [ RunTime:0.000000s ]
INFO: [ template_filter ] --END-- [ RunTime:0.000000s ]
INFO: Run Behavior\ParseTemplateBehavior [ RunTime:0.011000s ]
INFO: [ view_parse ] --END-- [ RunTime:0.012000s ]
INFO: [ view_filter ] --START--
INFO: Run Behavior\WriteHtmlCacheBehavior [ RunTime:0.000000s ]
INFO: [ view_filter ] --END-- [ RunTime:0.000000s ]
INFO: [ app_end ] --START--
INFO: Run Behavior\ShowPageTraceBehavior [ RunTime:0.001000s ]
INFO: [ app_end ] --END-- [ RunTime:0.001000s ]

[ 2014-10-24T20:36:14+08:00 ] 127.0.0.1 /home/index
INFO: [ app_init ] --START--
INFO: Run Behavior\BuildLiteBehavior [ RunTime:0.000000s ]
INFO: [ app_init ] --END-- [ RunTime:0.000000s ]
INFO: [ app_begin ] --START--
INFO: Run Behavior\ReadHtmlCacheBehavior [ RunTime:0.000000s ]
INFO: [ app_begin ] --END-- [ RunTime:0.000000s ]
SQL: SHOW COLUMNS FROM `topic` [ RunTime:0.002000s ]
ERR: 1146:Table 'db_laboratory.topic' doesn't exist
 [ SQL语句 ] : SHOW COLUMNS FROM `topic`
SQL: SELECT * FROM `topic` WHERE ( type=1 ) ORDER BY id desc LIMIT 0,11   [ RunTime:0.000000s ]
ERR: 1146:Table 'db_laboratory.topic' doesn't exist
 [ SQL语句 ] : SELECT * FROM `topic` WHERE ( type=1 ) ORDER BY id desc LIMIT 0,11  
SQL: SELECT * FROM `topic` WHERE ( type=2 ) ORDER BY id desc LIMIT 0,11   [ RunTime:0.000000s ]
ERR: 1146:Table 'db_laboratory.topic' doesn't exist
 [ SQL语句 ] : SELECT * FROM `topic` WHERE ( type=2 ) ORDER BY id desc LIMIT 0,11  
SQL: SELECT * FROM `topic` WHERE ( type=3 ) ORDER BY id desc LIMIT 0,11   [ RunTime:0.000000s ]
ERR: 1146:Table 'db_laboratory.topic' doesn't exist
 [ SQL语句 ] : SELECT * FROM `topic` WHERE ( type=3 ) ORDER BY id desc LIMIT 0,11  
SQL: SELECT * FROM `topic` WHERE ( type=4 ) ORDER BY id desc LIMIT 0,11   [ RunTime:0.000000s ]
ERR: 1146:Table 'db_laboratory.topic' doesn't exist
 [ SQL语句 ] : SELECT * FROM `topic` WHERE ( type=4 ) ORDER BY id desc LIMIT 0,11  
SQL: SELECT * FROM `topic` WHERE ( type=6 ) ORDER BY id desc LIMIT 0,11   [ RunTime:0.000000s ]
ERR: 1146:Table 'db_laboratory.topic' doesn't exist
 [ SQL语句 ] : SELECT * FROM `topic` WHERE ( type=6 ) ORDER BY id desc LIMIT 0,11  
NOTIC: [2] Invalid argument supplied for foreach() G:\github\gaozi\Application\Home\Controller\IndexController.class.php 第 14 行.
INFO: [ view_parse ] --START--
INFO: [ template_filter ] --START--
INFO: Run Behavior\ContentReplaceBehavior [ RunTime:0.000000s ]
INFO: [ template_filter ] --END-- [ RunTime:0.000000s ]
INFO: Run Behavior\ParseTemplateBehavior [ RunTime:0.007000s ]
INFO: [ view_parse ] --END-- [ RunTime:0.007000s ]
INFO: [ view_filter ] --START--
INFO: Run Behavior\WriteHtmlCacheBehavior [ RunTime:0.000000s ]
INFO: [ view_filter ] --END-- [ RunTime:0.000000s ]
INFO: [ app_end ] --START--
INFO: Run Behavior\ShowPageTraceBehavior [ RunTime:0.000000s ]
INFO: [ app_end ] --END-- [ RunTime:0.000000s ]

[ 2014-10-24T20:36:15+08:00 ] 127.0.0.1 /home/index/info
INFO: [ app_init ] --START--
INFO: Run Behavior\BuildLiteBehavior [ RunTime:0.000000s ]
INFO: [ app_init ] --END-- [ RunTime:0.000000s ]
INFO: [ app_begin ] --START--
INFO: Run Behavior\ReadHtmlCacheBehavior [ RunTime:0.001001s ]
INFO: [ app_begin ] --END-- [ RunTime:0.001001s ]
INFO: [ view_parse ] --START--
INFO: [ template_filter ] --START--
INFO: Run Behavior\ContentReplaceBehavior [ RunTime:0.000000s ]
INFO: [ template_filter ] --END-- [ RunTime:0.000000s ]
INFO: Run Behavior\ParseTemplateBehavior [ RunTime:0.007000s ]
INFO: [ view_parse ] --END-- [ RunTime:0.007000s ]
INFO: [ view_filter ] --START--
INFO: Run Behavior\WriteHtmlCacheBehavior [ RunTime:0.000000s ]
INFO: [ view_filter ] --END-- [ RunTime:0.000000s ]
INFO: [ app_end ] --START--
INFO: Run Behavior\ShowPageTraceBehavior [ RunTime:0.000000s ]
INFO: [ app_end ] --END-- [ RunTime:0.000000s ]

[ 2014-10-24T20:42:10+08:00 ] 127.0.0.1 /home/index/info
INFO: [ app_init ] --START--
INFO: Run Behavior\BuildLiteBehavior [ RunTime:0.000000s ]
INFO: [ app_init ] --END-- [ RunTime:0.000000s ]
INFO: [ app_begin ] --START--
INFO: Run Behavior\ReadHtmlCacheBehavior [ RunTime:0.000000s ]
INFO: [ app_begin ] --END-- [ RunTime:0.000000s ]
INFO: [ view_parse ] --START--
INFO: [ template_filter ] --START--
INFO: Run Behavior\ContentReplaceBehavior [ RunTime:0.000000s ]
INFO: [ template_filter ] --END-- [ RunTime:0.000000s ]
INFO: Run Behavior\ParseTemplateBehavior [ RunTime:0.006001s ]
INFO: [ view_parse ] --END-- [ RunTime:0.007001s ]
INFO: [ view_filter ] --START--
INFO: Run Behavior\WriteHtmlCacheBehavior [ RunTime:0.000000s ]
INFO: [ view_filter ] --END-- [ RunTime:0.001000s ]
INFO: [ app_end ] --START--
INFO: Run Behavior\ShowPageTraceBehavior [ RunTime:0.000000s ]
INFO: [ app_end ] --END-- [ RunTime:0.000000s ]

[ 2014-10-24T20:42:42+08:00 ] 127.0.0.1 /home/index/info
INFO: [ app_init ] --START--
INFO: Run Behavior\BuildLiteBehavior [ RunTime:0.000000s ]
INFO: [ app_init ] --END-- [ RunTime:0.000000s ]
INFO: [ app_begin ] --START--
INFO: Run Behavior\ReadHtmlCacheBehavior [ RunTime:0.000000s ]
INFO: [ app_begin ] --END-- [ RunTime:0.001000s ]
INFO: [ view_parse ] --START--
INFO: [ template_filter ] --START--
INFO: Run Behavior\ContentReplaceBehavior [ RunTime:0.000000s ]
INFO: [ template_filter ] --END-- [ RunTime:0.000000s ]
NOTIC: [8] Undefined variable: active G:\github\gaozi\Application\Runtime\Cache\Home\58dcbc0a6aedef7ee219b145fa55354f.php 第 24 行.
INFO: Run Behavior\ParseTemplateBehavior [ RunTime:0.007000s ]
INFO: [ view_parse ] --END-- [ RunTime:0.007000s ]
INFO: [ view_filter ] --START--
INFO: Run Behavior\WriteHtmlCacheBehavior [ RunTime:0.000000s ]
INFO: [ view_filter ] --END-- [ RunTime:0.000000s ]
INFO: [ app_end ] --START--
INFO: Run Behavior\ShowPageTraceBehavior [ RunTime:0.001000s ]
INFO: [ app_end ] --END-- [ RunTime:0.001000s ]

[ 2014-10-24T20:42:44+08:00 ] 127.0.0.1 /home/index
INFO: [ app_init ] --START--
INFO: Run Behavior\BuildLiteBehavior [ RunTime:0.000000s ]
INFO: [ app_init ] --END-- [ RunTime:0.001001s ]
INFO: [ app_begin ] --START--
INFO: Run Behavior\ReadHtmlCacheBehavior [ RunTime:0.000000s ]
INFO: [ app_begin ] --END-- [ RunTime:0.001000s ]
SQL: SHOW COLUMNS FROM `topic` [ RunTime:0.003000s ]
ERR: 1146:Table 'db_laboratory.topic' doesn't exist
 [ SQL语句 ] : SHOW COLUMNS FROM `topic`
SQL: SELECT * FROM `topic` WHERE ( type=1 ) ORDER BY id desc LIMIT 0,11   [ RunTime:0.000000s ]
ERR: 1146:Table 'db_laboratory.topic' doesn't exist
 [ SQL语句 ] : SELECT * FROM `topic` WHERE ( type=1 ) ORDER BY id desc LIMIT 0,11  
SQL: SELECT * FROM `topic` WHERE ( type=2 ) ORDER BY id desc LIMIT 0,11   [ RunTime:0.001000s ]
ERR: 1146:Table 'db_laboratory.topic' doesn't exist
 [ SQL语句 ] : SELECT * FROM `topic` WHERE ( type=2 ) ORDER BY id desc LIMIT 0,11  
SQL: SELECT * FROM `topic` WHERE ( type=3 ) ORDER BY id desc LIMIT 0,11   [ RunTime:0.000000s ]
ERR: 1146:Table 'db_laboratory.topic' doesn't exist
 [ SQL语句 ] : SELECT * FROM `topic` WHERE ( type=3 ) ORDER BY id desc LIMIT 0,11  
SQL: SELECT * FROM `topic` WHERE ( type=4 ) ORDER BY id desc LIMIT 0,11   [ RunTime:0.000000s ]
ERR: 1146:Table 'db_laboratory.topic' doesn't exist
 [ SQL语句 ] : SELECT * FROM `topic` WHERE ( type=4 ) ORDER BY id desc LIMIT 0,11  
SQL: SELECT * FROM `topic` WHERE ( type=6 ) ORDER BY id desc LIMIT 0,11   [ RunTime:0.001000s ]
ERR: 1146:Table 'db_laboratory.topic' doesn't exist
 [ SQL语句 ] : SELECT * FROM `topic` WHERE ( type=6 ) ORDER BY id desc LIMIT 0,11  
NOTIC: [2] Invalid argument supplied for foreach() G:\github\gaozi\Application\Home\Controller\IndexController.class.php 第 14 行.
INFO: [ view_parse ] --START--
INFO: [ template_filter ] --START--
INFO: Run Behavior\ContentReplaceBehavior [ RunTime:0.000000s ]
INFO: [ template_filter ] --END-- [ RunTime:0.000000s ]
NOTIC: [8] Undefined variable: active G:\github\gaozi\Application\Runtime\Cache\Home\2a94b8bda04ff446dcedd42276fc99ee.php 第 24 行.
NOTIC: [8] Undefined variable: info_active G:\github\gaozi\Application\Runtime\Cache\Home\2a94b8bda04ff446dcedd42276fc99ee.php 第 25 行.
INFO: Run Behavior\ParseTemplateBehavior [ RunTime:0.007000s ]
INFO: [ view_parse ] --END-- [ RunTime:0.007000s ]
INFO: [ view_filter ] --START--
INFO: Run Behavior\WriteHtmlCacheBehavior [ RunTime:0.000000s ]
INFO: [ view_filter ] --END-- [ RunTime:0.000000s ]
INFO: [ app_end ] --START--
INFO: Run Behavior\ShowPageTraceBehavior [ RunTime:0.001000s ]
INFO: [ app_end ] --END-- [ RunTime:0.001000s ]

[ 2014-10-24T20:43:19+08:00 ] 127.0.0.1 /home/index
INFO: [ app_init ] --START--
INFO: Run Behavior\BuildLiteBehavior [ RunTime:0.000000s ]
INFO: [ app_init ] --END-- [ RunTime:0.001000s ]
INFO: [ app_begin ] --START--
INFO: Run Behavior\ReadHtmlCacheBehavior [ RunTime:0.001000s ]
INFO: [ app_begin ] --END-- [ RunTime:0.001000s ]
SQL: SHOW COLUMNS FROM `topic` [ RunTime:0.002000s ]
ERR: 1146:Table 'db_laboratory.topic' doesn't exist
 [ SQL语句 ] : SHOW COLUMNS FROM `topic`
SQL: SELECT * FROM `topic` WHERE ( type=1 ) ORDER BY id desc LIMIT 0,11   [ RunTime:0.001000s ]
ERR: 1146:Table 'db_laboratory.topic' doesn't exist
 [ SQL语句 ] : SELECT * FROM `topic` WHERE ( type=1 ) ORDER BY id desc LIMIT 0,11  
SQL: SELECT * FROM `topic` WHERE ( type=2 ) ORDER BY id desc LIMIT 0,11   [ RunTime:0.000000s ]
ERR: 1146:Table 'db_laboratory.topic' doesn't exist
 [ SQL语句 ] : SELECT * FROM `topic` WHERE ( type=2 ) ORDER BY id desc LIMIT 0,11  
SQL: SELECT * FROM `topic` WHERE ( type=3 ) ORDER BY id desc LIMIT 0,11   [ RunTime:0.001000s ]
ERR: 1146:Table 'db_laboratory.topic' doesn't exist
 [ SQL语句 ] : SELECT * FROM `topic` WHERE ( type=3 ) ORDER BY id desc LIMIT 0,11  
SQL: SELECT * FROM `topic` WHERE ( type=4 ) ORDER BY id desc LIMIT 0,11   [ RunTime:0.000000s ]
ERR: 1146:Table 'db_laboratory.topic' doesn't exist
 [ SQL语句 ] : SELECT * FROM `topic` WHERE ( type=4 ) ORDER BY id desc LIMIT 0,11  
SQL: SELECT * FROM `topic` WHERE ( type=6 ) ORDER BY id desc LIMIT 0,11   [ RunTime:0.000000s ]
ERR: 1146:Table 'db_laboratory.topic' doesn't exist
 [ SQL语句 ] : SELECT * FROM `topic` WHERE ( type=6 ) ORDER BY id desc LIMIT 0,11  
NOTIC: [2] Invalid argument supplied for foreach() G:\github\gaozi\Application\Home\Controller\IndexController.class.php 第 15 行.
INFO: [ view_parse ] --START--
INFO: [ template_filter ] --START--
INFO: Run Behavior\ContentReplaceBehavior [ RunTime:0.000000s ]
INFO: [ template_filter ] --END-- [ RunTime:0.000000s ]
NOTIC: [8] Undefined variable: info_active G:\github\gaozi\Application\Runtime\Cache\Home\2a94b8bda04ff446dcedd42276fc99ee.php 第 25 行.
INFO: Run Behavior\ParseTemplateBehavior [ RunTime:0.008001s ]
INFO: [ view_parse ] --END-- [ RunTime:0.008001s ]
INFO: [ view_filter ] --START--
INFO: Run Behavior\WriteHtmlCacheBehavior [ RunTime:0.000000s ]
INFO: [ view_filter ] --END-- [ RunTime:0.000000s ]
INFO: [ app_end ] --START--
INFO: Run Behavior\ShowPageTraceBehavior [ RunTime:0.001000s ]
INFO: [ app_end ] --END-- [ RunTime:0.001000s ]

[ 2014-10-24T22:40:04+08:00 ] 127.0.0.1 /
INFO: [ app_init ] --START--
INFO: Run Behavior\BuildLiteBehavior [ RunTime:0.000000s ]
INFO: [ app_init ] --END-- [ RunTime:0.000000s ]
INFO: [ app_begin ] --START--
INFO: Run Behavior\ReadHtmlCacheBehavior [ RunTime:0.001000s ]
INFO: [ app_begin ] --END-- [ RunTime:0.001000s ]
SQL: SHOW COLUMNS FROM `topic` [ RunTime:0.002000s ]
ERR: 1146:Table 'db_laboratory.topic' doesn't exist
 [ SQL语句 ] : SHOW COLUMNS FROM `topic`
SQL: SELECT * FROM `topic` WHERE ( type=1 ) ORDER BY id desc LIMIT 0,11   [ RunTime:0.001000s ]
ERR: 1146:Table 'db_laboratory.topic' doesn't exist
 [ SQL语句 ] : SELECT * FROM `topic` WHERE ( type=1 ) ORDER BY id desc LIMIT 0,11  
SQL: SELECT * FROM `topic` WHERE ( type=2 ) ORDER BY id desc LIMIT 0,11   [ RunTime:0.000000s ]
ERR: 1146:Table 'db_laboratory.topic' doesn't exist
 [ SQL语句 ] : SELECT * FROM `topic` WHERE ( type=2 ) ORDER BY id desc LIMIT 0,11  
SQL: SELECT * FROM `topic` WHERE ( type=3 ) ORDER BY id desc LIMIT 0,11   [ RunTime:0.000000s ]
ERR: 1146:Table 'db_laboratory.topic' doesn't exist
 [ SQL语句 ] : SELECT * FROM `topic` WHERE ( type=3 ) ORDER BY id desc LIMIT 0,11  
SQL: SELECT * FROM `topic` WHERE ( type=4 ) ORDER BY id desc LIMIT 0,11   [ RunTime:0.000000s ]
ERR: 1146:Table 'db_laboratory.topic' doesn't exist
 [ SQL语句 ] : SELECT * FROM `topic` WHERE ( type=4 ) ORDER BY id desc LIMIT 0,11  
SQL: SELECT * FROM `topic` WHERE ( type=6 ) ORDER BY id desc LIMIT 0,11   [ RunTime:0.000000s ]
ERR: 1146:Table 'db_laboratory.topic' doesn't exist
 [ SQL语句 ] : SELECT * FROM `topic` WHERE ( type=6 ) ORDER BY id desc LIMIT 0,11  
NOTIC: [2] Invalid argument supplied for foreach() G:\github\gaozi\Application\Home\Controller\IndexController.class.php 第 15 行.
INFO: [ view_parse ] --START--
INFO: [ template_filter ] --START--
INFO: Run Behavior\ContentReplaceBehavior [ RunTime:0.000000s ]
INFO: [ template_filter ] --END-- [ RunTime:0.000000s ]
NOTIC: [8] Undefined variable: info_active G:\github\gaozi\Application\Runtime\Cache\Home\2a94b8bda04ff446dcedd42276fc99ee.php 第 25 行.
INFO: Run Behavior\ParseTemplateBehavior [ RunTime:0.007001s ]
INFO: [ view_parse ] --END-- [ RunTime:0.007001s ]
INFO: [ view_filter ] --START--
INFO: Run Behavior\WriteHtmlCacheBehavior [ RunTime:0.000000s ]
INFO: [ view_filter ] --END-- [ RunTime:0.000000s ]
INFO: [ app_end ] --START--
INFO: Run Behavior\ShowPageTraceBehavior [ RunTime:0.001000s ]
INFO: [ app_end ] --END-- [ RunTime:0.001000s ]

[ 2014-10-24T22:40:07+08:00 ] 127.0.0.1 /home/index/info
INFO: [ app_init ] --START--
INFO: Run Behavior\BuildLiteBehavior [ RunTime:0.000000s ]
INFO: [ app_init ] --END-- [ RunTime:0.000000s ]
INFO: [ app_begin ] --START--
INFO: Run Behavior\ReadHtmlCacheBehavior [ RunTime:0.001000s ]
INFO: [ app_begin ] --END-- [ RunTime:0.001000s ]
INFO: [ view_parse ] --START--
INFO: [ template_filter ] --START--
INFO: Run Behavior\ContentReplaceBehavior [ RunTime:0.000000s ]
INFO: [ template_filter ] --END-- [ RunTime:0.000000s ]
NOTIC: [8] Undefined variable: index_active G:\github\gaozi\Application\Runtime\Cache\Home\58dcbc0a6aedef7ee219b145fa55354f.php 第 24 行.
INFO: Run Behavior\ParseTemplateBehavior [ RunTime:0.007001s ]
INFO: [ view_parse ] --END-- [ RunTime:0.007001s ]
INFO: [ view_filter ] --START--
INFO: Run Behavior\WriteHtmlCacheBehavior [ RunTime:0.000000s ]
INFO: [ view_filter ] --END-- [ RunTime:0.000000s ]
INFO: [ app_end ] --START--
INFO: Run Behavior\ShowPageTraceBehavior [ RunTime:0.001000s ]
INFO: [ app_end ] --END-- [ RunTime:0.001000s ]

[ 2014-10-24T22:54:38+08:00 ] 127.0.0.1 /home/index
INFO: [ app_init ] --START--
INFO: Run Behavior\BuildLiteBehavior [ RunTime:0.000000s ]
INFO: [ app_init ] --END-- [ RunTime:0.000000s ]
INFO: [ app_begin ] --START--
INFO: Run Behavior\ReadHtmlCacheBehavior [ RunTime:0.001000s ]
INFO: [ app_begin ] --END-- [ RunTime:0.001000s ]
SQL: SHOW COLUMNS FROM `topic` [ RunTime:0.002000s ]
ERR: 1146:Table 'db_laboratory.topic' doesn't exist
 [ SQL语句 ] : SHOW COLUMNS FROM `topic`
SQL: SELECT * FROM `topic` WHERE ( type=1 ) ORDER BY id desc LIMIT 0,11   [ RunTime:0.000000s ]
ERR: 1146:Table 'db_laboratory.topic' doesn't exist
 [ SQL语句 ] : SELECT * FROM `topic` WHERE ( type=1 ) ORDER BY id desc LIMIT 0,11  
SQL: SELECT * FROM `topic` WHERE ( type=2 ) ORDER BY id desc LIMIT 0,11   [ RunTime:0.000000s ]
ERR: 1146:Table 'db_laboratory.topic' doesn't exist
 [ SQL语句 ] : SELECT * FROM `topic` WHERE ( type=2 ) ORDER BY id desc LIMIT 0,11  
SQL: SELECT * FROM `topic` WHERE ( type=3 ) ORDER BY id desc LIMIT 0,11   [ RunTime:0.000000s ]
ERR: 1146:Table 'db_laboratory.topic' doesn't exist
 [ SQL语句 ] : SELECT * FROM `topic` WHERE ( type=3 ) ORDER BY id desc LIMIT 0,11  
SQL: SELECT * FROM `topic` WHERE ( type=4 ) ORDER BY id desc LIMIT 0,11   [ RunTime:0.000000s ]
ERR: 1146:Table 'db_laboratory.topic' doesn't exist
 [ SQL语句 ] : SELECT * FROM `topic` WHERE ( type=4 ) ORDER BY id desc LIMIT 0,11  
SQL: SELECT * FROM `topic` WHERE ( type=6 ) ORDER BY id desc LIMIT 0,11   [ RunTime:0.000000s ]
ERR: 1146:Table 'db_laboratory.topic' doesn't exist
 [ SQL语句 ] : SELECT * FROM `topic` WHERE ( type=6 ) ORDER BY id desc LIMIT 0,11  
NOTIC: [2] Invalid argument supplied for foreach() G:\github\gaozi\Application\Home\Controller\IndexController.class.php 第 15 行.
INFO: [ view_parse ] --START--
INFO: [ template_filter ] --START--
INFO: Run Behavior\ContentReplaceBehavior [ RunTime:0.000000s ]
INFO: [ template_filter ] --END-- [ RunTime:0.000000s ]
NOTIC: [8] Undefined variable: info_active G:\github\gaozi\Application\Runtime\Cache\Home\2a94b8bda04ff446dcedd42276fc99ee.php 第 25 行.
INFO: Run Behavior\ParseTemplateBehavior [ RunTime:0.008000s ]
INFO: [ view_parse ] --END-- [ RunTime:0.008000s ]
INFO: [ view_filter ] --START--
INFO: Run Behavior\WriteHtmlCacheBehavior [ RunTime:0.000000s ]
INFO: [ view_filter ] --END-- [ RunTime:0.000000s ]
INFO: [ app_end ] --START--
INFO: Run Behavior\ShowPageTraceBehavior [ RunTime:0.001001s ]
INFO: [ app_end ] --END-- [ RunTime:0.001001s ]

[ 2014-10-24T22:55:15+08:00 ] 127.0.0.1 /home/index/info
INFO: [ app_init ] --START--
INFO: Run Behavior\BuildLiteBehavior [ RunTime:0.000000s ]
INFO: [ app_init ] --END-- [ RunTime:0.000000s ]
INFO: [ app_begin ] --START--
INFO: Run Behavior\ReadHtmlCacheBehavior [ RunTime:0.001000s ]
INFO: [ app_begin ] --END-- [ RunTime:0.001000s ]
INFO: [ view_parse ] --START--
INFO: [ template_filter ] --START--
INFO: Run Behavior\ContentReplaceBehavior [ RunTime:0.000000s ]
INFO: [ template_filter ] --END-- [ RunTime:0.000000s ]
NOTIC: [8] Undefined variable: index_active G:\github\gaozi\Application\Runtime\Cache\Home\58dcbc0a6aedef7ee219b145fa55354f.php 第 24 行.
INFO: Run Behavior\ParseTemplateBehavior [ RunTime:0.007000s ]
INFO: [ view_parse ] --END-- [ RunTime:0.007000s ]
INFO: [ view_filter ] --START--
INFO: Run Behavior\WriteHtmlCacheBehavior [ RunTime:0.000000s ]
INFO: [ view_filter ] --END-- [ RunTime:0.000000s ]
INFO: [ app_end ] --START--
INFO: Run Behavior\ShowPageTraceBehavior [ RunTime:0.001000s ]
INFO: [ app_end ] --END-- [ RunTime:0.001000s ]

[ 2014-10-24T22:55:16+08:00 ] 127.0.0.1 /home/index
INFO: [ app_init ] --START--
INFO: Run Behavior\BuildLiteBehavior [ RunTime:0.000000s ]
INFO: [ app_init ] --END-- [ RunTime:0.000000s ]
INFO: [ app_begin ] --START--
INFO: Run Behavior\ReadHtmlCacheBehavior [ RunTime:0.001000s ]
INFO: [ app_begin ] --END-- [ RunTime:0.001000s ]
SQL: SHOW COLUMNS FROM `topic` [ RunTime:0.002000s ]
ERR: 1146:Table 'db_laboratory.topic' doesn't exist
 [ SQL语句 ] : SHOW COLUMNS FROM `topic`
SQL: SELECT * FROM `topic` WHERE ( type=1 ) ORDER BY id desc LIMIT 0,11   [ RunTime:0.001000s ]
ERR: 1146:Table 'db_laboratory.topic' doesn't exist
 [ SQL语句 ] : SELECT * FROM `topic` WHERE ( type=1 ) ORDER BY id desc LIMIT 0,11  
SQL: SELECT * FROM `topic` WHERE ( type=2 ) ORDER BY id desc LIMIT 0,11   [ RunTime:0.000000s ]
ERR: 1146:Table 'db_laboratory.topic' doesn't exist
 [ SQL语句 ] : SELECT * FROM `topic` WHERE ( type=2 ) ORDER BY id desc LIMIT 0,11  
SQL: SELECT * FROM `topic` WHERE ( type=3 ) ORDER BY id desc LIMIT 0,11   [ RunTime:0.000000s ]
ERR: 1146:Table 'db_laboratory.topic' doesn't exist
 [ SQL语句 ] : SELECT * FROM `topic` WHERE ( type=3 ) ORDER BY id desc LIMIT 0,11  
SQL: SELECT * FROM `topic` WHERE ( type=4 ) ORDER BY id desc LIMIT 0,11   [ RunTime:0.001000s ]
ERR: 1146:Table 'db_laboratory.topic' doesn't exist
 [ SQL语句 ] : SELECT * FROM `topic` WHERE ( type=4 ) ORDER BY id desc LIMIT 0,11  
SQL: SELECT * FROM `topic` WHERE ( type=6 ) ORDER BY id desc LIMIT 0,11   [ RunTime:0.000000s ]
ERR: 1146:Table 'db_laboratory.topic' doesn't exist
 [ SQL语句 ] : SELECT * FROM `topic` WHERE ( type=6 ) ORDER BY id desc LIMIT 0,11  
NOTIC: [2] Invalid argument supplied for foreach() G:\github\gaozi\Application\Home\Controller\IndexController.class.php 第 15 行.
INFO: [ view_parse ] --START--
INFO: [ template_filter ] --START--
INFO: Run Behavior\ContentReplaceBehavior [ RunTime:0.000000s ]
INFO: [ template_filter ] --END-- [ RunTime:0.000000s ]
NOTIC: [8] Undefined variable: info_active G:\github\gaozi\Application\Runtime\Cache\Home\2a94b8bda04ff446dcedd42276fc99ee.php 第 25 行.
INFO: Run Behavior\ParseTemplateBehavior [ RunTime:0.008000s ]
INFO: [ view_parse ] --END-- [ RunTime:0.008000s ]
INFO: [ view_filter ] --START--
INFO: Run Behavior\WriteHtmlCacheBehavior [ RunTime:0.000000s ]
INFO: [ view_filter ] --END-- [ RunTime:0.000000s ]
INFO: [ app_end ] --START--
INFO: Run Behavior\ShowPageTraceBehavior [ RunTime:0.001001s ]
INFO: [ app_end ] --END-- [ RunTime:0.001001s ]

[ 2014-10-24T23:00:01+08:00 ] 127.0.0.1 /home/index/info
INFO: [ app_init ] --START--
INFO: Run Behavior\BuildLiteBehavior [ RunTime:0.000000s ]
INFO: [ app_init ] --END-- [ RunTime:0.001000s ]
INFO: [ app_begin ] --START--
INFO: Run Behavior\ReadHtmlCacheBehavior [ RunTime:0.001000s ]
INFO: [ app_begin ] --END-- [ RunTime:0.001000s ]
INFO: [ view_parse ] --START--
INFO: [ template_filter ] --START--
INFO: Run Behavior\ContentReplaceBehavior [ RunTime:0.000000s ]
INFO: [ template_filter ] --END-- [ RunTime:0.000000s ]
NOTIC: [8] Undefined variable: index_active G:\github\gaozi\Application\Runtime\Cache\Home\58dcbc0a6aedef7ee219b145fa55354f.php 第 24 行.
INFO: Run Behavior\ParseTemplateBehavior [ RunTime:0.008000s ]
INFO: [ view_parse ] --END-- [ RunTime:0.008000s ]
INFO: [ view_filter ] --START--
INFO: Run Behavior\WriteHtmlCacheBehavior [ RunTime:0.001001s ]
INFO: [ view_filter ] --END-- [ RunTime:0.001001s ]
INFO: [ app_end ] --START--
INFO: Run Behavior\ShowPageTraceBehavior [ RunTime:0.001000s ]
INFO: [ app_end ] --END-- [ RunTime:0.001000s ]

[ 2014-10-24T23:00:38+08:00 ] 127.0.0.1 /home/index/info
INFO: [ app_init ] --START--
INFO: Run Behavior\BuildLiteBehavior [ RunTime:0.000000s ]
INFO: [ app_init ] --END-- [ RunTime:0.001000s ]
INFO: [ app_begin ] --START--
INFO: Run Behavior\ReadHtmlCacheBehavior [ RunTime:0.002000s ]
INFO: [ app_begin ] --END-- [ RunTime:0.002000s ]
INFO: [ view_parse ] --START--
INFO: [ template_filter ] --START--
INFO: Run Behavior\ContentReplaceBehavior [ RunTime:0.001000s ]
INFO: [ template_filter ] --END-- [ RunTime:0.001000s ]
NOTIC: [8] Undefined variable: index_active G:\github\gaozi\Application\Runtime\Cache\Home\58dcbc0a6aedef7ee219b145fa55354f.php 第 24 行.
INFO: Run Behavior\ParseTemplateBehavior [ RunTime:0.008000s ]
INFO: [ view_parse ] --END-- [ RunTime:0.008000s ]
INFO: [ view_filter ] --START--
INFO: Run Behavior\WriteHtmlCacheBehavior [ RunTime:0.000000s ]
INFO: [ view_filter ] --END-- [ RunTime:0.000000s ]
INFO: [ app_end ] --START--
INFO: Run Behavior\ShowPageTraceBehavior [ RunTime:0.001000s ]
INFO: [ app_end ] --END-- [ RunTime:0.001000s ]

[ 2014-10-24T23:00:40+08:00 ] 127.0.0.1 /
INFO: [ app_init ] --START--
INFO: Run Behavior\BuildLiteBehavior [ RunTime:0.000000s ]
INFO: [ app_init ] --END-- [ RunTime:0.001000s ]
INFO: [ app_begin ] --START--
INFO: Run Behavior\ReadHtmlCacheBehavior [ RunTime:0.001000s ]
INFO: [ app_begin ] --END-- [ RunTime:0.001000s ]
SQL: SHOW COLUMNS FROM `topic` [ RunTime:0.002000s ]
ERR: 1146:Table 'db_laboratory.topic' doesn't exist
 [ SQL语句 ] : SHOW COLUMNS FROM `topic`
SQL: SELECT * FROM `topic` WHERE ( type=1 ) ORDER BY id desc LIMIT 0,11   [ RunTime:0.000000s ]
ERR: 1146:Table 'db_laboratory.topic' doesn't exist
 [ SQL语句 ] : SELECT * FROM `topic` WHERE ( type=1 ) ORDER BY id desc LIMIT 0,11  
SQL: SELECT * FROM `topic` WHERE ( type=2 ) ORDER BY id desc LIMIT 0,11   [ RunTime:0.001000s ]
ERR: 1146:Table 'db_laboratory.topic' doesn't exist
 [ SQL语句 ] : SELECT * FROM `topic` WHERE ( type=2 ) ORDER BY id desc LIMIT 0,11  
SQL: SELECT * FROM `topic` WHERE ( type=3 ) ORDER BY id desc LIMIT 0,11   [ RunTime:0.000000s ]
ERR: 1146:Table 'db_laboratory.topic' doesn't exist
 [ SQL语句 ] : SELECT * FROM `topic` WHERE ( type=3 ) ORDER BY id desc LIMIT 0,11  
SQL: SELECT * FROM `topic` WHERE ( type=4 ) ORDER BY id desc LIMIT 0,11   [ RunTime:0.000000s ]
ERR: 1146:Table 'db_laboratory.topic' doesn't exist
 [ SQL语句 ] : SELECT * FROM `topic` WHERE ( type=4 ) ORDER BY id desc LIMIT 0,11  
SQL: SELECT * FROM `topic` WHERE ( type=6 ) ORDER BY id desc LIMIT 0,11   [ RunTime:0.000000s ]
ERR: 1146:Table 'db_laboratory.topic' doesn't exist
 [ SQL语句 ] : SELECT * FROM `topic` WHERE ( type=6 ) ORDER BY id desc LIMIT 0,11  
NOTIC: [2] Invalid argument supplied for foreach() G:\github\gaozi\Application\Home\Controller\IndexController.class.php 第 15 行.
INFO: [ view_parse ] --START--
INFO: [ template_filter ] --START--
INFO: Run Behavior\ContentReplaceBehavior [ RunTime:0.000000s ]
INFO: [ template_filter ] --END-- [ RunTime:0.000000s ]
NOTIC: [8] Undefined variable: info_active G:\github\gaozi\Application\Runtime\Cache\Home\2a94b8bda04ff446dcedd42276fc99ee.php 第 25 行.
INFO: Run Behavior\ParseTemplateBehavior [ RunTime:0.006000s ]
INFO: [ view_parse ] --END-- [ RunTime:0.006000s ]
INFO: [ view_filter ] --START--
INFO: Run Behavior\WriteHtmlCacheBehavior [ RunTime:0.001000s ]
INFO: [ view_filter ] --END-- [ RunTime:0.001000s ]
INFO: [ app_end ] --START--
INFO: Run Behavior\ShowPageTraceBehavior [ RunTime:0.000000s ]
INFO: [ app_end ] --END-- [ RunTime:0.000000s ]

[ 2014-10-24T23:00:41+08:00 ] 127.0.0.1 /home/index/info
INFO: [ app_init ] --START--
INFO: Run Behavior\BuildLiteBehavior [ RunTime:0.000000s ]
INFO: [ app_init ] --END-- [ RunTime:0.000000s ]
INFO: [ app_begin ] --START--
INFO: Run Behavior\ReadHtmlCacheBehavior [ RunTime:0.001000s ]
INFO: [ app_begin ] --END-- [ RunTime:0.001000s ]
INFO: [ view_parse ] --START--
INFO: [ template_filter ] --START--
INFO: Run Behavior\ContentReplaceBehavior [ RunTime:0.000000s ]
INFO: [ template_filter ] --END-- [ RunTime:0.000000s ]
NOTIC: [8] Undefined variable: index_active G:\github\gaozi\Application\Runtime\Cache\Home\58dcbc0a6aedef7ee219b145fa55354f.php 第 24 行.
INFO: Run Behavior\ParseTemplateBehavior [ RunTime:0.006000s ]
INFO: [ view_parse ] --END-- [ RunTime:0.006000s ]
INFO: [ view_filter ] --START--
INFO: Run Behavior\WriteHtmlCacheBehavior [ RunTime:0.000000s ]
INFO: [ view_filter ] --END-- [ RunTime:0.000000s ]
INFO: [ app_end ] --START--
INFO: Run Behavior\ShowPageTraceBehavior [ RunTime:0.001000s ]
INFO: [ app_end ] --END-- [ RunTime:0.001000s ]

[ 2014-10-24T23:01:50+08:00 ] 127.0.0.1 /home/index/info
INFO: [ app_init ] --START--
INFO: Run Behavior\BuildLiteBehavior [ RunTime:0.000000s ]
INFO: [ app_init ] --END-- [ RunTime:0.000000s ]
INFO: [ app_begin ] --START--
INFO: Run Behavior\ReadHtmlCacheBehavior [ RunTime:0.001000s ]
INFO: [ app_begin ] --END-- [ RunTime:0.001000s ]
INFO: [ view_parse ] --START--
INFO: [ template_filter ] --START--
INFO: Run Behavior\ContentReplaceBehavior [ RunTime:0.000000s ]
INFO: [ template_filter ] --END-- [ RunTime:0.000000s ]
NOTIC: [8] Undefined variable: index_active G:\github\gaozi\Application\Runtime\Cache\Home\58dcbc0a6aedef7ee219b145fa55354f.php 第 24 行.
INFO: Run Behavior\ParseTemplateBehavior [ RunTime:0.007001s ]
INFO: [ view_parse ] --END-- [ RunTime:0.007001s ]
INFO: [ view_filter ] --START--
INFO: Run Behavior\WriteHtmlCacheBehavior [ RunTime:0.000000s ]
INFO: [ view_filter ] --END-- [ RunTime:0.000000s ]
INFO: [ app_end ] --START--
INFO: Run Behavior\ShowPageTraceBehavior [ RunTime:0.001000s ]
INFO: [ app_end ] --END-- [ RunTime:0.001000s ]

[ 2014-10-24T23:02:15+08:00 ] 127.0.0.1 /home/index/info
INFO: [ app_init ] --START--
INFO: Run Behavior\BuildLiteBehavior [ RunTime:0.000000s ]
INFO: [ app_init ] --END-- [ RunTime:0.000000s ]
INFO: [ app_begin ] --START--
INFO: Run Behavior\ReadHtmlCacheBehavior [ RunTime:0.001000s ]
INFO: [ app_begin ] --END-- [ RunTime:0.001000s ]
INFO: [ view_parse ] --START--
INFO: [ template_filter ] --START--
INFO: Run Behavior\ContentReplaceBehavior [ RunTime:0.000000s ]
INFO: [ template_filter ] --END-- [ RunTime:0.000000s ]
NOTIC: [8] Undefined variable: index_active G:\github\gaozi\Application\Runtime\Cache\Home\58dcbc0a6aedef7ee219b145fa55354f.php 第 24 行.
INFO: Run Behavior\ParseTemplateBehavior [ RunTime:0.009001s ]
INFO: [ view_parse ] --END-- [ RunTime:0.009001s ]
INFO: [ view_filter ] --START--
INFO: Run Behavior\WriteHtmlCacheBehavior [ RunTime:0.000000s ]
INFO: [ view_filter ] --END-- [ RunTime:0.000000s ]
INFO: [ app_end ] --START--
INFO: Run Behavior\ShowPageTraceBehavior [ RunTime:0.001000s ]
INFO: [ app_end ] --END-- [ RunTime:0.001000s ]

[ 2014-10-24T23:06:48+08:00 ] 127.0.0.1 /home/index/info
INFO: [ app_init ] --START--
INFO: Run Behavior\BuildLiteBehavior [ RunTime:0.000000s ]
INFO: [ app_init ] --END-- [ RunTime:0.001000s ]
INFO: [ app_begin ] --START--
INFO: Run Behavior\ReadHtmlCacheBehavior [ RunTime:0.001000s ]
INFO: [ app_begin ] --END-- [ RunTime:0.001000s ]
INFO: [ view_parse ] --START--
INFO: [ template_filter ] --START--
INFO: Run Behavior\ContentReplaceBehavior [ RunTime:0.000000s ]
INFO: [ template_filter ] --END-- [ RunTime:0.000000s ]
NOTIC: [8] Undefined variable: index_active G:\github\gaozi\Application\Runtime\Cache\Home\58dcbc0a6aedef7ee219b145fa55354f.php 第 24 行.
INFO: Run Behavior\ParseTemplateBehavior [ RunTime:0.008001s ]
INFO: [ view_parse ] --END-- [ RunTime:0.008001s ]
INFO: [ view_filter ] --START--
INFO: Run Behavior\WriteHtmlCacheBehavior [ RunTime:0.001000s ]
INFO: [ view_filter ] --END-- [ RunTime:0.001000s ]
INFO: [ app_end ] --START--
INFO: Run Behavior\ShowPageTraceBehavior [ RunTime:0.001000s ]
INFO: [ app_end ] --END-- [ RunTime:0.001000s ]

[ 2014-10-24T23:09:14+08:00 ] 127.0.0.1 /home/index/info
INFO: [ app_init ] --START--
INFO: Run Behavior\BuildLiteBehavior [ RunTime:0.000000s ]
INFO: [ app_init ] --END-- [ RunTime:0.001000s ]
INFO: [ app_begin ] --START--
INFO: Run Behavior\ReadHtmlCacheBehavior [ RunTime:0.001000s ]
INFO: [ app_begin ] --END-- [ RunTime:0.001000s ]
INFO: [ view_parse ] --START--
INFO: [ template_filter ] --START--
INFO: Run Behavior\ContentReplaceBehavior [ RunTime:0.000000s ]
INFO: [ template_filter ] --END-- [ RunTime:0.000000s ]
NOTIC: [8] Undefined variable: index_active G:\github\gaozi\Application\Runtime\Cache\Home\58dcbc0a6aedef7ee219b145fa55354f.php 第 24 行.
INFO: Run Behavior\ParseTemplateBehavior [ RunTime:0.008001s ]
INFO: [ view_parse ] --END-- [ RunTime:0.008001s ]
INFO: [ view_filter ] --START--
INFO: Run Behavior\WriteHtmlCacheBehavior [ RunTime:0.000000s ]
INFO: [ view_filter ] --END-- [ RunTime:0.000000s ]
INFO: [ app_end ] --START--
INFO: Run Behavior\ShowPageTraceBehavior [ RunTime:0.001000s ]
INFO: [ app_end ] --END-- [ RunTime:0.001000s ]

[ 2014-10-24T23:09:51+08:00 ] 127.0.0.1 /home/index/info
INFO: [ app_init ] --START--
INFO: Run Behavior\BuildLiteBehavior [ RunTime:0.000000s ]
INFO: [ app_init ] --END-- [ RunTime:0.001000s ]
INFO: [ app_begin ] --START--
INFO: Run Behavior\ReadHtmlCacheBehavior [ RunTime:0.001000s ]
INFO: [ app_begin ] --END-- [ RunTime:0.001000s ]
INFO: [ view_parse ] --START--
INFO: [ template_filter ] --START--
INFO: Run Behavior\ContentReplaceBehavior [ RunTime:0.000000s ]
INFO: [ template_filter ] --END-- [ RunTime:0.000000s ]
NOTIC: [8] Undefined variable: index_active G:\github\gaozi\Application\Runtime\Cache\Home\58dcbc0a6aedef7ee219b145fa55354f.php 第 24 行.
INFO: Run Behavior\ParseTemplateBehavior [ RunTime:0.008000s ]
INFO: [ view_parse ] --END-- [ RunTime:0.008000s ]
INFO: [ view_filter ] --START--
INFO: Run Behavior\WriteHtmlCacheBehavior [ RunTime:0.001000s ]
INFO: [ view_filter ] --END-- [ RunTime:0.001000s ]
INFO: [ app_end ] --START--
INFO: Run Behavior\ShowPageTraceBehavior [ RunTime:0.001000s ]
INFO: [ app_end ] --END-- [ RunTime:0.001000s ]

[ 2014-10-24T23:10:39+08:00 ] 127.0.0.1 /home/index/info
INFO: [ app_init ] --START--
INFO: Run Behavior\BuildLiteBehavior [ RunTime:0.000000s ]
INFO: [ app_init ] --END-- [ RunTime:0.000000s ]
INFO: [ app_begin ] --START--
INFO: Run Behavior\ReadHtmlCacheBehavior [ RunTime:0.001000s ]
INFO: [ app_begin ] --END-- [ RunTime:0.001000s ]
INFO: [ view_parse ] --START--
INFO: [ template_filter ] --START--
INFO: Run Behavior\ContentReplaceBehavior [ RunTime:0.000000s ]
INFO: [ template_filter ] --END-- [ RunTime:0.000000s ]
NOTIC: [8] Undefined variable: index_active G:\github\gaozi\Application\Runtime\Cache\Home\58dcbc0a6aedef7ee219b145fa55354f.php 第 24 行.
INFO: Run Behavior\ParseTemplateBehavior [ RunTime:0.008000s ]
INFO: [ view_parse ] --END-- [ RunTime:0.008000s ]
INFO: [ view_filter ] --START--
INFO: Run Behavior\WriteHtmlCacheBehavior [ RunTime:0.001000s ]
INFO: [ view_filter ] --END-- [ RunTime:0.001000s ]
INFO: [ app_end ] --START--
INFO: Run Behavior\ShowPageTraceBehavior [ RunTime:0.000000s ]
INFO: [ app_end ] --END-- [ RunTime:0.000000s ]

[ 2014-10-24T23:11:50+08:00 ] 127.0.0.1 /home/index/info
INFO: [ app_init ] --START--
INFO: Run Behavior\BuildLiteBehavior [ RunTime:0.000000s ]
INFO: [ app_init ] --END-- [ RunTime:0.001000s ]
INFO: [ app_begin ] --START--
INFO: Run Behavior\ReadHtmlCacheBehavior [ RunTime:0.001000s ]
INFO: [ app_begin ] --END-- [ RunTime:0.001000s ]
INFO: [ view_parse ] --START--
INFO: [ template_filter ] --START--
INFO: Run Behavior\ContentReplaceBehavior [ RunTime:0.000000s ]
INFO: [ template_filter ] --END-- [ RunTime:0.000000s ]
NOTIC: [8] Undefined variable: index_active G:\github\gaozi\Application\Runtime\Cache\Home\58dcbc0a6aedef7ee219b145fa55354f.php 第 24 行.
INFO: Run Behavior\ParseTemplateBehavior [ RunTime:0.007001s ]
INFO: [ view_parse ] --END-- [ RunTime:0.007001s ]
INFO: [ view_filter ] --START--
INFO: Run Behavior\WriteHtmlCacheBehavior [ RunTime:0.000000s ]
INFO: [ view_filter ] --END-- [ RunTime:0.000000s ]
INFO: [ app_end ] --START--
INFO: Run Behavior\ShowPageTraceBehavior [ RunTime:0.001000s ]
INFO: [ app_end ] --END-- [ RunTime:0.001000s ]

[ 2014-10-24T23:12:33+08:00 ] 127.0.0.1 /home/index/info
INFO: [ app_init ] --START--
INFO: Run Behavior\BuildLiteBehavior [ RunTime:0.000000s ]
INFO: [ app_init ] --END-- [ RunTime:0.001000s ]
INFO: [ app_begin ] --START--
INFO: Run Behavior\ReadHtmlCacheBehavior [ RunTime:0.001000s ]
INFO: [ app_begin ] --END-- [ RunTime:0.001000s ]
INFO: [ view_parse ] --START--
INFO: [ template_filter ] --START--
INFO: Run Behavior\ContentReplaceBehavior [ RunTime:0.000000s ]
INFO: [ template_filter ] --END-- [ RunTime:0.000000s ]
NOTIC: [8] Undefined variable: index_active G:\github\gaozi\Application\Runtime\Cache\Home\58dcbc0a6aedef7ee219b145fa55354f.php 第 24 行.
INFO: Run Behavior\ParseTemplateBehavior [ RunTime:0.009001s ]
INFO: [ view_parse ] --END-- [ RunTime:0.009001s ]
INFO: [ view_filter ] --START--
INFO: Run Behavior\WriteHtmlCacheBehavior [ RunTime:0.001000s ]
INFO: [ view_filter ] --END-- [ RunTime:0.001000s ]
INFO: [ app_end ] --START--
INFO: Run Behavior\ShowPageTraceBehavior [ RunTime:0.000000s ]
INFO: [ app_end ] --END-- [ RunTime:0.000000s ]

[ 2014-10-24T23:13:06+08:00 ] 127.0.0.1 /home/index/info
INFO: [ app_init ] --START--
INFO: Run Behavior\BuildLiteBehavior [ RunTime:0.000000s ]
INFO: [ app_init ] --END-- [ RunTime:0.001001s ]
INFO: [ app_begin ] --START--
INFO: Run Behavior\ReadHtmlCacheBehavior [ RunTime:0.001000s ]
INFO: [ app_begin ] --END-- [ RunTime:0.001000s ]
INFO: [ view_parse ] --START--
INFO: [ template_filter ] --START--
INFO: Run Behavior\ContentReplaceBehavior [ RunTime:0.000000s ]
INFO: [ template_filter ] --END-- [ RunTime:0.000000s ]
NOTIC: [8] Undefined variable: index_active G:\github\gaozi\Application\Runtime\Cache\Home\58dcbc0a6aedef7ee219b145fa55354f.php 第 24 行.
INFO: Run Behavior\ParseTemplateBehavior [ RunTime:0.011000s ]
INFO: [ view_parse ] --END-- [ RunTime:0.011000s ]
INFO: [ view_filter ] --START--
INFO: Run Behavior\WriteHtmlCacheBehavior [ RunTime:0.000000s ]
INFO: [ view_filter ] --END-- [ RunTime:0.000000s ]
INFO: [ app_end ] --START--
INFO: Run Behavior\ShowPageTraceBehavior [ RunTime:0.001000s ]
INFO: [ app_end ] --END-- [ RunTime:0.001000s ]

[ 2014-10-24T23:14:24+08:00 ] 127.0.0.1 /home/index/info
INFO: [ app_init ] --START--
INFO: Run Behavior\BuildLiteBehavior [ RunTime:0.000000s ]
INFO: [ app_init ] --END-- [ RunTime:0.001000s ]
INFO: [ app_begin ] --START--
INFO: Run Behavior\ReadHtmlCacheBehavior [ RunTime:0.001000s ]
INFO: [ app_begin ] --END-- [ RunTime:0.001000s ]
INFO: [ view_parse ] --START--
INFO: [ template_filter ] --START--
INFO: Run Behavior\ContentReplaceBehavior [ RunTime:0.000000s ]
INFO: [ template_filter ] --END-- [ RunTime:0.000000s ]
NOTIC: [8] Undefined variable: index_active G:\github\gaozi\Application\Runtime\Cache\Home\58dcbc0a6aedef7ee219b145fa55354f.php 第 24 行.
INFO: Run Behavior\ParseTemplateBehavior [ RunTime:0.007000s ]
INFO: [ view_parse ] --END-- [ RunTime:0.007000s ]
INFO: [ view_filter ] --START--
INFO: Run Behavior\WriteHtmlCacheBehavior [ RunTime:0.000000s ]
INFO: [ view_filter ] --END-- [ RunTime:0.000000s ]
INFO: [ app_end ] --START--
INFO: Run Behavior\ShowPageTraceBehavior [ RunTime:0.001001s ]
INFO: [ app_end ] --END-- [ RunTime:0.001001s ]

[ 2014-10-24T23:14:34+08:00 ] 127.0.0.1 /home/index/info
INFO: [ app_init ] --START--
INFO: Run Behavior\BuildLiteBehavior [ RunTime:0.000000s ]
INFO: [ app_init ] --END-- [ RunTime:0.001000s ]
INFO: [ app_begin ] --START--
INFO: Run Behavior\ReadHtmlCacheBehavior [ RunTime:0.001000s ]
INFO: [ app_begin ] --END-- [ RunTime:0.001000s ]
INFO: [ view_parse ] --START--
INFO: [ template_filter ] --START--
INFO: Run Behavior\ContentReplaceBehavior [ RunTime:0.000000s ]
INFO: [ template_filter ] --END-- [ RunTime:0.000000s ]
NOTIC: [8] Undefined variable: index_active G:\github\gaozi\Application\Runtime\Cache\Home\58dcbc0a6aedef7ee219b145fa55354f.php 第 24 行.
INFO: Run Behavior\ParseTemplateBehavior [ RunTime:0.008001s ]
INFO: [ view_parse ] --END-- [ RunTime:0.008001s ]
INFO: [ view_filter ] --START--
INFO: Run Behavior\WriteHtmlCacheBehavior [ RunTime:0.000000s ]
INFO: [ view_filter ] --END-- [ RunTime:0.000000s ]
INFO: [ app_end ] --START--
INFO: Run Behavior\ShowPageTraceBehavior [ RunTime:0.001000s ]
INFO: [ app_end ] --END-- [ RunTime:0.001000s ]

[ 2014-10-24T23:14:58+08:00 ] 127.0.0.1 /home/index/info
INFO: [ app_init ] --START--
INFO: Run Behavior\BuildLiteBehavior [ RunTime:0.000000s ]
INFO: [ app_init ] --END-- [ RunTime:0.001000s ]
INFO: [ app_begin ] --START--
INFO: Run Behavior\ReadHtmlCacheBehavior [ RunTime:0.001000s ]
INFO: [ app_begin ] --END-- [ RunTime:0.001000s ]
INFO: [ view_parse ] --START--
INFO: [ template_filter ] --START--
INFO: Run Behavior\ContentReplaceBehavior [ RunTime:0.000000s ]
INFO: [ template_filter ] --END-- [ RunTime:0.000000s ]
NOTIC: [8] Undefined variable: index_active G:\github\gaozi\Application\Runtime\Cache\Home\58dcbc0a6aedef7ee219b145fa55354f.php 第 24 行.
INFO: Run Behavior\ParseTemplateBehavior [ RunTime:0.007001s ]
INFO: [ view_parse ] --END-- [ RunTime:0.007001s ]
INFO: [ view_filter ] --START--
INFO: Run Behavior\WriteHtmlCacheBehavior [ RunTime:0.000000s ]
INFO: [ view_filter ] --END-- [ RunTime:0.000000s ]
INFO: [ app_end ] --START--
INFO: Run Behavior\ShowPageTraceBehavior [ RunTime:0.001000s ]
INFO: [ app_end ] --END-- [ RunTime:0.001000s ]

[ 2014-10-24T23:15:04+08:00 ] 127.0.0.1 /home/index/info
INFO: [ app_init ] --START--
INFO: Run Behavior\BuildLiteBehavior [ RunTime:0.000000s ]
INFO: [ app_init ] --END-- [ RunTime:0.000000s ]
INFO: [ app_begin ] --START--
INFO: Run Behavior\ReadHtmlCacheBehavior [ RunTime:0.000000s ]
INFO: [ app_begin ] --END-- [ RunTime:0.000000s ]
INFO: [ view_parse ] --START--
INFO: [ template_filter ] --START--
INFO: Run Behavior\ContentReplaceBehavior [ RunTime:0.001000s ]
INFO: [ template_filter ] --END-- [ RunTime:0.001000s ]
NOTIC: [8] Undefined variable: index_active G:\github\gaozi\Application\Runtime\Cache\Home\58dcbc0a6aedef7ee219b145fa55354f.php 第 24 行.
INFO: Run Behavior\ParseTemplateBehavior [ RunTime:0.006000s ]
INFO: [ view_parse ] --END-- [ RunTime:0.006000s ]
INFO: [ view_filter ] --START--
INFO: Run Behavior\WriteHtmlCacheBehavior [ RunTime:0.001000s ]
INFO: [ view_filter ] --END-- [ RunTime:0.001000s ]
INFO: [ app_end ] --START--
INFO: Run Behavior\ShowPageTraceBehavior [ RunTime:0.001000s ]
INFO: [ app_end ] --END-- [ RunTime:0.001000s ]

[ 2014-10-24T23:15:09+08:00 ] 127.0.0.1 /home/index/info
INFO: [ app_init ] --START--
INFO: Run Behavior\BuildLiteBehavior [ RunTime:0.000000s ]
INFO: [ app_init ] --END-- [ RunTime:0.001000s ]
INFO: [ app_begin ] --START--
INFO: Run Behavior\ReadHtmlCacheBehavior [ RunTime:0.000000s ]
INFO: [ app_begin ] --END-- [ RunTime:0.000000s ]
INFO: [ view_parse ] --START--
INFO: [ template_filter ] --START--
INFO: Run Behavior\ContentReplaceBehavior [ RunTime:0.000000s ]
INFO: [ template_filter ] --END-- [ RunTime:0.000000s ]
NOTIC: [8] Undefined variable: index_active G:\github\gaozi\Application\Runtime\Cache\Home\58dcbc0a6aedef7ee219b145fa55354f.php 第 24 行.
INFO: Run Behavior\ParseTemplateBehavior [ RunTime:0.007001s ]
INFO: [ view_parse ] --END-- [ RunTime:0.007001s ]
INFO: [ view_filter ] --START--
INFO: Run Behavior\WriteHtmlCacheBehavior [ RunTime:0.000000s ]
INFO: [ view_filter ] --END-- [ RunTime:0.000000s ]
INFO: [ app_end ] --START--
INFO: Run Behavior\ShowPageTraceBehavior [ RunTime:0.001000s ]
INFO: [ app_end ] --END-- [ RunTime:0.001000s ]

[ 2014-10-24T23:15:49+08:00 ] 127.0.0.1 /home/index/info
INFO: [ app_init ] --START--
INFO: Run Behavior\BuildLiteBehavior [ RunTime:0.000000s ]
INFO: [ app_init ] --END-- [ RunTime:0.001000s ]
INFO: [ app_begin ] --START--
INFO: Run Behavior\ReadHtmlCacheBehavior [ RunTime:0.001000s ]
INFO: [ app_begin ] --END-- [ RunTime:0.001000s ]
INFO: [ view_parse ] --START--
INFO: [ template_filter ] --START--
INFO: Run Behavior\ContentReplaceBehavior [ RunTime:0.000000s ]
INFO: [ template_filter ] --END-- [ RunTime:0.000000s ]
NOTIC: [8] Undefined variable: index_active G:\github\gaozi\Application\Runtime\Cache\Home\58dcbc0a6aedef7ee219b145fa55354f.php 第 24 行.
INFO: Run Behavior\ParseTemplateBehavior [ RunTime:0.005000s ]
INFO: [ view_parse ] --END-- [ RunTime:0.005000s ]
INFO: [ view_filter ] --START--
INFO: Run Behavior\WriteHtmlCacheBehavior [ RunTime:0.000000s ]
INFO: [ view_filter ] --END-- [ RunTime:0.000000s ]
INFO: [ app_end ] --START--
INFO: Run Behavior\ShowPageTraceBehavior [ RunTime:0.001000s ]
INFO: [ app_end ] --END-- [ RunTime:0.001000s ]

[ 2014-10-24T23:16:11+08:00 ] 127.0.0.1 /home/index/info
INFO: [ app_init ] --START--
INFO: Run Behavior\BuildLiteBehavior [ RunTime:0.000000s ]
INFO: [ app_init ] --END-- [ RunTime:0.000000s ]
INFO: [ app_begin ] --START--
INFO: Run Behavior\ReadHtmlCacheBehavior [ RunTime:0.001001s ]
INFO: [ app_begin ] --END-- [ RunTime:0.001001s ]
INFO: [ view_parse ] --START--
INFO: [ template_filter ] --START--
INFO: Run Behavior\ContentReplaceBehavior [ RunTime:0.000000s ]
INFO: [ template_filter ] --END-- [ RunTime:0.000000s ]
NOTIC: [8] Undefined variable: index_active G:\github\gaozi\Application\Runtime\Cache\Home\58dcbc0a6aedef7ee219b145fa55354f.php 第 24 行.
INFO: Run Behavior\ParseTemplateBehavior [ RunTime:0.008000s ]
INFO: [ view_parse ] --END-- [ RunTime:0.008000s ]
INFO: [ view_filter ] --START--
INFO: Run Behavior\WriteHtmlCacheBehavior [ RunTime:0.000000s ]
INFO: [ view_filter ] --END-- [ RunTime:0.000000s ]
INFO: [ app_end ] --START--
INFO: Run Behavior\ShowPageTraceBehavior [ RunTime:0.001000s ]
INFO: [ app_end ] --END-- [ RunTime:0.001000s ]

[ 2014-10-24T23:16:26+08:00 ] 127.0.0.1 /home/index/info
INFO: [ app_init ] --START--
INFO: Run Behavior\BuildLiteBehavior [ RunTime:0.000000s ]
INFO: [ app_init ] --END-- [ RunTime:0.001000s ]
INFO: [ app_begin ] --START--
INFO: Run Behavior\ReadHtmlCacheBehavior [ RunTime:0.001001s ]
INFO: [ app_begin ] --END-- [ RunTime:0.001001s ]
INFO: [ view_parse ] --START--
INFO: [ template_filter ] --START--
INFO: Run Behavior\ContentReplaceBehavior [ RunTime:0.000000s ]
INFO: [ template_filter ] --END-- [ RunTime:0.000000s ]
NOTIC: [8] Undefined variable: index_active G:\github\gaozi\Application\Runtime\Cache\Home\58dcbc0a6aedef7ee219b145fa55354f.php 第 24 行.
INFO: Run Behavior\ParseTemplateBehavior [ RunTime:0.008000s ]
INFO: [ view_parse ] --END-- [ RunTime:0.008000s ]
INFO: [ view_filter ] --START--
INFO: Run Behavior\WriteHtmlCacheBehavior [ RunTime:0.000000s ]
INFO: [ view_filter ] --END-- [ RunTime:0.000000s ]
INFO: [ app_end ] --START--
INFO: Run Behavior\ShowPageTraceBehavior [ RunTime:0.001000s ]
INFO: [ app_end ] --END-- [ RunTime:0.001000s ]

[ 2014-10-24T23:16:35+08:00 ] 127.0.0.1 /home/index/info
INFO: [ app_init ] --START--
INFO: Run Behavior\BuildLiteBehavior [ RunTime:0.000000s ]
INFO: [ app_init ] --END-- [ RunTime:0.000000s ]
INFO: [ app_begin ] --START--
INFO: Run Behavior\ReadHtmlCacheBehavior [ RunTime:0.000000s ]
INFO: [ app_begin ] --END-- [ RunTime:0.001000s ]
INFO: [ view_parse ] --START--
INFO: [ template_filter ] --START--
INFO: Run Behavior\ContentReplaceBehavior [ RunTime:0.000000s ]
INFO: [ template_filter ] --END-- [ RunTime:0.000000s ]
NOTIC: [8] Undefined variable: index_active G:\github\gaozi\Application\Runtime\Cache\Home\58dcbc0a6aedef7ee219b145fa55354f.php 第 24 行.
INFO: Run Behavior\ParseTemplateBehavior [ RunTime:0.007001s ]
INFO: [ view_parse ] --END-- [ RunTime:0.007001s ]
INFO: [ view_filter ] --START--
INFO: Run Behavior\WriteHtmlCacheBehavior [ RunTime:0.001000s ]
INFO: [ view_filter ] --END-- [ RunTime:0.001000s ]
INFO: [ app_end ] --START--
INFO: Run Behavior\ShowPageTraceBehavior [ RunTime:0.000000s ]
INFO: [ app_end ] --END-- [ RunTime:0.001000s ]

[ 2014-10-24T23:18:22+08:00 ] 127.0.0.1 /home/index/info
INFO: [ app_init ] --START--
INFO: Run Behavior\BuildLiteBehavior [ RunTime:0.000000s ]
INFO: [ app_init ] --END-- [ RunTime:0.001000s ]
INFO: [ app_begin ] --START--
INFO: Run Behavior\ReadHtmlCacheBehavior [ RunTime:0.001001s ]
INFO: [ app_begin ] --END-- [ RunTime:0.001001s ]
INFO: [ view_parse ] --START--
INFO: [ template_filter ] --START--
INFO: Run Behavior\ContentReplaceBehavior [ RunTime:0.000000s ]
INFO: [ template_filter ] --END-- [ RunTime:0.000000s ]
NOTIC: [8] Undefined variable: index_active G:\github\gaozi\Application\Runtime\Cache\Home\58dcbc0a6aedef7ee219b145fa55354f.php 第 24 行.
INFO: Run Behavior\ParseTemplateBehavior [ RunTime:0.008000s ]
INFO: [ view_parse ] --END-- [ RunTime:0.008000s ]
INFO: [ view_filter ] --START--
INFO: Run Behavior\WriteHtmlCacheBehavior [ RunTime:0.001000s ]
INFO: [ view_filter ] --END-- [ RunTime:0.001000s ]
INFO: [ app_end ] --START--
INFO: Run Behavior\ShowPageTraceBehavior [ RunTime:0.000000s ]
INFO: [ app_end ] --END-- [ RunTime:0.000000s ]

[ 2014-10-24T23:18:48+08:00 ] 127.0.0.1 /home/index/info
INFO: [ app_init ] --START--
INFO: Run Behavior\BuildLiteBehavior [ RunTime:0.000000s ]
INFO: [ app_init ] --END-- [ RunTime:0.002000s ]
INFO: [ app_begin ] --START--
INFO: Run Behavior\ReadHtmlCacheBehavior [ RunTime:0.001000s ]
INFO: [ app_begin ] --END-- [ RunTime:0.001000s ]
INFO: [ view_parse ] --START--
INFO: [ template_filter ] --START--
INFO: Run Behavior\ContentReplaceBehavior [ RunTime:0.001000s ]
INFO: [ template_filter ] --END-- [ RunTime:0.001000s ]
NOTIC: [8] Undefined variable: index_active G:\github\gaozi\Application\Runtime\Cache\Home\58dcbc0a6aedef7ee219b145fa55354f.php 第 24 行.
INFO: Run Behavior\ParseTemplateBehavior [ RunTime:0.007001s ]
INFO: [ view_parse ] --END-- [ RunTime:0.007001s ]
INFO: [ view_filter ] --START--
INFO: Run Behavior\WriteHtmlCacheBehavior [ RunTime:0.000000s ]
INFO: [ view_filter ] --END-- [ RunTime:0.000000s ]
INFO: [ app_end ] --START--
INFO: Run Behavior\ShowPageTraceBehavior [ RunTime:0.001000s ]
INFO: [ app_end ] --END-- [ RunTime:0.001000s ]

[ 2014-10-24T23:18:50+08:00 ] 127.0.0.1 /home/index/info
INFO: [ app_init ] --START--
INFO: Run Behavior\BuildLiteBehavior [ RunTime:0.000000s ]
INFO: [ app_init ] --END-- [ RunTime:0.000000s ]
INFO: [ app_begin ] --START--
INFO: Run Behavior\ReadHtmlCacheBehavior [ RunTime:0.001000s ]
INFO: [ app_begin ] --END-- [ RunTime:0.001000s ]
INFO: [ view_parse ] --START--
INFO: [ template_filter ] --START--
INFO: Run Behavior\ContentReplaceBehavior [ RunTime:0.000000s ]
INFO: [ template_filter ] --END-- [ RunTime:0.000000s ]
NOTIC: [8] Undefined variable: index_active G:\github\gaozi\Application\Runtime\Cache\Home\58dcbc0a6aedef7ee219b145fa55354f.php 第 24 行.
INFO: Run Behavior\ParseTemplateBehavior [ RunTime:0.006000s ]
INFO: [ view_parse ] --END-- [ RunTime:0.006000s ]
INFO: [ view_filter ] --START--
INFO: Run Behavior\WriteHtmlCacheBehavior [ RunTime:0.000000s ]
INFO: [ view_filter ] --END-- [ RunTime:0.001000s ]
INFO: [ app_end ] --START--
INFO: Run Behavior\ShowPageTraceBehavior [ RunTime:0.000000s ]
INFO: [ app_end ] --END-- [ RunTime:0.000000s ]

[ 2014-10-24T23:19:40+08:00 ] 127.0.0.1 /home/index/info
INFO: [ app_init ] --START--
INFO: Run Behavior\BuildLiteBehavior [ RunTime:0.000000s ]
INFO: [ app_init ] --END-- [ RunTime:0.000000s ]
INFO: [ app_begin ] --START--
INFO: Run Behavior\ReadHtmlCacheBehavior [ RunTime:0.001000s ]
INFO: [ app_begin ] --END-- [ RunTime:0.001000s ]
INFO: [ view_parse ] --START--
INFO: [ template_filter ] --START--
INFO: Run Behavior\ContentReplaceBehavior [ RunTime:0.000000s ]
INFO: [ template_filter ] --END-- [ RunTime:0.000000s ]
NOTIC: [8] Undefined variable: index_active G:\github\gaozi\Application\Runtime\Cache\Home\58dcbc0a6aedef7ee219b145fa55354f.php 第 24 行.
INFO: Run Behavior\ParseTemplateBehavior [ RunTime:0.007001s ]
INFO: [ view_parse ] --END-- [ RunTime:0.007001s ]
INFO: [ view_filter ] --START--
INFO: Run Behavior\WriteHtmlCacheBehavior [ RunTime:0.000000s ]
INFO: [ view_filter ] --END-- [ RunTime:0.000000s ]
INFO: [ app_end ] --START--
INFO: Run Behavior\ShowPageTraceBehavior [ RunTime:0.001000s ]
INFO: [ app_end ] --END-- [ RunTime:0.001000s ]

[ 2014-10-24T23:20:52+08:00 ] 127.0.0.1 /home/index/info
INFO: [ app_init ] --START--
INFO: Run Behavior\BuildLiteBehavior [ RunTime:0.000000s ]
INFO: [ app_init ] --END-- [ RunTime:0.001000s ]
INFO: [ app_begin ] --START--
INFO: Run Behavior\ReadHtmlCacheBehavior [ RunTime:0.001000s ]
INFO: [ app_begin ] --END-- [ RunTime:0.001000s ]
INFO: [ view_parse ] --START--
INFO: [ template_filter ] --START--
INFO: Run Behavior\ContentReplaceBehavior [ RunTime:0.000000s ]
INFO: [ template_filter ] --END-- [ RunTime:0.000000s ]
NOTIC: [8] Undefined variable: index_active G:\github\gaozi\Application\Runtime\Cache\Home\58dcbc0a6aedef7ee219b145fa55354f.php 第 24 行.
INFO: Run Behavior\ParseTemplateBehavior [ RunTime:0.008000s ]
INFO: [ view_parse ] --END-- [ RunTime:0.008000s ]
INFO: [ view_filter ] --START--
INFO: Run Behavior\WriteHtmlCacheBehavior [ RunTime:0.000000s ]
INFO: [ view_filter ] --END-- [ RunTime:0.000000s ]
INFO: [ app_end ] --START--
INFO: Run Behavior\ShowPageTraceBehavior [ RunTime:0.001000s ]
INFO: [ app_end ] --END-- [ RunTime:0.001000s ]

