[ 2014-11-18T22:36:48+08:00 ] 127.0.0.1 /
INFO: [ app_init ] --START--
INFO: Run Behavior\BuildLiteBehavior [ RunTime:0.000000s ]
INFO: [ app_init ] --END-- [ RunTime:0.000000s ]
INFO: [ app_begin ] --START--
INFO: Run Behavior\ReadHtmlCacheBehavior [ RunTime:0.000000s ]
INFO: [ app_begin ] --END-- [ RunTime:0.000000s ]
SQL: SHOW COLUMNS FROM `db_news` [ RunTime:0.000000s ]
SQL: SELECT * FROM `db_news` WHERE ( type != 1 ) ORDER BY nid desc  [ RunTime:0.000000s ]
SQL: SELECT * FROM `db_news` WHERE ( type = 1 ) ORDER BY nid desc  [ RunTime:0.000000s ]
SQL: SHOW COLUMNS FROM `db_study` [ RunTime:0.010000s ]
SQL: SELECT * FROM `db_study` ORDER BY id desc  [ RunTime:0.000000s ]
SQL: SHOW COLUMNS FROM `db_user_info` [ RunTime:0.000000s ]
SQL: SELECT * FROM `db_user_info` WHERE ( type != 0 ) ORDER BY uid desc  [ RunTime:0.000000s ]
SQL: SHOW COLUMNS FROM `db_links` [ RunTime:0.000000s ]
SQL: SELECT * FROM `db_links`  [ RunTime:0.000000s ]
INFO: [ view_parse ] --START--
INFO: [ template_filter ] --START--
INFO: Run Behavior\ContentReplaceBehavior [ RunTime:0.000000s ]
INFO: [ template_filter ] --END-- [ RunTime:0.000000s ]
NOTIC: [8] Undefined variable: info_active G:\github\gaozi\Application\Runtime\Cache\Home\2a94b8bda04ff446dcedd42276fc99ee.php 第 26 行.
NOTIC: [8] Undefined variable: news_active G:\github\gaozi\Application\Runtime\Cache\Home\2a94b8bda04ff446dcedd42276fc99ee.php 第 27 行.
NOTIC: [8] Undefined variable: member_active G:\github\gaozi\Application\Runtime\Cache\Home\2a94b8bda04ff446dcedd42276fc99ee.php 第 28 行.
NOTIC: [8] Undefined variable: paper_active G:\github\gaozi\Application\Runtime\Cache\Home\2a94b8bda04ff446dcedd42276fc99ee.php 第 29 行.
NOTIC: [8] Undefined variable: projects_active G:\github\gaozi\Application\Runtime\Cache\Home\2a94b8bda04ff446dcedd42276fc99ee.php 第 30 行.
NOTIC: [8] Undefined variable: result_active G:\github\gaozi\Application\Runtime\Cache\Home\2a94b8bda04ff446dcedd42276fc99ee.php 第 31 行.
NOTIC: [8] Undefined variable: link_active G:\github\gaozi\Application\Runtime\Cache\Home\2a94b8bda04ff446dcedd42276fc99ee.php 第 32 行.
NOTIC: [8] Undefined variable: contact_active G:\github\gaozi\Application\Runtime\Cache\Home\2a94b8bda04ff446dcedd42276fc99ee.php 第 33 行.
INFO: Run Behavior\ParseTemplateBehavior [ RunTime:0.000000s ]
INFO: [ view_parse ] --END-- [ RunTime:0.000000s ]
INFO: [ view_filter ] --START--
INFO: Run Behavior\WriteHtmlCacheBehavior [ RunTime:0.000000s ]
INFO: [ view_filter ] --END-- [ RunTime:0.000000s ]
INFO: [ app_end ] --START--
INFO: Run Behavior\ShowPageTraceBehavior [ RunTime:0.000000s ]
INFO: [ app_end ] --END-- [ RunTime:0.000000s ]

[ 2014-11-18T22:42:44+08:00 ] 127.0.0.1 /home/index/info
INFO: [ app_init ] --START--
INFO: Run Behavior\BuildLiteBehavior [ RunTime:0.000000s ]
INFO: [ app_init ] --END-- [ RunTime:0.001000s ]
INFO: [ app_begin ] --START--
INFO: Run Behavior\ReadHtmlCacheBehavior [ RunTime:0.001000s ]
INFO: [ app_begin ] --END-- [ RunTime:0.001000s ]
SQL: SHOW COLUMNS FROM `db_labinfo` [ RunTime:0.037002s ]
SQL: SELECT `info` FROM `db_labinfo`  [ RunTime:0.000000s ]
INFO: [ view_parse ] --START--
INFO: [ template_filter ] --START--
INFO: Run Behavior\ContentReplaceBehavior [ RunTime:0.000000s ]
INFO: [ template_filter ] --END-- [ RunTime:0.000000s ]
NOTIC: [8] Undefined variable: index_active G:\github\gaozi\Application\Runtime\Cache\Home\58dcbc0a6aedef7ee219b145fa55354f.php 第 24 行.
NOTIC: [8] Undefined variable: news_active G:\github\gaozi\Application\Runtime\Cache\Home\58dcbc0a6aedef7ee219b145fa55354f.php 第 26 行.
NOTIC: [8] Undefined variable: member_active G:\github\gaozi\Application\Runtime\Cache\Home\58dcbc0a6aedef7ee219b145fa55354f.php 第 27 行.
NOTIC: [8] Undefined variable: paper_active G:\github\gaozi\Application\Runtime\Cache\Home\58dcbc0a6aedef7ee219b145fa55354f.php 第 28 行.
NOTIC: [8] Undefined variable: projects_active G:\github\gaozi\Application\Runtime\Cache\Home\58dcbc0a6aedef7ee219b145fa55354f.php 第 29 行.
NOTIC: [8] Undefined variable: result_active G:\github\gaozi\Application\Runtime\Cache\Home\58dcbc0a6aedef7ee219b145fa55354f.php 第 30 行.
NOTIC: [8] Undefined variable: link_active G:\github\gaozi\Application\Runtime\Cache\Home\58dcbc0a6aedef7ee219b145fa55354f.php 第 31 行.
NOTIC: [8] Undefined variable: contact_active G:\github\gaozi\Application\Runtime\Cache\Home\58dcbc0a6aedef7ee219b145fa55354f.php 第 32 行.
INFO: Run Behavior\ParseTemplateBehavior [ RunTime:0.023002s ]
INFO: [ view_parse ] --END-- [ RunTime:0.023002s ]
INFO: [ view_filter ] --START--
INFO: Run Behavior\WriteHtmlCacheBehavior [ RunTime:0.001000s ]
INFO: [ view_filter ] --END-- [ RunTime:0.001000s ]
INFO: [ app_end ] --START--
INFO: Run Behavior\ShowPageTraceBehavior [ RunTime:0.000000s ]
INFO: [ app_end ] --END-- [ RunTime:0.000000s ]

[ 2014-11-18T22:42:44+08:00 ] 127.0.0.1 /home/index/news
INFO: [ app_init ] --START--
INFO: Run Behavior\BuildLiteBehavior [ RunTime:0.000000s ]
INFO: [ app_init ] --END-- [ RunTime:0.000000s ]
INFO: [ app_begin ] --START--
INFO: Run Behavior\ReadHtmlCacheBehavior [ RunTime:0.001000s ]
INFO: [ app_begin ] --END-- [ RunTime:0.001000s ]
SQL: SHOW COLUMNS FROM `db_news` [ RunTime:0.003001s ]
SQL: SELECT * FROM `db_news` WHERE ( type != 1 ) ORDER BY nid desc  [ RunTime:0.001000s ]
SQL: SELECT * FROM `db_news` WHERE ( type != 1 ) ORDER BY views desc LIMIT 5   [ RunTime:0.000000s ]
INFO: [ view_parse ] --START--
INFO: [ template_filter ] --START--
INFO: Run Behavior\ContentReplaceBehavior [ RunTime:0.000000s ]
INFO: [ template_filter ] --END-- [ RunTime:0.000000s ]
NOTIC: [8] Undefined variable: index_active G:\github\gaozi\Application\Runtime\Cache\Home\cecb45903f8aa0e33f62e7ce7ef7b49f.php 第 24 行.
NOTIC: [8] Undefined variable: info_active G:\github\gaozi\Application\Runtime\Cache\Home\cecb45903f8aa0e33f62e7ce7ef7b49f.php 第 25 行.
NOTIC: [8] Undefined variable: member_active G:\github\gaozi\Application\Runtime\Cache\Home\cecb45903f8aa0e33f62e7ce7ef7b49f.php 第 27 行.
NOTIC: [8] Undefined variable: paper_active G:\github\gaozi\Application\Runtime\Cache\Home\cecb45903f8aa0e33f62e7ce7ef7b49f.php 第 28 行.
NOTIC: [8] Undefined variable: projects_active G:\github\gaozi\Application\Runtime\Cache\Home\cecb45903f8aa0e33f62e7ce7ef7b49f.php 第 29 行.
NOTIC: [8] Undefined variable: result_active G:\github\gaozi\Application\Runtime\Cache\Home\cecb45903f8aa0e33f62e7ce7ef7b49f.php 第 30 行.
NOTIC: [8] Undefined variable: link_active G:\github\gaozi\Application\Runtime\Cache\Home\cecb45903f8aa0e33f62e7ce7ef7b49f.php 第 31 行.
NOTIC: [8] Undefined variable: contact_active G:\github\gaozi\Application\Runtime\Cache\Home\cecb45903f8aa0e33f62e7ce7ef7b49f.php 第 32 行.
INFO: Run Behavior\ParseTemplateBehavior [ RunTime:0.007000s ]
INFO: [ view_parse ] --END-- [ RunTime:0.007000s ]
INFO: [ view_filter ] --START--
INFO: Run Behavior\WriteHtmlCacheBehavior [ RunTime:0.000000s ]
INFO: [ view_filter ] --END-- [ RunTime:0.000000s ]
INFO: [ app_end ] --START--
INFO: Run Behavior\ShowPageTraceBehavior [ RunTime:0.001000s ]
INFO: [ app_end ] --END-- [ RunTime:0.001000s ]

[ 2014-11-18T22:42:45+08:00 ] 127.0.0.1 /home/index/member
INFO: [ app_init ] --START--
INFO: Run Behavior\BuildLiteBehavior [ RunTime:0.000000s ]
INFO: [ app_init ] --END-- [ RunTime:0.001000s ]
INFO: [ app_begin ] --START--
INFO: Run Behavior\ReadHtmlCacheBehavior [ RunTime:0.001000s ]
INFO: [ app_begin ] --END-- [ RunTime:0.001000s ]
SQL: SHOW COLUMNS FROM `db_user_info` [ RunTime:0.004000s ]
SQL: SELECT * FROM `db_user_info` WHERE ( type = 0 ) ORDER BY uid desc  [ RunTime:0.000000s ]
SQL: SELECT * FROM `db_user_info` WHERE ( type != 0 ) ORDER BY uid desc  [ RunTime:0.000000s ]
INFO: [ view_parse ] --START--
INFO: [ template_filter ] --START--
INFO: Run Behavior\ContentReplaceBehavior [ RunTime:0.001000s ]
INFO: [ template_filter ] --END-- [ RunTime:0.001000s ]
NOTIC: [8] Undefined variable: index_active G:\github\gaozi\Application\Runtime\Cache\Home\0034c409d5ac2c07ac3f17b1b2ad5d84.php 第 24 行.
NOTIC: [8] Undefined variable: info_active G:\github\gaozi\Application\Runtime\Cache\Home\0034c409d5ac2c07ac3f17b1b2ad5d84.php 第 25 行.
NOTIC: [8] Undefined variable: news_active G:\github\gaozi\Application\Runtime\Cache\Home\0034c409d5ac2c07ac3f17b1b2ad5d84.php 第 26 行.
NOTIC: [8] Undefined variable: paper_active G:\github\gaozi\Application\Runtime\Cache\Home\0034c409d5ac2c07ac3f17b1b2ad5d84.php 第 28 行.
NOTIC: [8] Undefined variable: projects_active G:\github\gaozi\Application\Runtime\Cache\Home\0034c409d5ac2c07ac3f17b1b2ad5d84.php 第 29 行.
NOTIC: [8] Undefined variable: result_active G:\github\gaozi\Application\Runtime\Cache\Home\0034c409d5ac2c07ac3f17b1b2ad5d84.php 第 30 行.
NOTIC: [8] Undefined variable: link_active G:\github\gaozi\Application\Runtime\Cache\Home\0034c409d5ac2c07ac3f17b1b2ad5d84.php 第 31 行.
NOTIC: [8] Undefined variable: contact_active G:\github\gaozi\Application\Runtime\Cache\Home\0034c409d5ac2c07ac3f17b1b2ad5d84.php 第 32 行.
INFO: Run Behavior\ParseTemplateBehavior [ RunTime:0.007001s ]
INFO: [ view_parse ] --END-- [ RunTime:0.007001s ]
INFO: [ view_filter ] --START--
INFO: Run Behavior\WriteHtmlCacheBehavior [ RunTime:0.000000s ]
INFO: [ view_filter ] --END-- [ RunTime:0.000000s ]
INFO: [ app_end ] --START--
INFO: Run Behavior\ShowPageTraceBehavior [ RunTime:0.001000s ]
INFO: [ app_end ] --END-- [ RunTime:0.001000s ]

[ 2014-11-18T22:42:47+08:00 ] 127.0.0.1 /home/index/paper
INFO: [ app_init ] --START--
INFO: Run Behavior\BuildLiteBehavior [ RunTime:0.000000s ]
INFO: [ app_init ] --END-- [ RunTime:0.001000s ]
INFO: [ app_begin ] --START--
INFO: Run Behavior\ReadHtmlCacheBehavior [ RunTime:0.000000s ]
INFO: [ app_begin ] --END-- [ RunTime:0.002000s ]
INFO: [ view_parse ] --START--
INFO: [ template_filter ] --START--
INFO: Run Behavior\ContentReplaceBehavior [ RunTime:0.000000s ]
INFO: [ template_filter ] --END-- [ RunTime:0.000000s ]
NOTIC: [8] Undefined variable: index_active G:\github\gaozi\Application\Runtime\Cache\Home\e62ece094d52bdb2f61a2a5604f95112.php 第 24 行.
NOTIC: [8] Undefined variable: info_active G:\github\gaozi\Application\Runtime\Cache\Home\e62ece094d52bdb2f61a2a5604f95112.php 第 25 行.
NOTIC: [8] Undefined variable: news_active G:\github\gaozi\Application\Runtime\Cache\Home\e62ece094d52bdb2f61a2a5604f95112.php 第 26 行.
NOTIC: [8] Undefined variable: member_active G:\github\gaozi\Application\Runtime\Cache\Home\e62ece094d52bdb2f61a2a5604f95112.php 第 27 行.
NOTIC: [8] Undefined variable: projects_active G:\github\gaozi\Application\Runtime\Cache\Home\e62ece094d52bdb2f61a2a5604f95112.php 第 29 行.
NOTIC: [8] Undefined variable: result_active G:\github\gaozi\Application\Runtime\Cache\Home\e62ece094d52bdb2f61a2a5604f95112.php 第 30 行.
NOTIC: [8] Undefined variable: link_active G:\github\gaozi\Application\Runtime\Cache\Home\e62ece094d52bdb2f61a2a5604f95112.php 第 31 行.
NOTIC: [8] Undefined variable: contact_active G:\github\gaozi\Application\Runtime\Cache\Home\e62ece094d52bdb2f61a2a5604f95112.php 第 32 行.
INFO: Run Behavior\ParseTemplateBehavior [ RunTime:0.017001s ]
INFO: [ view_parse ] --END-- [ RunTime:0.017001s ]
INFO: [ view_filter ] --START--
INFO: Run Behavior\WriteHtmlCacheBehavior [ RunTime:0.000000s ]
INFO: [ view_filter ] --END-- [ RunTime:0.000000s ]
INFO: [ app_end ] --START--
INFO: Run Behavior\ShowPageTraceBehavior [ RunTime:0.000000s ]
INFO: [ app_end ] --END-- [ RunTime:0.000000s ]

[ 2014-11-18T22:42:48+08:00 ] 127.0.0.1 /home/index/projects
INFO: [ app_init ] --START--
INFO: Run Behavior\BuildLiteBehavior [ RunTime:0.000000s ]
INFO: [ app_init ] --END-- [ RunTime:0.000000s ]
INFO: [ app_begin ] --START--
INFO: Run Behavior\ReadHtmlCacheBehavior [ RunTime:0.001000s ]
INFO: [ app_begin ] --END-- [ RunTime:0.001000s ]
SQL: SHOW COLUMNS FROM `db_projects` [ RunTime:0.014001s ]
SQL: SELECT * FROM `db_projects` ORDER BY id desc  [ RunTime:0.000000s ]
INFO: [ view_parse ] --START--
INFO: [ template_filter ] --START--
INFO: Run Behavior\ContentReplaceBehavior [ RunTime:0.000000s ]
INFO: [ template_filter ] --END-- [ RunTime:0.000000s ]
NOTIC: [8] Undefined variable: index_active G:\github\gaozi\Application\Runtime\Cache\Home\70f18358bcf8be8f1521f277990280d6.php 第 24 行.
NOTIC: [8] Undefined variable: info_active G:\github\gaozi\Application\Runtime\Cache\Home\70f18358bcf8be8f1521f277990280d6.php 第 25 行.
NOTIC: [8] Undefined variable: news_active G:\github\gaozi\Application\Runtime\Cache\Home\70f18358bcf8be8f1521f277990280d6.php 第 26 行.
NOTIC: [8] Undefined variable: member_active G:\github\gaozi\Application\Runtime\Cache\Home\70f18358bcf8be8f1521f277990280d6.php 第 27 行.
NOTIC: [8] Undefined variable: paper_active G:\github\gaozi\Application\Runtime\Cache\Home\70f18358bcf8be8f1521f277990280d6.php 第 28 行.
NOTIC: [8] Undefined variable: result_active G:\github\gaozi\Application\Runtime\Cache\Home\70f18358bcf8be8f1521f277990280d6.php 第 30 行.
NOTIC: [8] Undefined variable: link_active G:\github\gaozi\Application\Runtime\Cache\Home\70f18358bcf8be8f1521f277990280d6.php 第 31 行.
NOTIC: [8] Undefined variable: contact_active G:\github\gaozi\Application\Runtime\Cache\Home\70f18358bcf8be8f1521f277990280d6.php 第 32 行.
INFO: Run Behavior\ParseTemplateBehavior [ RunTime:0.027001s ]
INFO: [ view_parse ] --END-- [ RunTime:0.027001s ]
INFO: [ view_filter ] --START--
INFO: Run Behavior\WriteHtmlCacheBehavior [ RunTime:0.000000s ]
INFO: [ view_filter ] --END-- [ RunTime:0.000000s ]
INFO: [ app_end ] --START--
INFO: Run Behavior\ShowPageTraceBehavior [ RunTime:0.001000s ]
INFO: [ app_end ] --END-- [ RunTime:0.001000s ]

[ 2014-11-18T22:42:49+08:00 ] 127.0.0.1 /home/index/result
INFO: [ app_init ] --START--
INFO: Run Behavior\BuildLiteBehavior [ RunTime:0.000000s ]
INFO: [ app_init ] --END-- [ RunTime:0.001001s ]
INFO: [ app_begin ] --START--
INFO: Run Behavior\ReadHtmlCacheBehavior [ RunTime:0.001000s ]
INFO: [ app_begin ] --END-- [ RunTime:0.001000s ]
INFO: [ view_parse ] --START--
INFO: [ template_filter ] --START--
INFO: Run Behavior\ContentReplaceBehavior [ RunTime:0.000000s ]
INFO: [ template_filter ] --END-- [ RunTime:0.000000s ]
NOTIC: [8] Undefined variable: index_active G:\github\gaozi\Application\Runtime\Cache\Home\52160acf02b94d3c6daf1b9d1b963035.php 第 24 行.
NOTIC: [8] Undefined variable: info_active G:\github\gaozi\Application\Runtime\Cache\Home\52160acf02b94d3c6daf1b9d1b963035.php 第 25 行.
NOTIC: [8] Undefined variable: news_active G:\github\gaozi\Application\Runtime\Cache\Home\52160acf02b94d3c6daf1b9d1b963035.php 第 26 行.
NOTIC: [8] Undefined variable: member_active G:\github\gaozi\Application\Runtime\Cache\Home\52160acf02b94d3c6daf1b9d1b963035.php 第 27 行.
NOTIC: [8] Undefined variable: paper_active G:\github\gaozi\Application\Runtime\Cache\Home\52160acf02b94d3c6daf1b9d1b963035.php 第 28 行.
NOTIC: [8] Undefined variable: projects_active G:\github\gaozi\Application\Runtime\Cache\Home\52160acf02b94d3c6daf1b9d1b963035.php 第 29 行.
NOTIC: [8] Undefined variable: link_active G:\github\gaozi\Application\Runtime\Cache\Home\52160acf02b94d3c6daf1b9d1b963035.php 第 31 行.
NOTIC: [8] Undefined variable: contact_active G:\github\gaozi\Application\Runtime\Cache\Home\52160acf02b94d3c6daf1b9d1b963035.php 第 32 行.
INFO: Run Behavior\ParseTemplateBehavior [ RunTime:0.020001s ]
INFO: [ view_parse ] --END-- [ RunTime:0.020001s ]
INFO: [ view_filter ] --START--
INFO: Run Behavior\WriteHtmlCacheBehavior [ RunTime:0.000000s ]
INFO: [ view_filter ] --END-- [ RunTime:0.000000s ]
INFO: [ app_end ] --START--
INFO: Run Behavior\ShowPageTraceBehavior [ RunTime:0.001000s ]
INFO: [ app_end ] --END-- [ RunTime:0.001000s ]

[ 2014-11-18T22:42:50+08:00 ] 127.0.0.1 /home/index/link
INFO: [ app_init ] --START--
INFO: Run Behavior\BuildLiteBehavior [ RunTime:0.000000s ]
INFO: [ app_init ] --END-- [ RunTime:0.000000s ]
INFO: [ app_begin ] --START--
INFO: Run Behavior\ReadHtmlCacheBehavior [ RunTime:0.001000s ]
INFO: [ app_begin ] --END-- [ RunTime:0.001000s ]
SQL: SHOW COLUMNS FROM `db_links` [ RunTime:0.002000s ]
SQL: SELECT * FROM `db_links`  [ RunTime:0.000000s ]
INFO: [ view_parse ] --START--
INFO: [ template_filter ] --START--
INFO: Run Behavior\ContentReplaceBehavior [ RunTime:0.000000s ]
INFO: [ template_filter ] --END-- [ RunTime:0.000000s ]
NOTIC: [8] Undefined variable: index_active G:\github\gaozi\Application\Runtime\Cache\Home\89b9068fbcbc9f3089adaefcf364d2ad.php 第 24 行.
NOTIC: [8] Undefined variable: info_active G:\github\gaozi\Application\Runtime\Cache\Home\89b9068fbcbc9f3089adaefcf364d2ad.php 第 25 行.
NOTIC: [8] Undefined variable: news_active G:\github\gaozi\Application\Runtime\Cache\Home\89b9068fbcbc9f3089adaefcf364d2ad.php 第 26 行.
NOTIC: [8] Undefined variable: member_active G:\github\gaozi\Application\Runtime\Cache\Home\89b9068fbcbc9f3089adaefcf364d2ad.php 第 27 行.
NOTIC: [8] Undefined variable: paper_active G:\github\gaozi\Application\Runtime\Cache\Home\89b9068fbcbc9f3089adaefcf364d2ad.php 第 28 行.
NOTIC: [8] Undefined variable: projects_active G:\github\gaozi\Application\Runtime\Cache\Home\89b9068fbcbc9f3089adaefcf364d2ad.php 第 29 行.
NOTIC: [8] Undefined variable: result_active G:\github\gaozi\Application\Runtime\Cache\Home\89b9068fbcbc9f3089adaefcf364d2ad.php 第 30 行.
NOTIC: [8] Undefined variable: contact_active G:\github\gaozi\Application\Runtime\Cache\Home\89b9068fbcbc9f3089adaefcf364d2ad.php 第 32 行.
INFO: Run Behavior\ParseTemplateBehavior [ RunTime:0.039002s ]
INFO: [ view_parse ] --END-- [ RunTime:0.039002s ]
INFO: [ view_filter ] --START--
INFO: Run Behavior\WriteHtmlCacheBehavior [ RunTime:0.001000s ]
INFO: [ view_filter ] --END-- [ RunTime:0.001000s ]
INFO: [ app_end ] --START--
INFO: Run Behavior\ShowPageTraceBehavior [ RunTime:0.000000s ]
INFO: [ app_end ] --END-- [ RunTime:0.000000s ]

[ 2014-11-18T22:42:50+08:00 ] 127.0.0.1 /home/index/contact
INFO: [ app_init ] --START--
INFO: Run Behavior\BuildLiteBehavior [ RunTime:0.000000s ]
INFO: [ app_init ] --END-- [ RunTime:0.000000s ]
INFO: [ app_begin ] --START--
INFO: Run Behavior\ReadHtmlCacheBehavior [ RunTime:0.001000s ]
INFO: [ app_begin ] --END-- [ RunTime:0.001000s ]
INFO: [ view_parse ] --START--
INFO: [ template_filter ] --START--
INFO: Run Behavior\ContentReplaceBehavior [ RunTime:0.000000s ]
INFO: [ template_filter ] --END-- [ RunTime:0.000000s ]
NOTIC: [8] Undefined variable: index_active G:\github\gaozi\Application\Runtime\Cache\Home\a873315f4d7930e02d8853d9439fbb36.php 第 24 行.
NOTIC: [8] Undefined variable: info_active G:\github\gaozi\Application\Runtime\Cache\Home\a873315f4d7930e02d8853d9439fbb36.php 第 25 行.
NOTIC: [8] Undefined variable: news_active G:\github\gaozi\Application\Runtime\Cache\Home\a873315f4d7930e02d8853d9439fbb36.php 第 26 行.
NOTIC: [8] Undefined variable: member_active G:\github\gaozi\Application\Runtime\Cache\Home\a873315f4d7930e02d8853d9439fbb36.php 第 27 行.
NOTIC: [8] Undefined variable: paper_active G:\github\gaozi\Application\Runtime\Cache\Home\a873315f4d7930e02d8853d9439fbb36.php 第 28 行.
NOTIC: [8] Undefined variable: projects_active G:\github\gaozi\Application\Runtime\Cache\Home\a873315f4d7930e02d8853d9439fbb36.php 第 29 行.
NOTIC: [8] Undefined variable: result_active G:\github\gaozi\Application\Runtime\Cache\Home\a873315f4d7930e02d8853d9439fbb36.php 第 30 行.
NOTIC: [8] Undefined variable: link_active G:\github\gaozi\Application\Runtime\Cache\Home\a873315f4d7930e02d8853d9439fbb36.php 第 31 行.
INFO: Run Behavior\ParseTemplateBehavior [ RunTime:0.008000s ]
INFO: [ view_parse ] --END-- [ RunTime:0.008000s ]
INFO: [ view_filter ] --START--
INFO: Run Behavior\WriteHtmlCacheBehavior [ RunTime:0.001000s ]
INFO: [ view_filter ] --END-- [ RunTime:0.001000s ]
INFO: [ app_end ] --START--
INFO: Run Behavior\ShowPageTraceBehavior [ RunTime:0.000000s ]
INFO: [ app_end ] --END-- [ RunTime:0.000000s ]

[ 2014-11-18T22:43:41+08:00 ] 127.0.0.1 /home/index/result
INFO: [ app_init ] --START--
INFO: Run Behavior\BuildLiteBehavior [ RunTime:0.000000s ]
INFO: [ app_init ] --END-- [ RunTime:0.000000s ]
INFO: [ app_begin ] --START--
INFO: Run Behavior\ReadHtmlCacheBehavior [ RunTime:0.001000s ]
INFO: [ app_begin ] --END-- [ RunTime:0.001000s ]
INFO: [ view_parse ] --START--
INFO: [ template_filter ] --START--
INFO: Run Behavior\ContentReplaceBehavior [ RunTime:0.000000s ]
INFO: [ template_filter ] --END-- [ RunTime:0.000000s ]
NOTIC: [8] Undefined variable: index_active G:\github\gaozi\Application\Runtime\Cache\Home\52160acf02b94d3c6daf1b9d1b963035.php 第 24 行.
NOTIC: [8] Undefined variable: info_active G:\github\gaozi\Application\Runtime\Cache\Home\52160acf02b94d3c6daf1b9d1b963035.php 第 25 行.
NOTIC: [8] Undefined variable: news_active G:\github\gaozi\Application\Runtime\Cache\Home\52160acf02b94d3c6daf1b9d1b963035.php 第 26 行.
NOTIC: [8] Undefined variable: member_active G:\github\gaozi\Application\Runtime\Cache\Home\52160acf02b94d3c6daf1b9d1b963035.php 第 27 行.
NOTIC: [8] Undefined variable: paper_active G:\github\gaozi\Application\Runtime\Cache\Home\52160acf02b94d3c6daf1b9d1b963035.php 第 28 行.
NOTIC: [8] Undefined variable: projects_active G:\github\gaozi\Application\Runtime\Cache\Home\52160acf02b94d3c6daf1b9d1b963035.php 第 29 行.
NOTIC: [8] Undefined variable: link_active G:\github\gaozi\Application\Runtime\Cache\Home\52160acf02b94d3c6daf1b9d1b963035.php 第 31 行.
NOTIC: [8] Undefined variable: contact_active G:\github\gaozi\Application\Runtime\Cache\Home\52160acf02b94d3c6daf1b9d1b963035.php 第 32 行.
INFO: Run Behavior\ParseTemplateBehavior [ RunTime:0.009000s ]
INFO: [ view_parse ] --END-- [ RunTime:0.009000s ]
INFO: [ view_filter ] --START--
INFO: Run Behavior\WriteHtmlCacheBehavior [ RunTime:0.000000s ]
INFO: [ view_filter ] --END-- [ RunTime:0.000000s ]
INFO: [ app_end ] --START--
INFO: Run Behavior\ShowPageTraceBehavior [ RunTime:0.002000s ]
INFO: [ app_end ] --END-- [ RunTime:0.002000s ]

[ 2014-11-18T22:43:42+08:00 ] 127.0.0.1 /home/index/projects
INFO: [ app_init ] --START--
INFO: Run Behavior\BuildLiteBehavior [ RunTime:0.000000s ]
INFO: [ app_init ] --END-- [ RunTime:0.000000s ]
INFO: [ app_begin ] --START--
INFO: Run Behavior\ReadHtmlCacheBehavior [ RunTime:0.001001s ]
INFO: [ app_begin ] --END-- [ RunTime:0.002001s ]
SQL: SHOW COLUMNS FROM `db_projects` [ RunTime:0.003000s ]
SQL: SELECT * FROM `db_projects` ORDER BY id desc  [ RunTime:0.000000s ]
INFO: [ view_parse ] --START--
INFO: [ template_filter ] --START--
INFO: Run Behavior\ContentReplaceBehavior [ RunTime:0.000000s ]
INFO: [ template_filter ] --END-- [ RunTime:0.000000s ]
NOTIC: [8] Undefined variable: index_active G:\github\gaozi\Application\Runtime\Cache\Home\70f18358bcf8be8f1521f277990280d6.php 第 24 行.
NOTIC: [8] Undefined variable: info_active G:\github\gaozi\Application\Runtime\Cache\Home\70f18358bcf8be8f1521f277990280d6.php 第 25 行.
NOTIC: [8] Undefined variable: news_active G:\github\gaozi\Application\Runtime\Cache\Home\70f18358bcf8be8f1521f277990280d6.php 第 26 行.
NOTIC: [8] Undefined variable: member_active G:\github\gaozi\Application\Runtime\Cache\Home\70f18358bcf8be8f1521f277990280d6.php 第 27 行.
NOTIC: [8] Undefined variable: paper_active G:\github\gaozi\Application\Runtime\Cache\Home\70f18358bcf8be8f1521f277990280d6.php 第 28 行.
NOTIC: [8] Undefined variable: result_active G:\github\gaozi\Application\Runtime\Cache\Home\70f18358bcf8be8f1521f277990280d6.php 第 30 行.
NOTIC: [8] Undefined variable: link_active G:\github\gaozi\Application\Runtime\Cache\Home\70f18358bcf8be8f1521f277990280d6.php 第 31 行.
NOTIC: [8] Undefined variable: contact_active G:\github\gaozi\Application\Runtime\Cache\Home\70f18358bcf8be8f1521f277990280d6.php 第 32 行.
INFO: Run Behavior\ParseTemplateBehavior [ RunTime:0.009001s ]
INFO: [ view_parse ] --END-- [ RunTime:0.009001s ]
INFO: [ view_filter ] --START--
INFO: Run Behavior\WriteHtmlCacheBehavior [ RunTime:0.001000s ]
INFO: [ view_filter ] --END-- [ RunTime:0.001000s ]
INFO: [ app_end ] --START--
INFO: Run Behavior\ShowPageTraceBehavior [ RunTime:0.002000s ]
INFO: [ app_end ] --END-- [ RunTime:0.002000s ]

[ 2014-11-18T22:43:43+08:00 ] 127.0.0.1 /home/index/paper
INFO: [ app_init ] --START--
INFO: Run Behavior\BuildLiteBehavior [ RunTime:0.000000s ]
INFO: [ app_init ] --END-- [ RunTime:0.000000s ]
INFO: [ app_begin ] --START--
INFO: Run Behavior\ReadHtmlCacheBehavior [ RunTime:0.001000s ]
INFO: [ app_begin ] --END-- [ RunTime:0.001000s ]
INFO: [ view_parse ] --START--
INFO: [ template_filter ] --START--
INFO: Run Behavior\ContentReplaceBehavior [ RunTime:0.000000s ]
INFO: [ template_filter ] --END-- [ RunTime:0.000000s ]
NOTIC: [8] Undefined variable: index_active G:\github\gaozi\Application\Runtime\Cache\Home\e62ece094d52bdb2f61a2a5604f95112.php 第 24 行.
NOTIC: [8] Undefined variable: info_active G:\github\gaozi\Application\Runtime\Cache\Home\e62ece094d52bdb2f61a2a5604f95112.php 第 25 行.
NOTIC: [8] Undefined variable: news_active G:\github\gaozi\Application\Runtime\Cache\Home\e62ece094d52bdb2f61a2a5604f95112.php 第 26 行.
NOTIC: [8] Undefined variable: member_active G:\github\gaozi\Application\Runtime\Cache\Home\e62ece094d52bdb2f61a2a5604f95112.php 第 27 行.
NOTIC: [8] Undefined variable: projects_active G:\github\gaozi\Application\Runtime\Cache\Home\e62ece094d52bdb2f61a2a5604f95112.php 第 29 行.
NOTIC: [8] Undefined variable: result_active G:\github\gaozi\Application\Runtime\Cache\Home\e62ece094d52bdb2f61a2a5604f95112.php 第 30 行.
NOTIC: [8] Undefined variable: link_active G:\github\gaozi\Application\Runtime\Cache\Home\e62ece094d52bdb2f61a2a5604f95112.php 第 31 行.
NOTIC: [8] Undefined variable: contact_active G:\github\gaozi\Application\Runtime\Cache\Home\e62ece094d52bdb2f61a2a5604f95112.php 第 32 行.
INFO: Run Behavior\ParseTemplateBehavior [ RunTime:0.011001s ]
INFO: [ view_parse ] --END-- [ RunTime:0.011001s ]
INFO: [ view_filter ] --START--
INFO: Run Behavior\WriteHtmlCacheBehavior [ RunTime:0.001000s ]
INFO: [ view_filter ] --END-- [ RunTime:0.001000s ]
INFO: [ app_end ] --START--
INFO: Run Behavior\ShowPageTraceBehavior [ RunTime:0.001000s ]
INFO: [ app_end ] --END-- [ RunTime:0.001000s ]

[ 2014-11-18T22:43:43+08:00 ] 127.0.0.1 /home/index/member
INFO: [ app_init ] --START--
INFO: Run Behavior\BuildLiteBehavior [ RunTime:0.000000s ]
INFO: [ app_init ] --END-- [ RunTime:0.001000s ]
INFO: [ app_begin ] --START--
INFO: Run Behavior\ReadHtmlCacheBehavior [ RunTime:0.002000s ]
INFO: [ app_begin ] --END-- [ RunTime:0.002000s ]
SQL: SHOW COLUMNS FROM `db_user_info` [ RunTime:0.002000s ]
SQL: SELECT * FROM `db_user_info` WHERE ( type = 0 ) ORDER BY uid desc  [ RunTime:0.000000s ]
SQL: SELECT * FROM `db_user_info` WHERE ( type != 0 ) ORDER BY uid desc  [ RunTime:0.001000s ]
INFO: [ view_parse ] --START--
INFO: [ template_filter ] --START--
INFO: Run Behavior\ContentReplaceBehavior [ RunTime:0.000000s ]
INFO: [ template_filter ] --END-- [ RunTime:0.000000s ]
NOTIC: [8] Undefined variable: index_active G:\github\gaozi\Application\Runtime\Cache\Home\0034c409d5ac2c07ac3f17b1b2ad5d84.php 第 24 行.
NOTIC: [8] Undefined variable: info_active G:\github\gaozi\Application\Runtime\Cache\Home\0034c409d5ac2c07ac3f17b1b2ad5d84.php 第 25 行.
NOTIC: [8] Undefined variable: news_active G:\github\gaozi\Application\Runtime\Cache\Home\0034c409d5ac2c07ac3f17b1b2ad5d84.php 第 26 行.
NOTIC: [8] Undefined variable: paper_active G:\github\gaozi\Application\Runtime\Cache\Home\0034c409d5ac2c07ac3f17b1b2ad5d84.php 第 28 行.
NOTIC: [8] Undefined variable: projects_active G:\github\gaozi\Application\Runtime\Cache\Home\0034c409d5ac2c07ac3f17b1b2ad5d84.php 第 29 行.
NOTIC: [8] Undefined variable: result_active G:\github\gaozi\Application\Runtime\Cache\Home\0034c409d5ac2c07ac3f17b1b2ad5d84.php 第 30 行.
NOTIC: [8] Undefined variable: link_active G:\github\gaozi\Application\Runtime\Cache\Home\0034c409d5ac2c07ac3f17b1b2ad5d84.php 第 31 行.
NOTIC: [8] Undefined variable: contact_active G:\github\gaozi\Application\Runtime\Cache\Home\0034c409d5ac2c07ac3f17b1b2ad5d84.php 第 32 行.
INFO: Run Behavior\ParseTemplateBehavior [ RunTime:0.011001s ]
INFO: [ view_parse ] --END-- [ RunTime:0.011001s ]
INFO: [ view_filter ] --START--
INFO: Run Behavior\WriteHtmlCacheBehavior [ RunTime:0.001000s ]
INFO: [ view_filter ] --END-- [ RunTime:0.001000s ]
INFO: [ app_end ] --START--
INFO: Run Behavior\ShowPageTraceBehavior [ RunTime:0.001000s ]
INFO: [ app_end ] --END-- [ RunTime:0.001000s ]

[ 2014-11-18T22:43:44+08:00 ] 127.0.0.1 /home/index/paper
INFO: [ app_init ] --START--
INFO: Run Behavior\BuildLiteBehavior [ RunTime:0.000000s ]
INFO: [ app_init ] --END-- [ RunTime:0.000000s ]
INFO: [ app_begin ] --START--
INFO: Run Behavior\ReadHtmlCacheBehavior [ RunTime:0.001000s ]
INFO: [ app_begin ] --END-- [ RunTime:0.001000s ]
INFO: [ view_parse ] --START--
INFO: [ template_filter ] --START--
INFO: Run Behavior\ContentReplaceBehavior [ RunTime:0.000000s ]
INFO: [ template_filter ] --END-- [ RunTime:0.000000s ]
NOTIC: [8] Undefined variable: index_active G:\github\gaozi\Application\Runtime\Cache\Home\e62ece094d52bdb2f61a2a5604f95112.php 第 24 行.
NOTIC: [8] Undefined variable: info_active G:\github\gaozi\Application\Runtime\Cache\Home\e62ece094d52bdb2f61a2a5604f95112.php 第 25 行.
NOTIC: [8] Undefined variable: news_active G:\github\gaozi\Application\Runtime\Cache\Home\e62ece094d52bdb2f61a2a5604f95112.php 第 26 行.
NOTIC: [8] Undefined variable: member_active G:\github\gaozi\Application\Runtime\Cache\Home\e62ece094d52bdb2f61a2a5604f95112.php 第 27 行.
NOTIC: [8] Undefined variable: projects_active G:\github\gaozi\Application\Runtime\Cache\Home\e62ece094d52bdb2f61a2a5604f95112.php 第 29 行.
NOTIC: [8] Undefined variable: result_active G:\github\gaozi\Application\Runtime\Cache\Home\e62ece094d52bdb2f61a2a5604f95112.php 第 30 行.
NOTIC: [8] Undefined variable: link_active G:\github\gaozi\Application\Runtime\Cache\Home\e62ece094d52bdb2f61a2a5604f95112.php 第 31 行.
NOTIC: [8] Undefined variable: contact_active G:\github\gaozi\Application\Runtime\Cache\Home\e62ece094d52bdb2f61a2a5604f95112.php 第 32 行.
INFO: Run Behavior\ParseTemplateBehavior [ RunTime:0.011000s ]
INFO: [ view_parse ] --END-- [ RunTime:0.011000s ]
INFO: [ view_filter ] --START--
INFO: Run Behavior\WriteHtmlCacheBehavior [ RunTime:0.001000s ]
INFO: [ view_filter ] --END-- [ RunTime:0.001000s ]
INFO: [ app_end ] --START--
INFO: Run Behavior\ShowPageTraceBehavior [ RunTime:0.002000s ]
INFO: [ app_end ] --END-- [ RunTime:0.002000s ]

[ 2014-11-18T22:43:45+08:00 ] 127.0.0.1 /home/index/result
INFO: [ app_init ] --START--
INFO: Run Behavior\BuildLiteBehavior [ RunTime:0.000000s ]
INFO: [ app_init ] --END-- [ RunTime:0.000000s ]
INFO: [ app_begin ] --START--
INFO: Run Behavior\ReadHtmlCacheBehavior [ RunTime:0.001000s ]
INFO: [ app_begin ] --END-- [ RunTime:0.001000s ]
INFO: [ view_parse ] --START--
INFO: [ template_filter ] --START--
INFO: Run Behavior\ContentReplaceBehavior [ RunTime:0.000000s ]
INFO: [ template_filter ] --END-- [ RunTime:0.000000s ]
NOTIC: [8] Undefined variable: index_active G:\github\gaozi\Application\Runtime\Cache\Home\52160acf02b94d3c6daf1b9d1b963035.php 第 24 行.
NOTIC: [8] Undefined variable: info_active G:\github\gaozi\Application\Runtime\Cache\Home\52160acf02b94d3c6daf1b9d1b963035.php 第 25 行.
NOTIC: [8] Undefined variable: news_active G:\github\gaozi\Application\Runtime\Cache\Home\52160acf02b94d3c6daf1b9d1b963035.php 第 26 行.
NOTIC: [8] Undefined variable: member_active G:\github\gaozi\Application\Runtime\Cache\Home\52160acf02b94d3c6daf1b9d1b963035.php 第 27 行.
NOTIC: [8] Undefined variable: paper_active G:\github\gaozi\Application\Runtime\Cache\Home\52160acf02b94d3c6daf1b9d1b963035.php 第 28 行.
NOTIC: [8] Undefined variable: projects_active G:\github\gaozi\Application\Runtime\Cache\Home\52160acf02b94d3c6daf1b9d1b963035.php 第 29 行.
NOTIC: [8] Undefined variable: link_active G:\github\gaozi\Application\Runtime\Cache\Home\52160acf02b94d3c6daf1b9d1b963035.php 第 31 行.
NOTIC: [8] Undefined variable: contact_active G:\github\gaozi\Application\Runtime\Cache\Home\52160acf02b94d3c6daf1b9d1b963035.php 第 32 行.
INFO: Run Behavior\ParseTemplateBehavior [ RunTime:0.009000s ]
INFO: [ view_parse ] --END-- [ RunTime:0.009000s ]
INFO: [ view_filter ] --START--
INFO: Run Behavior\WriteHtmlCacheBehavior [ RunTime:0.000000s ]
INFO: [ view_filter ] --END-- [ RunTime:0.000000s ]
INFO: [ app_end ] --START--
INFO: Run Behavior\ShowPageTraceBehavior [ RunTime:0.002000s ]
INFO: [ app_end ] --END-- [ RunTime:0.002000s ]

