[ 2014-11-11T21:43:42+08:00 ] 127.0.0.1 /
INFO: [ app_init ] --START--
INFO: Run Behavior\BuildLiteBehavior [ RunTime:0.000000s ]
INFO: [ app_init ] --END-- [ RunTime:0.000000s ]
INFO: [ app_begin ] --START--
INFO: Run Behavior\ReadHtmlCacheBehavior [ RunTime:0.000000s ]
INFO: [ app_begin ] --END-- [ RunTime:0.000000s ]
SQL: SHOW COLUMNS FROM `db_news` [ RunTime:0.020000s ]
SQL: SELECT * FROM `db_news` WHERE ( type != 1 ) ORDER BY nid desc  [ RunTime:0.000000s ]
SQL: SELECT * FROM `db_news` WHERE ( type = 1 ) ORDER BY nid desc  [ RunTime:0.000000s ]
SQL: SHOW COLUMNS FROM `db_study` [ RunTime:0.010000s ]
SQL: SELECT * FROM `db_study` ORDER BY id desc  [ RunTime:0.000000s ]
SQL: SHOW COLUMNS FROM `db_user_info` [ RunTime:0.020000s ]
SQL: SELECT * FROM `db_user_info` WHERE ( type != 0 ) ORDER BY uid desc  [ RunTime:0.000000s ]
SQL: SHOW COLUMNS FROM `db_links` [ RunTime:0.010000s ]
SQL: SELECT * FROM `db_links`  [ RunTime:0.000000s ]
INFO: [ view_parse ] --START--
INFO: [ template_filter ] --START--
INFO: Run Behavior\ContentReplaceBehavior [ RunTime:0.000000s ]
INFO: [ template_filter ] --END-- [ RunTime:0.000000s ]
NOTIC: [8] Undefined variable: info_active G:\github\gaozi\Application\Runtime\Cache\Home\2a94b8bda04ff446dcedd42276fc99ee.php 第 26 行.
NOTIC: [8] Undefined variable: news_active G:\github\gaozi\Application\Runtime\Cache\Home\2a94b8bda04ff446dcedd42276fc99ee.php 第 27 行.
NOTIC: [8] Undefined variable: member_active G:\github\gaozi\Application\Runtime\Cache\Home\2a94b8bda04ff446dcedd42276fc99ee.php 第 28 行.
NOTIC: [8] Undefined variable: paper_active G:\github\gaozi\Application\Runtime\Cache\Home\2a94b8bda04ff446dcedd42276fc99ee.php 第 29 行.
NOTIC: [8] Undefined variable: projects_active G:\github\gaozi\Application\Runtime\Cache\Home\2a94b8bda04ff446dcedd42276fc99ee.php 第 30 行.
NOTIC: [8] Undefined variable: result_active G:\github\gaozi\Application\Runtime\Cache\Home\2a94b8bda04ff446dcedd42276fc99ee.php 第 31 行.
NOTIC: [8] Undefined variable: link_active G:\github\gaozi\Application\Runtime\Cache\Home\2a94b8bda04ff446dcedd42276fc99ee.php 第 32 行.
NOTIC: [8] Undefined variable: contact_active G:\github\gaozi\Application\Runtime\Cache\Home\2a94b8bda04ff446dcedd42276fc99ee.php 第 33 行.
INFO: Run Behavior\ParseTemplateBehavior [ RunTime:0.010000s ]
INFO: [ view_parse ] --END-- [ RunTime:0.010000s ]
INFO: [ view_filter ] --START--
INFO: Run Behavior\WriteHtmlCacheBehavior [ RunTime:0.000000s ]
INFO: [ view_filter ] --END-- [ RunTime:0.000000s ]
INFO: [ app_end ] --START--
INFO: Run Behavior\ShowPageTraceBehavior [ RunTime:0.000000s ]
INFO: [ app_end ] --END-- [ RunTime:0.000000s ]

[ 2014-11-11T21:46:01+08:00 ] 127.0.0.1 /
INFO: [ app_init ] --START--
INFO: Run Behavior\BuildLiteBehavior [ RunTime:0.000000s ]
INFO: [ app_init ] --END-- [ RunTime:0.001000s ]
INFO: [ app_begin ] --START--
INFO: Run Behavior\ReadHtmlCacheBehavior [ RunTime:0.000000s ]
INFO: [ app_begin ] --END-- [ RunTime:0.000000s ]
SQL: SHOW COLUMNS FROM `db_news` [ RunTime:0.003000s ]
SQL: SELECT * FROM `db_news` WHERE ( type != 1 ) ORDER BY nid desc  [ RunTime:0.001000s ]
SQL: SELECT * FROM `db_news` WHERE ( type = 1 ) ORDER BY nid desc  [ RunTime:0.000000s ]
SQL: SHOW COLUMNS FROM `db_study` [ RunTime:0.003001s ]
SQL: SELECT * FROM `db_study` ORDER BY id desc  [ RunTime:0.000000s ]
SQL: SHOW COLUMNS FROM `db_user_info` [ RunTime:0.002000s ]
SQL: SELECT * FROM `db_user_info` WHERE ( type != 0 ) ORDER BY uid desc  [ RunTime:0.000000s ]
SQL: SHOW COLUMNS FROM `db_links` [ RunTime:0.003000s ]
SQL: SELECT * FROM `db_links`  [ RunTime:0.000000s ]
INFO: [ view_parse ] --START--
INFO: [ template_filter ] --START--
INFO: Run Behavior\ContentReplaceBehavior [ RunTime:0.000000s ]
INFO: [ template_filter ] --END-- [ RunTime:0.000000s ]
NOTIC: [8] Undefined variable: info_active G:\github\gaozi\Application\Runtime\Cache\Home\2a94b8bda04ff446dcedd42276fc99ee.php 第 26 行.
NOTIC: [8] Undefined variable: news_active G:\github\gaozi\Application\Runtime\Cache\Home\2a94b8bda04ff446dcedd42276fc99ee.php 第 27 行.
NOTIC: [8] Undefined variable: member_active G:\github\gaozi\Application\Runtime\Cache\Home\2a94b8bda04ff446dcedd42276fc99ee.php 第 28 行.
NOTIC: [8] Undefined variable: paper_active G:\github\gaozi\Application\Runtime\Cache\Home\2a94b8bda04ff446dcedd42276fc99ee.php 第 29 行.
NOTIC: [8] Undefined variable: projects_active G:\github\gaozi\Application\Runtime\Cache\Home\2a94b8bda04ff446dcedd42276fc99ee.php 第 30 行.
NOTIC: [8] Undefined variable: result_active G:\github\gaozi\Application\Runtime\Cache\Home\2a94b8bda04ff446dcedd42276fc99ee.php 第 31 行.
NOTIC: [8] Undefined variable: link_active G:\github\gaozi\Application\Runtime\Cache\Home\2a94b8bda04ff446dcedd42276fc99ee.php 第 32 行.
NOTIC: [8] Undefined variable: contact_active G:\github\gaozi\Application\Runtime\Cache\Home\2a94b8bda04ff446dcedd42276fc99ee.php 第 33 行.
INFO: Run Behavior\ParseTemplateBehavior [ RunTime:0.008000s ]
INFO: [ view_parse ] --END-- [ RunTime:0.008000s ]
INFO: [ view_filter ] --START--
INFO: Run Behavior\WriteHtmlCacheBehavior [ RunTime:0.001001s ]
INFO: [ view_filter ] --END-- [ RunTime:0.001001s ]
INFO: [ app_end ] --START--
INFO: Run Behavior\ShowPageTraceBehavior [ RunTime:0.000000s ]
INFO: [ app_end ] --END-- [ RunTime:0.000000s ]

[ 2014-11-11T21:46:05+08:00 ] 127.0.0.1 /
INFO: [ app_init ] --START--
INFO: Run Behavior\BuildLiteBehavior [ RunTime:0.000000s ]
INFO: [ app_init ] --END-- [ RunTime:0.000000s ]
INFO: [ app_begin ] --START--
INFO: Run Behavior\ReadHtmlCacheBehavior [ RunTime:0.001000s ]
INFO: [ app_begin ] --END-- [ RunTime:0.001000s ]
SQL: SHOW COLUMNS FROM `db_news` [ RunTime:0.002000s ]
SQL: SELECT * FROM `db_news` WHERE ( type != 1 ) ORDER BY nid desc  [ RunTime:0.000000s ]
SQL: SELECT * FROM `db_news` WHERE ( type = 1 ) ORDER BY nid desc  [ RunTime:0.001000s ]
SQL: SHOW COLUMNS FROM `db_study` [ RunTime:0.002000s ]
SQL: SELECT * FROM `db_study` ORDER BY id desc  [ RunTime:0.000000s ]
SQL: SHOW COLUMNS FROM `db_user_info` [ RunTime:0.002000s ]
SQL: SELECT * FROM `db_user_info` WHERE ( type != 0 ) ORDER BY uid desc  [ RunTime:0.001000s ]
SQL: SHOW COLUMNS FROM `db_links` [ RunTime:0.002000s ]
SQL: SELECT * FROM `db_links`  [ RunTime:0.000000s ]
INFO: [ view_parse ] --START--
INFO: [ template_filter ] --START--
INFO: Run Behavior\ContentReplaceBehavior [ RunTime:0.000000s ]
INFO: [ template_filter ] --END-- [ RunTime:0.000000s ]
NOTIC: [8] Undefined variable: info_active G:\github\gaozi\Application\Runtime\Cache\Home\2a94b8bda04ff446dcedd42276fc99ee.php 第 26 行.
NOTIC: [8] Undefined variable: news_active G:\github\gaozi\Application\Runtime\Cache\Home\2a94b8bda04ff446dcedd42276fc99ee.php 第 27 行.
NOTIC: [8] Undefined variable: member_active G:\github\gaozi\Application\Runtime\Cache\Home\2a94b8bda04ff446dcedd42276fc99ee.php 第 28 行.
NOTIC: [8] Undefined variable: paper_active G:\github\gaozi\Application\Runtime\Cache\Home\2a94b8bda04ff446dcedd42276fc99ee.php 第 29 行.
NOTIC: [8] Undefined variable: projects_active G:\github\gaozi\Application\Runtime\Cache\Home\2a94b8bda04ff446dcedd42276fc99ee.php 第 30 行.
NOTIC: [8] Undefined variable: result_active G:\github\gaozi\Application\Runtime\Cache\Home\2a94b8bda04ff446dcedd42276fc99ee.php 第 31 行.
NOTIC: [8] Undefined variable: link_active G:\github\gaozi\Application\Runtime\Cache\Home\2a94b8bda04ff446dcedd42276fc99ee.php 第 32 行.
NOTIC: [8] Undefined variable: contact_active G:\github\gaozi\Application\Runtime\Cache\Home\2a94b8bda04ff446dcedd42276fc99ee.php 第 33 行.
INFO: Run Behavior\ParseTemplateBehavior [ RunTime:0.008000s ]
INFO: [ view_parse ] --END-- [ RunTime:0.008000s ]
INFO: [ view_filter ] --START--
INFO: Run Behavior\WriteHtmlCacheBehavior [ RunTime:0.001000s ]
INFO: [ view_filter ] --END-- [ RunTime:0.001000s ]
INFO: [ app_end ] --START--
INFO: Run Behavior\ShowPageTraceBehavior [ RunTime:0.000000s ]
INFO: [ app_end ] --END-- [ RunTime:0.000000s ]

[ 2014-11-11T21:46:07+08:00 ] 127.0.0.1 /home/search?query=&type=%E6%96%B0%E9%97%BB%E4%B8%AD%E5%BF%83
INFO: [ app_init ] --START--
INFO: Run Behavior\BuildLiteBehavior [ RunTime:0.000000s ]
INFO: [ app_init ] --END-- [ RunTime:0.000000s ]
INFO: [ app_begin ] --START--
INFO: Run Behavior\ReadHtmlCacheBehavior [ RunTime:0.000000s ]
INFO: [ app_begin ] --END-- [ RunTime:0.001000s ]
SQL: SHOW COLUMNS FROM `db_news` [ RunTime:0.004001s ]
SQL: SELECT * FROM `db_news` WHERE ( type =2 and title like "%%"  )  [ RunTime:0.001000s ]
INFO: [ view_parse ] --START--
INFO: [ template_filter ] --START--
INFO: Run Behavior\ContentReplaceBehavior [ RunTime:0.000000s ]
INFO: [ template_filter ] --END-- [ RunTime:0.000000s ]
NOTIC: [8] Undefined variable: index_active G:\github\gaozi\Application\Runtime\Cache\Home\98e208847e32c66f2031e4de8ef4ead5.php 第 26 行.
NOTIC: [8] Undefined variable: info_active G:\github\gaozi\Application\Runtime\Cache\Home\98e208847e32c66f2031e4de8ef4ead5.php 第 27 行.
NOTIC: [8] Undefined variable: news_active G:\github\gaozi\Application\Runtime\Cache\Home\98e208847e32c66f2031e4de8ef4ead5.php 第 28 行.
NOTIC: [8] Undefined variable: member_active G:\github\gaozi\Application\Runtime\Cache\Home\98e208847e32c66f2031e4de8ef4ead5.php 第 29 行.
NOTIC: [8] Undefined variable: paper_active G:\github\gaozi\Application\Runtime\Cache\Home\98e208847e32c66f2031e4de8ef4ead5.php 第 30 行.
NOTIC: [8] Undefined variable: projects_active G:\github\gaozi\Application\Runtime\Cache\Home\98e208847e32c66f2031e4de8ef4ead5.php 第 31 行.
NOTIC: [8] Undefined variable: result_active G:\github\gaozi\Application\Runtime\Cache\Home\98e208847e32c66f2031e4de8ef4ead5.php 第 32 行.
NOTIC: [8] Undefined variable: link_active G:\github\gaozi\Application\Runtime\Cache\Home\98e208847e32c66f2031e4de8ef4ead5.php 第 33 行.
NOTIC: [8] Undefined variable: contact_active G:\github\gaozi\Application\Runtime\Cache\Home\98e208847e32c66f2031e4de8ef4ead5.php 第 34 行.
INFO: Run Behavior\ParseTemplateBehavior [ RunTime:0.010000s ]
INFO: [ view_parse ] --END-- [ RunTime:0.010000s ]
INFO: [ view_filter ] --START--
INFO: Run Behavior\WriteHtmlCacheBehavior [ RunTime:0.000000s ]
INFO: [ view_filter ] --END-- [ RunTime:0.000000s ]
INFO: [ app_end ] --START--
INFO: Run Behavior\ShowPageTraceBehavior [ RunTime:0.001000s ]
INFO: [ app_end ] --END-- [ RunTime:0.001000s ]

[ 2014-11-11T21:46:08+08:00 ] 127.0.0.1 /home/search?query=&type=%E6%96%B0%E9%97%BB%E4%B8%AD%E5%BF%83
INFO: [ app_init ] --START--
INFO: Run Behavior\BuildLiteBehavior [ RunTime:0.000000s ]
INFO: [ app_init ] --END-- [ RunTime:0.000000s ]
INFO: [ app_begin ] --START--
INFO: Run Behavior\ReadHtmlCacheBehavior [ RunTime:0.001000s ]
INFO: [ app_begin ] --END-- [ RunTime:0.001000s ]
SQL: SHOW COLUMNS FROM `db_news` [ RunTime:0.002000s ]
SQL: SELECT * FROM `db_news` WHERE ( type =2 and title like "%%"  )  [ RunTime:0.001000s ]
INFO: [ view_parse ] --START--
INFO: [ template_filter ] --START--
INFO: Run Behavior\ContentReplaceBehavior [ RunTime:0.000000s ]
INFO: [ template_filter ] --END-- [ RunTime:0.000000s ]
NOTIC: [8] Undefined variable: index_active G:\github\gaozi\Application\Runtime\Cache\Home\98e208847e32c66f2031e4de8ef4ead5.php 第 26 行.
NOTIC: [8] Undefined variable: info_active G:\github\gaozi\Application\Runtime\Cache\Home\98e208847e32c66f2031e4de8ef4ead5.php 第 27 行.
NOTIC: [8] Undefined variable: news_active G:\github\gaozi\Application\Runtime\Cache\Home\98e208847e32c66f2031e4de8ef4ead5.php 第 28 行.
NOTIC: [8] Undefined variable: member_active G:\github\gaozi\Application\Runtime\Cache\Home\98e208847e32c66f2031e4de8ef4ead5.php 第 29 行.
NOTIC: [8] Undefined variable: paper_active G:\github\gaozi\Application\Runtime\Cache\Home\98e208847e32c66f2031e4de8ef4ead5.php 第 30 行.
NOTIC: [8] Undefined variable: projects_active G:\github\gaozi\Application\Runtime\Cache\Home\98e208847e32c66f2031e4de8ef4ead5.php 第 31 行.
NOTIC: [8] Undefined variable: result_active G:\github\gaozi\Application\Runtime\Cache\Home\98e208847e32c66f2031e4de8ef4ead5.php 第 32 行.
NOTIC: [8] Undefined variable: link_active G:\github\gaozi\Application\Runtime\Cache\Home\98e208847e32c66f2031e4de8ef4ead5.php 第 33 行.
NOTIC: [8] Undefined variable: contact_active G:\github\gaozi\Application\Runtime\Cache\Home\98e208847e32c66f2031e4de8ef4ead5.php 第 34 行.
INFO: Run Behavior\ParseTemplateBehavior [ RunTime:0.007001s ]
INFO: [ view_parse ] --END-- [ RunTime:0.007001s ]
INFO: [ view_filter ] --START--
INFO: Run Behavior\WriteHtmlCacheBehavior [ RunTime:0.000000s ]
INFO: [ view_filter ] --END-- [ RunTime:0.000000s ]
INFO: [ app_end ] --START--
INFO: Run Behavior\ShowPageTraceBehavior [ RunTime:0.000000s ]
INFO: [ app_end ] --END-- [ RunTime:0.001000s ]

[ 2014-11-11T21:46:10+08:00 ] 127.0.0.1 /home/search?query=&type=%E6%96%B0%E9%97%BB%E4%B8%AD%E5%BF%83
INFO: [ app_init ] --START--
INFO: Run Behavior\BuildLiteBehavior [ RunTime:0.000000s ]
INFO: [ app_init ] --END-- [ RunTime:0.000000s ]
INFO: [ app_begin ] --START--
INFO: Run Behavior\ReadHtmlCacheBehavior [ RunTime:0.001000s ]
INFO: [ app_begin ] --END-- [ RunTime:0.001000s ]
SQL: SHOW COLUMNS FROM `db_news` [ RunTime:0.002000s ]
SQL: SELECT * FROM `db_news` WHERE ( type =2 and title like "%%"  )  [ RunTime:0.001000s ]
INFO: [ view_parse ] --START--
INFO: [ template_filter ] --START--
INFO: Run Behavior\ContentReplaceBehavior [ RunTime:0.000000s ]
INFO: [ template_filter ] --END-- [ RunTime:0.000000s ]
NOTIC: [8] Undefined variable: index_active G:\github\gaozi\Application\Runtime\Cache\Home\98e208847e32c66f2031e4de8ef4ead5.php 第 26 行.
NOTIC: [8] Undefined variable: info_active G:\github\gaozi\Application\Runtime\Cache\Home\98e208847e32c66f2031e4de8ef4ead5.php 第 27 行.
NOTIC: [8] Undefined variable: news_active G:\github\gaozi\Application\Runtime\Cache\Home\98e208847e32c66f2031e4de8ef4ead5.php 第 28 行.
NOTIC: [8] Undefined variable: member_active G:\github\gaozi\Application\Runtime\Cache\Home\98e208847e32c66f2031e4de8ef4ead5.php 第 29 行.
NOTIC: [8] Undefined variable: paper_active G:\github\gaozi\Application\Runtime\Cache\Home\98e208847e32c66f2031e4de8ef4ead5.php 第 30 行.
NOTIC: [8] Undefined variable: projects_active G:\github\gaozi\Application\Runtime\Cache\Home\98e208847e32c66f2031e4de8ef4ead5.php 第 31 行.
NOTIC: [8] Undefined variable: result_active G:\github\gaozi\Application\Runtime\Cache\Home\98e208847e32c66f2031e4de8ef4ead5.php 第 32 行.
NOTIC: [8] Undefined variable: link_active G:\github\gaozi\Application\Runtime\Cache\Home\98e208847e32c66f2031e4de8ef4ead5.php 第 33 行.
NOTIC: [8] Undefined variable: contact_active G:\github\gaozi\Application\Runtime\Cache\Home\98e208847e32c66f2031e4de8ef4ead5.php 第 34 行.
INFO: Run Behavior\ParseTemplateBehavior [ RunTime:0.007000s ]
INFO: [ view_parse ] --END-- [ RunTime:0.007000s ]
INFO: [ view_filter ] --START--
INFO: Run Behavior\WriteHtmlCacheBehavior [ RunTime:0.000000s ]
INFO: [ view_filter ] --END-- [ RunTime:0.000000s ]
INFO: [ app_end ] --START--
INFO: Run Behavior\ShowPageTraceBehavior [ RunTime:0.001000s ]
INFO: [ app_end ] --END-- [ RunTime:0.001000s ]

