[ 2014-12-26T22:52:32+08:00 ] 127.0.0.1 /home/user?id=2
INFO: [ app_init ] --START--
INFO: Run Behavior\BuildLiteBehavior [ RunTime:0.000000s ]
INFO: [ app_init ] --END-- [ RunTime:0.000000s ]
INFO: [ app_begin ] --START--
INFO: Run Behavior\ReadHtmlCacheBehavior [ RunTime:0.001000s ]
INFO: [ app_begin ] --END-- [ RunTime:0.001000s ]
SQL: SHOW COLUMNS FROM `db_resume` [ RunTime:0.003000s ]
SQL: SELECT * FROM `db_resume` WHERE ( uid = 2 )  [ RunTime:0.000000s ]
SQL: SHOW COLUMNS FROM `db_user_info` [ RunTime:0.003000s ]
SQL: SELECT * FROM `db_user_info` WHERE ( uid = 2 )  [ RunTime:0.000000s ]
SQL: UPDATE `db_user_info` SET `views`=views+1 WHERE ( uid = 2 ) [ RunTime:0.001000s ]
SQL: SELECT * FROM `db_user_info` WHERE ( type != 0 ) ORDER BY views desc LIMIT 4   [ RunTime:0.000000s ]
SQL: SHOW COLUMNS FROM `db_news` [ RunTime:0.003001s ]
SQL: SELECT * FROM `db_news` WHERE ( type != 1 ) ORDER BY views desc LIMIT 10   [ RunTime:0.001000s ]
INFO: [ view_parse ] --START--
INFO: [ template_filter ] --START--
INFO: Run Behavior\ContentReplaceBehavior [ RunTime:0.000000s ]
INFO: [ template_filter ] --END-- [ RunTime:0.000000s ]
NOTIC: [8] Undefined variable: index_active G:\github\gaozi\Application\Runtime\Cache\Home\6830cbac89ff06451c77cd8769d6d4ca.php 第 22 行.
NOTIC: [8] Undefined variable: info_active G:\github\gaozi\Application\Runtime\Cache\Home\6830cbac89ff06451c77cd8769d6d4ca.php 第 23 行.
NOTIC: [8] Undefined variable: news_active G:\github\gaozi\Application\Runtime\Cache\Home\6830cbac89ff06451c77cd8769d6d4ca.php 第 24 行.
NOTIC: [8] Undefined variable: notice_active G:\github\gaozi\Application\Runtime\Cache\Home\6830cbac89ff06451c77cd8769d6d4ca.php 第 25 行.
NOTIC: [8] Undefined variable: member_active G:\github\gaozi\Application\Runtime\Cache\Home\6830cbac89ff06451c77cd8769d6d4ca.php 第 26 行.
NOTIC: [8] Undefined variable: paper_active G:\github\gaozi\Application\Runtime\Cache\Home\6830cbac89ff06451c77cd8769d6d4ca.php 第 27 行.
NOTIC: [8] Undefined variable: projects_active G:\github\gaozi\Application\Runtime\Cache\Home\6830cbac89ff06451c77cd8769d6d4ca.php 第 28 行.
NOTIC: [8] Undefined variable: result_active G:\github\gaozi\Application\Runtime\Cache\Home\6830cbac89ff06451c77cd8769d6d4ca.php 第 29 行.
NOTIC: [8] Undefined variable: link_active G:\github\gaozi\Application\Runtime\Cache\Home\6830cbac89ff06451c77cd8769d6d4ca.php 第 30 行.
INFO: Run Behavior\ParseTemplateBehavior [ RunTime:0.009000s ]
INFO: [ view_parse ] --END-- [ RunTime:0.009000s ]
INFO: [ view_filter ] --START--
INFO: Run Behavior\WriteHtmlCacheBehavior [ RunTime:0.001000s ]
INFO: [ view_filter ] --END-- [ RunTime:0.001000s ]
INFO: [ app_end ] --START--
INFO: Run Behavior\ShowPageTraceBehavior [ RunTime:0.001000s ]
INFO: [ app_end ] --END-- [ RunTime:0.001000s ]

[ 2014-12-26T22:52:54+08:00 ] 127.0.0.1 /home/user?id=2
INFO: [ app_init ] --START--
INFO: Run Behavior\BuildLiteBehavior [ RunTime:0.000000s ]
INFO: [ app_init ] --END-- [ RunTime:0.001000s ]
INFO: [ app_begin ] --START--
INFO: Run Behavior\ReadHtmlCacheBehavior [ RunTime:0.001000s ]
INFO: [ app_begin ] --END-- [ RunTime:0.001000s ]
SQL: SHOW COLUMNS FROM `db_resume` [ RunTime:0.002000s ]
SQL: SELECT * FROM `db_resume` WHERE ( uid = 2 )  [ RunTime:0.001000s ]
SQL: SHOW COLUMNS FROM `db_user_info` [ RunTime:0.003000s ]
SQL: SELECT * FROM `db_user_info` WHERE ( uid = 2 )  [ RunTime:0.000000s ]
SQL: UPDATE `db_user_info` SET `views`=views+1 WHERE ( uid = 2 ) [ RunTime:0.001000s ]
SQL: SELECT * FROM `db_user_info` WHERE ( type != 0 ) ORDER BY views desc LIMIT 4   [ RunTime:0.001000s ]
SQL: SHOW COLUMNS FROM `db_news` [ RunTime:0.003000s ]
SQL: SELECT * FROM `db_news` WHERE ( type != 1 ) ORDER BY views desc LIMIT 10   [ RunTime:0.001000s ]
INFO: [ view_parse ] --START--
INFO: [ template_filter ] --START--
INFO: Run Behavior\ContentReplaceBehavior [ RunTime:0.001000s ]
INFO: [ template_filter ] --END-- [ RunTime:0.001000s ]
NOTIC: [8] Undefined variable: index_active G:\github\gaozi\Application\Runtime\Cache\Home\6830cbac89ff06451c77cd8769d6d4ca.php 第 22 行.
NOTIC: [8] Undefined variable: info_active G:\github\gaozi\Application\Runtime\Cache\Home\6830cbac89ff06451c77cd8769d6d4ca.php 第 23 行.
NOTIC: [8] Undefined variable: news_active G:\github\gaozi\Application\Runtime\Cache\Home\6830cbac89ff06451c77cd8769d6d4ca.php 第 24 行.
NOTIC: [8] Undefined variable: notice_active G:\github\gaozi\Application\Runtime\Cache\Home\6830cbac89ff06451c77cd8769d6d4ca.php 第 25 行.
NOTIC: [8] Undefined variable: member_active G:\github\gaozi\Application\Runtime\Cache\Home\6830cbac89ff06451c77cd8769d6d4ca.php 第 26 行.
NOTIC: [8] Undefined variable: paper_active G:\github\gaozi\Application\Runtime\Cache\Home\6830cbac89ff06451c77cd8769d6d4ca.php 第 27 行.
NOTIC: [8] Undefined variable: projects_active G:\github\gaozi\Application\Runtime\Cache\Home\6830cbac89ff06451c77cd8769d6d4ca.php 第 28 行.
NOTIC: [8] Undefined variable: result_active G:\github\gaozi\Application\Runtime\Cache\Home\6830cbac89ff06451c77cd8769d6d4ca.php 第 29 行.
NOTIC: [8] Undefined variable: link_active G:\github\gaozi\Application\Runtime\Cache\Home\6830cbac89ff06451c77cd8769d6d4ca.php 第 30 行.
INFO: Run Behavior\ParseTemplateBehavior [ RunTime:0.012001s ]
INFO: [ view_parse ] --END-- [ RunTime:0.012001s ]
INFO: [ view_filter ] --START--
INFO: Run Behavior\WriteHtmlCacheBehavior [ RunTime:0.000000s ]
INFO: [ view_filter ] --END-- [ RunTime:0.000000s ]
INFO: [ app_end ] --START--
INFO: Run Behavior\ShowPageTraceBehavior [ RunTime:0.000000s ]
INFO: [ app_end ] --END-- [ RunTime:0.000000s ]

[ 2014-12-26T22:54:02+08:00 ] 127.0.0.1 /home/user?id=2
INFO: [ app_init ] --START--
INFO: Run Behavior\BuildLiteBehavior [ RunTime:0.000000s ]
INFO: [ app_init ] --END-- [ RunTime:0.000000s ]
INFO: [ app_begin ] --START--
INFO: Run Behavior\ReadHtmlCacheBehavior [ RunTime:0.000000s ]
INFO: [ app_begin ] --END-- [ RunTime:0.000000s ]
SQL: SHOW COLUMNS FROM `db_resume` [ RunTime:0.002000s ]
SQL: SELECT * FROM `db_resume` WHERE ( uid = 2 )  [ RunTime:0.000000s ]
SQL: SHOW COLUMNS FROM `db_user_info` [ RunTime:0.002000s ]
SQL: SELECT * FROM `db_user_info` WHERE ( uid = 2 )  [ RunTime:0.000000s ]
SQL: UPDATE `db_user_info` SET `views`=views+1 WHERE ( uid = 2 ) [ RunTime:0.001000s ]
SQL: SELECT * FROM `db_user_info` WHERE ( type != 0 ) ORDER BY views desc LIMIT 4   [ RunTime:0.000000s ]
SQL: SHOW COLUMNS FROM `db_news` [ RunTime:0.002000s ]
SQL: SELECT * FROM `db_news` WHERE ( type != 1 ) ORDER BY views desc LIMIT 10   [ RunTime:0.001000s ]
INFO: [ view_parse ] --START--
INFO: [ template_filter ] --START--
INFO: Run Behavior\ContentReplaceBehavior [ RunTime:0.000000s ]
INFO: [ template_filter ] --END-- [ RunTime:0.000000s ]
NOTIC: [8] Undefined variable: index_active G:\github\gaozi\Application\Runtime\Cache\Home\6830cbac89ff06451c77cd8769d6d4ca.php 第 22 行.
NOTIC: [8] Undefined variable: info_active G:\github\gaozi\Application\Runtime\Cache\Home\6830cbac89ff06451c77cd8769d6d4ca.php 第 23 行.
NOTIC: [8] Undefined variable: news_active G:\github\gaozi\Application\Runtime\Cache\Home\6830cbac89ff06451c77cd8769d6d4ca.php 第 24 行.
NOTIC: [8] Undefined variable: notice_active G:\github\gaozi\Application\Runtime\Cache\Home\6830cbac89ff06451c77cd8769d6d4ca.php 第 25 行.
NOTIC: [8] Undefined variable: member_active G:\github\gaozi\Application\Runtime\Cache\Home\6830cbac89ff06451c77cd8769d6d4ca.php 第 26 行.
NOTIC: [8] Undefined variable: paper_active G:\github\gaozi\Application\Runtime\Cache\Home\6830cbac89ff06451c77cd8769d6d4ca.php 第 27 行.
NOTIC: [8] Undefined variable: projects_active G:\github\gaozi\Application\Runtime\Cache\Home\6830cbac89ff06451c77cd8769d6d4ca.php 第 28 行.
NOTIC: [8] Undefined variable: result_active G:\github\gaozi\Application\Runtime\Cache\Home\6830cbac89ff06451c77cd8769d6d4ca.php 第 29 行.
NOTIC: [8] Undefined variable: link_active G:\github\gaozi\Application\Runtime\Cache\Home\6830cbac89ff06451c77cd8769d6d4ca.php 第 30 行.
INFO: Run Behavior\ParseTemplateBehavior [ RunTime:0.007001s ]
INFO: [ view_parse ] --END-- [ RunTime:0.007001s ]
INFO: [ view_filter ] --START--
INFO: Run Behavior\WriteHtmlCacheBehavior [ RunTime:0.001000s ]
INFO: [ view_filter ] --END-- [ RunTime:0.001000s ]
INFO: [ app_end ] --START--
INFO: Run Behavior\ShowPageTraceBehavior [ RunTime:0.000000s ]
INFO: [ app_end ] --END-- [ RunTime:0.000000s ]

[ 2014-12-26T22:54:03+08:00 ] 127.0.0.1 /home/user?id=2
INFO: [ app_init ] --START--
INFO: Run Behavior\BuildLiteBehavior [ RunTime:0.000000s ]
INFO: [ app_init ] --END-- [ RunTime:0.001000s ]
INFO: [ app_begin ] --START--
INFO: Run Behavior\ReadHtmlCacheBehavior [ RunTime:0.000000s ]
INFO: [ app_begin ] --END-- [ RunTime:0.000000s ]
SQL: SHOW COLUMNS FROM `db_resume` [ RunTime:0.002000s ]
SQL: SELECT * FROM `db_resume` WHERE ( uid = 2 )  [ RunTime:0.000000s ]
SQL: SHOW COLUMNS FROM `db_user_info` [ RunTime:0.002000s ]
SQL: SELECT * FROM `db_user_info` WHERE ( uid = 2 )  [ RunTime:0.001000s ]
SQL: UPDATE `db_user_info` SET `views`=views+1 WHERE ( uid = 2 ) [ RunTime:0.000000s ]
SQL: SELECT * FROM `db_user_info` WHERE ( type != 0 ) ORDER BY views desc LIMIT 4   [ RunTime:0.000000s ]
SQL: SHOW COLUMNS FROM `db_news` [ RunTime:0.002000s ]
SQL: SELECT * FROM `db_news` WHERE ( type != 1 ) ORDER BY views desc LIMIT 10   [ RunTime:0.001000s ]
INFO: [ view_parse ] --START--
INFO: [ template_filter ] --START--
INFO: Run Behavior\ContentReplaceBehavior [ RunTime:0.000000s ]
INFO: [ template_filter ] --END-- [ RunTime:0.000000s ]
NOTIC: [8] Undefined variable: index_active G:\github\gaozi\Application\Runtime\Cache\Home\6830cbac89ff06451c77cd8769d6d4ca.php 第 22 行.
NOTIC: [8] Undefined variable: info_active G:\github\gaozi\Application\Runtime\Cache\Home\6830cbac89ff06451c77cd8769d6d4ca.php 第 23 行.
NOTIC: [8] Undefined variable: news_active G:\github\gaozi\Application\Runtime\Cache\Home\6830cbac89ff06451c77cd8769d6d4ca.php 第 24 行.
NOTIC: [8] Undefined variable: notice_active G:\github\gaozi\Application\Runtime\Cache\Home\6830cbac89ff06451c77cd8769d6d4ca.php 第 25 行.
NOTIC: [8] Undefined variable: member_active G:\github\gaozi\Application\Runtime\Cache\Home\6830cbac89ff06451c77cd8769d6d4ca.php 第 26 行.
NOTIC: [8] Undefined variable: paper_active G:\github\gaozi\Application\Runtime\Cache\Home\6830cbac89ff06451c77cd8769d6d4ca.php 第 27 行.
NOTIC: [8] Undefined variable: projects_active G:\github\gaozi\Application\Runtime\Cache\Home\6830cbac89ff06451c77cd8769d6d4ca.php 第 28 行.
NOTIC: [8] Undefined variable: result_active G:\github\gaozi\Application\Runtime\Cache\Home\6830cbac89ff06451c77cd8769d6d4ca.php 第 29 行.
NOTIC: [8] Undefined variable: link_active G:\github\gaozi\Application\Runtime\Cache\Home\6830cbac89ff06451c77cd8769d6d4ca.php 第 30 行.
INFO: Run Behavior\ParseTemplateBehavior [ RunTime:0.007000s ]
INFO: [ view_parse ] --END-- [ RunTime:0.007000s ]
INFO: [ view_filter ] --START--
INFO: Run Behavior\WriteHtmlCacheBehavior [ RunTime:0.001001s ]
INFO: [ view_filter ] --END-- [ RunTime:0.001001s ]
INFO: [ app_end ] --START--
INFO: Run Behavior\ShowPageTraceBehavior [ RunTime:0.000000s ]
INFO: [ app_end ] --END-- [ RunTime:0.000000s ]

[ 2014-12-26T22:54:04+08:00 ] 127.0.0.1 /home/user?id=2
INFO: [ app_init ] --START--
INFO: Run Behavior\BuildLiteBehavior [ RunTime:0.000000s ]
INFO: [ app_init ] --END-- [ RunTime:0.001000s ]
INFO: [ app_begin ] --START--
INFO: Run Behavior\ReadHtmlCacheBehavior [ RunTime:0.001000s ]
INFO: [ app_begin ] --END-- [ RunTime:0.001000s ]
SQL: SHOW COLUMNS FROM `db_resume` [ RunTime:0.002000s ]
SQL: SELECT * FROM `db_resume` WHERE ( uid = 2 )  [ RunTime:0.001000s ]
SQL: SHOW COLUMNS FROM `db_user_info` [ RunTime:0.003000s ]
SQL: SELECT * FROM `db_user_info` WHERE ( uid = 2 )  [ RunTime:0.001000s ]
SQL: UPDATE `db_user_info` SET `views`=views+1 WHERE ( uid = 2 ) [ RunTime:0.002001s ]
SQL: SELECT * FROM `db_user_info` WHERE ( type != 0 ) ORDER BY views desc LIMIT 4   [ RunTime:0.001000s ]
SQL: SHOW COLUMNS FROM `db_news` [ RunTime:0.003000s ]
SQL: SELECT * FROM `db_news` WHERE ( type != 1 ) ORDER BY views desc LIMIT 10   [ RunTime:0.001000s ]
INFO: [ view_parse ] --START--
INFO: [ template_filter ] --START--
INFO: Run Behavior\ContentReplaceBehavior [ RunTime:0.000000s ]
INFO: [ template_filter ] --END-- [ RunTime:0.000000s ]
NOTIC: [8] Undefined variable: index_active G:\github\gaozi\Application\Runtime\Cache\Home\6830cbac89ff06451c77cd8769d6d4ca.php 第 22 行.
NOTIC: [8] Undefined variable: info_active G:\github\gaozi\Application\Runtime\Cache\Home\6830cbac89ff06451c77cd8769d6d4ca.php 第 23 行.
NOTIC: [8] Undefined variable: news_active G:\github\gaozi\Application\Runtime\Cache\Home\6830cbac89ff06451c77cd8769d6d4ca.php 第 24 行.
NOTIC: [8] Undefined variable: notice_active G:\github\gaozi\Application\Runtime\Cache\Home\6830cbac89ff06451c77cd8769d6d4ca.php 第 25 行.
NOTIC: [8] Undefined variable: member_active G:\github\gaozi\Application\Runtime\Cache\Home\6830cbac89ff06451c77cd8769d6d4ca.php 第 26 行.
NOTIC: [8] Undefined variable: paper_active G:\github\gaozi\Application\Runtime\Cache\Home\6830cbac89ff06451c77cd8769d6d4ca.php 第 27 行.
NOTIC: [8] Undefined variable: projects_active G:\github\gaozi\Application\Runtime\Cache\Home\6830cbac89ff06451c77cd8769d6d4ca.php 第 28 行.
NOTIC: [8] Undefined variable: result_active G:\github\gaozi\Application\Runtime\Cache\Home\6830cbac89ff06451c77cd8769d6d4ca.php 第 29 行.
NOTIC: [8] Undefined variable: link_active G:\github\gaozi\Application\Runtime\Cache\Home\6830cbac89ff06451c77cd8769d6d4ca.php 第 30 行.
INFO: Run Behavior\ParseTemplateBehavior [ RunTime:0.009000s ]
INFO: [ view_parse ] --END-- [ RunTime:0.009000s ]
INFO: [ view_filter ] --START--
INFO: Run Behavior\WriteHtmlCacheBehavior [ RunTime:0.001000s ]
INFO: [ view_filter ] --END-- [ RunTime:0.001000s ]
INFO: [ app_end ] --START--
INFO: Run Behavior\ShowPageTraceBehavior [ RunTime:0.000000s ]
INFO: [ app_end ] --END-- [ RunTime:0.000000s ]

[ 2014-12-26T22:54:16+08:00 ] 127.0.0.1 /home/user?id=2
INFO: [ app_init ] --START--
INFO: Run Behavior\BuildLiteBehavior [ RunTime:0.000000s ]
INFO: [ app_init ] --END-- [ RunTime:0.000000s ]
INFO: [ app_begin ] --START--
INFO: Run Behavior\ReadHtmlCacheBehavior [ RunTime:0.001000s ]
INFO: [ app_begin ] --END-- [ RunTime:0.001000s ]
SQL: SHOW COLUMNS FROM `db_resume` [ RunTime:0.003000s ]
SQL: SELECT * FROM `db_resume` WHERE ( uid = 2 )  [ RunTime:0.000000s ]
SQL: SHOW COLUMNS FROM `db_user_info` [ RunTime:0.004000s ]
SQL: SELECT * FROM `db_user_info` WHERE ( uid = 2 )  [ RunTime:0.001000s ]
SQL: UPDATE `db_user_info` SET `views`=views+1 WHERE ( uid = 2 ) [ RunTime:0.002000s ]
SQL: SELECT * FROM `db_user_info` WHERE ( type != 0 ) ORDER BY views desc LIMIT 4   [ RunTime:0.000000s ]
SQL: SHOW COLUMNS FROM `db_news` [ RunTime:0.003001s ]
SQL: SELECT * FROM `db_news` WHERE ( type != 1 ) ORDER BY views desc LIMIT 10   [ RunTime:0.001000s ]
INFO: [ view_parse ] --START--
INFO: [ template_filter ] --START--
INFO: Run Behavior\ContentReplaceBehavior [ RunTime:0.000000s ]
INFO: [ template_filter ] --END-- [ RunTime:0.000000s ]
NOTIC: [8] Undefined variable: index_active G:\github\gaozi\Application\Runtime\Cache\Home\6830cbac89ff06451c77cd8769d6d4ca.php 第 22 行.
NOTIC: [8] Undefined variable: info_active G:\github\gaozi\Application\Runtime\Cache\Home\6830cbac89ff06451c77cd8769d6d4ca.php 第 23 行.
NOTIC: [8] Undefined variable: news_active G:\github\gaozi\Application\Runtime\Cache\Home\6830cbac89ff06451c77cd8769d6d4ca.php 第 24 行.
NOTIC: [8] Undefined variable: notice_active G:\github\gaozi\Application\Runtime\Cache\Home\6830cbac89ff06451c77cd8769d6d4ca.php 第 25 行.
NOTIC: [8] Undefined variable: member_active G:\github\gaozi\Application\Runtime\Cache\Home\6830cbac89ff06451c77cd8769d6d4ca.php 第 26 行.
NOTIC: [8] Undefined variable: paper_active G:\github\gaozi\Application\Runtime\Cache\Home\6830cbac89ff06451c77cd8769d6d4ca.php 第 27 行.
NOTIC: [8] Undefined variable: projects_active G:\github\gaozi\Application\Runtime\Cache\Home\6830cbac89ff06451c77cd8769d6d4ca.php 第 28 行.
NOTIC: [8] Undefined variable: result_active G:\github\gaozi\Application\Runtime\Cache\Home\6830cbac89ff06451c77cd8769d6d4ca.php 第 29 行.
NOTIC: [8] Undefined variable: link_active G:\github\gaozi\Application\Runtime\Cache\Home\6830cbac89ff06451c77cd8769d6d4ca.php 第 30 行.
INFO: Run Behavior\ParseTemplateBehavior [ RunTime:0.008000s ]
INFO: [ view_parse ] --END-- [ RunTime:0.008000s ]
INFO: [ view_filter ] --START--
INFO: Run Behavior\WriteHtmlCacheBehavior [ RunTime:0.000000s ]
INFO: [ view_filter ] --END-- [ RunTime:0.000000s ]
INFO: [ app_end ] --START--
INFO: Run Behavior\ShowPageTraceBehavior [ RunTime:0.001000s ]
INFO: [ app_end ] --END-- [ RunTime:0.001000s ]

[ 2014-12-26T22:54:31+08:00 ] 127.0.0.1 /home/user?id=2
INFO: [ app_init ] --START--
INFO: Run Behavior\BuildLiteBehavior [ RunTime:0.000000s ]
INFO: [ app_init ] --END-- [ RunTime:0.000000s ]
INFO: [ app_begin ] --START--
INFO: Run Behavior\ReadHtmlCacheBehavior [ RunTime:0.001000s ]
INFO: [ app_begin ] --END-- [ RunTime:0.002000s ]
SQL: SHOW COLUMNS FROM `db_resume` [ RunTime:0.003000s ]
SQL: SELECT * FROM `db_resume` WHERE ( uid = 2 )  [ RunTime:0.000000s ]
SQL: SHOW COLUMNS FROM `db_user_info` [ RunTime:0.002000s ]
SQL: SELECT * FROM `db_user_info` WHERE ( uid = 2 )  [ RunTime:0.000000s ]
SQL: UPDATE `db_user_info` SET `views`=views+1 WHERE ( uid = 2 ) [ RunTime:0.001000s ]
SQL: SELECT * FROM `db_user_info` WHERE ( type != 0 ) ORDER BY views desc LIMIT 4   [ RunTime:0.000000s ]
SQL: SHOW COLUMNS FROM `db_news` [ RunTime:0.002000s ]
SQL: SELECT * FROM `db_news` WHERE ( type != 1 ) ORDER BY views desc LIMIT 10   [ RunTime:0.001000s ]
INFO: [ view_parse ] --START--
INFO: [ template_filter ] --START--
INFO: Run Behavior\ContentReplaceBehavior [ RunTime:0.000000s ]
INFO: [ template_filter ] --END-- [ RunTime:0.000000s ]
NOTIC: [8] Undefined variable: index_active G:\github\gaozi\Application\Runtime\Cache\Home\6830cbac89ff06451c77cd8769d6d4ca.php 第 22 行.
NOTIC: [8] Undefined variable: info_active G:\github\gaozi\Application\Runtime\Cache\Home\6830cbac89ff06451c77cd8769d6d4ca.php 第 23 行.
NOTIC: [8] Undefined variable: news_active G:\github\gaozi\Application\Runtime\Cache\Home\6830cbac89ff06451c77cd8769d6d4ca.php 第 24 行.
NOTIC: [8] Undefined variable: notice_active G:\github\gaozi\Application\Runtime\Cache\Home\6830cbac89ff06451c77cd8769d6d4ca.php 第 25 行.
NOTIC: [8] Undefined variable: member_active G:\github\gaozi\Application\Runtime\Cache\Home\6830cbac89ff06451c77cd8769d6d4ca.php 第 26 行.
NOTIC: [8] Undefined variable: paper_active G:\github\gaozi\Application\Runtime\Cache\Home\6830cbac89ff06451c77cd8769d6d4ca.php 第 27 行.
NOTIC: [8] Undefined variable: projects_active G:\github\gaozi\Application\Runtime\Cache\Home\6830cbac89ff06451c77cd8769d6d4ca.php 第 28 行.
NOTIC: [8] Undefined variable: result_active G:\github\gaozi\Application\Runtime\Cache\Home\6830cbac89ff06451c77cd8769d6d4ca.php 第 29 行.
NOTIC: [8] Undefined variable: link_active G:\github\gaozi\Application\Runtime\Cache\Home\6830cbac89ff06451c77cd8769d6d4ca.php 第 30 行.
INFO: Run Behavior\ParseTemplateBehavior [ RunTime:0.007001s ]
INFO: [ view_parse ] --END-- [ RunTime:0.007001s ]
INFO: [ view_filter ] --START--
INFO: Run Behavior\WriteHtmlCacheBehavior [ RunTime:0.000000s ]
INFO: [ view_filter ] --END-- [ RunTime:0.000000s ]
INFO: [ app_end ] --START--
INFO: Run Behavior\ShowPageTraceBehavior [ RunTime:0.001000s ]
INFO: [ app_end ] --END-- [ RunTime:0.001000s ]

[ 2014-12-26T22:54:33+08:00 ] 127.0.0.1 /home/index
INFO: [ app_init ] --START--
INFO: Run Behavior\BuildLiteBehavior [ RunTime:0.000000s ]
INFO: [ app_init ] --END-- [ RunTime:0.010000s ]
INFO: [ app_begin ] --START--
INFO: Run Behavior\ReadHtmlCacheBehavior [ RunTime:0.000000s ]
INFO: [ app_begin ] --END-- [ RunTime:0.001000s ]
SQL: SHOW COLUMNS FROM `db_news` [ RunTime:0.003000s ]
SQL: SELECT * FROM `db_news` WHERE ( type != 1 ) ORDER BY nid desc LIMIT 10   [ RunTime:0.001000s ]
SQL: SELECT * FROM `db_news` WHERE ( type = 1 ) ORDER BY nid desc LIMIT 1   [ RunTime:0.000000s ]
SQL: SHOW COLUMNS FROM `db_study` [ RunTime:0.003000s ]
SQL: SELECT * FROM `db_study`  [ RunTime:0.001000s ]
SQL: SHOW COLUMNS FROM `db_user_info` [ RunTime:0.002001s ]
SQL: SELECT * FROM `db_user_info` WHERE ( type != 0 )  [ RunTime:0.000000s ]
SQL: SHOW COLUMNS FROM `db_links` [ RunTime:0.002000s ]
SQL: SELECT * FROM `db_links`  [ RunTime:0.000000s ]
INFO: [ view_parse ] --START--
INFO: [ template_filter ] --START--
INFO: Run Behavior\ContentReplaceBehavior [ RunTime:0.000000s ]
INFO: [ template_filter ] --END-- [ RunTime:0.000000s ]
NOTIC: [8] Undefined variable: info_active G:\github\gaozi\Application\Runtime\Cache\Home\2a94b8bda04ff446dcedd42276fc99ee.php 第 23 行.
NOTIC: [8] Undefined variable: news_active G:\github\gaozi\Application\Runtime\Cache\Home\2a94b8bda04ff446dcedd42276fc99ee.php 第 24 行.
NOTIC: [8] Undefined variable: notice_active G:\github\gaozi\Application\Runtime\Cache\Home\2a94b8bda04ff446dcedd42276fc99ee.php 第 25 行.
NOTIC: [8] Undefined variable: member_active G:\github\gaozi\Application\Runtime\Cache\Home\2a94b8bda04ff446dcedd42276fc99ee.php 第 26 行.
NOTIC: [8] Undefined variable: paper_active G:\github\gaozi\Application\Runtime\Cache\Home\2a94b8bda04ff446dcedd42276fc99ee.php 第 27 行.
NOTIC: [8] Undefined variable: projects_active G:\github\gaozi\Application\Runtime\Cache\Home\2a94b8bda04ff446dcedd42276fc99ee.php 第 28 行.
NOTIC: [8] Undefined variable: result_active G:\github\gaozi\Application\Runtime\Cache\Home\2a94b8bda04ff446dcedd42276fc99ee.php 第 29 行.
NOTIC: [8] Undefined variable: link_active G:\github\gaozi\Application\Runtime\Cache\Home\2a94b8bda04ff446dcedd42276fc99ee.php 第 30 行.
INFO: Run Behavior\ParseTemplateBehavior [ RunTime:0.007000s ]
INFO: [ view_parse ] --END-- [ RunTime:0.007000s ]
INFO: [ view_filter ] --START--
INFO: Run Behavior\WriteHtmlCacheBehavior [ RunTime:0.001000s ]
INFO: [ view_filter ] --END-- [ RunTime:0.001000s ]
INFO: [ app_end ] --START--
INFO: Run Behavior\ShowPageTraceBehavior [ RunTime:0.000000s ]
INFO: [ app_end ] --END-- [ RunTime:0.000000s ]

[ 2014-12-26T22:54:35+08:00 ] 127.0.0.1 /home/study?id=1
INFO: [ app_init ] --START--
INFO: Run Behavior\BuildLiteBehavior [ RunTime:0.000000s ]
INFO: [ app_init ] --END-- [ RunTime:0.000000s ]
INFO: [ app_begin ] --START--
INFO: Run Behavior\ReadHtmlCacheBehavior [ RunTime:0.000000s ]
INFO: [ app_begin ] --END-- [ RunTime:0.000000s ]
SQL: SHOW COLUMNS FROM `db_study` [ RunTime:0.003000s ]
SQL: SELECT * FROM `db_study` WHERE ( id = 1 )  [ RunTime:0.000000s ]
SQL: SHOW COLUMNS FROM `db_news` [ RunTime:0.002000s ]
SQL: SELECT * FROM `db_news` WHERE ( type != 1 ) ORDER BY views desc LIMIT 10   [ RunTime:0.001000s ]
SQL: SHOW COLUMNS FROM `db_user_info` [ RunTime:0.002000s ]
SQL: SELECT * FROM `db_user_info` WHERE ( type != 0 ) ORDER BY views desc LIMIT 4   [ RunTime:0.001000s ]
INFO: [ view_parse ] --START--
INFO: [ template_filter ] --START--
INFO: Run Behavior\ContentReplaceBehavior [ RunTime:0.000000s ]
INFO: [ template_filter ] --END-- [ RunTime:0.000000s ]
NOTIC: [8] Undefined variable: index_active G:\github\gaozi\Application\Runtime\Cache\Home\2af971c3808e883199bcfa117244b1ab.php 第 22 行.
NOTIC: [8] Undefined variable: info_active G:\github\gaozi\Application\Runtime\Cache\Home\2af971c3808e883199bcfa117244b1ab.php 第 23 行.
NOTIC: [8] Undefined variable: news_active G:\github\gaozi\Application\Runtime\Cache\Home\2af971c3808e883199bcfa117244b1ab.php 第 24 行.
NOTIC: [8] Undefined variable: notice_active G:\github\gaozi\Application\Runtime\Cache\Home\2af971c3808e883199bcfa117244b1ab.php 第 25 行.
NOTIC: [8] Undefined variable: member_active G:\github\gaozi\Application\Runtime\Cache\Home\2af971c3808e883199bcfa117244b1ab.php 第 26 行.
NOTIC: [8] Undefined variable: paper_active G:\github\gaozi\Application\Runtime\Cache\Home\2af971c3808e883199bcfa117244b1ab.php 第 27 行.
NOTIC: [8] Undefined variable: projects_active G:\github\gaozi\Application\Runtime\Cache\Home\2af971c3808e883199bcfa117244b1ab.php 第 28 行.
NOTIC: [8] Undefined variable: result_active G:\github\gaozi\Application\Runtime\Cache\Home\2af971c3808e883199bcfa117244b1ab.php 第 29 行.
NOTIC: [8] Undefined variable: link_active G:\github\gaozi\Application\Runtime\Cache\Home\2af971c3808e883199bcfa117244b1ab.php 第 30 行.
INFO: Run Behavior\ParseTemplateBehavior [ RunTime:0.008001s ]
INFO: [ view_parse ] --END-- [ RunTime:0.008001s ]
INFO: [ view_filter ] --START--
INFO: Run Behavior\WriteHtmlCacheBehavior [ RunTime:0.000000s ]
INFO: [ view_filter ] --END-- [ RunTime:0.000000s ]
INFO: [ app_end ] --START--
INFO: Run Behavior\ShowPageTraceBehavior [ RunTime:0.001000s ]
INFO: [ app_end ] --END-- [ RunTime:0.001000s ]

[ 2014-12-26T22:54:37+08:00 ] 127.0.0.1 /home/study?id=1
INFO: [ app_init ] --START--
INFO: Run Behavior\BuildLiteBehavior [ RunTime:0.000000s ]
INFO: [ app_init ] --END-- [ RunTime:0.000000s ]
INFO: [ app_begin ] --START--
INFO: Run Behavior\ReadHtmlCacheBehavior [ RunTime:0.000000s ]
INFO: [ app_begin ] --END-- [ RunTime:0.000000s ]
SQL: SHOW COLUMNS FROM `db_study` [ RunTime:0.003000s ]
SQL: SELECT * FROM `db_study` WHERE ( id = 1 )  [ RunTime:0.001000s ]
SQL: SHOW COLUMNS FROM `db_news` [ RunTime:0.002000s ]
SQL: SELECT * FROM `db_news` WHERE ( type != 1 ) ORDER BY views desc LIMIT 10   [ RunTime:0.001000s ]
SQL: SHOW COLUMNS FROM `db_user_info` [ RunTime:0.003001s ]
SQL: SELECT * FROM `db_user_info` WHERE ( type != 0 ) ORDER BY views desc LIMIT 4   [ RunTime:0.001000s ]
INFO: [ view_parse ] --START--
INFO: [ template_filter ] --START--
INFO: Run Behavior\ContentReplaceBehavior [ RunTime:0.000000s ]
INFO: [ template_filter ] --END-- [ RunTime:0.000000s ]
NOTIC: [8] Undefined variable: index_active G:\github\gaozi\Application\Runtime\Cache\Home\2af971c3808e883199bcfa117244b1ab.php 第 22 行.
NOTIC: [8] Undefined variable: info_active G:\github\gaozi\Application\Runtime\Cache\Home\2af971c3808e883199bcfa117244b1ab.php 第 23 行.
NOTIC: [8] Undefined variable: news_active G:\github\gaozi\Application\Runtime\Cache\Home\2af971c3808e883199bcfa117244b1ab.php 第 24 行.
NOTIC: [8] Undefined variable: notice_active G:\github\gaozi\Application\Runtime\Cache\Home\2af971c3808e883199bcfa117244b1ab.php 第 25 行.
NOTIC: [8] Undefined variable: member_active G:\github\gaozi\Application\Runtime\Cache\Home\2af971c3808e883199bcfa117244b1ab.php 第 26 行.
NOTIC: [8] Undefined variable: paper_active G:\github\gaozi\Application\Runtime\Cache\Home\2af971c3808e883199bcfa117244b1ab.php 第 27 行.
NOTIC: [8] Undefined variable: projects_active G:\github\gaozi\Application\Runtime\Cache\Home\2af971c3808e883199bcfa117244b1ab.php 第 28 行.
NOTIC: [8] Undefined variable: result_active G:\github\gaozi\Application\Runtime\Cache\Home\2af971c3808e883199bcfa117244b1ab.php 第 29 行.
NOTIC: [8] Undefined variable: link_active G:\github\gaozi\Application\Runtime\Cache\Home\2af971c3808e883199bcfa117244b1ab.php 第 30 行.
INFO: Run Behavior\ParseTemplateBehavior [ RunTime:0.007000s ]
INFO: [ view_parse ] --END-- [ RunTime:0.007000s ]
INFO: [ view_filter ] --START--
INFO: Run Behavior\WriteHtmlCacheBehavior [ RunTime:0.001000s ]
INFO: [ view_filter ] --END-- [ RunTime:0.001000s ]
INFO: [ app_end ] --START--
INFO: Run Behavior\ShowPageTraceBehavior [ RunTime:0.000000s ]
INFO: [ app_end ] --END-- [ RunTime:0.000000s ]

[ 2014-12-26T22:54:38+08:00 ] 127.0.0.1 /home/study?id=1
INFO: [ app_init ] --START--
INFO: Run Behavior\BuildLiteBehavior [ RunTime:0.000000s ]
INFO: [ app_init ] --END-- [ RunTime:0.001000s ]
INFO: [ app_begin ] --START--
INFO: Run Behavior\ReadHtmlCacheBehavior [ RunTime:0.001000s ]
INFO: [ app_begin ] --END-- [ RunTime:0.001000s ]
SQL: SHOW COLUMNS FROM `db_study` [ RunTime:0.004000s ]
SQL: SELECT * FROM `db_study` WHERE ( id = 1 )  [ RunTime:0.001000s ]
SQL: SHOW COLUMNS FROM `db_news` [ RunTime:0.005001s ]
SQL: SELECT * FROM `db_news` WHERE ( type != 1 ) ORDER BY views desc LIMIT 10   [ RunTime:0.001000s ]
SQL: SHOW COLUMNS FROM `db_user_info` [ RunTime:0.004000s ]
SQL: SELECT * FROM `db_user_info` WHERE ( type != 0 ) ORDER BY views desc LIMIT 4   [ RunTime:0.001000s ]
INFO: [ view_parse ] --START--
INFO: [ template_filter ] --START--
INFO: Run Behavior\ContentReplaceBehavior [ RunTime:0.000000s ]
INFO: [ template_filter ] --END-- [ RunTime:0.000000s ]
NOTIC: [8] Undefined variable: index_active G:\github\gaozi\Application\Runtime\Cache\Home\2af971c3808e883199bcfa117244b1ab.php 第 22 行.
NOTIC: [8] Undefined variable: info_active G:\github\gaozi\Application\Runtime\Cache\Home\2af971c3808e883199bcfa117244b1ab.php 第 23 行.
NOTIC: [8] Undefined variable: news_active G:\github\gaozi\Application\Runtime\Cache\Home\2af971c3808e883199bcfa117244b1ab.php 第 24 行.
NOTIC: [8] Undefined variable: notice_active G:\github\gaozi\Application\Runtime\Cache\Home\2af971c3808e883199bcfa117244b1ab.php 第 25 行.
NOTIC: [8] Undefined variable: member_active G:\github\gaozi\Application\Runtime\Cache\Home\2af971c3808e883199bcfa117244b1ab.php 第 26 行.
NOTIC: [8] Undefined variable: paper_active G:\github\gaozi\Application\Runtime\Cache\Home\2af971c3808e883199bcfa117244b1ab.php 第 27 行.
NOTIC: [8] Undefined variable: projects_active G:\github\gaozi\Application\Runtime\Cache\Home\2af971c3808e883199bcfa117244b1ab.php 第 28 行.
NOTIC: [8] Undefined variable: result_active G:\github\gaozi\Application\Runtime\Cache\Home\2af971c3808e883199bcfa117244b1ab.php 第 29 行.
NOTIC: [8] Undefined variable: link_active G:\github\gaozi\Application\Runtime\Cache\Home\2af971c3808e883199bcfa117244b1ab.php 第 30 行.
INFO: Run Behavior\ParseTemplateBehavior [ RunTime:0.009001s ]
INFO: [ view_parse ] --END-- [ RunTime:0.009001s ]
INFO: [ view_filter ] --START--
INFO: Run Behavior\WriteHtmlCacheBehavior [ RunTime:0.000000s ]
INFO: [ view_filter ] --END-- [ RunTime:0.000000s ]
INFO: [ app_end ] --START--
INFO: Run Behavior\ShowPageTraceBehavior [ RunTime:0.001000s ]
INFO: [ app_end ] --END-- [ RunTime:0.001000s ]

[ 2014-12-26T22:54:41+08:00 ] 127.0.0.1 /home/study?id=1
INFO: [ app_init ] --START--
INFO: Run Behavior\BuildLiteBehavior [ RunTime:0.000000s ]
INFO: [ app_init ] --END-- [ RunTime:0.000000s ]
INFO: [ app_begin ] --START--
INFO: Run Behavior\ReadHtmlCacheBehavior [ RunTime:0.001000s ]
INFO: [ app_begin ] --END-- [ RunTime:0.001000s ]
SQL: SHOW COLUMNS FROM `db_study` [ RunTime:0.003001s ]
SQL: SELECT * FROM `db_study` WHERE ( id = 1 )  [ RunTime:0.000000s ]
SQL: SHOW COLUMNS FROM `db_news` [ RunTime:0.002000s ]
SQL: SELECT * FROM `db_news` WHERE ( type != 1 ) ORDER BY views desc LIMIT 10   [ RunTime:0.001000s ]
SQL: SHOW COLUMNS FROM `db_user_info` [ RunTime:0.002000s ]
SQL: SELECT * FROM `db_user_info` WHERE ( type != 0 ) ORDER BY views desc LIMIT 4   [ RunTime:0.001000s ]
INFO: [ view_parse ] --START--
INFO: [ template_filter ] --START--
INFO: Run Behavior\ContentReplaceBehavior [ RunTime:0.000000s ]
INFO: [ template_filter ] --END-- [ RunTime:0.000000s ]
NOTIC: [8] Undefined variable: index_active G:\github\gaozi\Application\Runtime\Cache\Home\2af971c3808e883199bcfa117244b1ab.php 第 22 行.
NOTIC: [8] Undefined variable: info_active G:\github\gaozi\Application\Runtime\Cache\Home\2af971c3808e883199bcfa117244b1ab.php 第 23 行.
NOTIC: [8] Undefined variable: news_active G:\github\gaozi\Application\Runtime\Cache\Home\2af971c3808e883199bcfa117244b1ab.php 第 24 行.
NOTIC: [8] Undefined variable: notice_active G:\github\gaozi\Application\Runtime\Cache\Home\2af971c3808e883199bcfa117244b1ab.php 第 25 行.
NOTIC: [8] Undefined variable: member_active G:\github\gaozi\Application\Runtime\Cache\Home\2af971c3808e883199bcfa117244b1ab.php 第 26 行.
NOTIC: [8] Undefined variable: paper_active G:\github\gaozi\Application\Runtime\Cache\Home\2af971c3808e883199bcfa117244b1ab.php 第 27 行.
NOTIC: [8] Undefined variable: projects_active G:\github\gaozi\Application\Runtime\Cache\Home\2af971c3808e883199bcfa117244b1ab.php 第 28 行.
NOTIC: [8] Undefined variable: result_active G:\github\gaozi\Application\Runtime\Cache\Home\2af971c3808e883199bcfa117244b1ab.php 第 29 行.
NOTIC: [8] Undefined variable: link_active G:\github\gaozi\Application\Runtime\Cache\Home\2af971c3808e883199bcfa117244b1ab.php 第 30 行.
INFO: Run Behavior\ParseTemplateBehavior [ RunTime:0.008001s ]
INFO: [ view_parse ] --END-- [ RunTime:0.009001s ]
INFO: [ view_filter ] --START--
INFO: Run Behavior\WriteHtmlCacheBehavior [ RunTime:0.000000s ]
INFO: [ view_filter ] --END-- [ RunTime:0.000000s ]
INFO: [ app_end ] --START--
INFO: Run Behavior\ShowPageTraceBehavior [ RunTime:0.001000s ]
INFO: [ app_end ] --END-- [ RunTime:0.001000s ]

[ 2014-12-26T22:54:49+08:00 ] 127.0.0.1 /home/study?id=1
INFO: [ app_init ] --START--
INFO: Run Behavior\BuildLiteBehavior [ RunTime:0.000000s ]
INFO: [ app_init ] --END-- [ RunTime:0.001000s ]
INFO: [ app_begin ] --START--
INFO: Run Behavior\ReadHtmlCacheBehavior [ RunTime:0.000000s ]
INFO: [ app_begin ] --END-- [ RunTime:0.001000s ]
SQL: SHOW COLUMNS FROM `db_study` [ RunTime:0.003000s ]
SQL: SELECT * FROM `db_study` WHERE ( id = 1 )  [ RunTime:0.001000s ]
SQL: SHOW COLUMNS FROM `db_news` [ RunTime:0.004000s ]
SQL: SELECT * FROM `db_news` WHERE ( type != 1 ) ORDER BY views desc LIMIT 10   [ RunTime:0.000000s ]
SQL: SHOW COLUMNS FROM `db_user_info` [ RunTime:0.003000s ]
SQL: SELECT * FROM `db_user_info` WHERE ( type != 0 ) ORDER BY views desc LIMIT 4   [ RunTime:0.000000s ]
INFO: [ view_parse ] --START--
INFO: [ template_filter ] --START--
INFO: Run Behavior\ContentReplaceBehavior [ RunTime:0.000000s ]
INFO: [ template_filter ] --END-- [ RunTime:0.000000s ]
NOTIC: [8] Undefined variable: index_active G:\github\gaozi\Application\Runtime\Cache\Home\2af971c3808e883199bcfa117244b1ab.php 第 22 行.
NOTIC: [8] Undefined variable: info_active G:\github\gaozi\Application\Runtime\Cache\Home\2af971c3808e883199bcfa117244b1ab.php 第 23 行.
NOTIC: [8] Undefined variable: news_active G:\github\gaozi\Application\Runtime\Cache\Home\2af971c3808e883199bcfa117244b1ab.php 第 24 行.
NOTIC: [8] Undefined variable: notice_active G:\github\gaozi\Application\Runtime\Cache\Home\2af971c3808e883199bcfa117244b1ab.php 第 25 行.
NOTIC: [8] Undefined variable: member_active G:\github\gaozi\Application\Runtime\Cache\Home\2af971c3808e883199bcfa117244b1ab.php 第 26 行.
NOTIC: [8] Undefined variable: paper_active G:\github\gaozi\Application\Runtime\Cache\Home\2af971c3808e883199bcfa117244b1ab.php 第 27 行.
NOTIC: [8] Undefined variable: projects_active G:\github\gaozi\Application\Runtime\Cache\Home\2af971c3808e883199bcfa117244b1ab.php 第 28 行.
NOTIC: [8] Undefined variable: result_active G:\github\gaozi\Application\Runtime\Cache\Home\2af971c3808e883199bcfa117244b1ab.php 第 29 行.
NOTIC: [8] Undefined variable: link_active G:\github\gaozi\Application\Runtime\Cache\Home\2af971c3808e883199bcfa117244b1ab.php 第 30 行.
INFO: Run Behavior\ParseTemplateBehavior [ RunTime:0.007001s ]
INFO: [ view_parse ] --END-- [ RunTime:0.007001s ]
INFO: [ view_filter ] --START--
INFO: Run Behavior\WriteHtmlCacheBehavior [ RunTime:0.001000s ]
INFO: [ view_filter ] --END-- [ RunTime:0.001000s ]
INFO: [ app_end ] --START--
INFO: Run Behavior\ShowPageTraceBehavior [ RunTime:0.000000s ]
INFO: [ app_end ] --END-- [ RunTime:0.000000s ]

