[ 2014-11-16T16:09:36+08:00 ] 127.0.0.1 /
INFO: [ app_init ] --START--
INFO: Run Behavior\BuildLiteBehavior [ RunTime:0.000000s ]
INFO: [ app_init ] --END-- [ RunTime:0.001000s ]
INFO: [ app_begin ] --START--
INFO: Run Behavior\ReadHtmlCacheBehavior [ RunTime:0.001000s ]
INFO: [ app_begin ] --END-- [ RunTime:0.001000s ]
SQL: SHOW COLUMNS FROM `db_news` [ RunTime:0.014001s ]
SQL: SELECT * FROM `db_news` WHERE ( type != 1 ) ORDER BY nid desc  [ RunTime:0.000000s ]
SQL: SELECT * FROM `db_news` WHERE ( type = 1 ) ORDER BY nid desc  [ RunTime:0.001000s ]
SQL: SHOW COLUMNS FROM `db_study` [ RunTime:0.003001s ]
SQL: SELECT * FROM `db_study` ORDER BY id desc  [ RunTime:0.001000s ]
SQL: SHOW COLUMNS FROM `db_user_info` [ RunTime:0.003000s ]
SQL: SELECT * FROM `db_user_info` WHERE ( type != 0 ) ORDER BY uid desc  [ RunTime:0.001000s ]
SQL: SHOW COLUMNS FROM `db_links` [ RunTime:0.003000s ]
SQL: SELECT * FROM `db_links`  [ RunTime:0.000000s ]
INFO: [ view_parse ] --START--
INFO: [ template_filter ] --START--
INFO: Run Behavior\ContentReplaceBehavior [ RunTime:0.000000s ]
INFO: [ template_filter ] --END-- [ RunTime:0.000000s ]
NOTIC: [8] Undefined variable: info_active G:\github\gaozi\Application\Runtime\Cache\Home\2a94b8bda04ff446dcedd42276fc99ee.php 第 26 行.
NOTIC: [8] Undefined variable: news_active G:\github\gaozi\Application\Runtime\Cache\Home\2a94b8bda04ff446dcedd42276fc99ee.php 第 27 行.
NOTIC: [8] Undefined variable: member_active G:\github\gaozi\Application\Runtime\Cache\Home\2a94b8bda04ff446dcedd42276fc99ee.php 第 28 行.
NOTIC: [8] Undefined variable: paper_active G:\github\gaozi\Application\Runtime\Cache\Home\2a94b8bda04ff446dcedd42276fc99ee.php 第 29 行.
NOTIC: [8] Undefined variable: projects_active G:\github\gaozi\Application\Runtime\Cache\Home\2a94b8bda04ff446dcedd42276fc99ee.php 第 30 行.
NOTIC: [8] Undefined variable: result_active G:\github\gaozi\Application\Runtime\Cache\Home\2a94b8bda04ff446dcedd42276fc99ee.php 第 31 行.
NOTIC: [8] Undefined variable: link_active G:\github\gaozi\Application\Runtime\Cache\Home\2a94b8bda04ff446dcedd42276fc99ee.php 第 32 行.
NOTIC: [8] Undefined variable: contact_active G:\github\gaozi\Application\Runtime\Cache\Home\2a94b8bda04ff446dcedd42276fc99ee.php 第 33 行.
INFO: Run Behavior\ParseTemplateBehavior [ RunTime:0.010001s ]
INFO: [ view_parse ] --END-- [ RunTime:0.010001s ]
INFO: [ view_filter ] --START--
INFO: Run Behavior\WriteHtmlCacheBehavior [ RunTime:0.001000s ]
INFO: [ view_filter ] --END-- [ RunTime:0.001000s ]
INFO: [ app_end ] --START--
INFO: Run Behavior\ShowPageTraceBehavior [ RunTime:0.000000s ]
INFO: [ app_end ] --END-- [ RunTime:0.000000s ]

[ 2014-11-16T16:09:40+08:00 ] 127.0.0.1 /home/news/news_info?nid=7&type=2
INFO: [ app_init ] --START--
INFO: Run Behavior\BuildLiteBehavior [ RunTime:0.000000s ]
INFO: [ app_init ] --END-- [ RunTime:0.000000s ]
INFO: [ app_begin ] --START--
INFO: Run Behavior\ReadHtmlCacheBehavior [ RunTime:0.001000s ]
INFO: [ app_begin ] --END-- [ RunTime:0.001000s ]
SQL: SHOW COLUMNS FROM `db_news` [ RunTime:0.003000s ]
SQL: SELECT * FROM `db_news` WHERE ( nid = 7 )  [ RunTime:0.000000s ]
INFO: [ view_parse ] --START--
INFO: [ template_filter ] --START--
INFO: Run Behavior\ContentReplaceBehavior [ RunTime:0.000000s ]
INFO: [ template_filter ] --END-- [ RunTime:0.000000s ]
NOTIC: [8] Undefined variable: index_active G:\github\gaozi\Application\Runtime\Cache\Home\798ca06348b7959134f7258ac15e71e7.php 第 24 行.
NOTIC: [8] Undefined variable: info_active G:\github\gaozi\Application\Runtime\Cache\Home\798ca06348b7959134f7258ac15e71e7.php 第 25 行.
NOTIC: [8] Undefined variable: news_active G:\github\gaozi\Application\Runtime\Cache\Home\798ca06348b7959134f7258ac15e71e7.php 第 26 行.
NOTIC: [8] Undefined variable: member_active G:\github\gaozi\Application\Runtime\Cache\Home\798ca06348b7959134f7258ac15e71e7.php 第 27 行.
NOTIC: [8] Undefined variable: paper_active G:\github\gaozi\Application\Runtime\Cache\Home\798ca06348b7959134f7258ac15e71e7.php 第 28 行.
NOTIC: [8] Undefined variable: projects_active G:\github\gaozi\Application\Runtime\Cache\Home\798ca06348b7959134f7258ac15e71e7.php 第 29 行.
NOTIC: [8] Undefined variable: result_active G:\github\gaozi\Application\Runtime\Cache\Home\798ca06348b7959134f7258ac15e71e7.php 第 30 行.
NOTIC: [8] Undefined variable: link_active G:\github\gaozi\Application\Runtime\Cache\Home\798ca06348b7959134f7258ac15e71e7.php 第 31 行.
NOTIC: [8] Undefined variable: contact_active G:\github\gaozi\Application\Runtime\Cache\Home\798ca06348b7959134f7258ac15e71e7.php 第 32 行.
INFO: Run Behavior\ParseTemplateBehavior [ RunTime:0.008000s ]
INFO: [ view_parse ] --END-- [ RunTime:0.008000s ]
INFO: [ view_filter ] --START--
INFO: Run Behavior\WriteHtmlCacheBehavior [ RunTime:0.001000s ]
INFO: [ view_filter ] --END-- [ RunTime:0.001000s ]
INFO: [ app_end ] --START--
INFO: Run Behavior\ShowPageTraceBehavior [ RunTime:0.001001s ]
INFO: [ app_end ] --END-- [ RunTime:0.001001s ]

[ 2014-11-16T16:09:43+08:00 ] 127.0.0.1 /home/search?query=&type=%E6%96%B0%E9%97%BB%E4%B8%AD%E5%BF%83
INFO: [ app_init ] --START--
INFO: Run Behavior\BuildLiteBehavior [ RunTime:0.000000s ]
INFO: [ app_init ] --END-- [ RunTime:0.001000s ]
INFO: [ app_begin ] --START--
INFO: Run Behavior\ReadHtmlCacheBehavior [ RunTime:0.000000s ]
INFO: [ app_begin ] --END-- [ RunTime:0.000000s ]
SQL: SHOW COLUMNS FROM `db_news` [ RunTime:0.006001s ]
SQL: SELECT * FROM `db_news` WHERE ( type =2 and title like "%%"  )  [ RunTime:0.000000s ]
INFO: [ view_parse ] --START--
INFO: [ template_filter ] --START--
INFO: Run Behavior\ContentReplaceBehavior [ RunTime:0.000000s ]
INFO: [ template_filter ] --END-- [ RunTime:0.000000s ]
NOTIC: [8] Undefined variable: index_active G:\github\gaozi\Application\Runtime\Cache\Home\98e208847e32c66f2031e4de8ef4ead5.php 第 26 行.
NOTIC: [8] Undefined variable: info_active G:\github\gaozi\Application\Runtime\Cache\Home\98e208847e32c66f2031e4de8ef4ead5.php 第 27 行.
NOTIC: [8] Undefined variable: news_active G:\github\gaozi\Application\Runtime\Cache\Home\98e208847e32c66f2031e4de8ef4ead5.php 第 28 行.
NOTIC: [8] Undefined variable: member_active G:\github\gaozi\Application\Runtime\Cache\Home\98e208847e32c66f2031e4de8ef4ead5.php 第 29 行.
NOTIC: [8] Undefined variable: paper_active G:\github\gaozi\Application\Runtime\Cache\Home\98e208847e32c66f2031e4de8ef4ead5.php 第 30 行.
NOTIC: [8] Undefined variable: projects_active G:\github\gaozi\Application\Runtime\Cache\Home\98e208847e32c66f2031e4de8ef4ead5.php 第 31 行.
NOTIC: [8] Undefined variable: result_active G:\github\gaozi\Application\Runtime\Cache\Home\98e208847e32c66f2031e4de8ef4ead5.php 第 32 行.
NOTIC: [8] Undefined variable: link_active G:\github\gaozi\Application\Runtime\Cache\Home\98e208847e32c66f2031e4de8ef4ead5.php 第 33 行.
NOTIC: [8] Undefined variable: contact_active G:\github\gaozi\Application\Runtime\Cache\Home\98e208847e32c66f2031e4de8ef4ead5.php 第 34 行.
INFO: Run Behavior\ParseTemplateBehavior [ RunTime:0.029001s ]
INFO: [ view_parse ] --END-- [ RunTime:0.029001s ]
INFO: [ view_filter ] --START--
INFO: Run Behavior\WriteHtmlCacheBehavior [ RunTime:0.001000s ]
INFO: [ view_filter ] --END-- [ RunTime:0.001000s ]
INFO: [ app_end ] --START--
INFO: Run Behavior\ShowPageTraceBehavior [ RunTime:0.000000s ]
INFO: [ app_end ] --END-- [ RunTime:0.000000s ]

[ 2014-11-16T16:09:48+08:00 ] 127.0.0.1 /home/index/info
INFO: [ app_init ] --START--
INFO: Run Behavior\BuildLiteBehavior [ RunTime:0.000000s ]
INFO: [ app_init ] --END-- [ RunTime:0.001000s ]
INFO: [ app_begin ] --START--
INFO: Run Behavior\ReadHtmlCacheBehavior [ RunTime:0.001000s ]
INFO: [ app_begin ] --END-- [ RunTime:0.001000s ]
SQL: SHOW COLUMNS FROM `db_labinfo` [ RunTime:0.019001s ]
SQL: SELECT `info` FROM `db_labinfo`  [ RunTime:0.001000s ]
INFO: [ view_parse ] --START--
INFO: [ template_filter ] --START--
INFO: Run Behavior\ContentReplaceBehavior [ RunTime:0.000000s ]
INFO: [ template_filter ] --END-- [ RunTime:0.000000s ]
NOTIC: [8] Undefined variable: index_active G:\github\gaozi\Application\Runtime\Cache\Home\58dcbc0a6aedef7ee219b145fa55354f.php 第 24 行.
NOTIC: [8] Undefined variable: news_active G:\github\gaozi\Application\Runtime\Cache\Home\58dcbc0a6aedef7ee219b145fa55354f.php 第 26 行.
NOTIC: [8] Undefined variable: member_active G:\github\gaozi\Application\Runtime\Cache\Home\58dcbc0a6aedef7ee219b145fa55354f.php 第 27 行.
NOTIC: [8] Undefined variable: paper_active G:\github\gaozi\Application\Runtime\Cache\Home\58dcbc0a6aedef7ee219b145fa55354f.php 第 28 行.
NOTIC: [8] Undefined variable: projects_active G:\github\gaozi\Application\Runtime\Cache\Home\58dcbc0a6aedef7ee219b145fa55354f.php 第 29 行.
NOTIC: [8] Undefined variable: result_active G:\github\gaozi\Application\Runtime\Cache\Home\58dcbc0a6aedef7ee219b145fa55354f.php 第 30 行.
NOTIC: [8] Undefined variable: link_active G:\github\gaozi\Application\Runtime\Cache\Home\58dcbc0a6aedef7ee219b145fa55354f.php 第 31 行.
NOTIC: [8] Undefined variable: contact_active G:\github\gaozi\Application\Runtime\Cache\Home\58dcbc0a6aedef7ee219b145fa55354f.php 第 32 行.
INFO: Run Behavior\ParseTemplateBehavior [ RunTime:0.028002s ]
INFO: [ view_parse ] --END-- [ RunTime:0.028002s ]
INFO: [ view_filter ] --START--
INFO: Run Behavior\WriteHtmlCacheBehavior [ RunTime:0.000000s ]
INFO: [ view_filter ] --END-- [ RunTime:0.000000s ]
INFO: [ app_end ] --START--
INFO: Run Behavior\ShowPageTraceBehavior [ RunTime:0.001000s ]
INFO: [ app_end ] --END-- [ RunTime:0.001000s ]

[ 2014-11-16T16:09:49+08:00 ] 127.0.0.1 /home/index/news
INFO: [ app_init ] --START--
INFO: Run Behavior\BuildLiteBehavior [ RunTime:0.000000s ]
INFO: [ app_init ] --END-- [ RunTime:0.001000s ]
INFO: [ app_begin ] --START--
INFO: Run Behavior\ReadHtmlCacheBehavior [ RunTime:0.001000s ]
INFO: [ app_begin ] --END-- [ RunTime:0.001000s ]
SQL: SHOW COLUMNS FROM `db_news` [ RunTime:0.002000s ]
SQL: SELECT * FROM `db_news` WHERE ( type != 1 ) ORDER BY nid desc  [ RunTime:0.001000s ]
SQL: SELECT * FROM `db_news` WHERE ( type != 1 ) ORDER BY views desc LIMIT 5   [ RunTime:0.000000s ]
INFO: [ view_parse ] --START--
INFO: [ template_filter ] --START--
INFO: Run Behavior\ContentReplaceBehavior [ RunTime:0.001000s ]
INFO: [ template_filter ] --END-- [ RunTime:0.001000s ]
NOTIC: [8] Undefined variable: index_active G:\github\gaozi\Application\Runtime\Cache\Home\cecb45903f8aa0e33f62e7ce7ef7b49f.php 第 24 行.
NOTIC: [8] Undefined variable: info_active G:\github\gaozi\Application\Runtime\Cache\Home\cecb45903f8aa0e33f62e7ce7ef7b49f.php 第 25 行.
NOTIC: [8] Undefined variable: member_active G:\github\gaozi\Application\Runtime\Cache\Home\cecb45903f8aa0e33f62e7ce7ef7b49f.php 第 27 行.
NOTIC: [8] Undefined variable: paper_active G:\github\gaozi\Application\Runtime\Cache\Home\cecb45903f8aa0e33f62e7ce7ef7b49f.php 第 28 行.
NOTIC: [8] Undefined variable: projects_active G:\github\gaozi\Application\Runtime\Cache\Home\cecb45903f8aa0e33f62e7ce7ef7b49f.php 第 29 行.
NOTIC: [8] Undefined variable: result_active G:\github\gaozi\Application\Runtime\Cache\Home\cecb45903f8aa0e33f62e7ce7ef7b49f.php 第 30 行.
NOTIC: [8] Undefined variable: link_active G:\github\gaozi\Application\Runtime\Cache\Home\cecb45903f8aa0e33f62e7ce7ef7b49f.php 第 31 行.
NOTIC: [8] Undefined variable: contact_active G:\github\gaozi\Application\Runtime\Cache\Home\cecb45903f8aa0e33f62e7ce7ef7b49f.php 第 32 行.
INFO: Run Behavior\ParseTemplateBehavior [ RunTime:0.007000s ]
INFO: [ view_parse ] --END-- [ RunTime:0.007000s ]
INFO: [ view_filter ] --START--
INFO: Run Behavior\WriteHtmlCacheBehavior [ RunTime:0.000000s ]
INFO: [ view_filter ] --END-- [ RunTime:0.000000s ]
INFO: [ app_end ] --START--
INFO: Run Behavior\ShowPageTraceBehavior [ RunTime:0.001000s ]
INFO: [ app_end ] --END-- [ RunTime:0.001000s ]

[ 2014-11-16T16:09:49+08:00 ] 127.0.0.1 /home/index/member
INFO: [ app_init ] --START--
INFO: Run Behavior\BuildLiteBehavior [ RunTime:0.000000s ]
INFO: [ app_init ] --END-- [ RunTime:0.001000s ]
INFO: [ app_begin ] --START--
INFO: Run Behavior\ReadHtmlCacheBehavior [ RunTime:0.001000s ]
INFO: [ app_begin ] --END-- [ RunTime:0.001000s ]
INFO: [ view_parse ] --START--
INFO: [ template_filter ] --START--
INFO: Run Behavior\ContentReplaceBehavior [ RunTime:0.000000s ]
INFO: [ template_filter ] --END-- [ RunTime:0.000000s ]
NOTIC: [8] Undefined variable: index_active G:\github\gaozi\Application\Runtime\Cache\Home\0034c409d5ac2c07ac3f17b1b2ad5d84.php 第 24 行.
NOTIC: [8] Undefined variable: info_active G:\github\gaozi\Application\Runtime\Cache\Home\0034c409d5ac2c07ac3f17b1b2ad5d84.php 第 25 行.
NOTIC: [8] Undefined variable: news_active G:\github\gaozi\Application\Runtime\Cache\Home\0034c409d5ac2c07ac3f17b1b2ad5d84.php 第 26 行.
NOTIC: [8] Undefined variable: paper_active G:\github\gaozi\Application\Runtime\Cache\Home\0034c409d5ac2c07ac3f17b1b2ad5d84.php 第 28 行.
NOTIC: [8] Undefined variable: projects_active G:\github\gaozi\Application\Runtime\Cache\Home\0034c409d5ac2c07ac3f17b1b2ad5d84.php 第 29 行.
NOTIC: [8] Undefined variable: result_active G:\github\gaozi\Application\Runtime\Cache\Home\0034c409d5ac2c07ac3f17b1b2ad5d84.php 第 30 行.
NOTIC: [8] Undefined variable: link_active G:\github\gaozi\Application\Runtime\Cache\Home\0034c409d5ac2c07ac3f17b1b2ad5d84.php 第 31 行.
NOTIC: [8] Undefined variable: contact_active G:\github\gaozi\Application\Runtime\Cache\Home\0034c409d5ac2c07ac3f17b1b2ad5d84.php 第 32 行.
INFO: Run Behavior\ParseTemplateBehavior [ RunTime:0.025002s ]
INFO: [ view_parse ] --END-- [ RunTime:0.025002s ]
INFO: [ view_filter ] --START--
INFO: Run Behavior\WriteHtmlCacheBehavior [ RunTime:0.000000s ]
INFO: [ view_filter ] --END-- [ RunTime:0.000000s ]
INFO: [ app_end ] --START--
INFO: Run Behavior\ShowPageTraceBehavior [ RunTime:0.001000s ]
INFO: [ app_end ] --END-- [ RunTime:0.001000s ]

[ 2014-11-16T16:09:50+08:00 ] 127.0.0.1 /home/index/paper
INFO: [ app_init ] --START--
INFO: Run Behavior\BuildLiteBehavior [ RunTime:0.000000s ]
INFO: [ app_init ] --END-- [ RunTime:0.000000s ]
INFO: [ app_begin ] --START--
INFO: Run Behavior\ReadHtmlCacheBehavior [ RunTime:0.000000s ]
INFO: [ app_begin ] --END-- [ RunTime:0.000000s ]
INFO: [ view_parse ] --START--
INFO: [ template_filter ] --START--
INFO: Run Behavior\ContentReplaceBehavior [ RunTime:0.000000s ]
INFO: [ template_filter ] --END-- [ RunTime:0.000000s ]
NOTIC: [8] Undefined variable: index_active G:\github\gaozi\Application\Runtime\Cache\Home\e62ece094d52bdb2f61a2a5604f95112.php 第 24 行.
NOTIC: [8] Undefined variable: info_active G:\github\gaozi\Application\Runtime\Cache\Home\e62ece094d52bdb2f61a2a5604f95112.php 第 25 行.
NOTIC: [8] Undefined variable: news_active G:\github\gaozi\Application\Runtime\Cache\Home\e62ece094d52bdb2f61a2a5604f95112.php 第 26 行.
NOTIC: [8] Undefined variable: member_active G:\github\gaozi\Application\Runtime\Cache\Home\e62ece094d52bdb2f61a2a5604f95112.php 第 27 行.
NOTIC: [8] Undefined variable: projects_active G:\github\gaozi\Application\Runtime\Cache\Home\e62ece094d52bdb2f61a2a5604f95112.php 第 29 行.
NOTIC: [8] Undefined variable: result_active G:\github\gaozi\Application\Runtime\Cache\Home\e62ece094d52bdb2f61a2a5604f95112.php 第 30 行.
NOTIC: [8] Undefined variable: link_active G:\github\gaozi\Application\Runtime\Cache\Home\e62ece094d52bdb2f61a2a5604f95112.php 第 31 行.
NOTIC: [8] Undefined variable: contact_active G:\github\gaozi\Application\Runtime\Cache\Home\e62ece094d52bdb2f61a2a5604f95112.php 第 32 行.
INFO: Run Behavior\ParseTemplateBehavior [ RunTime:0.024002s ]
INFO: [ view_parse ] --END-- [ RunTime:0.024002s ]
INFO: [ view_filter ] --START--
INFO: Run Behavior\WriteHtmlCacheBehavior [ RunTime:0.000000s ]
INFO: [ view_filter ] --END-- [ RunTime:0.000000s ]
INFO: [ app_end ] --START--
INFO: Run Behavior\ShowPageTraceBehavior [ RunTime:0.001000s ]
INFO: [ app_end ] --END-- [ RunTime:0.001000s ]

[ 2014-11-16T16:09:51+08:00 ] 127.0.0.1 /home/index/projects
INFO: [ app_init ] --START--
INFO: Run Behavior\BuildLiteBehavior [ RunTime:0.000000s ]
INFO: [ app_init ] --END-- [ RunTime:0.000000s ]
INFO: [ app_begin ] --START--
INFO: Run Behavior\ReadHtmlCacheBehavior [ RunTime:0.000000s ]
INFO: [ app_begin ] --END-- [ RunTime:0.000000s ]
SQL: SHOW COLUMNS FROM `db_projects` [ RunTime:0.028002s ]
SQL: SELECT * FROM `db_projects` ORDER BY id desc  [ RunTime:0.001000s ]
INFO: [ view_parse ] --START--
INFO: [ template_filter ] --START--
INFO: Run Behavior\ContentReplaceBehavior [ RunTime:0.001000s ]
INFO: [ template_filter ] --END-- [ RunTime:0.001000s ]
NOTIC: [8] Undefined variable: index_active G:\github\gaozi\Application\Runtime\Cache\Home\70f18358bcf8be8f1521f277990280d6.php 第 24 行.
NOTIC: [8] Undefined variable: info_active G:\github\gaozi\Application\Runtime\Cache\Home\70f18358bcf8be8f1521f277990280d6.php 第 25 行.
NOTIC: [8] Undefined variable: news_active G:\github\gaozi\Application\Runtime\Cache\Home\70f18358bcf8be8f1521f277990280d6.php 第 26 行.
NOTIC: [8] Undefined variable: member_active G:\github\gaozi\Application\Runtime\Cache\Home\70f18358bcf8be8f1521f277990280d6.php 第 27 行.
NOTIC: [8] Undefined variable: paper_active G:\github\gaozi\Application\Runtime\Cache\Home\70f18358bcf8be8f1521f277990280d6.php 第 28 行.
NOTIC: [8] Undefined variable: result_active G:\github\gaozi\Application\Runtime\Cache\Home\70f18358bcf8be8f1521f277990280d6.php 第 30 行.
NOTIC: [8] Undefined variable: link_active G:\github\gaozi\Application\Runtime\Cache\Home\70f18358bcf8be8f1521f277990280d6.php 第 31 行.
NOTIC: [8] Undefined variable: contact_active G:\github\gaozi\Application\Runtime\Cache\Home\70f18358bcf8be8f1521f277990280d6.php 第 32 行.
INFO: Run Behavior\ParseTemplateBehavior [ RunTime:0.007000s ]
INFO: [ view_parse ] --END-- [ RunTime:0.007000s ]
INFO: [ view_filter ] --START--
INFO: Run Behavior\WriteHtmlCacheBehavior [ RunTime:0.001000s ]
INFO: [ view_filter ] --END-- [ RunTime:0.001000s ]
INFO: [ app_end ] --START--
INFO: Run Behavior\ShowPageTraceBehavior [ RunTime:0.000000s ]
INFO: [ app_end ] --END-- [ RunTime:0.000000s ]

[ 2014-11-16T16:09:53+08:00 ] 127.0.0.1 /home/index/result
INFO: [ app_init ] --START--
INFO: Run Behavior\BuildLiteBehavior [ RunTime:0.000000s ]
INFO: [ app_init ] --END-- [ RunTime:0.001000s ]
INFO: [ app_begin ] --START--
INFO: Run Behavior\ReadHtmlCacheBehavior [ RunTime:0.000000s ]
INFO: [ app_begin ] --END-- [ RunTime:0.000000s ]
INFO: [ view_parse ] --START--
INFO: [ template_filter ] --START--
INFO: Run Behavior\ContentReplaceBehavior [ RunTime:0.000000s ]
INFO: [ template_filter ] --END-- [ RunTime:0.000000s ]
NOTIC: [8] Undefined variable: index_active G:\github\gaozi\Application\Runtime\Cache\Home\52160acf02b94d3c6daf1b9d1b963035.php 第 24 行.
NOTIC: [8] Undefined variable: info_active G:\github\gaozi\Application\Runtime\Cache\Home\52160acf02b94d3c6daf1b9d1b963035.php 第 25 行.
NOTIC: [8] Undefined variable: news_active G:\github\gaozi\Application\Runtime\Cache\Home\52160acf02b94d3c6daf1b9d1b963035.php 第 26 行.
NOTIC: [8] Undefined variable: member_active G:\github\gaozi\Application\Runtime\Cache\Home\52160acf02b94d3c6daf1b9d1b963035.php 第 27 行.
NOTIC: [8] Undefined variable: paper_active G:\github\gaozi\Application\Runtime\Cache\Home\52160acf02b94d3c6daf1b9d1b963035.php 第 28 行.
NOTIC: [8] Undefined variable: projects_active G:\github\gaozi\Application\Runtime\Cache\Home\52160acf02b94d3c6daf1b9d1b963035.php 第 29 行.
NOTIC: [8] Undefined variable: link_active G:\github\gaozi\Application\Runtime\Cache\Home\52160acf02b94d3c6daf1b9d1b963035.php 第 31 行.
NOTIC: [8] Undefined variable: contact_active G:\github\gaozi\Application\Runtime\Cache\Home\52160acf02b94d3c6daf1b9d1b963035.php 第 32 行.
INFO: Run Behavior\ParseTemplateBehavior [ RunTime:0.027001s ]
INFO: [ view_parse ] --END-- [ RunTime:0.027001s ]
INFO: [ view_filter ] --START--
INFO: Run Behavior\WriteHtmlCacheBehavior [ RunTime:0.000000s ]
INFO: [ view_filter ] --END-- [ RunTime:0.000000s ]
INFO: [ app_end ] --START--
INFO: Run Behavior\ShowPageTraceBehavior [ RunTime:0.001000s ]
INFO: [ app_end ] --END-- [ RunTime:0.001000s ]

[ 2014-11-16T16:09:54+08:00 ] 127.0.0.1 /home/index/link
INFO: [ app_init ] --START--
INFO: Run Behavior\BuildLiteBehavior [ RunTime:0.000000s ]
INFO: [ app_init ] --END-- [ RunTime:0.000000s ]
INFO: [ app_begin ] --START--
INFO: Run Behavior\ReadHtmlCacheBehavior [ RunTime:0.001000s ]
INFO: [ app_begin ] --END-- [ RunTime:0.001000s ]
SQL: SHOW COLUMNS FROM `db_links` [ RunTime:0.004000s ]
SQL: SELECT * FROM `db_links`  [ RunTime:0.000000s ]
INFO: [ view_parse ] --START--
INFO: [ template_filter ] --START--
INFO: Run Behavior\ContentReplaceBehavior [ RunTime:0.000000s ]
INFO: [ template_filter ] --END-- [ RunTime:0.000000s ]
NOTIC: [8] Undefined variable: index_active G:\github\gaozi\Application\Runtime\Cache\Home\89b9068fbcbc9f3089adaefcf364d2ad.php 第 24 行.
NOTIC: [8] Undefined variable: info_active G:\github\gaozi\Application\Runtime\Cache\Home\89b9068fbcbc9f3089adaefcf364d2ad.php 第 25 行.
NOTIC: [8] Undefined variable: news_active G:\github\gaozi\Application\Runtime\Cache\Home\89b9068fbcbc9f3089adaefcf364d2ad.php 第 26 行.
NOTIC: [8] Undefined variable: member_active G:\github\gaozi\Application\Runtime\Cache\Home\89b9068fbcbc9f3089adaefcf364d2ad.php 第 27 行.
NOTIC: [8] Undefined variable: paper_active G:\github\gaozi\Application\Runtime\Cache\Home\89b9068fbcbc9f3089adaefcf364d2ad.php 第 28 行.
NOTIC: [8] Undefined variable: projects_active G:\github\gaozi\Application\Runtime\Cache\Home\89b9068fbcbc9f3089adaefcf364d2ad.php 第 29 行.
NOTIC: [8] Undefined variable: result_active G:\github\gaozi\Application\Runtime\Cache\Home\89b9068fbcbc9f3089adaefcf364d2ad.php 第 30 行.
NOTIC: [8] Undefined variable: contact_active G:\github\gaozi\Application\Runtime\Cache\Home\89b9068fbcbc9f3089adaefcf364d2ad.php 第 32 行.
INFO: Run Behavior\ParseTemplateBehavior [ RunTime:0.009001s ]
INFO: [ view_parse ] --END-- [ RunTime:0.009001s ]
INFO: [ view_filter ] --START--
INFO: Run Behavior\WriteHtmlCacheBehavior [ RunTime:0.000000s ]
INFO: [ view_filter ] --END-- [ RunTime:0.000000s ]
INFO: [ app_end ] --START--
INFO: Run Behavior\ShowPageTraceBehavior [ RunTime:0.000000s ]
INFO: [ app_end ] --END-- [ RunTime:0.000000s ]

[ 2014-11-16T16:09:56+08:00 ] 127.0.0.1 /home/index/result
INFO: [ app_init ] --START--
INFO: Run Behavior\BuildLiteBehavior [ RunTime:0.000000s ]
INFO: [ app_init ] --END-- [ RunTime:0.001000s ]
INFO: [ app_begin ] --START--
INFO: Run Behavior\ReadHtmlCacheBehavior [ RunTime:0.003000s ]
INFO: [ app_begin ] --END-- [ RunTime:0.003000s ]
INFO: [ view_parse ] --START--
INFO: [ template_filter ] --START--
INFO: Run Behavior\ContentReplaceBehavior [ RunTime:0.000000s ]
INFO: [ template_filter ] --END-- [ RunTime:0.000000s ]
NOTIC: [8] Undefined variable: index_active G:\github\gaozi\Application\Runtime\Cache\Home\52160acf02b94d3c6daf1b9d1b963035.php 第 24 行.
NOTIC: [8] Undefined variable: info_active G:\github\gaozi\Application\Runtime\Cache\Home\52160acf02b94d3c6daf1b9d1b963035.php 第 25 行.
NOTIC: [8] Undefined variable: news_active G:\github\gaozi\Application\Runtime\Cache\Home\52160acf02b94d3c6daf1b9d1b963035.php 第 26 行.
NOTIC: [8] Undefined variable: member_active G:\github\gaozi\Application\Runtime\Cache\Home\52160acf02b94d3c6daf1b9d1b963035.php 第 27 行.
NOTIC: [8] Undefined variable: paper_active G:\github\gaozi\Application\Runtime\Cache\Home\52160acf02b94d3c6daf1b9d1b963035.php 第 28 行.
NOTIC: [8] Undefined variable: projects_active G:\github\gaozi\Application\Runtime\Cache\Home\52160acf02b94d3c6daf1b9d1b963035.php 第 29 行.
NOTIC: [8] Undefined variable: link_active G:\github\gaozi\Application\Runtime\Cache\Home\52160acf02b94d3c6daf1b9d1b963035.php 第 31 行.
NOTIC: [8] Undefined variable: contact_active G:\github\gaozi\Application\Runtime\Cache\Home\52160acf02b94d3c6daf1b9d1b963035.php 第 32 行.
INFO: Run Behavior\ParseTemplateBehavior [ RunTime:0.006001s ]
INFO: [ view_parse ] --END-- [ RunTime:0.006001s ]
INFO: [ view_filter ] --START--
INFO: Run Behavior\WriteHtmlCacheBehavior [ RunTime:0.001000s ]
INFO: [ view_filter ] --END-- [ RunTime:0.001000s ]
INFO: [ app_end ] --START--
INFO: Run Behavior\ShowPageTraceBehavior [ RunTime:0.000000s ]
INFO: [ app_end ] --END-- [ RunTime:0.000000s ]

[ 2014-11-16T16:09:57+08:00 ] 127.0.0.1 /home/index/member
INFO: [ app_init ] --START--
INFO: Run Behavior\BuildLiteBehavior [ RunTime:0.000000s ]
INFO: [ app_init ] --END-- [ RunTime:0.001000s ]
INFO: [ app_begin ] --START--
INFO: Run Behavior\ReadHtmlCacheBehavior [ RunTime:0.001000s ]
INFO: [ app_begin ] --END-- [ RunTime:0.001000s ]
INFO: [ view_parse ] --START--
INFO: [ template_filter ] --START--
INFO: Run Behavior\ContentReplaceBehavior [ RunTime:0.000000s ]
INFO: [ template_filter ] --END-- [ RunTime:0.000000s ]
NOTIC: [8] Undefined variable: index_active G:\github\gaozi\Application\Runtime\Cache\Home\0034c409d5ac2c07ac3f17b1b2ad5d84.php 第 24 行.
NOTIC: [8] Undefined variable: info_active G:\github\gaozi\Application\Runtime\Cache\Home\0034c409d5ac2c07ac3f17b1b2ad5d84.php 第 25 行.
NOTIC: [8] Undefined variable: news_active G:\github\gaozi\Application\Runtime\Cache\Home\0034c409d5ac2c07ac3f17b1b2ad5d84.php 第 26 行.
NOTIC: [8] Undefined variable: paper_active G:\github\gaozi\Application\Runtime\Cache\Home\0034c409d5ac2c07ac3f17b1b2ad5d84.php 第 28 行.
NOTIC: [8] Undefined variable: projects_active G:\github\gaozi\Application\Runtime\Cache\Home\0034c409d5ac2c07ac3f17b1b2ad5d84.php 第 29 行.
NOTIC: [8] Undefined variable: result_active G:\github\gaozi\Application\Runtime\Cache\Home\0034c409d5ac2c07ac3f17b1b2ad5d84.php 第 30 行.
NOTIC: [8] Undefined variable: link_active G:\github\gaozi\Application\Runtime\Cache\Home\0034c409d5ac2c07ac3f17b1b2ad5d84.php 第 31 行.
NOTIC: [8] Undefined variable: contact_active G:\github\gaozi\Application\Runtime\Cache\Home\0034c409d5ac2c07ac3f17b1b2ad5d84.php 第 32 行.
INFO: Run Behavior\ParseTemplateBehavior [ RunTime:0.006000s ]
INFO: [ view_parse ] --END-- [ RunTime:0.006000s ]
INFO: [ view_filter ] --START--
INFO: Run Behavior\WriteHtmlCacheBehavior [ RunTime:0.000000s ]
INFO: [ view_filter ] --END-- [ RunTime:0.000000s ]
INFO: [ app_end ] --START--
INFO: Run Behavior\ShowPageTraceBehavior [ RunTime:0.000000s ]
INFO: [ app_end ] --END-- [ RunTime:0.000000s ]

[ 2014-11-16T16:09:57+08:00 ] 127.0.0.1 /home/index/paper
INFO: [ app_init ] --START--
INFO: Run Behavior\BuildLiteBehavior [ RunTime:0.000000s ]
INFO: [ app_init ] --END-- [ RunTime:0.002000s ]
INFO: [ app_begin ] --START--
INFO: Run Behavior\ReadHtmlCacheBehavior [ RunTime:0.000000s ]
INFO: [ app_begin ] --END-- [ RunTime:0.000000s ]
INFO: [ view_parse ] --START--
INFO: [ template_filter ] --START--
INFO: Run Behavior\ContentReplaceBehavior [ RunTime:0.000000s ]
INFO: [ template_filter ] --END-- [ RunTime:0.001000s ]
NOTIC: [8] Undefined variable: index_active G:\github\gaozi\Application\Runtime\Cache\Home\e62ece094d52bdb2f61a2a5604f95112.php 第 24 行.
NOTIC: [8] Undefined variable: info_active G:\github\gaozi\Application\Runtime\Cache\Home\e62ece094d52bdb2f61a2a5604f95112.php 第 25 行.
NOTIC: [8] Undefined variable: news_active G:\github\gaozi\Application\Runtime\Cache\Home\e62ece094d52bdb2f61a2a5604f95112.php 第 26 行.
NOTIC: [8] Undefined variable: member_active G:\github\gaozi\Application\Runtime\Cache\Home\e62ece094d52bdb2f61a2a5604f95112.php 第 27 行.
NOTIC: [8] Undefined variable: projects_active G:\github\gaozi\Application\Runtime\Cache\Home\e62ece094d52bdb2f61a2a5604f95112.php 第 29 行.
NOTIC: [8] Undefined variable: result_active G:\github\gaozi\Application\Runtime\Cache\Home\e62ece094d52bdb2f61a2a5604f95112.php 第 30 行.
NOTIC: [8] Undefined variable: link_active G:\github\gaozi\Application\Runtime\Cache\Home\e62ece094d52bdb2f61a2a5604f95112.php 第 31 行.
NOTIC: [8] Undefined variable: contact_active G:\github\gaozi\Application\Runtime\Cache\Home\e62ece094d52bdb2f61a2a5604f95112.php 第 32 行.
INFO: Run Behavior\ParseTemplateBehavior [ RunTime:0.008001s ]
INFO: [ view_parse ] --END-- [ RunTime:0.008001s ]
INFO: [ view_filter ] --START--
INFO: Run Behavior\WriteHtmlCacheBehavior [ RunTime:0.000000s ]
INFO: [ view_filter ] --END-- [ RunTime:0.000000s ]
INFO: [ app_end ] --START--
INFO: Run Behavior\ShowPageTraceBehavior [ RunTime:0.000000s ]
INFO: [ app_end ] --END-- [ RunTime:0.000000s ]

[ 2014-11-16T16:09:58+08:00 ] 127.0.0.1 /home/index/member
INFO: [ app_init ] --START--
INFO: Run Behavior\BuildLiteBehavior [ RunTime:0.000000s ]
INFO: [ app_init ] --END-- [ RunTime:0.001000s ]
INFO: [ app_begin ] --START--
INFO: Run Behavior\ReadHtmlCacheBehavior [ RunTime:0.001000s ]
INFO: [ app_begin ] --END-- [ RunTime:0.001000s ]
INFO: [ view_parse ] --START--
INFO: [ template_filter ] --START--
INFO: Run Behavior\ContentReplaceBehavior [ RunTime:0.000000s ]
INFO: [ template_filter ] --END-- [ RunTime:0.000000s ]
NOTIC: [8] Undefined variable: index_active G:\github\gaozi\Application\Runtime\Cache\Home\0034c409d5ac2c07ac3f17b1b2ad5d84.php 第 24 行.
NOTIC: [8] Undefined variable: info_active G:\github\gaozi\Application\Runtime\Cache\Home\0034c409d5ac2c07ac3f17b1b2ad5d84.php 第 25 行.
NOTIC: [8] Undefined variable: news_active G:\github\gaozi\Application\Runtime\Cache\Home\0034c409d5ac2c07ac3f17b1b2ad5d84.php 第 26 行.
NOTIC: [8] Undefined variable: paper_active G:\github\gaozi\Application\Runtime\Cache\Home\0034c409d5ac2c07ac3f17b1b2ad5d84.php 第 28 行.
NOTIC: [8] Undefined variable: projects_active G:\github\gaozi\Application\Runtime\Cache\Home\0034c409d5ac2c07ac3f17b1b2ad5d84.php 第 29 行.
NOTIC: [8] Undefined variable: result_active G:\github\gaozi\Application\Runtime\Cache\Home\0034c409d5ac2c07ac3f17b1b2ad5d84.php 第 30 行.
NOTIC: [8] Undefined variable: link_active G:\github\gaozi\Application\Runtime\Cache\Home\0034c409d5ac2c07ac3f17b1b2ad5d84.php 第 31 行.
NOTIC: [8] Undefined variable: contact_active G:\github\gaozi\Application\Runtime\Cache\Home\0034c409d5ac2c07ac3f17b1b2ad5d84.php 第 32 行.
INFO: Run Behavior\ParseTemplateBehavior [ RunTime:0.008001s ]
INFO: [ view_parse ] --END-- [ RunTime:0.008001s ]
INFO: [ view_filter ] --START--
INFO: Run Behavior\WriteHtmlCacheBehavior [ RunTime:0.000000s ]
INFO: [ view_filter ] --END-- [ RunTime:0.000000s ]
INFO: [ app_end ] --START--
INFO: Run Behavior\ShowPageTraceBehavior [ RunTime:0.001000s ]
INFO: [ app_end ] --END-- [ RunTime:0.001000s ]

[ 2014-11-16T17:52:52+08:00 ] 127.0.0.1 /home/index/projects
INFO: [ app_init ] --START--
INFO: Run Behavior\BuildLiteBehavior [ RunTime:0.000000s ]
INFO: [ app_init ] --END-- [ RunTime:0.000000s ]
INFO: [ app_begin ] --START--
INFO: Run Behavior\ReadHtmlCacheBehavior [ RunTime:0.000000s ]
INFO: [ app_begin ] --END-- [ RunTime:0.000000s ]
SQL: SHOW COLUMNS FROM `db_projects` [ RunTime:0.016001s ]
SQL: SELECT * FROM `db_projects` ORDER BY id desc  [ RunTime:0.001000s ]
INFO: [ view_parse ] --START--
INFO: [ template_filter ] --START--
INFO: Run Behavior\ContentReplaceBehavior [ RunTime:0.000000s ]
INFO: [ template_filter ] --END-- [ RunTime:0.000000s ]
NOTIC: [8] Undefined variable: index_active G:\github\gaozi\Application\Runtime\Cache\Home\70f18358bcf8be8f1521f277990280d6.php 第 24 行.
NOTIC: [8] Undefined variable: info_active G:\github\gaozi\Application\Runtime\Cache\Home\70f18358bcf8be8f1521f277990280d6.php 第 25 行.
NOTIC: [8] Undefined variable: news_active G:\github\gaozi\Application\Runtime\Cache\Home\70f18358bcf8be8f1521f277990280d6.php 第 26 行.
NOTIC: [8] Undefined variable: member_active G:\github\gaozi\Application\Runtime\Cache\Home\70f18358bcf8be8f1521f277990280d6.php 第 27 行.
NOTIC: [8] Undefined variable: paper_active G:\github\gaozi\Application\Runtime\Cache\Home\70f18358bcf8be8f1521f277990280d6.php 第 28 行.
NOTIC: [8] Undefined variable: result_active G:\github\gaozi\Application\Runtime\Cache\Home\70f18358bcf8be8f1521f277990280d6.php 第 30 行.
NOTIC: [8] Undefined variable: link_active G:\github\gaozi\Application\Runtime\Cache\Home\70f18358bcf8be8f1521f277990280d6.php 第 31 行.
NOTIC: [8] Undefined variable: contact_active G:\github\gaozi\Application\Runtime\Cache\Home\70f18358bcf8be8f1521f277990280d6.php 第 32 行.
INFO: Run Behavior\ParseTemplateBehavior [ RunTime:0.010000s ]
INFO: [ view_parse ] --END-- [ RunTime:0.010000s ]
INFO: [ view_filter ] --START--
INFO: Run Behavior\WriteHtmlCacheBehavior [ RunTime:0.000000s ]
INFO: [ view_filter ] --END-- [ RunTime:0.000000s ]
INFO: [ app_end ] --START--
INFO: Run Behavior\ShowPageTraceBehavior [ RunTime:0.001000s ]
INFO: [ app_end ] --END-- [ RunTime:0.001000s ]

[ 2014-11-16T17:52:53+08:00 ] 127.0.0.1 /home/index/result
INFO: [ app_init ] --START--
INFO: Run Behavior\BuildLiteBehavior [ RunTime:0.000000s ]
INFO: [ app_init ] --END-- [ RunTime:0.000000s ]
INFO: [ app_begin ] --START--
INFO: Run Behavior\ReadHtmlCacheBehavior [ RunTime:0.010000s ]
INFO: [ app_begin ] --END-- [ RunTime:0.010000s ]
INFO: [ view_parse ] --START--
INFO: [ template_filter ] --START--
INFO: Run Behavior\ContentReplaceBehavior [ RunTime:0.000000s ]
INFO: [ template_filter ] --END-- [ RunTime:0.001000s ]
NOTIC: [8] Undefined variable: index_active G:\github\gaozi\Application\Runtime\Cache\Home\52160acf02b94d3c6daf1b9d1b963035.php 第 24 行.
NOTIC: [8] Undefined variable: info_active G:\github\gaozi\Application\Runtime\Cache\Home\52160acf02b94d3c6daf1b9d1b963035.php 第 25 行.
NOTIC: [8] Undefined variable: news_active G:\github\gaozi\Application\Runtime\Cache\Home\52160acf02b94d3c6daf1b9d1b963035.php 第 26 行.
NOTIC: [8] Undefined variable: member_active G:\github\gaozi\Application\Runtime\Cache\Home\52160acf02b94d3c6daf1b9d1b963035.php 第 27 行.
NOTIC: [8] Undefined variable: paper_active G:\github\gaozi\Application\Runtime\Cache\Home\52160acf02b94d3c6daf1b9d1b963035.php 第 28 行.
NOTIC: [8] Undefined variable: projects_active G:\github\gaozi\Application\Runtime\Cache\Home\52160acf02b94d3c6daf1b9d1b963035.php 第 29 行.
NOTIC: [8] Undefined variable: link_active G:\github\gaozi\Application\Runtime\Cache\Home\52160acf02b94d3c6daf1b9d1b963035.php 第 31 行.
NOTIC: [8] Undefined variable: contact_active G:\github\gaozi\Application\Runtime\Cache\Home\52160acf02b94d3c6daf1b9d1b963035.php 第 32 行.
INFO: Run Behavior\ParseTemplateBehavior [ RunTime:0.007000s ]
INFO: [ view_parse ] --END-- [ RunTime:0.007000s ]
INFO: [ view_filter ] --START--
INFO: Run Behavior\WriteHtmlCacheBehavior [ RunTime:0.000000s ]
INFO: [ view_filter ] --END-- [ RunTime:0.000000s ]
INFO: [ app_end ] --START--
INFO: Run Behavior\ShowPageTraceBehavior [ RunTime:0.001000s ]
INFO: [ app_end ] --END-- [ RunTime:0.001000s ]

[ 2014-11-16T17:53:34+08:00 ] 127.0.0.1 /home/index/projects
INFO: [ app_init ] --START--
INFO: Run Behavior\BuildLiteBehavior [ RunTime:0.000000s ]
INFO: [ app_init ] --END-- [ RunTime:0.000000s ]
INFO: [ app_begin ] --START--
INFO: Run Behavior\ReadHtmlCacheBehavior [ RunTime:0.001000s ]
INFO: [ app_begin ] --END-- [ RunTime:0.001000s ]
SQL: SHOW COLUMNS FROM `db_projects` [ RunTime:0.003001s ]
SQL: SELECT * FROM `db_projects` ORDER BY id desc  [ RunTime:0.000000s ]
INFO: [ view_parse ] --START--
INFO: [ template_filter ] --START--
INFO: Run Behavior\ContentReplaceBehavior [ RunTime:0.001000s ]
INFO: [ template_filter ] --END-- [ RunTime:0.001000s ]
NOTIC: [8] Undefined variable: index_active G:\github\gaozi\Application\Runtime\Cache\Home\70f18358bcf8be8f1521f277990280d6.php 第 24 行.
NOTIC: [8] Undefined variable: info_active G:\github\gaozi\Application\Runtime\Cache\Home\70f18358bcf8be8f1521f277990280d6.php 第 25 行.
NOTIC: [8] Undefined variable: news_active G:\github\gaozi\Application\Runtime\Cache\Home\70f18358bcf8be8f1521f277990280d6.php 第 26 行.
NOTIC: [8] Undefined variable: member_active G:\github\gaozi\Application\Runtime\Cache\Home\70f18358bcf8be8f1521f277990280d6.php 第 27 行.
NOTIC: [8] Undefined variable: paper_active G:\github\gaozi\Application\Runtime\Cache\Home\70f18358bcf8be8f1521f277990280d6.php 第 28 行.
NOTIC: [8] Undefined variable: result_active G:\github\gaozi\Application\Runtime\Cache\Home\70f18358bcf8be8f1521f277990280d6.php 第 30 行.
NOTIC: [8] Undefined variable: link_active G:\github\gaozi\Application\Runtime\Cache\Home\70f18358bcf8be8f1521f277990280d6.php 第 31 行.
NOTIC: [8] Undefined variable: contact_active G:\github\gaozi\Application\Runtime\Cache\Home\70f18358bcf8be8f1521f277990280d6.php 第 32 行.
INFO: Run Behavior\ParseTemplateBehavior [ RunTime:0.010000s ]
INFO: [ view_parse ] --END-- [ RunTime:0.010000s ]
INFO: [ view_filter ] --START--
INFO: Run Behavior\WriteHtmlCacheBehavior [ RunTime:0.001000s ]
INFO: [ view_filter ] --END-- [ RunTime:0.001000s ]
INFO: [ app_end ] --START--
INFO: Run Behavior\ShowPageTraceBehavior [ RunTime:0.001000s ]
INFO: [ app_end ] --END-- [ RunTime:0.001000s ]

[ 2014-11-16T17:53:35+08:00 ] 127.0.0.1 /home/index/paper
INFO: [ app_init ] --START--
INFO: Run Behavior\BuildLiteBehavior [ RunTime:0.000000s ]
INFO: [ app_init ] --END-- [ RunTime:0.000000s ]
INFO: [ app_begin ] --START--
INFO: Run Behavior\ReadHtmlCacheBehavior [ RunTime:0.001001s ]
INFO: [ app_begin ] --END-- [ RunTime:0.001001s ]
INFO: [ view_parse ] --START--
INFO: [ template_filter ] --START--
INFO: Run Behavior\ContentReplaceBehavior [ RunTime:0.000000s ]
INFO: [ template_filter ] --END-- [ RunTime:0.000000s ]
NOTIC: [8] Undefined variable: index_active G:\github\gaozi\Application\Runtime\Cache\Home\e62ece094d52bdb2f61a2a5604f95112.php 第 24 行.
NOTIC: [8] Undefined variable: info_active G:\github\gaozi\Application\Runtime\Cache\Home\e62ece094d52bdb2f61a2a5604f95112.php 第 25 行.
NOTIC: [8] Undefined variable: news_active G:\github\gaozi\Application\Runtime\Cache\Home\e62ece094d52bdb2f61a2a5604f95112.php 第 26 行.
NOTIC: [8] Undefined variable: member_active G:\github\gaozi\Application\Runtime\Cache\Home\e62ece094d52bdb2f61a2a5604f95112.php 第 27 行.
NOTIC: [8] Undefined variable: projects_active G:\github\gaozi\Application\Runtime\Cache\Home\e62ece094d52bdb2f61a2a5604f95112.php 第 29 行.
NOTIC: [8] Undefined variable: result_active G:\github\gaozi\Application\Runtime\Cache\Home\e62ece094d52bdb2f61a2a5604f95112.php 第 30 行.
NOTIC: [8] Undefined variable: link_active G:\github\gaozi\Application\Runtime\Cache\Home\e62ece094d52bdb2f61a2a5604f95112.php 第 31 行.
NOTIC: [8] Undefined variable: contact_active G:\github\gaozi\Application\Runtime\Cache\Home\e62ece094d52bdb2f61a2a5604f95112.php 第 32 行.
INFO: Run Behavior\ParseTemplateBehavior [ RunTime:0.011000s ]
INFO: [ view_parse ] --END-- [ RunTime:0.011000s ]
INFO: [ view_filter ] --START--
INFO: Run Behavior\WriteHtmlCacheBehavior [ RunTime:0.001000s ]
INFO: [ view_filter ] --END-- [ RunTime:0.001000s ]
INFO: [ app_end ] --START--
INFO: Run Behavior\ShowPageTraceBehavior [ RunTime:0.001000s ]
INFO: [ app_end ] --END-- [ RunTime:0.001000s ]

[ 2014-11-16T17:53:38+08:00 ] 127.0.0.1 /home/index/result
INFO: [ app_init ] --START--
INFO: Run Behavior\BuildLiteBehavior [ RunTime:0.000000s ]
INFO: [ app_init ] --END-- [ RunTime:0.001001s ]
INFO: [ app_begin ] --START--
INFO: Run Behavior\ReadHtmlCacheBehavior [ RunTime:0.001000s ]
INFO: [ app_begin ] --END-- [ RunTime:0.001000s ]
INFO: [ view_parse ] --START--
INFO: [ template_filter ] --START--
INFO: Run Behavior\ContentReplaceBehavior [ RunTime:0.000000s ]
INFO: [ template_filter ] --END-- [ RunTime:0.000000s ]
NOTIC: [8] Undefined variable: index_active G:\github\gaozi\Application\Runtime\Cache\Home\52160acf02b94d3c6daf1b9d1b963035.php 第 24 行.
NOTIC: [8] Undefined variable: info_active G:\github\gaozi\Application\Runtime\Cache\Home\52160acf02b94d3c6daf1b9d1b963035.php 第 25 行.
NOTIC: [8] Undefined variable: news_active G:\github\gaozi\Application\Runtime\Cache\Home\52160acf02b94d3c6daf1b9d1b963035.php 第 26 行.
NOTIC: [8] Undefined variable: member_active G:\github\gaozi\Application\Runtime\Cache\Home\52160acf02b94d3c6daf1b9d1b963035.php 第 27 行.
NOTIC: [8] Undefined variable: paper_active G:\github\gaozi\Application\Runtime\Cache\Home\52160acf02b94d3c6daf1b9d1b963035.php 第 28 行.
NOTIC: [8] Undefined variable: projects_active G:\github\gaozi\Application\Runtime\Cache\Home\52160acf02b94d3c6daf1b9d1b963035.php 第 29 行.
NOTIC: [8] Undefined variable: link_active G:\github\gaozi\Application\Runtime\Cache\Home\52160acf02b94d3c6daf1b9d1b963035.php 第 31 行.
NOTIC: [8] Undefined variable: contact_active G:\github\gaozi\Application\Runtime\Cache\Home\52160acf02b94d3c6daf1b9d1b963035.php 第 32 行.
INFO: Run Behavior\ParseTemplateBehavior [ RunTime:0.011000s ]
INFO: [ view_parse ] --END-- [ RunTime:0.011000s ]
INFO: [ view_filter ] --START--
INFO: Run Behavior\WriteHtmlCacheBehavior [ RunTime:0.001001s ]
INFO: [ view_filter ] --END-- [ RunTime:0.001001s ]
INFO: [ app_end ] --START--
INFO: Run Behavior\ShowPageTraceBehavior [ RunTime:0.002000s ]
INFO: [ app_end ] --END-- [ RunTime:0.002000s ]

[ 2014-11-16T17:54:55+08:00 ] 127.0.0.1 /home/index/member
INFO: [ app_init ] --START--
INFO: Run Behavior\BuildLiteBehavior [ RunTime:0.000000s ]
INFO: [ app_init ] --END-- [ RunTime:0.000000s ]
INFO: [ app_begin ] --START--
INFO: Run Behavior\ReadHtmlCacheBehavior [ RunTime:0.001000s ]
INFO: [ app_begin ] --END-- [ RunTime:0.001000s ]
INFO: [ view_parse ] --START--
INFO: [ template_filter ] --START--
INFO: Run Behavior\ContentReplaceBehavior [ RunTime:0.000000s ]
INFO: [ template_filter ] --END-- [ RunTime:0.000000s ]
NOTIC: [8] Undefined variable: index_active G:\github\gaozi\Application\Runtime\Cache\Home\0034c409d5ac2c07ac3f17b1b2ad5d84.php 第 24 行.
NOTIC: [8] Undefined variable: info_active G:\github\gaozi\Application\Runtime\Cache\Home\0034c409d5ac2c07ac3f17b1b2ad5d84.php 第 25 行.
NOTIC: [8] Undefined variable: news_active G:\github\gaozi\Application\Runtime\Cache\Home\0034c409d5ac2c07ac3f17b1b2ad5d84.php 第 26 行.
NOTIC: [8] Undefined variable: paper_active G:\github\gaozi\Application\Runtime\Cache\Home\0034c409d5ac2c07ac3f17b1b2ad5d84.php 第 28 行.
NOTIC: [8] Undefined variable: projects_active G:\github\gaozi\Application\Runtime\Cache\Home\0034c409d5ac2c07ac3f17b1b2ad5d84.php 第 29 行.
NOTIC: [8] Undefined variable: result_active G:\github\gaozi\Application\Runtime\Cache\Home\0034c409d5ac2c07ac3f17b1b2ad5d84.php 第 30 行.
NOTIC: [8] Undefined variable: link_active G:\github\gaozi\Application\Runtime\Cache\Home\0034c409d5ac2c07ac3f17b1b2ad5d84.php 第 31 行.
NOTIC: [8] Undefined variable: contact_active G:\github\gaozi\Application\Runtime\Cache\Home\0034c409d5ac2c07ac3f17b1b2ad5d84.php 第 32 行.
INFO: Run Behavior\ParseTemplateBehavior [ RunTime:0.012001s ]
INFO: [ view_parse ] --END-- [ RunTime:0.012001s ]
INFO: [ view_filter ] --START--
INFO: Run Behavior\WriteHtmlCacheBehavior [ RunTime:0.000000s ]
INFO: [ view_filter ] --END-- [ RunTime:0.000000s ]
INFO: [ app_end ] --START--
INFO: Run Behavior\ShowPageTraceBehavior [ RunTime:0.001000s ]
INFO: [ app_end ] --END-- [ RunTime:0.001000s ]

[ 2014-11-16T17:54:56+08:00 ] 127.0.0.1 /home/index/paper
INFO: [ app_init ] --START--
INFO: Run Behavior\BuildLiteBehavior [ RunTime:0.000000s ]
INFO: [ app_init ] --END-- [ RunTime:0.000000s ]
INFO: [ app_begin ] --START--
INFO: Run Behavior\ReadHtmlCacheBehavior [ RunTime:0.001000s ]
INFO: [ app_begin ] --END-- [ RunTime:0.001000s ]
INFO: [ view_parse ] --START--
INFO: [ template_filter ] --START--
INFO: Run Behavior\ContentReplaceBehavior [ RunTime:0.000000s ]
INFO: [ template_filter ] --END-- [ RunTime:0.000000s ]
NOTIC: [8] Undefined variable: index_active G:\github\gaozi\Application\Runtime\Cache\Home\e62ece094d52bdb2f61a2a5604f95112.php 第 24 行.
NOTIC: [8] Undefined variable: info_active G:\github\gaozi\Application\Runtime\Cache\Home\e62ece094d52bdb2f61a2a5604f95112.php 第 25 行.
NOTIC: [8] Undefined variable: news_active G:\github\gaozi\Application\Runtime\Cache\Home\e62ece094d52bdb2f61a2a5604f95112.php 第 26 行.
NOTIC: [8] Undefined variable: member_active G:\github\gaozi\Application\Runtime\Cache\Home\e62ece094d52bdb2f61a2a5604f95112.php 第 27 行.
NOTIC: [8] Undefined variable: projects_active G:\github\gaozi\Application\Runtime\Cache\Home\e62ece094d52bdb2f61a2a5604f95112.php 第 29 行.
NOTIC: [8] Undefined variable: result_active G:\github\gaozi\Application\Runtime\Cache\Home\e62ece094d52bdb2f61a2a5604f95112.php 第 30 行.
NOTIC: [8] Undefined variable: link_active G:\github\gaozi\Application\Runtime\Cache\Home\e62ece094d52bdb2f61a2a5604f95112.php 第 31 行.
NOTIC: [8] Undefined variable: contact_active G:\github\gaozi\Application\Runtime\Cache\Home\e62ece094d52bdb2f61a2a5604f95112.php 第 32 行.
INFO: Run Behavior\ParseTemplateBehavior [ RunTime:0.008001s ]
INFO: [ view_parse ] --END-- [ RunTime:0.008001s ]
INFO: [ view_filter ] --START--
INFO: Run Behavior\WriteHtmlCacheBehavior [ RunTime:0.001000s ]
INFO: [ view_filter ] --END-- [ RunTime:0.001000s ]
INFO: [ app_end ] --START--
INFO: Run Behavior\ShowPageTraceBehavior [ RunTime:0.000000s ]
INFO: [ app_end ] --END-- [ RunTime:0.000000s ]

[ 2014-11-16T17:54:57+08:00 ] 127.0.0.1 /home/index/projects
INFO: [ app_init ] --START--
INFO: Run Behavior\BuildLiteBehavior [ RunTime:0.000000s ]
INFO: [ app_init ] --END-- [ RunTime:0.001000s ]
INFO: [ app_begin ] --START--
INFO: Run Behavior\ReadHtmlCacheBehavior [ RunTime:0.001000s ]
INFO: [ app_begin ] --END-- [ RunTime:0.001000s ]
SQL: SHOW COLUMNS FROM `db_projects` [ RunTime:0.005000s ]
SQL: SELECT * FROM `db_projects` ORDER BY id desc  [ RunTime:0.000000s ]
INFO: [ view_parse ] --START--
INFO: [ template_filter ] --START--
INFO: Run Behavior\ContentReplaceBehavior [ RunTime:0.000000s ]
INFO: [ template_filter ] --END-- [ RunTime:0.000000s ]
NOTIC: [8] Undefined variable: index_active G:\github\gaozi\Application\Runtime\Cache\Home\70f18358bcf8be8f1521f277990280d6.php 第 24 行.
NOTIC: [8] Undefined variable: info_active G:\github\gaozi\Application\Runtime\Cache\Home\70f18358bcf8be8f1521f277990280d6.php 第 25 行.
NOTIC: [8] Undefined variable: news_active G:\github\gaozi\Application\Runtime\Cache\Home\70f18358bcf8be8f1521f277990280d6.php 第 26 行.
NOTIC: [8] Undefined variable: member_active G:\github\gaozi\Application\Runtime\Cache\Home\70f18358bcf8be8f1521f277990280d6.php 第 27 行.
NOTIC: [8] Undefined variable: paper_active G:\github\gaozi\Application\Runtime\Cache\Home\70f18358bcf8be8f1521f277990280d6.php 第 28 行.
NOTIC: [8] Undefined variable: result_active G:\github\gaozi\Application\Runtime\Cache\Home\70f18358bcf8be8f1521f277990280d6.php 第 30 行.
NOTIC: [8] Undefined variable: link_active G:\github\gaozi\Application\Runtime\Cache\Home\70f18358bcf8be8f1521f277990280d6.php 第 31 行.
NOTIC: [8] Undefined variable: contact_active G:\github\gaozi\Application\Runtime\Cache\Home\70f18358bcf8be8f1521f277990280d6.php 第 32 行.
INFO: Run Behavior\ParseTemplateBehavior [ RunTime:0.009001s ]
INFO: [ view_parse ] --END-- [ RunTime:0.009001s ]
INFO: [ view_filter ] --START--
INFO: Run Behavior\WriteHtmlCacheBehavior [ RunTime:0.001000s ]
INFO: [ view_filter ] --END-- [ RunTime:0.001000s ]
INFO: [ app_end ] --START--
INFO: Run Behavior\ShowPageTraceBehavior [ RunTime:0.001000s ]
INFO: [ app_end ] --END-- [ RunTime:0.001000s ]

[ 2014-11-16T17:54:57+08:00 ] 127.0.0.1 /home/index/member
INFO: [ app_init ] --START--
INFO: Run Behavior\BuildLiteBehavior [ RunTime:0.000000s ]
INFO: [ app_init ] --END-- [ RunTime:0.000000s ]
INFO: [ app_begin ] --START--
INFO: Run Behavior\ReadHtmlCacheBehavior [ RunTime:0.001000s ]
INFO: [ app_begin ] --END-- [ RunTime:0.001000s ]
INFO: [ view_parse ] --START--
INFO: [ template_filter ] --START--
INFO: Run Behavior\ContentReplaceBehavior [ RunTime:0.001000s ]
INFO: [ template_filter ] --END-- [ RunTime:0.001000s ]
NOTIC: [8] Undefined variable: index_active G:\github\gaozi\Application\Runtime\Cache\Home\0034c409d5ac2c07ac3f17b1b2ad5d84.php 第 24 行.
NOTIC: [8] Undefined variable: info_active G:\github\gaozi\Application\Runtime\Cache\Home\0034c409d5ac2c07ac3f17b1b2ad5d84.php 第 25 行.
NOTIC: [8] Undefined variable: news_active G:\github\gaozi\Application\Runtime\Cache\Home\0034c409d5ac2c07ac3f17b1b2ad5d84.php 第 26 行.
NOTIC: [8] Undefined variable: paper_active G:\github\gaozi\Application\Runtime\Cache\Home\0034c409d5ac2c07ac3f17b1b2ad5d84.php 第 28 行.
NOTIC: [8] Undefined variable: projects_active G:\github\gaozi\Application\Runtime\Cache\Home\0034c409d5ac2c07ac3f17b1b2ad5d84.php 第 29 行.
NOTIC: [8] Undefined variable: result_active G:\github\gaozi\Application\Runtime\Cache\Home\0034c409d5ac2c07ac3f17b1b2ad5d84.php 第 30 行.
NOTIC: [8] Undefined variable: link_active G:\github\gaozi\Application\Runtime\Cache\Home\0034c409d5ac2c07ac3f17b1b2ad5d84.php 第 31 行.
NOTIC: [8] Undefined variable: contact_active G:\github\gaozi\Application\Runtime\Cache\Home\0034c409d5ac2c07ac3f17b1b2ad5d84.php 第 32 行.
INFO: Run Behavior\ParseTemplateBehavior [ RunTime:0.009001s ]
INFO: [ view_parse ] --END-- [ RunTime:0.009001s ]
INFO: [ view_filter ] --START--
INFO: Run Behavior\WriteHtmlCacheBehavior [ RunTime:0.001000s ]
INFO: [ view_filter ] --END-- [ RunTime:0.001000s ]
INFO: [ app_end ] --START--
INFO: Run Behavior\ShowPageTraceBehavior [ RunTime:0.000000s ]
INFO: [ app_end ] --END-- [ RunTime:0.001000s ]

[ 2014-11-16T18:13:31+08:00 ] 127.0.0.1 /home/index/member
INFO: [ app_init ] --START--
INFO: Run Behavior\BuildLiteBehavior [ RunTime:0.000000s ]
INFO: [ app_init ] --END-- [ RunTime:0.001001s ]
INFO: [ app_begin ] --START--
INFO: Run Behavior\ReadHtmlCacheBehavior [ RunTime:0.001000s ]
INFO: [ app_begin ] --END-- [ RunTime:0.001000s ]
SQL: SHOW COLUMNS FROM `db_user_info` [ RunTime:0.004001s ]

[ 2014-11-16T18:13:48+08:00 ] 127.0.0.1 /home/index/member
INFO: [ app_init ] --START--
INFO: Run Behavior\BuildLiteBehavior [ RunTime:0.000000s ]
INFO: [ app_init ] --END-- [ RunTime:0.001000s ]
INFO: [ app_begin ] --START--
INFO: Run Behavior\ReadHtmlCacheBehavior [ RunTime:0.001000s ]
INFO: [ app_begin ] --END-- [ RunTime:0.001000s ]
SQL: SHOW COLUMNS FROM `db_user_info` [ RunTime:0.003000s ]
SQL: SELECT * FROM `db_user_info` WHERE ( type = 0 ) ORDER BY uid desc  [ RunTime:0.000000s ]
INFO: [ view_parse ] --START--
INFO: [ template_filter ] --START--
INFO: Run Behavior\ContentReplaceBehavior [ RunTime:0.000000s ]
INFO: [ template_filter ] --END-- [ RunTime:0.000000s ]

[ 2014-11-16T18:14:01+08:00 ] 127.0.0.1 /home/index/member
INFO: [ app_init ] --START--
INFO: Run Behavior\BuildLiteBehavior [ RunTime:0.000000s ]
INFO: [ app_init ] --END-- [ RunTime:0.001000s ]
INFO: [ app_begin ] --START--
INFO: Run Behavior\ReadHtmlCacheBehavior [ RunTime:0.001000s ]
INFO: [ app_begin ] --END-- [ RunTime:0.001000s ]
SQL: SHOW COLUMNS FROM `db_user_info` [ RunTime:0.003000s ]
SQL: SELECT * FROM `db_user_info` WHERE ( type = 0 ) ORDER BY uid desc  [ RunTime:0.000000s ]
INFO: [ view_parse ] --START--
INFO: [ template_filter ] --START--
INFO: Run Behavior\ContentReplaceBehavior [ RunTime:0.000000s ]
INFO: [ template_filter ] --END-- [ RunTime:0.000000s ]
NOTIC: [8] Undefined variable: index_active G:\github\gaozi\Application\Runtime\Cache\Home\0034c409d5ac2c07ac3f17b1b2ad5d84.php 第 24 行.
NOTIC: [8] Undefined variable: info_active G:\github\gaozi\Application\Runtime\Cache\Home\0034c409d5ac2c07ac3f17b1b2ad5d84.php 第 25 行.
NOTIC: [8] Undefined variable: news_active G:\github\gaozi\Application\Runtime\Cache\Home\0034c409d5ac2c07ac3f17b1b2ad5d84.php 第 26 行.
NOTIC: [8] Undefined variable: paper_active G:\github\gaozi\Application\Runtime\Cache\Home\0034c409d5ac2c07ac3f17b1b2ad5d84.php 第 28 行.
NOTIC: [8] Undefined variable: projects_active G:\github\gaozi\Application\Runtime\Cache\Home\0034c409d5ac2c07ac3f17b1b2ad5d84.php 第 29 行.
NOTIC: [8] Undefined variable: result_active G:\github\gaozi\Application\Runtime\Cache\Home\0034c409d5ac2c07ac3f17b1b2ad5d84.php 第 30 行.
NOTIC: [8] Undefined variable: link_active G:\github\gaozi\Application\Runtime\Cache\Home\0034c409d5ac2c07ac3f17b1b2ad5d84.php 第 31 行.
NOTIC: [8] Undefined variable: contact_active G:\github\gaozi\Application\Runtime\Cache\Home\0034c409d5ac2c07ac3f17b1b2ad5d84.php 第 32 行.
INFO: Run Behavior\ParseTemplateBehavior [ RunTime:0.011001s ]
INFO: [ view_parse ] --END-- [ RunTime:0.011001s ]
INFO: [ view_filter ] --START--
INFO: Run Behavior\WriteHtmlCacheBehavior [ RunTime:0.001000s ]
INFO: [ view_filter ] --END-- [ RunTime:0.001000s ]
INFO: [ app_end ] --START--
INFO: Run Behavior\ShowPageTraceBehavior [ RunTime:0.001000s ]
INFO: [ app_end ] --END-- [ RunTime:0.001000s ]

[ 2014-11-16T18:14:03+08:00 ] 127.0.0.1 /home/index/member
INFO: [ app_init ] --START--
INFO: Run Behavior\BuildLiteBehavior [ RunTime:0.000000s ]
INFO: [ app_init ] --END-- [ RunTime:0.000000s ]
INFO: [ app_begin ] --START--
INFO: Run Behavior\ReadHtmlCacheBehavior [ RunTime:0.001000s ]
INFO: [ app_begin ] --END-- [ RunTime:0.001000s ]
SQL: SHOW COLUMNS FROM `db_user_info` [ RunTime:0.003000s ]
SQL: SELECT * FROM `db_user_info` WHERE ( type = 0 ) ORDER BY uid desc  [ RunTime:0.001000s ]
INFO: [ view_parse ] --START--
INFO: [ template_filter ] --START--
INFO: Run Behavior\ContentReplaceBehavior [ RunTime:0.000000s ]
INFO: [ template_filter ] --END-- [ RunTime:0.000000s ]
NOTIC: [8] Undefined variable: index_active G:\github\gaozi\Application\Runtime\Cache\Home\0034c409d5ac2c07ac3f17b1b2ad5d84.php 第 24 行.
NOTIC: [8] Undefined variable: info_active G:\github\gaozi\Application\Runtime\Cache\Home\0034c409d5ac2c07ac3f17b1b2ad5d84.php 第 25 行.
NOTIC: [8] Undefined variable: news_active G:\github\gaozi\Application\Runtime\Cache\Home\0034c409d5ac2c07ac3f17b1b2ad5d84.php 第 26 行.
NOTIC: [8] Undefined variable: paper_active G:\github\gaozi\Application\Runtime\Cache\Home\0034c409d5ac2c07ac3f17b1b2ad5d84.php 第 28 行.
NOTIC: [8] Undefined variable: projects_active G:\github\gaozi\Application\Runtime\Cache\Home\0034c409d5ac2c07ac3f17b1b2ad5d84.php 第 29 行.
NOTIC: [8] Undefined variable: result_active G:\github\gaozi\Application\Runtime\Cache\Home\0034c409d5ac2c07ac3f17b1b2ad5d84.php 第 30 行.
NOTIC: [8] Undefined variable: link_active G:\github\gaozi\Application\Runtime\Cache\Home\0034c409d5ac2c07ac3f17b1b2ad5d84.php 第 31 行.
NOTIC: [8] Undefined variable: contact_active G:\github\gaozi\Application\Runtime\Cache\Home\0034c409d5ac2c07ac3f17b1b2ad5d84.php 第 32 行.
INFO: Run Behavior\ParseTemplateBehavior [ RunTime:0.010000s ]
INFO: [ view_parse ] --END-- [ RunTime:0.010000s ]
INFO: [ view_filter ] --START--
INFO: Run Behavior\WriteHtmlCacheBehavior [ RunTime:0.001000s ]
INFO: [ view_filter ] --END-- [ RunTime:0.001000s ]
INFO: [ app_end ] --START--
INFO: Run Behavior\ShowPageTraceBehavior [ RunTime:0.001001s ]
INFO: [ app_end ] --END-- [ RunTime:0.001001s ]

[ 2014-11-16T18:15:02+08:00 ] 127.0.0.1 /home/index/member
INFO: [ app_init ] --START--
INFO: Run Behavior\BuildLiteBehavior [ RunTime:0.000000s ]
INFO: [ app_init ] --END-- [ RunTime:0.000000s ]
INFO: [ app_begin ] --START--
INFO: Run Behavior\ReadHtmlCacheBehavior [ RunTime:0.001000s ]
INFO: [ app_begin ] --END-- [ RunTime:0.001000s ]
SQL: SHOW COLUMNS FROM `db_user_info` [ RunTime:0.003000s ]
SQL: SELECT * FROM `db_user_info` WHERE ( type = 0 ) ORDER BY uid desc  [ RunTime:0.001000s ]
SQL: SELECT * FROM `db_user_info` WHERE ( type != 0 ) ORDER BY uid desc  [ RunTime:0.000000s ]
INFO: [ view_parse ] --START--
INFO: [ template_filter ] --START--
INFO: Run Behavior\ContentReplaceBehavior [ RunTime:0.000000s ]
INFO: [ template_filter ] --END-- [ RunTime:0.000000s ]
NOTIC: [8] Undefined variable: index_active G:\github\gaozi\Application\Runtime\Cache\Home\0034c409d5ac2c07ac3f17b1b2ad5d84.php 第 24 行.
NOTIC: [8] Undefined variable: info_active G:\github\gaozi\Application\Runtime\Cache\Home\0034c409d5ac2c07ac3f17b1b2ad5d84.php 第 25 行.
NOTIC: [8] Undefined variable: news_active G:\github\gaozi\Application\Runtime\Cache\Home\0034c409d5ac2c07ac3f17b1b2ad5d84.php 第 26 行.
NOTIC: [8] Undefined variable: paper_active G:\github\gaozi\Application\Runtime\Cache\Home\0034c409d5ac2c07ac3f17b1b2ad5d84.php 第 28 行.
NOTIC: [8] Undefined variable: projects_active G:\github\gaozi\Application\Runtime\Cache\Home\0034c409d5ac2c07ac3f17b1b2ad5d84.php 第 29 行.
NOTIC: [8] Undefined variable: result_active G:\github\gaozi\Application\Runtime\Cache\Home\0034c409d5ac2c07ac3f17b1b2ad5d84.php 第 30 行.
NOTIC: [8] Undefined variable: link_active G:\github\gaozi\Application\Runtime\Cache\Home\0034c409d5ac2c07ac3f17b1b2ad5d84.php 第 31 行.
NOTIC: [8] Undefined variable: contact_active G:\github\gaozi\Application\Runtime\Cache\Home\0034c409d5ac2c07ac3f17b1b2ad5d84.php 第 32 行.
INFO: Run Behavior\ParseTemplateBehavior [ RunTime:0.009000s ]
INFO: [ view_parse ] --END-- [ RunTime:0.009000s ]
INFO: [ view_filter ] --START--
INFO: Run Behavior\WriteHtmlCacheBehavior [ RunTime:0.000000s ]
INFO: [ view_filter ] --END-- [ RunTime:0.000000s ]
INFO: [ app_end ] --START--
INFO: Run Behavior\ShowPageTraceBehavior [ RunTime:0.001000s ]
INFO: [ app_end ] --END-- [ RunTime:0.001000s ]

[ 2014-11-16T18:15:26+08:00 ] 127.0.0.1 /home/index/member
INFO: [ app_init ] --START--
INFO: Run Behavior\BuildLiteBehavior [ RunTime:0.000000s ]
INFO: [ app_init ] --END-- [ RunTime:0.001000s ]
INFO: [ app_begin ] --START--
INFO: Run Behavior\ReadHtmlCacheBehavior [ RunTime:0.001000s ]
INFO: [ app_begin ] --END-- [ RunTime:0.001000s ]
SQL: SHOW COLUMNS FROM `db_user_info` [ RunTime:0.003000s ]
SQL: SELECT * FROM `db_user_info` WHERE ( type = 0 ) ORDER BY uid desc  [ RunTime:0.000000s ]
SQL: SELECT * FROM `db_user_info` WHERE ( type != 0 ) ORDER BY uid desc  [ RunTime:0.000000s ]
INFO: [ view_parse ] --START--
INFO: [ template_filter ] --START--
INFO: Run Behavior\ContentReplaceBehavior [ RunTime:0.000000s ]
INFO: [ template_filter ] --END-- [ RunTime:0.000000s ]
NOTIC: [8] Undefined variable: index_active G:\github\gaozi\Application\Runtime\Cache\Home\0034c409d5ac2c07ac3f17b1b2ad5d84.php 第 24 行.
NOTIC: [8] Undefined variable: info_active G:\github\gaozi\Application\Runtime\Cache\Home\0034c409d5ac2c07ac3f17b1b2ad5d84.php 第 25 行.
NOTIC: [8] Undefined variable: news_active G:\github\gaozi\Application\Runtime\Cache\Home\0034c409d5ac2c07ac3f17b1b2ad5d84.php 第 26 行.
NOTIC: [8] Undefined variable: paper_active G:\github\gaozi\Application\Runtime\Cache\Home\0034c409d5ac2c07ac3f17b1b2ad5d84.php 第 28 行.
NOTIC: [8] Undefined variable: projects_active G:\github\gaozi\Application\Runtime\Cache\Home\0034c409d5ac2c07ac3f17b1b2ad5d84.php 第 29 行.
NOTIC: [8] Undefined variable: result_active G:\github\gaozi\Application\Runtime\Cache\Home\0034c409d5ac2c07ac3f17b1b2ad5d84.php 第 30 行.
NOTIC: [8] Undefined variable: link_active G:\github\gaozi\Application\Runtime\Cache\Home\0034c409d5ac2c07ac3f17b1b2ad5d84.php 第 31 行.
NOTIC: [8] Undefined variable: contact_active G:\github\gaozi\Application\Runtime\Cache\Home\0034c409d5ac2c07ac3f17b1b2ad5d84.php 第 32 行.
INFO: Run Behavior\ParseTemplateBehavior [ RunTime:0.009001s ]
INFO: [ view_parse ] --END-- [ RunTime:0.009001s ]
INFO: [ view_filter ] --START--
INFO: Run Behavior\WriteHtmlCacheBehavior [ RunTime:0.001000s ]
INFO: [ view_filter ] --END-- [ RunTime:0.001000s ]
INFO: [ app_end ] --START--
INFO: Run Behavior\ShowPageTraceBehavior [ RunTime:0.000000s ]
INFO: [ app_end ] --END-- [ RunTime:0.000000s ]

[ 2014-11-16T18:15:56+08:00 ] 127.0.0.1 /home/index/member
INFO: [ app_init ] --START--
INFO: Run Behavior\BuildLiteBehavior [ RunTime:0.000000s ]
INFO: [ app_init ] --END-- [ RunTime:0.000000s ]
INFO: [ app_begin ] --START--
INFO: Run Behavior\ReadHtmlCacheBehavior [ RunTime:0.001000s ]
INFO: [ app_begin ] --END-- [ RunTime:0.001000s ]
SQL: SHOW COLUMNS FROM `db_user_info` [ RunTime:0.003000s ]
SQL: SELECT * FROM `db_user_info` WHERE ( type = 0 ) ORDER BY uid desc  [ RunTime:0.000000s ]
SQL: SELECT * FROM `db_user_info` WHERE ( type != 0 ) ORDER BY uid desc  [ RunTime:0.000000s ]
INFO: [ view_parse ] --START--
INFO: [ template_filter ] --START--
INFO: Run Behavior\ContentReplaceBehavior [ RunTime:0.000000s ]
INFO: [ template_filter ] --END-- [ RunTime:0.000000s ]
NOTIC: [8] Undefined variable: index_active G:\github\gaozi\Application\Runtime\Cache\Home\0034c409d5ac2c07ac3f17b1b2ad5d84.php 第 24 行.
NOTIC: [8] Undefined variable: info_active G:\github\gaozi\Application\Runtime\Cache\Home\0034c409d5ac2c07ac3f17b1b2ad5d84.php 第 25 行.
NOTIC: [8] Undefined variable: news_active G:\github\gaozi\Application\Runtime\Cache\Home\0034c409d5ac2c07ac3f17b1b2ad5d84.php 第 26 行.
NOTIC: [8] Undefined variable: paper_active G:\github\gaozi\Application\Runtime\Cache\Home\0034c409d5ac2c07ac3f17b1b2ad5d84.php 第 28 行.
NOTIC: [8] Undefined variable: projects_active G:\github\gaozi\Application\Runtime\Cache\Home\0034c409d5ac2c07ac3f17b1b2ad5d84.php 第 29 行.
NOTIC: [8] Undefined variable: result_active G:\github\gaozi\Application\Runtime\Cache\Home\0034c409d5ac2c07ac3f17b1b2ad5d84.php 第 30 行.
NOTIC: [8] Undefined variable: link_active G:\github\gaozi\Application\Runtime\Cache\Home\0034c409d5ac2c07ac3f17b1b2ad5d84.php 第 31 行.
NOTIC: [8] Undefined variable: contact_active G:\github\gaozi\Application\Runtime\Cache\Home\0034c409d5ac2c07ac3f17b1b2ad5d84.php 第 32 行.
INFO: Run Behavior\ParseTemplateBehavior [ RunTime:0.008000s ]
INFO: [ view_parse ] --END-- [ RunTime:0.008000s ]
INFO: [ view_filter ] --START--
INFO: Run Behavior\WriteHtmlCacheBehavior [ RunTime:0.001000s ]
INFO: [ view_filter ] --END-- [ RunTime:0.001000s ]
INFO: [ app_end ] --START--
INFO: Run Behavior\ShowPageTraceBehavior [ RunTime:0.001000s ]
INFO: [ app_end ] --END-- [ RunTime:0.001000s ]

