[ 2014-11-19T21:52:39+08:00 ] 127.0.0.1 /
INFO: [ app_init ] --START--
INFO: Run Behavior\BuildLiteBehavior [ RunTime:0.000000s ]
INFO: [ app_init ] --END-- [ RunTime:0.001000s ]
INFO: [ app_begin ] --START--
INFO: Run Behavior\ReadHtmlCacheBehavior [ RunTime:0.001000s ]
INFO: [ app_begin ] --END-- [ RunTime:0.001000s ]
SQL: SHOW COLUMNS FROM `db_news` [ RunTime:0.025002s ]
SQL: SELECT * FROM `db_news` WHERE ( type != 1 ) ORDER BY nid desc  [ RunTime:0.001000s ]
SQL: SELECT * FROM `db_news` WHERE ( type = 1 ) ORDER BY nid desc  [ RunTime:0.000000s ]
SQL: SHOW COLUMNS FROM `db_study` [ RunTime:0.003000s ]
SQL: SELECT * FROM `db_study` ORDER BY id desc  [ RunTime:0.001000s ]
SQL: SHOW COLUMNS FROM `db_user_info` [ RunTime:0.003000s ]
SQL: SELECT * FROM `db_user_info` WHERE ( type != 0 ) ORDER BY uid desc  [ RunTime:0.001000s ]
SQL: SHOW COLUMNS FROM `db_links` [ RunTime:0.003000s ]
SQL: SELECT * FROM `db_links`  [ RunTime:0.000000s ]
INFO: [ view_parse ] --START--
INFO: [ template_filter ] --START--
INFO: Run Behavior\ContentReplaceBehavior [ RunTime:0.000000s ]
INFO: [ template_filter ] --END-- [ RunTime:0.000000s ]
NOTIC: [8] Undefined variable: info_active G:\github\gaozi\Application\Runtime\Cache\Home\2a94b8bda04ff446dcedd42276fc99ee.php 第 26 行.
NOTIC: [8] Undefined variable: news_active G:\github\gaozi\Application\Runtime\Cache\Home\2a94b8bda04ff446dcedd42276fc99ee.php 第 27 行.
NOTIC: [8] Undefined variable: member_active G:\github\gaozi\Application\Runtime\Cache\Home\2a94b8bda04ff446dcedd42276fc99ee.php 第 28 行.
NOTIC: [8] Undefined variable: paper_active G:\github\gaozi\Application\Runtime\Cache\Home\2a94b8bda04ff446dcedd42276fc99ee.php 第 29 行.
NOTIC: [8] Undefined variable: projects_active G:\github\gaozi\Application\Runtime\Cache\Home\2a94b8bda04ff446dcedd42276fc99ee.php 第 30 行.
NOTIC: [8] Undefined variable: result_active G:\github\gaozi\Application\Runtime\Cache\Home\2a94b8bda04ff446dcedd42276fc99ee.php 第 31 行.
NOTIC: [8] Undefined variable: link_active G:\github\gaozi\Application\Runtime\Cache\Home\2a94b8bda04ff446dcedd42276fc99ee.php 第 32 行.
NOTIC: [8] Undefined variable: contact_active G:\github\gaozi\Application\Runtime\Cache\Home\2a94b8bda04ff446dcedd42276fc99ee.php 第 33 行.
INFO: Run Behavior\ParseTemplateBehavior [ RunTime:0.010001s ]
INFO: [ view_parse ] --END-- [ RunTime:0.010001s ]
INFO: [ view_filter ] --START--
INFO: Run Behavior\WriteHtmlCacheBehavior [ RunTime:0.001000s ]
INFO: [ view_filter ] --END-- [ RunTime:0.001000s ]
INFO: [ app_end ] --START--
INFO: Run Behavior\ShowPageTraceBehavior [ RunTime:0.001000s ]
INFO: [ app_end ] --END-- [ RunTime:0.001000s ]

[ 2014-11-19T21:52:41+08:00 ] 127.0.0.1 /home/index/projects
INFO: [ app_init ] --START--
INFO: Run Behavior\BuildLiteBehavior [ RunTime:0.000000s ]
INFO: [ app_init ] --END-- [ RunTime:0.001000s ]
INFO: [ app_begin ] --START--
INFO: Run Behavior\ReadHtmlCacheBehavior [ RunTime:0.001000s ]
INFO: [ app_begin ] --END-- [ RunTime:0.001000s ]
SQL: SHOW COLUMNS FROM `db_projects` [ RunTime:0.030002s ]
SQL: SELECT * FROM `db_projects` ORDER BY id desc  [ RunTime:0.001000s ]
INFO: [ view_parse ] --START--
INFO: [ template_filter ] --START--
INFO: Run Behavior\ContentReplaceBehavior [ RunTime:0.001000s ]
INFO: [ template_filter ] --END-- [ RunTime:0.001000s ]
NOTIC: [8] Undefined variable: index_active G:\github\gaozi\Application\Runtime\Cache\Home\70f18358bcf8be8f1521f277990280d6.php 第 24 行.
NOTIC: [8] Undefined variable: info_active G:\github\gaozi\Application\Runtime\Cache\Home\70f18358bcf8be8f1521f277990280d6.php 第 25 行.
NOTIC: [8] Undefined variable: news_active G:\github\gaozi\Application\Runtime\Cache\Home\70f18358bcf8be8f1521f277990280d6.php 第 26 行.
NOTIC: [8] Undefined variable: member_active G:\github\gaozi\Application\Runtime\Cache\Home\70f18358bcf8be8f1521f277990280d6.php 第 27 行.
NOTIC: [8] Undefined variable: paper_active G:\github\gaozi\Application\Runtime\Cache\Home\70f18358bcf8be8f1521f277990280d6.php 第 28 行.
NOTIC: [8] Undefined variable: result_active G:\github\gaozi\Application\Runtime\Cache\Home\70f18358bcf8be8f1521f277990280d6.php 第 30 行.
NOTIC: [8] Undefined variable: link_active G:\github\gaozi\Application\Runtime\Cache\Home\70f18358bcf8be8f1521f277990280d6.php 第 31 行.
NOTIC: [8] Undefined variable: contact_active G:\github\gaozi\Application\Runtime\Cache\Home\70f18358bcf8be8f1521f277990280d6.php 第 32 行.
INFO: Run Behavior\ParseTemplateBehavior [ RunTime:0.028002s ]
INFO: [ view_parse ] --END-- [ RunTime:0.028002s ]
INFO: [ view_filter ] --START--
INFO: Run Behavior\WriteHtmlCacheBehavior [ RunTime:0.000000s ]
INFO: [ view_filter ] --END-- [ RunTime:0.000000s ]
INFO: [ app_end ] --START--
INFO: Run Behavior\ShowPageTraceBehavior [ RunTime:0.001000s ]
INFO: [ app_end ] --END-- [ RunTime:0.001000s ]

[ 2014-11-19T21:52:43+08:00 ] 127.0.0.1 /home/index/result
INFO: [ app_init ] --START--
INFO: Run Behavior\BuildLiteBehavior [ RunTime:0.000000s ]
INFO: [ app_init ] --END-- [ RunTime:0.001000s ]
INFO: [ app_begin ] --START--
INFO: Run Behavior\ReadHtmlCacheBehavior [ RunTime:0.000000s ]
INFO: [ app_begin ] --END-- [ RunTime:0.000000s ]
INFO: [ view_parse ] --START--
INFO: [ template_filter ] --START--
INFO: Run Behavior\ContentReplaceBehavior [ RunTime:0.000000s ]
INFO: [ template_filter ] --END-- [ RunTime:0.000000s ]
NOTIC: [8] Undefined variable: index_active G:\github\gaozi\Application\Runtime\Cache\Home\52160acf02b94d3c6daf1b9d1b963035.php 第 24 行.
NOTIC: [8] Undefined variable: info_active G:\github\gaozi\Application\Runtime\Cache\Home\52160acf02b94d3c6daf1b9d1b963035.php 第 25 行.
NOTIC: [8] Undefined variable: news_active G:\github\gaozi\Application\Runtime\Cache\Home\52160acf02b94d3c6daf1b9d1b963035.php 第 26 行.
NOTIC: [8] Undefined variable: member_active G:\github\gaozi\Application\Runtime\Cache\Home\52160acf02b94d3c6daf1b9d1b963035.php 第 27 行.
NOTIC: [8] Undefined variable: paper_active G:\github\gaozi\Application\Runtime\Cache\Home\52160acf02b94d3c6daf1b9d1b963035.php 第 28 行.
NOTIC: [8] Undefined variable: projects_active G:\github\gaozi\Application\Runtime\Cache\Home\52160acf02b94d3c6daf1b9d1b963035.php 第 29 行.
NOTIC: [8] Undefined variable: link_active G:\github\gaozi\Application\Runtime\Cache\Home\52160acf02b94d3c6daf1b9d1b963035.php 第 31 行.
NOTIC: [8] Undefined variable: contact_active G:\github\gaozi\Application\Runtime\Cache\Home\52160acf02b94d3c6daf1b9d1b963035.php 第 32 行.
INFO: Run Behavior\ParseTemplateBehavior [ RunTime:0.025002s ]
INFO: [ view_parse ] --END-- [ RunTime:0.025002s ]
INFO: [ view_filter ] --START--
INFO: Run Behavior\WriteHtmlCacheBehavior [ RunTime:0.000000s ]
INFO: [ view_filter ] --END-- [ RunTime:0.000000s ]
INFO: [ app_end ] --START--
INFO: Run Behavior\ShowPageTraceBehavior [ RunTime:0.000000s ]
INFO: [ app_end ] --END-- [ RunTime:0.000000s ]

[ 2014-11-19T21:58:55+08:00 ] 127.0.0.1 /home/index/projects
INFO: [ app_init ] --START--
INFO: Run Behavior\BuildLiteBehavior [ RunTime:0.000000s ]
INFO: [ app_init ] --END-- [ RunTime:0.000000s ]
INFO: [ app_begin ] --START--
INFO: Run Behavior\ReadHtmlCacheBehavior [ RunTime:0.001000s ]
INFO: [ app_begin ] --END-- [ RunTime:0.001000s ]
SQL: SHOW COLUMNS FROM `db_projects` [ RunTime:0.003000s ]
SQL: SELECT * FROM `db_projects` ORDER BY id desc  [ RunTime:0.001000s ]
INFO: [ view_parse ] --START--
INFO: [ template_filter ] --START--
INFO: Run Behavior\ContentReplaceBehavior [ RunTime:0.000000s ]
INFO: [ template_filter ] --END-- [ RunTime:0.000000s ]
NOTIC: [8] Undefined variable: index_active G:\github\gaozi\Application\Runtime\Cache\Home\70f18358bcf8be8f1521f277990280d6.php 第 24 行.
NOTIC: [8] Undefined variable: info_active G:\github\gaozi\Application\Runtime\Cache\Home\70f18358bcf8be8f1521f277990280d6.php 第 25 行.
NOTIC: [8] Undefined variable: news_active G:\github\gaozi\Application\Runtime\Cache\Home\70f18358bcf8be8f1521f277990280d6.php 第 26 行.
NOTIC: [8] Undefined variable: member_active G:\github\gaozi\Application\Runtime\Cache\Home\70f18358bcf8be8f1521f277990280d6.php 第 27 行.
NOTIC: [8] Undefined variable: paper_active G:\github\gaozi\Application\Runtime\Cache\Home\70f18358bcf8be8f1521f277990280d6.php 第 28 行.
NOTIC: [8] Undefined variable: result_active G:\github\gaozi\Application\Runtime\Cache\Home\70f18358bcf8be8f1521f277990280d6.php 第 30 行.
NOTIC: [8] Undefined variable: link_active G:\github\gaozi\Application\Runtime\Cache\Home\70f18358bcf8be8f1521f277990280d6.php 第 31 行.
NOTIC: [8] Undefined variable: contact_active G:\github\gaozi\Application\Runtime\Cache\Home\70f18358bcf8be8f1521f277990280d6.php 第 32 行.
INFO: Run Behavior\ParseTemplateBehavior [ RunTime:0.007001s ]
INFO: [ view_parse ] --END-- [ RunTime:0.007001s ]
INFO: [ view_filter ] --START--
INFO: Run Behavior\WriteHtmlCacheBehavior [ RunTime:0.000000s ]
INFO: [ view_filter ] --END-- [ RunTime:0.000000s ]
INFO: [ app_end ] --START--
INFO: Run Behavior\ShowPageTraceBehavior [ RunTime:0.001000s ]
INFO: [ app_end ] --END-- [ RunTime:0.001000s ]

[ 2014-11-19T21:58:56+08:00 ] 127.0.0.1 /home/index/result
INFO: [ app_init ] --START--
INFO: Run Behavior\BuildLiteBehavior [ RunTime:0.000000s ]
INFO: [ app_init ] --END-- [ RunTime:0.000000s ]
INFO: [ app_begin ] --START--
INFO: Run Behavior\ReadHtmlCacheBehavior [ RunTime:0.001000s ]
INFO: [ app_begin ] --END-- [ RunTime:0.001000s ]
INFO: [ view_parse ] --START--
INFO: [ template_filter ] --START--
INFO: Run Behavior\ContentReplaceBehavior [ RunTime:0.000000s ]
INFO: [ template_filter ] --END-- [ RunTime:0.001000s ]
NOTIC: [8] Undefined variable: index_active G:\github\gaozi\Application\Runtime\Cache\Home\52160acf02b94d3c6daf1b9d1b963035.php 第 24 行.
NOTIC: [8] Undefined variable: info_active G:\github\gaozi\Application\Runtime\Cache\Home\52160acf02b94d3c6daf1b9d1b963035.php 第 25 行.
NOTIC: [8] Undefined variable: news_active G:\github\gaozi\Application\Runtime\Cache\Home\52160acf02b94d3c6daf1b9d1b963035.php 第 26 行.
NOTIC: [8] Undefined variable: member_active G:\github\gaozi\Application\Runtime\Cache\Home\52160acf02b94d3c6daf1b9d1b963035.php 第 27 行.
NOTIC: [8] Undefined variable: paper_active G:\github\gaozi\Application\Runtime\Cache\Home\52160acf02b94d3c6daf1b9d1b963035.php 第 28 行.
NOTIC: [8] Undefined variable: projects_active G:\github\gaozi\Application\Runtime\Cache\Home\52160acf02b94d3c6daf1b9d1b963035.php 第 29 行.
NOTIC: [8] Undefined variable: link_active G:\github\gaozi\Application\Runtime\Cache\Home\52160acf02b94d3c6daf1b9d1b963035.php 第 31 行.
NOTIC: [8] Undefined variable: contact_active G:\github\gaozi\Application\Runtime\Cache\Home\52160acf02b94d3c6daf1b9d1b963035.php 第 32 行.
INFO: Run Behavior\ParseTemplateBehavior [ RunTime:0.008001s ]
INFO: [ view_parse ] --END-- [ RunTime:0.008001s ]
INFO: [ view_filter ] --START--
INFO: Run Behavior\WriteHtmlCacheBehavior [ RunTime:0.000000s ]
INFO: [ view_filter ] --END-- [ RunTime:0.000000s ]
INFO: [ app_end ] --START--
INFO: Run Behavior\ShowPageTraceBehavior [ RunTime:0.000000s ]
INFO: [ app_end ] --END-- [ RunTime:0.001000s ]

[ 2014-11-19T21:58:57+08:00 ] 127.0.0.1 /home/index/member
INFO: [ app_init ] --START--
INFO: Run Behavior\BuildLiteBehavior [ RunTime:0.000000s ]
INFO: [ app_init ] --END-- [ RunTime:0.000000s ]
INFO: [ app_begin ] --START--
INFO: Run Behavior\ReadHtmlCacheBehavior [ RunTime:0.001000s ]
INFO: [ app_begin ] --END-- [ RunTime:0.001000s ]
SQL: SHOW COLUMNS FROM `db_user_info` [ RunTime:0.003001s ]
SQL: SELECT * FROM `db_user_info` WHERE ( type = 0 ) ORDER BY uid desc  [ RunTime:0.000000s ]
SQL: SELECT * FROM `db_user_info` WHERE ( type != 0 ) ORDER BY uid desc  [ RunTime:0.001000s ]
INFO: [ view_parse ] --START--
INFO: [ template_filter ] --START--
INFO: Run Behavior\ContentReplaceBehavior [ RunTime:0.000000s ]
INFO: [ template_filter ] --END-- [ RunTime:0.000000s ]
NOTIC: [8] Undefined variable: index_active G:\github\gaozi\Application\Runtime\Cache\Home\0034c409d5ac2c07ac3f17b1b2ad5d84.php 第 24 行.
NOTIC: [8] Undefined variable: info_active G:\github\gaozi\Application\Runtime\Cache\Home\0034c409d5ac2c07ac3f17b1b2ad5d84.php 第 25 行.
NOTIC: [8] Undefined variable: news_active G:\github\gaozi\Application\Runtime\Cache\Home\0034c409d5ac2c07ac3f17b1b2ad5d84.php 第 26 行.
NOTIC: [8] Undefined variable: paper_active G:\github\gaozi\Application\Runtime\Cache\Home\0034c409d5ac2c07ac3f17b1b2ad5d84.php 第 28 行.
NOTIC: [8] Undefined variable: projects_active G:\github\gaozi\Application\Runtime\Cache\Home\0034c409d5ac2c07ac3f17b1b2ad5d84.php 第 29 行.
NOTIC: [8] Undefined variable: result_active G:\github\gaozi\Application\Runtime\Cache\Home\0034c409d5ac2c07ac3f17b1b2ad5d84.php 第 30 行.
NOTIC: [8] Undefined variable: link_active G:\github\gaozi\Application\Runtime\Cache\Home\0034c409d5ac2c07ac3f17b1b2ad5d84.php 第 31 行.
NOTIC: [8] Undefined variable: contact_active G:\github\gaozi\Application\Runtime\Cache\Home\0034c409d5ac2c07ac3f17b1b2ad5d84.php 第 32 行.
INFO: Run Behavior\ParseTemplateBehavior [ RunTime:0.006000s ]
INFO: [ view_parse ] --END-- [ RunTime:0.006000s ]
INFO: [ view_filter ] --START--
INFO: Run Behavior\WriteHtmlCacheBehavior [ RunTime:0.000000s ]
INFO: [ view_filter ] --END-- [ RunTime:0.000000s ]
INFO: [ app_end ] --START--
INFO: Run Behavior\ShowPageTraceBehavior [ RunTime:0.001000s ]
INFO: [ app_end ] --END-- [ RunTime:0.001000s ]

[ 2014-11-19T21:58:59+08:00 ] 127.0.0.1 /home/index/result
INFO: [ app_init ] --START--
INFO: Run Behavior\BuildLiteBehavior [ RunTime:0.000000s ]
INFO: [ app_init ] --END-- [ RunTime:0.001000s ]
INFO: [ app_begin ] --START--
INFO: Run Behavior\ReadHtmlCacheBehavior [ RunTime:0.001000s ]
INFO: [ app_begin ] --END-- [ RunTime:0.001000s ]
INFO: [ view_parse ] --START--
INFO: [ template_filter ] --START--
INFO: Run Behavior\ContentReplaceBehavior [ RunTime:0.000000s ]
INFO: [ template_filter ] --END-- [ RunTime:0.000000s ]
NOTIC: [8] Undefined variable: index_active G:\github\gaozi\Application\Runtime\Cache\Home\52160acf02b94d3c6daf1b9d1b963035.php 第 24 行.
NOTIC: [8] Undefined variable: info_active G:\github\gaozi\Application\Runtime\Cache\Home\52160acf02b94d3c6daf1b9d1b963035.php 第 25 行.
NOTIC: [8] Undefined variable: news_active G:\github\gaozi\Application\Runtime\Cache\Home\52160acf02b94d3c6daf1b9d1b963035.php 第 26 行.
NOTIC: [8] Undefined variable: member_active G:\github\gaozi\Application\Runtime\Cache\Home\52160acf02b94d3c6daf1b9d1b963035.php 第 27 行.
NOTIC: [8] Undefined variable: paper_active G:\github\gaozi\Application\Runtime\Cache\Home\52160acf02b94d3c6daf1b9d1b963035.php 第 28 行.
NOTIC: [8] Undefined variable: projects_active G:\github\gaozi\Application\Runtime\Cache\Home\52160acf02b94d3c6daf1b9d1b963035.php 第 29 行.
NOTIC: [8] Undefined variable: link_active G:\github\gaozi\Application\Runtime\Cache\Home\52160acf02b94d3c6daf1b9d1b963035.php 第 31 行.
NOTIC: [8] Undefined variable: contact_active G:\github\gaozi\Application\Runtime\Cache\Home\52160acf02b94d3c6daf1b9d1b963035.php 第 32 行.
INFO: Run Behavior\ParseTemplateBehavior [ RunTime:0.006001s ]
INFO: [ view_parse ] --END-- [ RunTime:0.006001s ]
INFO: [ view_filter ] --START--
INFO: Run Behavior\WriteHtmlCacheBehavior [ RunTime:0.000000s ]
INFO: [ view_filter ] --END-- [ RunTime:0.000000s ]
INFO: [ app_end ] --START--
INFO: Run Behavior\ShowPageTraceBehavior [ RunTime:0.001000s ]
INFO: [ app_end ] --END-- [ RunTime:0.001000s ]

[ 2014-11-19T21:59:15+08:00 ] 127.0.0.1 /home/index/projects
INFO: [ app_init ] --START--
INFO: Run Behavior\BuildLiteBehavior [ RunTime:0.000000s ]
INFO: [ app_init ] --END-- [ RunTime:0.001000s ]
INFO: [ app_begin ] --START--
INFO: Run Behavior\ReadHtmlCacheBehavior [ RunTime:0.001000s ]
INFO: [ app_begin ] --END-- [ RunTime:0.001000s ]
SQL: SHOW COLUMNS FROM `db_projects` [ RunTime:0.003000s ]
SQL: SELECT * FROM `db_projects` ORDER BY id desc  [ RunTime:0.000000s ]
INFO: [ view_parse ] --START--
INFO: [ template_filter ] --START--
INFO: Run Behavior\ContentReplaceBehavior [ RunTime:0.000000s ]
INFO: [ template_filter ] --END-- [ RunTime:0.000000s ]
NOTIC: [8] Undefined variable: index_active G:\github\gaozi\Application\Runtime\Cache\Home\70f18358bcf8be8f1521f277990280d6.php 第 24 行.
NOTIC: [8] Undefined variable: info_active G:\github\gaozi\Application\Runtime\Cache\Home\70f18358bcf8be8f1521f277990280d6.php 第 25 行.
NOTIC: [8] Undefined variable: news_active G:\github\gaozi\Application\Runtime\Cache\Home\70f18358bcf8be8f1521f277990280d6.php 第 26 行.
NOTIC: [8] Undefined variable: member_active G:\github\gaozi\Application\Runtime\Cache\Home\70f18358bcf8be8f1521f277990280d6.php 第 27 行.
NOTIC: [8] Undefined variable: paper_active G:\github\gaozi\Application\Runtime\Cache\Home\70f18358bcf8be8f1521f277990280d6.php 第 28 行.
NOTIC: [8] Undefined variable: result_active G:\github\gaozi\Application\Runtime\Cache\Home\70f18358bcf8be8f1521f277990280d6.php 第 30 行.
NOTIC: [8] Undefined variable: link_active G:\github\gaozi\Application\Runtime\Cache\Home\70f18358bcf8be8f1521f277990280d6.php 第 31 行.
NOTIC: [8] Undefined variable: contact_active G:\github\gaozi\Application\Runtime\Cache\Home\70f18358bcf8be8f1521f277990280d6.php 第 32 行.
INFO: Run Behavior\ParseTemplateBehavior [ RunTime:0.007001s ]
INFO: [ view_parse ] --END-- [ RunTime:0.007001s ]
INFO: [ view_filter ] --START--
INFO: Run Behavior\WriteHtmlCacheBehavior [ RunTime:0.001000s ]
INFO: [ view_filter ] --END-- [ RunTime:0.001000s ]
INFO: [ app_end ] --START--
INFO: Run Behavior\ShowPageTraceBehavior [ RunTime:0.000000s ]
INFO: [ app_end ] --END-- [ RunTime:0.000000s ]

[ 2014-11-19T21:59:16+08:00 ] 127.0.0.1 /home/index/paper
INFO: [ app_init ] --START--
INFO: Run Behavior\BuildLiteBehavior [ RunTime:0.000000s ]
INFO: [ app_init ] --END-- [ RunTime:0.001001s ]
INFO: [ app_begin ] --START--
INFO: Run Behavior\ReadHtmlCacheBehavior [ RunTime:0.001000s ]
INFO: [ app_begin ] --END-- [ RunTime:0.001000s ]
INFO: [ view_parse ] --START--
INFO: [ template_filter ] --START--
INFO: Run Behavior\ContentReplaceBehavior [ RunTime:0.000000s ]
INFO: [ template_filter ] --END-- [ RunTime:0.000000s ]
NOTIC: [8] Undefined variable: index_active G:\github\gaozi\Application\Runtime\Cache\Home\e62ece094d52bdb2f61a2a5604f95112.php 第 24 行.
NOTIC: [8] Undefined variable: info_active G:\github\gaozi\Application\Runtime\Cache\Home\e62ece094d52bdb2f61a2a5604f95112.php 第 25 行.
NOTIC: [8] Undefined variable: news_active G:\github\gaozi\Application\Runtime\Cache\Home\e62ece094d52bdb2f61a2a5604f95112.php 第 26 行.
NOTIC: [8] Undefined variable: member_active G:\github\gaozi\Application\Runtime\Cache\Home\e62ece094d52bdb2f61a2a5604f95112.php 第 27 行.
NOTIC: [8] Undefined variable: projects_active G:\github\gaozi\Application\Runtime\Cache\Home\e62ece094d52bdb2f61a2a5604f95112.php 第 29 行.
NOTIC: [8] Undefined variable: result_active G:\github\gaozi\Application\Runtime\Cache\Home\e62ece094d52bdb2f61a2a5604f95112.php 第 30 行.
NOTIC: [8] Undefined variable: link_active G:\github\gaozi\Application\Runtime\Cache\Home\e62ece094d52bdb2f61a2a5604f95112.php 第 31 行.
NOTIC: [8] Undefined variable: contact_active G:\github\gaozi\Application\Runtime\Cache\Home\e62ece094d52bdb2f61a2a5604f95112.php 第 32 行.
INFO: Run Behavior\ParseTemplateBehavior [ RunTime:0.033002s ]
INFO: [ view_parse ] --END-- [ RunTime:0.033002s ]
INFO: [ view_filter ] --START--
INFO: Run Behavior\WriteHtmlCacheBehavior [ RunTime:0.001000s ]
INFO: [ view_filter ] --END-- [ RunTime:0.001000s ]
INFO: [ app_end ] --START--
INFO: Run Behavior\ShowPageTraceBehavior [ RunTime:0.000000s ]
INFO: [ app_end ] --END-- [ RunTime:0.000000s ]

[ 2014-11-19T21:59:17+08:00 ] 127.0.0.1 /home/index/result
INFO: [ app_init ] --START--
INFO: Run Behavior\BuildLiteBehavior [ RunTime:0.000000s ]
INFO: [ app_init ] --END-- [ RunTime:0.000000s ]
INFO: [ app_begin ] --START--
INFO: Run Behavior\ReadHtmlCacheBehavior [ RunTime:0.001000s ]
INFO: [ app_begin ] --END-- [ RunTime:0.001000s ]
INFO: [ view_parse ] --START--
INFO: [ template_filter ] --START--
INFO: Run Behavior\ContentReplaceBehavior [ RunTime:0.000000s ]
INFO: [ template_filter ] --END-- [ RunTime:0.000000s ]
NOTIC: [8] Undefined variable: index_active G:\github\gaozi\Application\Runtime\Cache\Home\52160acf02b94d3c6daf1b9d1b963035.php 第 24 行.
NOTIC: [8] Undefined variable: info_active G:\github\gaozi\Application\Runtime\Cache\Home\52160acf02b94d3c6daf1b9d1b963035.php 第 25 行.
NOTIC: [8] Undefined variable: news_active G:\github\gaozi\Application\Runtime\Cache\Home\52160acf02b94d3c6daf1b9d1b963035.php 第 26 行.
NOTIC: [8] Undefined variable: member_active G:\github\gaozi\Application\Runtime\Cache\Home\52160acf02b94d3c6daf1b9d1b963035.php 第 27 行.
NOTIC: [8] Undefined variable: paper_active G:\github\gaozi\Application\Runtime\Cache\Home\52160acf02b94d3c6daf1b9d1b963035.php 第 28 行.
NOTIC: [8] Undefined variable: projects_active G:\github\gaozi\Application\Runtime\Cache\Home\52160acf02b94d3c6daf1b9d1b963035.php 第 29 行.
NOTIC: [8] Undefined variable: link_active G:\github\gaozi\Application\Runtime\Cache\Home\52160acf02b94d3c6daf1b9d1b963035.php 第 31 行.
NOTIC: [8] Undefined variable: contact_active G:\github\gaozi\Application\Runtime\Cache\Home\52160acf02b94d3c6daf1b9d1b963035.php 第 32 行.
INFO: Run Behavior\ParseTemplateBehavior [ RunTime:0.007000s ]
INFO: [ view_parse ] --END-- [ RunTime:0.007000s ]
INFO: [ view_filter ] --START--
INFO: Run Behavior\WriteHtmlCacheBehavior [ RunTime:0.000000s ]
INFO: [ view_filter ] --END-- [ RunTime:0.000000s ]
INFO: [ app_end ] --START--
INFO: Run Behavior\ShowPageTraceBehavior [ RunTime:0.001000s ]
INFO: [ app_end ] --END-- [ RunTime:0.001000s ]

[ 2014-11-19T21:59:27+08:00 ] 127.0.0.1 /home/index
INFO: [ app_init ] --START--
INFO: Run Behavior\BuildLiteBehavior [ RunTime:0.000000s ]
INFO: [ app_init ] --END-- [ RunTime:0.000000s ]
INFO: [ app_begin ] --START--
INFO: Run Behavior\ReadHtmlCacheBehavior [ RunTime:0.000000s ]
INFO: [ app_begin ] --END-- [ RunTime:0.001000s ]
SQL: SHOW COLUMNS FROM `db_news` [ RunTime:0.003000s ]
SQL: SELECT * FROM `db_news` WHERE ( type != 1 ) ORDER BY nid desc  [ RunTime:0.001001s ]
SQL: SELECT * FROM `db_news` WHERE ( type = 1 ) ORDER BY nid desc  [ RunTime:0.001000s ]
SQL: SHOW COLUMNS FROM `db_study` [ RunTime:0.002000s ]
SQL: SELECT * FROM `db_study` ORDER BY id desc  [ RunTime:0.000000s ]
SQL: SHOW COLUMNS FROM `db_user_info` [ RunTime:0.002000s ]
SQL: SELECT * FROM `db_user_info` WHERE ( type != 0 ) ORDER BY uid desc  [ RunTime:0.000000s ]
SQL: SHOW COLUMNS FROM `db_links` [ RunTime:0.002000s ]
SQL: SELECT * FROM `db_links`  [ RunTime:0.000000s ]
INFO: [ view_parse ] --START--
INFO: [ template_filter ] --START--
INFO: Run Behavior\ContentReplaceBehavior [ RunTime:0.000000s ]
INFO: [ template_filter ] --END-- [ RunTime:0.000000s ]
NOTIC: [8] Undefined variable: info_active G:\github\gaozi\Application\Runtime\Cache\Home\2a94b8bda04ff446dcedd42276fc99ee.php 第 26 行.
NOTIC: [8] Undefined variable: news_active G:\github\gaozi\Application\Runtime\Cache\Home\2a94b8bda04ff446dcedd42276fc99ee.php 第 27 行.
NOTIC: [8] Undefined variable: member_active G:\github\gaozi\Application\Runtime\Cache\Home\2a94b8bda04ff446dcedd42276fc99ee.php 第 28 行.
NOTIC: [8] Undefined variable: paper_active G:\github\gaozi\Application\Runtime\Cache\Home\2a94b8bda04ff446dcedd42276fc99ee.php 第 29 行.
NOTIC: [8] Undefined variable: projects_active G:\github\gaozi\Application\Runtime\Cache\Home\2a94b8bda04ff446dcedd42276fc99ee.php 第 30 行.
NOTIC: [8] Undefined variable: result_active G:\github\gaozi\Application\Runtime\Cache\Home\2a94b8bda04ff446dcedd42276fc99ee.php 第 31 行.
NOTIC: [8] Undefined variable: link_active G:\github\gaozi\Application\Runtime\Cache\Home\2a94b8bda04ff446dcedd42276fc99ee.php 第 32 行.
NOTIC: [8] Undefined variable: contact_active G:\github\gaozi\Application\Runtime\Cache\Home\2a94b8bda04ff446dcedd42276fc99ee.php 第 33 行.
INFO: Run Behavior\ParseTemplateBehavior [ RunTime:0.009001s ]
INFO: [ view_parse ] --END-- [ RunTime:0.009001s ]
INFO: [ view_filter ] --START--
INFO: Run Behavior\WriteHtmlCacheBehavior [ RunTime:0.000000s ]
INFO: [ view_filter ] --END-- [ RunTime:0.000000s ]
INFO: [ app_end ] --START--
INFO: Run Behavior\ShowPageTraceBehavior [ RunTime:0.001000s ]
INFO: [ app_end ] --END-- [ RunTime:0.001000s ]

[ 2014-11-19T21:59:29+08:00 ] 127.0.0.1 /home/index
INFO: [ app_init ] --START--
INFO: Run Behavior\BuildLiteBehavior [ RunTime:0.000000s ]
INFO: [ app_init ] --END-- [ RunTime:0.001000s ]
INFO: [ app_begin ] --START--
INFO: Run Behavior\ReadHtmlCacheBehavior [ RunTime:0.001000s ]
INFO: [ app_begin ] --END-- [ RunTime:0.001000s ]
SQL: SHOW COLUMNS FROM `db_news` [ RunTime:0.002000s ]
SQL: SELECT * FROM `db_news` WHERE ( type != 1 ) ORDER BY nid desc  [ RunTime:0.000000s ]
SQL: SELECT * FROM `db_news` WHERE ( type = 1 ) ORDER BY nid desc  [ RunTime:0.000000s ]
SQL: SHOW COLUMNS FROM `db_study` [ RunTime:0.003000s ]
SQL: SELECT * FROM `db_study` ORDER BY id desc  [ RunTime:0.000000s ]
SQL: SHOW COLUMNS FROM `db_user_info` [ RunTime:0.002000s ]
SQL: SELECT * FROM `db_user_info` WHERE ( type != 0 ) ORDER BY uid desc  [ RunTime:0.001000s ]
SQL: SHOW COLUMNS FROM `db_links` [ RunTime:0.002000s ]
SQL: SELECT * FROM `db_links`  [ RunTime:0.001001s ]
INFO: [ view_parse ] --START--
INFO: [ template_filter ] --START--
INFO: Run Behavior\ContentReplaceBehavior [ RunTime:0.000000s ]
INFO: [ template_filter ] --END-- [ RunTime:0.000000s ]
NOTIC: [8] Undefined variable: info_active G:\github\gaozi\Application\Runtime\Cache\Home\2a94b8bda04ff446dcedd42276fc99ee.php 第 26 行.
NOTIC: [8] Undefined variable: news_active G:\github\gaozi\Application\Runtime\Cache\Home\2a94b8bda04ff446dcedd42276fc99ee.php 第 27 行.
NOTIC: [8] Undefined variable: member_active G:\github\gaozi\Application\Runtime\Cache\Home\2a94b8bda04ff446dcedd42276fc99ee.php 第 28 行.
NOTIC: [8] Undefined variable: paper_active G:\github\gaozi\Application\Runtime\Cache\Home\2a94b8bda04ff446dcedd42276fc99ee.php 第 29 行.
NOTIC: [8] Undefined variable: projects_active G:\github\gaozi\Application\Runtime\Cache\Home\2a94b8bda04ff446dcedd42276fc99ee.php 第 30 行.
NOTIC: [8] Undefined variable: result_active G:\github\gaozi\Application\Runtime\Cache\Home\2a94b8bda04ff446dcedd42276fc99ee.php 第 31 行.
NOTIC: [8] Undefined variable: link_active G:\github\gaozi\Application\Runtime\Cache\Home\2a94b8bda04ff446dcedd42276fc99ee.php 第 32 行.
NOTIC: [8] Undefined variable: contact_active G:\github\gaozi\Application\Runtime\Cache\Home\2a94b8bda04ff446dcedd42276fc99ee.php 第 33 行.
INFO: Run Behavior\ParseTemplateBehavior [ RunTime:0.007000s ]
INFO: [ view_parse ] --END-- [ RunTime:0.007000s ]
INFO: [ view_filter ] --START--
INFO: Run Behavior\WriteHtmlCacheBehavior [ RunTime:0.000000s ]
INFO: [ view_filter ] --END-- [ RunTime:0.001000s ]
INFO: [ app_end ] --START--
INFO: Run Behavior\ShowPageTraceBehavior [ RunTime:0.000000s ]
INFO: [ app_end ] --END-- [ RunTime:0.000000s ]

[ 2014-11-19T21:59:32+08:00 ] 127.0.0.1 /home/news/news_info?nid=7&type=2
INFO: [ app_init ] --START--
INFO: Run Behavior\BuildLiteBehavior [ RunTime:0.000000s ]
INFO: [ app_init ] --END-- [ RunTime:0.000000s ]
INFO: [ app_begin ] --START--
INFO: Run Behavior\ReadHtmlCacheBehavior [ RunTime:0.000000s ]
INFO: [ app_begin ] --END-- [ RunTime:0.001001s ]
SQL: SHOW COLUMNS FROM `db_news` [ RunTime:0.003000s ]
SQL: SELECT * FROM `db_news` WHERE ( nid = 7 )  [ RunTime:0.000000s ]
INFO: [ view_parse ] --START--
INFO: [ template_filter ] --START--
INFO: Run Behavior\ContentReplaceBehavior [ RunTime:0.000000s ]
INFO: [ template_filter ] --END-- [ RunTime:0.000000s ]
NOTIC: [8] Undefined variable: index_active G:\github\gaozi\Application\Runtime\Cache\Home\798ca06348b7959134f7258ac15e71e7.php 第 24 行.
NOTIC: [8] Undefined variable: info_active G:\github\gaozi\Application\Runtime\Cache\Home\798ca06348b7959134f7258ac15e71e7.php 第 25 行.
NOTIC: [8] Undefined variable: news_active G:\github\gaozi\Application\Runtime\Cache\Home\798ca06348b7959134f7258ac15e71e7.php 第 26 行.
NOTIC: [8] Undefined variable: member_active G:\github\gaozi\Application\Runtime\Cache\Home\798ca06348b7959134f7258ac15e71e7.php 第 27 行.
NOTIC: [8] Undefined variable: paper_active G:\github\gaozi\Application\Runtime\Cache\Home\798ca06348b7959134f7258ac15e71e7.php 第 28 行.
NOTIC: [8] Undefined variable: projects_active G:\github\gaozi\Application\Runtime\Cache\Home\798ca06348b7959134f7258ac15e71e7.php 第 29 行.
NOTIC: [8] Undefined variable: result_active G:\github\gaozi\Application\Runtime\Cache\Home\798ca06348b7959134f7258ac15e71e7.php 第 30 行.
NOTIC: [8] Undefined variable: link_active G:\github\gaozi\Application\Runtime\Cache\Home\798ca06348b7959134f7258ac15e71e7.php 第 31 行.
NOTIC: [8] Undefined variable: contact_active G:\github\gaozi\Application\Runtime\Cache\Home\798ca06348b7959134f7258ac15e71e7.php 第 32 行.
INFO: Run Behavior\ParseTemplateBehavior [ RunTime:0.006000s ]
INFO: [ view_parse ] --END-- [ RunTime:0.006000s ]
INFO: [ view_filter ] --START--
INFO: Run Behavior\WriteHtmlCacheBehavior [ RunTime:0.000000s ]
INFO: [ view_filter ] --END-- [ RunTime:0.000000s ]
INFO: [ app_end ] --START--
INFO: Run Behavior\ShowPageTraceBehavior [ RunTime:0.001000s ]
INFO: [ app_end ] --END-- [ RunTime:0.001000s ]

[ 2014-11-19T21:59:34+08:00 ] 127.0.0.1 /home/index
INFO: [ app_init ] --START--
INFO: Run Behavior\BuildLiteBehavior [ RunTime:0.000000s ]
INFO: [ app_init ] --END-- [ RunTime:0.002000s ]
INFO: [ app_begin ] --START--
INFO: Run Behavior\ReadHtmlCacheBehavior [ RunTime:0.000000s ]
INFO: [ app_begin ] --END-- [ RunTime:0.000000s ]
SQL: SHOW COLUMNS FROM `db_news` [ RunTime:0.002000s ]
SQL: SELECT * FROM `db_news` WHERE ( type != 1 ) ORDER BY nid desc  [ RunTime:0.001000s ]
SQL: SELECT * FROM `db_news` WHERE ( type = 1 ) ORDER BY nid desc  [ RunTime:0.000000s ]
SQL: SHOW COLUMNS FROM `db_study` [ RunTime:0.002000s ]
SQL: SELECT * FROM `db_study` ORDER BY id desc  [ RunTime:0.000000s ]
SQL: SHOW COLUMNS FROM `db_user_info` [ RunTime:0.002000s ]
SQL: SELECT * FROM `db_user_info` WHERE ( type != 0 ) ORDER BY uid desc  [ RunTime:0.001000s ]
SQL: SHOW COLUMNS FROM `db_links` [ RunTime:0.002000s ]
SQL: SELECT * FROM `db_links`  [ RunTime:0.001001s ]
INFO: [ view_parse ] --START--
INFO: [ template_filter ] --START--
INFO: Run Behavior\ContentReplaceBehavior [ RunTime:0.000000s ]
INFO: [ template_filter ] --END-- [ RunTime:0.000000s ]
NOTIC: [8] Undefined variable: info_active G:\github\gaozi\Application\Runtime\Cache\Home\2a94b8bda04ff446dcedd42276fc99ee.php 第 26 行.
NOTIC: [8] Undefined variable: news_active G:\github\gaozi\Application\Runtime\Cache\Home\2a94b8bda04ff446dcedd42276fc99ee.php 第 27 行.
NOTIC: [8] Undefined variable: member_active G:\github\gaozi\Application\Runtime\Cache\Home\2a94b8bda04ff446dcedd42276fc99ee.php 第 28 行.
NOTIC: [8] Undefined variable: paper_active G:\github\gaozi\Application\Runtime\Cache\Home\2a94b8bda04ff446dcedd42276fc99ee.php 第 29 行.
NOTIC: [8] Undefined variable: projects_active G:\github\gaozi\Application\Runtime\Cache\Home\2a94b8bda04ff446dcedd42276fc99ee.php 第 30 行.
NOTIC: [8] Undefined variable: result_active G:\github\gaozi\Application\Runtime\Cache\Home\2a94b8bda04ff446dcedd42276fc99ee.php 第 31 行.
NOTIC: [8] Undefined variable: link_active G:\github\gaozi\Application\Runtime\Cache\Home\2a94b8bda04ff446dcedd42276fc99ee.php 第 32 行.
NOTIC: [8] Undefined variable: contact_active G:\github\gaozi\Application\Runtime\Cache\Home\2a94b8bda04ff446dcedd42276fc99ee.php 第 33 行.
INFO: Run Behavior\ParseTemplateBehavior [ RunTime:0.008000s ]
INFO: [ view_parse ] --END-- [ RunTime:0.008000s ]
INFO: [ view_filter ] --START--
INFO: Run Behavior\WriteHtmlCacheBehavior [ RunTime:0.000000s ]
INFO: [ view_filter ] --END-- [ RunTime:0.000000s ]
INFO: [ app_end ] --START--
INFO: Run Behavior\ShowPageTraceBehavior [ RunTime:0.001000s ]
INFO: [ app_end ] --END-- [ RunTime:0.001000s ]

[ 2014-11-19T21:59:46+08:00 ] 127.0.0.1 /home/index/news
INFO: [ app_init ] --START--
INFO: Run Behavior\BuildLiteBehavior [ RunTime:0.000000s ]
INFO: [ app_init ] --END-- [ RunTime:0.001000s ]
INFO: [ app_begin ] --START--
INFO: Run Behavior\ReadHtmlCacheBehavior [ RunTime:0.001001s ]
INFO: [ app_begin ] --END-- [ RunTime:0.001001s ]
SQL: SHOW COLUMNS FROM `db_news` [ RunTime:0.003000s ]
SQL: SELECT * FROM `db_news` WHERE ( type != 1 ) ORDER BY nid desc  [ RunTime:0.001000s ]
SQL: SELECT * FROM `db_news` WHERE ( type != 1 ) ORDER BY views desc LIMIT 5   [ RunTime:0.000000s ]
INFO: [ view_parse ] --START--
INFO: [ template_filter ] --START--
INFO: Run Behavior\ContentReplaceBehavior [ RunTime:0.000000s ]
INFO: [ template_filter ] --END-- [ RunTime:0.000000s ]
NOTIC: [8] Undefined variable: index_active G:\github\gaozi\Application\Runtime\Cache\Home\cecb45903f8aa0e33f62e7ce7ef7b49f.php 第 24 行.
NOTIC: [8] Undefined variable: info_active G:\github\gaozi\Application\Runtime\Cache\Home\cecb45903f8aa0e33f62e7ce7ef7b49f.php 第 25 行.
NOTIC: [8] Undefined variable: member_active G:\github\gaozi\Application\Runtime\Cache\Home\cecb45903f8aa0e33f62e7ce7ef7b49f.php 第 27 行.
NOTIC: [8] Undefined variable: paper_active G:\github\gaozi\Application\Runtime\Cache\Home\cecb45903f8aa0e33f62e7ce7ef7b49f.php 第 28 行.
NOTIC: [8] Undefined variable: projects_active G:\github\gaozi\Application\Runtime\Cache\Home\cecb45903f8aa0e33f62e7ce7ef7b49f.php 第 29 行.
NOTIC: [8] Undefined variable: result_active G:\github\gaozi\Application\Runtime\Cache\Home\cecb45903f8aa0e33f62e7ce7ef7b49f.php 第 30 行.
NOTIC: [8] Undefined variable: link_active G:\github\gaozi\Application\Runtime\Cache\Home\cecb45903f8aa0e33f62e7ce7ef7b49f.php 第 31 行.
NOTIC: [8] Undefined variable: contact_active G:\github\gaozi\Application\Runtime\Cache\Home\cecb45903f8aa0e33f62e7ce7ef7b49f.php 第 32 行.
INFO: Run Behavior\ParseTemplateBehavior [ RunTime:0.009000s ]
INFO: [ view_parse ] --END-- [ RunTime:0.009000s ]
INFO: [ view_filter ] --START--
INFO: Run Behavior\WriteHtmlCacheBehavior [ RunTime:0.001000s ]
INFO: [ view_filter ] --END-- [ RunTime:0.001000s ]
INFO: [ app_end ] --START--
INFO: Run Behavior\ShowPageTraceBehavior [ RunTime:0.000000s ]
INFO: [ app_end ] --END-- [ RunTime:0.001000s ]

[ 2014-11-19T22:00:17+08:00 ] 127.0.0.1 /home/index/result
INFO: [ app_init ] --START--
INFO: Run Behavior\BuildLiteBehavior [ RunTime:0.000000s ]
INFO: [ app_init ] --END-- [ RunTime:0.001000s ]
INFO: [ app_begin ] --START--
INFO: Run Behavior\ReadHtmlCacheBehavior [ RunTime:0.000000s ]
INFO: [ app_begin ] --END-- [ RunTime:0.000000s ]
INFO: [ view_parse ] --START--
INFO: [ template_filter ] --START--
INFO: Run Behavior\ContentReplaceBehavior [ RunTime:0.000000s ]
INFO: [ template_filter ] --END-- [ RunTime:0.000000s ]
NOTIC: [8] Undefined variable: index_active G:\github\gaozi\Application\Runtime\Cache\Home\52160acf02b94d3c6daf1b9d1b963035.php 第 24 行.
NOTIC: [8] Undefined variable: info_active G:\github\gaozi\Application\Runtime\Cache\Home\52160acf02b94d3c6daf1b9d1b963035.php 第 25 行.
NOTIC: [8] Undefined variable: news_active G:\github\gaozi\Application\Runtime\Cache\Home\52160acf02b94d3c6daf1b9d1b963035.php 第 26 行.
NOTIC: [8] Undefined variable: member_active G:\github\gaozi\Application\Runtime\Cache\Home\52160acf02b94d3c6daf1b9d1b963035.php 第 27 行.
NOTIC: [8] Undefined variable: paper_active G:\github\gaozi\Application\Runtime\Cache\Home\52160acf02b94d3c6daf1b9d1b963035.php 第 28 行.
NOTIC: [8] Undefined variable: projects_active G:\github\gaozi\Application\Runtime\Cache\Home\52160acf02b94d3c6daf1b9d1b963035.php 第 29 行.
NOTIC: [8] Undefined variable: link_active G:\github\gaozi\Application\Runtime\Cache\Home\52160acf02b94d3c6daf1b9d1b963035.php 第 31 行.
NOTIC: [8] Undefined variable: contact_active G:\github\gaozi\Application\Runtime\Cache\Home\52160acf02b94d3c6daf1b9d1b963035.php 第 32 行.
INFO: Run Behavior\ParseTemplateBehavior [ RunTime:0.007000s ]
INFO: [ view_parse ] --END-- [ RunTime:0.007000s ]
INFO: [ view_filter ] --START--
INFO: Run Behavior\WriteHtmlCacheBehavior [ RunTime:0.000000s ]
INFO: [ view_filter ] --END-- [ RunTime:0.000000s ]
INFO: [ app_end ] --START--
INFO: Run Behavior\ShowPageTraceBehavior [ RunTime:0.001000s ]
INFO: [ app_end ] --END-- [ RunTime:0.001000s ]

[ 2014-11-19T22:04:12+08:00 ] 127.0.0.1 /home/index/result
INFO: [ app_init ] --START--
INFO: Run Behavior\BuildLiteBehavior [ RunTime:0.000000s ]
INFO: [ app_init ] --END-- [ RunTime:0.001000s ]
INFO: [ app_begin ] --START--
INFO: Run Behavior\ReadHtmlCacheBehavior [ RunTime:0.001000s ]
INFO: [ app_begin ] --END-- [ RunTime:0.001000s ]
SQL: SHOW COLUMNS FROM `db_result` [ RunTime:0.003000s ]
SQL: SELECT * FROM `db_result` ORDER BY id desc  [ RunTime:0.001000s ]
INFO: [ view_parse ] --START--
INFO: [ template_filter ] --START--
INFO: Run Behavior\ContentReplaceBehavior [ RunTime:0.000000s ]
INFO: [ template_filter ] --END-- [ RunTime:0.000000s ]
NOTIC: [8] Undefined variable: index_active G:\github\gaozi\Application\Runtime\Cache\Home\52160acf02b94d3c6daf1b9d1b963035.php 第 24 行.
NOTIC: [8] Undefined variable: info_active G:\github\gaozi\Application\Runtime\Cache\Home\52160acf02b94d3c6daf1b9d1b963035.php 第 25 行.
NOTIC: [8] Undefined variable: news_active G:\github\gaozi\Application\Runtime\Cache\Home\52160acf02b94d3c6daf1b9d1b963035.php 第 26 行.
NOTIC: [8] Undefined variable: member_active G:\github\gaozi\Application\Runtime\Cache\Home\52160acf02b94d3c6daf1b9d1b963035.php 第 27 行.
NOTIC: [8] Undefined variable: paper_active G:\github\gaozi\Application\Runtime\Cache\Home\52160acf02b94d3c6daf1b9d1b963035.php 第 28 行.
NOTIC: [8] Undefined variable: projects_active G:\github\gaozi\Application\Runtime\Cache\Home\52160acf02b94d3c6daf1b9d1b963035.php 第 29 行.
NOTIC: [8] Undefined variable: link_active G:\github\gaozi\Application\Runtime\Cache\Home\52160acf02b94d3c6daf1b9d1b963035.php 第 31 行.
NOTIC: [8] Undefined variable: contact_active G:\github\gaozi\Application\Runtime\Cache\Home\52160acf02b94d3c6daf1b9d1b963035.php 第 32 行.
INFO: Run Behavior\ParseTemplateBehavior [ RunTime:0.010000s ]
INFO: [ view_parse ] --END-- [ RunTime:0.010000s ]
INFO: [ view_filter ] --START--
INFO: Run Behavior\WriteHtmlCacheBehavior [ RunTime:0.000000s ]
INFO: [ view_filter ] --END-- [ RunTime:0.000000s ]
INFO: [ app_end ] --START--
INFO: Run Behavior\ShowPageTraceBehavior [ RunTime:0.001000s ]
INFO: [ app_end ] --END-- [ RunTime:0.001000s ]

[ 2014-11-19T22:23:05+08:00 ] 127.0.0.1 /home/index/result
INFO: [ app_init ] --START--
INFO: Run Behavior\BuildLiteBehavior [ RunTime:0.000000s ]
INFO: [ app_init ] --END-- [ RunTime:0.001000s ]
INFO: [ app_begin ] --START--
INFO: Run Behavior\ReadHtmlCacheBehavior [ RunTime:0.001000s ]
INFO: [ app_begin ] --END-- [ RunTime:0.001000s ]
SQL: SHOW COLUMNS FROM `db_result` [ RunTime:0.003000s ]
SQL: SELECT * FROM `db_result` ORDER BY id desc  [ RunTime:0.000000s ]
INFO: [ view_parse ] --START--
INFO: [ template_filter ] --START--
INFO: Run Behavior\ContentReplaceBehavior [ RunTime:0.000000s ]
INFO: [ template_filter ] --END-- [ RunTime:0.000000s ]
NOTIC: [8] Undefined variable: index_active G:\github\gaozi\Application\Runtime\Cache\Home\52160acf02b94d3c6daf1b9d1b963035.php 第 24 行.
NOTIC: [8] Undefined variable: info_active G:\github\gaozi\Application\Runtime\Cache\Home\52160acf02b94d3c6daf1b9d1b963035.php 第 25 行.
NOTIC: [8] Undefined variable: news_active G:\github\gaozi\Application\Runtime\Cache\Home\52160acf02b94d3c6daf1b9d1b963035.php 第 26 行.
NOTIC: [8] Undefined variable: member_active G:\github\gaozi\Application\Runtime\Cache\Home\52160acf02b94d3c6daf1b9d1b963035.php 第 27 行.
NOTIC: [8] Undefined variable: paper_active G:\github\gaozi\Application\Runtime\Cache\Home\52160acf02b94d3c6daf1b9d1b963035.php 第 28 行.
NOTIC: [8] Undefined variable: projects_active G:\github\gaozi\Application\Runtime\Cache\Home\52160acf02b94d3c6daf1b9d1b963035.php 第 29 行.
NOTIC: [8] Undefined variable: link_active G:\github\gaozi\Application\Runtime\Cache\Home\52160acf02b94d3c6daf1b9d1b963035.php 第 31 行.
NOTIC: [8] Undefined variable: contact_active G:\github\gaozi\Application\Runtime\Cache\Home\52160acf02b94d3c6daf1b9d1b963035.php 第 32 行.
NOTIC: [8] Undefined variable: results_list G:\github\gaozi\Application\Runtime\Cache\Home\52160acf02b94d3c6daf1b9d1b963035.php 第 44 行.
NOTIC: [2] Invalid argument supplied for foreach() G:\github\gaozi\Application\Runtime\Cache\Home\52160acf02b94d3c6daf1b9d1b963035.php 第 44 行.
INFO: Run Behavior\ParseTemplateBehavior [ RunTime:0.008001s ]
INFO: [ view_parse ] --END-- [ RunTime:0.008001s ]
INFO: [ view_filter ] --START--
INFO: Run Behavior\WriteHtmlCacheBehavior [ RunTime:0.001000s ]
INFO: [ view_filter ] --END-- [ RunTime:0.001000s ]
INFO: [ app_end ] --START--
INFO: Run Behavior\ShowPageTraceBehavior [ RunTime:0.001000s ]
INFO: [ app_end ] --END-- [ RunTime:0.001000s ]

[ 2014-11-19T22:23:12+08:00 ] 127.0.0.1 /home/index/result
INFO: [ app_init ] --START--
INFO: Run Behavior\BuildLiteBehavior [ RunTime:0.000000s ]
INFO: [ app_init ] --END-- [ RunTime:0.001000s ]
INFO: [ app_begin ] --START--
INFO: Run Behavior\ReadHtmlCacheBehavior [ RunTime:0.001000s ]
INFO: [ app_begin ] --END-- [ RunTime:0.001000s ]
SQL: SHOW COLUMNS FROM `db_result` [ RunTime:0.003000s ]
SQL: SELECT * FROM `db_result` ORDER BY id desc  [ RunTime:0.000000s ]
INFO: [ view_parse ] --START--
INFO: [ template_filter ] --START--
INFO: Run Behavior\ContentReplaceBehavior [ RunTime:0.000000s ]
INFO: [ template_filter ] --END-- [ RunTime:0.000000s ]
NOTIC: [8] Undefined variable: index_active G:\github\gaozi\Application\Runtime\Cache\Home\52160acf02b94d3c6daf1b9d1b963035.php 第 24 行.
NOTIC: [8] Undefined variable: info_active G:\github\gaozi\Application\Runtime\Cache\Home\52160acf02b94d3c6daf1b9d1b963035.php 第 25 行.
NOTIC: [8] Undefined variable: news_active G:\github\gaozi\Application\Runtime\Cache\Home\52160acf02b94d3c6daf1b9d1b963035.php 第 26 行.
NOTIC: [8] Undefined variable: member_active G:\github\gaozi\Application\Runtime\Cache\Home\52160acf02b94d3c6daf1b9d1b963035.php 第 27 行.
NOTIC: [8] Undefined variable: paper_active G:\github\gaozi\Application\Runtime\Cache\Home\52160acf02b94d3c6daf1b9d1b963035.php 第 28 行.
NOTIC: [8] Undefined variable: projects_active G:\github\gaozi\Application\Runtime\Cache\Home\52160acf02b94d3c6daf1b9d1b963035.php 第 29 行.
NOTIC: [8] Undefined variable: link_active G:\github\gaozi\Application\Runtime\Cache\Home\52160acf02b94d3c6daf1b9d1b963035.php 第 31 行.
NOTIC: [8] Undefined variable: contact_active G:\github\gaozi\Application\Runtime\Cache\Home\52160acf02b94d3c6daf1b9d1b963035.php 第 32 行.
NOTIC: [8] Undefined variable: results_list G:\github\gaozi\Application\Runtime\Cache\Home\52160acf02b94d3c6daf1b9d1b963035.php 第 44 行.
NOTIC: [2] Invalid argument supplied for foreach() G:\github\gaozi\Application\Runtime\Cache\Home\52160acf02b94d3c6daf1b9d1b963035.php 第 44 行.
INFO: Run Behavior\ParseTemplateBehavior [ RunTime:0.007001s ]
INFO: [ view_parse ] --END-- [ RunTime:0.007001s ]
INFO: [ view_filter ] --START--
INFO: Run Behavior\WriteHtmlCacheBehavior [ RunTime:0.001000s ]
INFO: [ view_filter ] --END-- [ RunTime:0.001000s ]
INFO: [ app_end ] --START--
INFO: Run Behavior\ShowPageTraceBehavior [ RunTime:0.000000s ]
INFO: [ app_end ] --END-- [ RunTime:0.000000s ]

[ 2014-11-19T22:23:23+08:00 ] 127.0.0.1 /home/index/result
INFO: [ app_init ] --START--
INFO: Run Behavior\BuildLiteBehavior [ RunTime:0.000000s ]
INFO: [ app_init ] --END-- [ RunTime:0.001000s ]
INFO: [ app_begin ] --START--
INFO: Run Behavior\ReadHtmlCacheBehavior [ RunTime:0.001000s ]
INFO: [ app_begin ] --END-- [ RunTime:0.001000s ]
SQL: SHOW COLUMNS FROM `db_result` [ RunTime:0.003000s ]
SQL: SELECT * FROM `db_result` ORDER BY id desc  [ RunTime:0.001000s ]
INFO: [ view_parse ] --START--
INFO: [ template_filter ] --START--
INFO: Run Behavior\ContentReplaceBehavior [ RunTime:0.000000s ]
INFO: [ template_filter ] --END-- [ RunTime:0.000000s ]
NOTIC: [8] Undefined variable: index_active G:\github\gaozi\Application\Runtime\Cache\Home\52160acf02b94d3c6daf1b9d1b963035.php 第 24 行.
NOTIC: [8] Undefined variable: info_active G:\github\gaozi\Application\Runtime\Cache\Home\52160acf02b94d3c6daf1b9d1b963035.php 第 25 行.
NOTIC: [8] Undefined variable: news_active G:\github\gaozi\Application\Runtime\Cache\Home\52160acf02b94d3c6daf1b9d1b963035.php 第 26 行.
NOTIC: [8] Undefined variable: member_active G:\github\gaozi\Application\Runtime\Cache\Home\52160acf02b94d3c6daf1b9d1b963035.php 第 27 行.
NOTIC: [8] Undefined variable: paper_active G:\github\gaozi\Application\Runtime\Cache\Home\52160acf02b94d3c6daf1b9d1b963035.php 第 28 行.
NOTIC: [8] Undefined variable: projects_active G:\github\gaozi\Application\Runtime\Cache\Home\52160acf02b94d3c6daf1b9d1b963035.php 第 29 行.
NOTIC: [8] Undefined variable: link_active G:\github\gaozi\Application\Runtime\Cache\Home\52160acf02b94d3c6daf1b9d1b963035.php 第 31 行.
NOTIC: [8] Undefined variable: contact_active G:\github\gaozi\Application\Runtime\Cache\Home\52160acf02b94d3c6daf1b9d1b963035.php 第 32 行.
INFO: Run Behavior\ParseTemplateBehavior [ RunTime:0.007000s ]
INFO: [ view_parse ] --END-- [ RunTime:0.007000s ]
INFO: [ view_filter ] --START--
INFO: Run Behavior\WriteHtmlCacheBehavior [ RunTime:0.000000s ]
INFO: [ view_filter ] --END-- [ RunTime:0.000000s ]
INFO: [ app_end ] --START--
INFO: Run Behavior\ShowPageTraceBehavior [ RunTime:0.001001s ]
INFO: [ app_end ] --END-- [ RunTime:0.001001s ]

[ 2014-11-19T22:23:24+08:00 ] 127.0.0.1 /home/index/result
INFO: [ app_init ] --START--
INFO: Run Behavior\BuildLiteBehavior [ RunTime:0.000000s ]
INFO: [ app_init ] --END-- [ RunTime:0.001001s ]
INFO: [ app_begin ] --START--
INFO: Run Behavior\ReadHtmlCacheBehavior [ RunTime:0.001000s ]
INFO: [ app_begin ] --END-- [ RunTime:0.001000s ]
SQL: SHOW COLUMNS FROM `db_result` [ RunTime:0.003000s ]
SQL: SELECT * FROM `db_result` ORDER BY id desc  [ RunTime:0.001001s ]
INFO: [ view_parse ] --START--
INFO: [ template_filter ] --START--
INFO: Run Behavior\ContentReplaceBehavior [ RunTime:0.000000s ]
INFO: [ template_filter ] --END-- [ RunTime:0.000000s ]
NOTIC: [8] Undefined variable: index_active G:\github\gaozi\Application\Runtime\Cache\Home\52160acf02b94d3c6daf1b9d1b963035.php 第 24 行.
NOTIC: [8] Undefined variable: info_active G:\github\gaozi\Application\Runtime\Cache\Home\52160acf02b94d3c6daf1b9d1b963035.php 第 25 行.
NOTIC: [8] Undefined variable: news_active G:\github\gaozi\Application\Runtime\Cache\Home\52160acf02b94d3c6daf1b9d1b963035.php 第 26 行.
NOTIC: [8] Undefined variable: member_active G:\github\gaozi\Application\Runtime\Cache\Home\52160acf02b94d3c6daf1b9d1b963035.php 第 27 行.
NOTIC: [8] Undefined variable: paper_active G:\github\gaozi\Application\Runtime\Cache\Home\52160acf02b94d3c6daf1b9d1b963035.php 第 28 行.
NOTIC: [8] Undefined variable: projects_active G:\github\gaozi\Application\Runtime\Cache\Home\52160acf02b94d3c6daf1b9d1b963035.php 第 29 行.
NOTIC: [8] Undefined variable: link_active G:\github\gaozi\Application\Runtime\Cache\Home\52160acf02b94d3c6daf1b9d1b963035.php 第 31 行.
NOTIC: [8] Undefined variable: contact_active G:\github\gaozi\Application\Runtime\Cache\Home\52160acf02b94d3c6daf1b9d1b963035.php 第 32 行.
INFO: Run Behavior\ParseTemplateBehavior [ RunTime:0.007000s ]
INFO: [ view_parse ] --END-- [ RunTime:0.007000s ]
INFO: [ view_filter ] --START--
INFO: Run Behavior\WriteHtmlCacheBehavior [ RunTime:0.001000s ]
INFO: [ view_filter ] --END-- [ RunTime:0.001000s ]
INFO: [ app_end ] --START--
INFO: Run Behavior\ShowPageTraceBehavior [ RunTime:0.000000s ]
INFO: [ app_end ] --END-- [ RunTime:0.000000s ]

[ 2014-11-19T22:24:15+08:00 ] 127.0.0.1 /home/index/result
INFO: [ app_init ] --START--
INFO: Run Behavior\BuildLiteBehavior [ RunTime:0.000000s ]
INFO: [ app_init ] --END-- [ RunTime:0.000000s ]
INFO: [ app_begin ] --START--
INFO: Run Behavior\ReadHtmlCacheBehavior [ RunTime:0.001000s ]
INFO: [ app_begin ] --END-- [ RunTime:0.001000s ]
SQL: SHOW COLUMNS FROM `db_result` [ RunTime:0.003000s ]
SQL: SELECT * FROM `db_result` ORDER BY id desc  [ RunTime:0.000000s ]
INFO: [ view_parse ] --START--
INFO: [ template_filter ] --START--
INFO: Run Behavior\ContentReplaceBehavior [ RunTime:0.001000s ]
INFO: [ template_filter ] --END-- [ RunTime:0.001000s ]
NOTIC: [8] Undefined variable: index_active G:\github\gaozi\Application\Runtime\Cache\Home\52160acf02b94d3c6daf1b9d1b963035.php 第 24 行.
NOTIC: [8] Undefined variable: info_active G:\github\gaozi\Application\Runtime\Cache\Home\52160acf02b94d3c6daf1b9d1b963035.php 第 25 行.
NOTIC: [8] Undefined variable: news_active G:\github\gaozi\Application\Runtime\Cache\Home\52160acf02b94d3c6daf1b9d1b963035.php 第 26 行.
NOTIC: [8] Undefined variable: member_active G:\github\gaozi\Application\Runtime\Cache\Home\52160acf02b94d3c6daf1b9d1b963035.php 第 27 行.
NOTIC: [8] Undefined variable: paper_active G:\github\gaozi\Application\Runtime\Cache\Home\52160acf02b94d3c6daf1b9d1b963035.php 第 28 行.
NOTIC: [8] Undefined variable: projects_active G:\github\gaozi\Application\Runtime\Cache\Home\52160acf02b94d3c6daf1b9d1b963035.php 第 29 行.
NOTIC: [8] Undefined variable: link_active G:\github\gaozi\Application\Runtime\Cache\Home\52160acf02b94d3c6daf1b9d1b963035.php 第 31 行.
NOTIC: [8] Undefined variable: contact_active G:\github\gaozi\Application\Runtime\Cache\Home\52160acf02b94d3c6daf1b9d1b963035.php 第 32 行.
INFO: Run Behavior\ParseTemplateBehavior [ RunTime:0.008001s ]
INFO: [ view_parse ] --END-- [ RunTime:0.008001s ]
INFO: [ view_filter ] --START--
INFO: Run Behavior\WriteHtmlCacheBehavior [ RunTime:0.000000s ]
INFO: [ view_filter ] --END-- [ RunTime:0.000000s ]
INFO: [ app_end ] --START--
INFO: Run Behavior\ShowPageTraceBehavior [ RunTime:0.001000s ]
INFO: [ app_end ] --END-- [ RunTime:0.001000s ]

[ 2014-11-19T22:24:16+08:00 ] 127.0.0.1 /home/news/result_info?rid=1
INFO: [ app_init ] --START--
INFO: Run Behavior\BuildLiteBehavior [ RunTime:0.000000s ]
INFO: [ app_init ] --END-- [ RunTime:0.000000s ]
INFO: [ app_begin ] --START--
INFO: Run Behavior\ReadHtmlCacheBehavior [ RunTime:0.001000s ]
INFO: [ app_begin ] --END-- [ RunTime:0.001000s ]
ERR: 非法操作:result_info

[ 2014-11-19T22:24:51+08:00 ] 127.0.0.1 /home/index/result
INFO: [ app_init ] --START--
INFO: Run Behavior\BuildLiteBehavior [ RunTime:0.000000s ]
INFO: [ app_init ] --END-- [ RunTime:0.000000s ]
INFO: [ app_begin ] --START--
INFO: Run Behavior\ReadHtmlCacheBehavior [ RunTime:0.001000s ]
INFO: [ app_begin ] --END-- [ RunTime:0.001000s ]
SQL: SHOW COLUMNS FROM `db_result` [ RunTime:0.003000s ]
SQL: SELECT * FROM `db_result` ORDER BY id desc  [ RunTime:0.000000s ]
INFO: [ view_parse ] --START--
INFO: [ template_filter ] --START--
INFO: Run Behavior\ContentReplaceBehavior [ RunTime:0.000000s ]
INFO: [ template_filter ] --END-- [ RunTime:0.000000s ]
NOTIC: [8] Undefined variable: index_active G:\github\gaozi\Application\Runtime\Cache\Home\52160acf02b94d3c6daf1b9d1b963035.php 第 24 行.
NOTIC: [8] Undefined variable: info_active G:\github\gaozi\Application\Runtime\Cache\Home\52160acf02b94d3c6daf1b9d1b963035.php 第 25 行.
NOTIC: [8] Undefined variable: news_active G:\github\gaozi\Application\Runtime\Cache\Home\52160acf02b94d3c6daf1b9d1b963035.php 第 26 行.
NOTIC: [8] Undefined variable: member_active G:\github\gaozi\Application\Runtime\Cache\Home\52160acf02b94d3c6daf1b9d1b963035.php 第 27 行.
NOTIC: [8] Undefined variable: paper_active G:\github\gaozi\Application\Runtime\Cache\Home\52160acf02b94d3c6daf1b9d1b963035.php 第 28 行.
NOTIC: [8] Undefined variable: projects_active G:\github\gaozi\Application\Runtime\Cache\Home\52160acf02b94d3c6daf1b9d1b963035.php 第 29 行.
NOTIC: [8] Undefined variable: link_active G:\github\gaozi\Application\Runtime\Cache\Home\52160acf02b94d3c6daf1b9d1b963035.php 第 31 行.
NOTIC: [8] Undefined variable: contact_active G:\github\gaozi\Application\Runtime\Cache\Home\52160acf02b94d3c6daf1b9d1b963035.php 第 32 行.
INFO: Run Behavior\ParseTemplateBehavior [ RunTime:0.008001s ]
INFO: [ view_parse ] --END-- [ RunTime:0.008001s ]
INFO: [ view_filter ] --START--
INFO: Run Behavior\WriteHtmlCacheBehavior [ RunTime:0.001000s ]
INFO: [ view_filter ] --END-- [ RunTime:0.001000s ]
INFO: [ app_end ] --START--
INFO: Run Behavior\ShowPageTraceBehavior [ RunTime:0.000000s ]
INFO: [ app_end ] --END-- [ RunTime:0.000000s ]

[ 2014-11-19T22:24:52+08:00 ] 127.0.0.1 /home/result/result_info?rid=1
INFO: [ app_init ] --START--
INFO: Run Behavior\BuildLiteBehavior [ RunTime:0.000000s ]
INFO: [ app_init ] --END-- [ RunTime:0.000000s ]
INFO: [ app_begin ] --START--
INFO: Run Behavior\ReadHtmlCacheBehavior [ RunTime:0.001000s ]
INFO: [ app_begin ] --END-- [ RunTime:0.001000s ]
ERR: 无法加载控制器:Result

[ 2014-11-19T22:27:45+08:00 ] 127.0.0.1 /home/result/result_info?rid=1
INFO: [ app_init ] --START--
INFO: Run Behavior\BuildLiteBehavior [ RunTime:0.000000s ]
INFO: [ app_init ] --END-- [ RunTime:0.000000s ]
INFO: [ app_begin ] --START--
INFO: Run Behavior\ReadHtmlCacheBehavior [ RunTime:0.001001s ]
INFO: [ app_begin ] --END-- [ RunTime:0.001001s ]
INFO: [ view_parse ] --START--
INFO: [ template_filter ] --START--
INFO: Run Behavior\ContentReplaceBehavior [ RunTime:0.000000s ]
INFO: [ template_filter ] --END-- [ RunTime:0.000000s ]
NOTIC: [8] Undefined variable: title G:\github\gaozi\Application\Runtime\Cache\Home\3c7da5e707e39cf515ed6034c4367426.php 第 5 行.
NOTIC: [8] Undefined variable: index_active G:\github\gaozi\Application\Runtime\Cache\Home\3c7da5e707e39cf515ed6034c4367426.php 第 24 行.
NOTIC: [8] Undefined variable: info_active G:\github\gaozi\Application\Runtime\Cache\Home\3c7da5e707e39cf515ed6034c4367426.php 第 25 行.
NOTIC: [8] Undefined variable: news_active G:\github\gaozi\Application\Runtime\Cache\Home\3c7da5e707e39cf515ed6034c4367426.php 第 26 行.
NOTIC: [8] Undefined variable: member_active G:\github\gaozi\Application\Runtime\Cache\Home\3c7da5e707e39cf515ed6034c4367426.php 第 27 行.
NOTIC: [8] Undefined variable: paper_active G:\github\gaozi\Application\Runtime\Cache\Home\3c7da5e707e39cf515ed6034c4367426.php 第 28 行.
NOTIC: [8] Undefined variable: projects_active G:\github\gaozi\Application\Runtime\Cache\Home\3c7da5e707e39cf515ed6034c4367426.php 第 29 行.
NOTIC: [8] Undefined variable: result_active G:\github\gaozi\Application\Runtime\Cache\Home\3c7da5e707e39cf515ed6034c4367426.php 第 30 行.
NOTIC: [8] Undefined variable: link_active G:\github\gaozi\Application\Runtime\Cache\Home\3c7da5e707e39cf515ed6034c4367426.php 第 31 行.
NOTIC: [8] Undefined variable: contact_active G:\github\gaozi\Application\Runtime\Cache\Home\3c7da5e707e39cf515ed6034c4367426.php 第 32 行.
NOTIC: [8] Undefined variable: title G:\github\gaozi\Application\Runtime\Cache\Home\3c7da5e707e39cf515ed6034c4367426.php 第 39 行.
NOTIC: [8] Undefined variable: info G:\github\gaozi\Application\Runtime\Cache\Home\3c7da5e707e39cf515ed6034c4367426.php 第 42 行.
NOTIC: [8] Undefined variable: info G:\github\gaozi\Application\Runtime\Cache\Home\3c7da5e707e39cf515ed6034c4367426.php 第 45 行.
INFO: Run Behavior\ParseTemplateBehavior [ RunTime:0.029001s ]
INFO: [ view_parse ] --END-- [ RunTime:0.029001s ]
INFO: [ view_filter ] --START--
INFO: Run Behavior\WriteHtmlCacheBehavior [ RunTime:0.001000s ]
INFO: [ view_filter ] --END-- [ RunTime:0.001000s ]
INFO: [ app_end ] --START--
INFO: Run Behavior\ShowPageTraceBehavior [ RunTime:0.001000s ]
INFO: [ app_end ] --END-- [ RunTime:0.001000s ]

[ 2014-11-19T22:27:55+08:00 ] 127.0.0.1 /home/result/result_info?rid=1
INFO: [ app_init ] --START--
INFO: Run Behavior\BuildLiteBehavior [ RunTime:0.000000s ]
INFO: [ app_init ] --END-- [ RunTime:0.000000s ]
INFO: [ app_begin ] --START--
INFO: Run Behavior\ReadHtmlCacheBehavior [ RunTime:0.001000s ]
INFO: [ app_begin ] --END-- [ RunTime:0.001000s ]
INFO: [ view_parse ] --START--
INFO: [ template_filter ] --START--
INFO: Run Behavior\ContentReplaceBehavior [ RunTime:0.000000s ]
INFO: [ template_filter ] --END-- [ RunTime:0.000000s ]
NOTIC: [8] Undefined variable: title G:\github\gaozi\Application\Runtime\Cache\Home\3c7da5e707e39cf515ed6034c4367426.php 第 5 行.
NOTIC: [8] Undefined variable: index_active G:\github\gaozi\Application\Runtime\Cache\Home\3c7da5e707e39cf515ed6034c4367426.php 第 24 行.
NOTIC: [8] Undefined variable: info_active G:\github\gaozi\Application\Runtime\Cache\Home\3c7da5e707e39cf515ed6034c4367426.php 第 25 行.
NOTIC: [8] Undefined variable: news_active G:\github\gaozi\Application\Runtime\Cache\Home\3c7da5e707e39cf515ed6034c4367426.php 第 26 行.
NOTIC: [8] Undefined variable: member_active G:\github\gaozi\Application\Runtime\Cache\Home\3c7da5e707e39cf515ed6034c4367426.php 第 27 行.
NOTIC: [8] Undefined variable: paper_active G:\github\gaozi\Application\Runtime\Cache\Home\3c7da5e707e39cf515ed6034c4367426.php 第 28 行.
NOTIC: [8] Undefined variable: projects_active G:\github\gaozi\Application\Runtime\Cache\Home\3c7da5e707e39cf515ed6034c4367426.php 第 29 行.
NOTIC: [8] Undefined variable: result_active G:\github\gaozi\Application\Runtime\Cache\Home\3c7da5e707e39cf515ed6034c4367426.php 第 30 行.
NOTIC: [8] Undefined variable: link_active G:\github\gaozi\Application\Runtime\Cache\Home\3c7da5e707e39cf515ed6034c4367426.php 第 31 行.
NOTIC: [8] Undefined variable: contact_active G:\github\gaozi\Application\Runtime\Cache\Home\3c7da5e707e39cf515ed6034c4367426.php 第 32 行.
NOTIC: [8] Undefined variable: title G:\github\gaozi\Application\Runtime\Cache\Home\3c7da5e707e39cf515ed6034c4367426.php 第 39 行.
NOTIC: [8] Undefined variable: info G:\github\gaozi\Application\Runtime\Cache\Home\3c7da5e707e39cf515ed6034c4367426.php 第 42 行.
NOTIC: [8] Undefined variable: info G:\github\gaozi\Application\Runtime\Cache\Home\3c7da5e707e39cf515ed6034c4367426.php 第 45 行.
INFO: Run Behavior\ParseTemplateBehavior [ RunTime:0.007000s ]
INFO: [ view_parse ] --END-- [ RunTime:0.007000s ]
INFO: [ view_filter ] --START--
INFO: Run Behavior\WriteHtmlCacheBehavior [ RunTime:0.001000s ]
INFO: [ view_filter ] --END-- [ RunTime:0.001000s ]
INFO: [ app_end ] --START--
INFO: Run Behavior\ShowPageTraceBehavior [ RunTime:0.000000s ]
INFO: [ app_end ] --END-- [ RunTime:0.000000s ]

[ 2014-11-19T22:27:56+08:00 ] 127.0.0.1 /home/result/result_info?rid=1
INFO: [ app_init ] --START--
INFO: Run Behavior\BuildLiteBehavior [ RunTime:0.000000s ]
INFO: [ app_init ] --END-- [ RunTime:0.000000s ]
INFO: [ app_begin ] --START--
INFO: Run Behavior\ReadHtmlCacheBehavior [ RunTime:0.001000s ]
INFO: [ app_begin ] --END-- [ RunTime:0.001000s ]
INFO: [ view_parse ] --START--
INFO: [ template_filter ] --START--
INFO: Run Behavior\ContentReplaceBehavior [ RunTime:0.000000s ]
INFO: [ template_filter ] --END-- [ RunTime:0.000000s ]
NOTIC: [8] Undefined variable: title G:\github\gaozi\Application\Runtime\Cache\Home\3c7da5e707e39cf515ed6034c4367426.php 第 5 行.
NOTIC: [8] Undefined variable: index_active G:\github\gaozi\Application\Runtime\Cache\Home\3c7da5e707e39cf515ed6034c4367426.php 第 24 行.
NOTIC: [8] Undefined variable: info_active G:\github\gaozi\Application\Runtime\Cache\Home\3c7da5e707e39cf515ed6034c4367426.php 第 25 行.
NOTIC: [8] Undefined variable: news_active G:\github\gaozi\Application\Runtime\Cache\Home\3c7da5e707e39cf515ed6034c4367426.php 第 26 行.
NOTIC: [8] Undefined variable: member_active G:\github\gaozi\Application\Runtime\Cache\Home\3c7da5e707e39cf515ed6034c4367426.php 第 27 行.
NOTIC: [8] Undefined variable: paper_active G:\github\gaozi\Application\Runtime\Cache\Home\3c7da5e707e39cf515ed6034c4367426.php 第 28 行.
NOTIC: [8] Undefined variable: projects_active G:\github\gaozi\Application\Runtime\Cache\Home\3c7da5e707e39cf515ed6034c4367426.php 第 29 行.
NOTIC: [8] Undefined variable: result_active G:\github\gaozi\Application\Runtime\Cache\Home\3c7da5e707e39cf515ed6034c4367426.php 第 30 行.
NOTIC: [8] Undefined variable: link_active G:\github\gaozi\Application\Runtime\Cache\Home\3c7da5e707e39cf515ed6034c4367426.php 第 31 行.
NOTIC: [8] Undefined variable: contact_active G:\github\gaozi\Application\Runtime\Cache\Home\3c7da5e707e39cf515ed6034c4367426.php 第 32 行.
NOTIC: [8] Undefined variable: title G:\github\gaozi\Application\Runtime\Cache\Home\3c7da5e707e39cf515ed6034c4367426.php 第 39 行.
NOTIC: [8] Undefined variable: info G:\github\gaozi\Application\Runtime\Cache\Home\3c7da5e707e39cf515ed6034c4367426.php 第 42 行.
NOTIC: [8] Undefined variable: info G:\github\gaozi\Application\Runtime\Cache\Home\3c7da5e707e39cf515ed6034c4367426.php 第 45 行.
INFO: Run Behavior\ParseTemplateBehavior [ RunTime:0.008000s ]
INFO: [ view_parse ] --END-- [ RunTime:0.008000s ]
INFO: [ view_filter ] --START--
INFO: Run Behavior\WriteHtmlCacheBehavior [ RunTime:0.001000s ]
INFO: [ view_filter ] --END-- [ RunTime:0.001000s ]
INFO: [ app_end ] --START--
INFO: Run Behavior\ShowPageTraceBehavior [ RunTime:0.001000s ]
INFO: [ app_end ] --END-- [ RunTime:0.001000s ]

[ 2014-11-19T22:27:56+08:00 ] 127.0.0.1 /home/result/result_info?rid=1
INFO: [ app_init ] --START--
INFO: Run Behavior\BuildLiteBehavior [ RunTime:0.000000s ]
INFO: [ app_init ] --END-- [ RunTime:0.000000s ]
INFO: [ app_begin ] --START--
INFO: Run Behavior\ReadHtmlCacheBehavior [ RunTime:0.001000s ]
INFO: [ app_begin ] --END-- [ RunTime:0.001000s ]
INFO: [ view_parse ] --START--
INFO: [ template_filter ] --START--
INFO: Run Behavior\ContentReplaceBehavior [ RunTime:0.000000s ]
INFO: [ template_filter ] --END-- [ RunTime:0.000000s ]
NOTIC: [8] Undefined variable: title G:\github\gaozi\Application\Runtime\Cache\Home\3c7da5e707e39cf515ed6034c4367426.php 第 5 行.
NOTIC: [8] Undefined variable: index_active G:\github\gaozi\Application\Runtime\Cache\Home\3c7da5e707e39cf515ed6034c4367426.php 第 24 行.
NOTIC: [8] Undefined variable: info_active G:\github\gaozi\Application\Runtime\Cache\Home\3c7da5e707e39cf515ed6034c4367426.php 第 25 行.
NOTIC: [8] Undefined variable: news_active G:\github\gaozi\Application\Runtime\Cache\Home\3c7da5e707e39cf515ed6034c4367426.php 第 26 行.
NOTIC: [8] Undefined variable: member_active G:\github\gaozi\Application\Runtime\Cache\Home\3c7da5e707e39cf515ed6034c4367426.php 第 27 行.
NOTIC: [8] Undefined variable: paper_active G:\github\gaozi\Application\Runtime\Cache\Home\3c7da5e707e39cf515ed6034c4367426.php 第 28 行.
NOTIC: [8] Undefined variable: projects_active G:\github\gaozi\Application\Runtime\Cache\Home\3c7da5e707e39cf515ed6034c4367426.php 第 29 行.
NOTIC: [8] Undefined variable: result_active G:\github\gaozi\Application\Runtime\Cache\Home\3c7da5e707e39cf515ed6034c4367426.php 第 30 行.
NOTIC: [8] Undefined variable: link_active G:\github\gaozi\Application\Runtime\Cache\Home\3c7da5e707e39cf515ed6034c4367426.php 第 31 行.
NOTIC: [8] Undefined variable: contact_active G:\github\gaozi\Application\Runtime\Cache\Home\3c7da5e707e39cf515ed6034c4367426.php 第 32 行.
NOTIC: [8] Undefined variable: title G:\github\gaozi\Application\Runtime\Cache\Home\3c7da5e707e39cf515ed6034c4367426.php 第 39 行.
NOTIC: [8] Undefined variable: info G:\github\gaozi\Application\Runtime\Cache\Home\3c7da5e707e39cf515ed6034c4367426.php 第 42 行.
NOTIC: [8] Undefined variable: info G:\github\gaozi\Application\Runtime\Cache\Home\3c7da5e707e39cf515ed6034c4367426.php 第 45 行.
INFO: Run Behavior\ParseTemplateBehavior [ RunTime:0.009001s ]
INFO: [ view_parse ] --END-- [ RunTime:0.009001s ]
INFO: [ view_filter ] --START--
INFO: Run Behavior\WriteHtmlCacheBehavior [ RunTime:0.000000s ]
INFO: [ view_filter ] --END-- [ RunTime:0.000000s ]
INFO: [ app_end ] --START--
INFO: Run Behavior\ShowPageTraceBehavior [ RunTime:0.001000s ]
INFO: [ app_end ] --END-- [ RunTime:0.001000s ]

[ 2014-11-19T22:27:57+08:00 ] 127.0.0.1 /home/result/result_info?rid=1
INFO: [ app_init ] --START--
INFO: Run Behavior\BuildLiteBehavior [ RunTime:0.000000s ]
INFO: [ app_init ] --END-- [ RunTime:0.001000s ]
INFO: [ app_begin ] --START--
INFO: Run Behavior\ReadHtmlCacheBehavior [ RunTime:0.001000s ]
INFO: [ app_begin ] --END-- [ RunTime:0.001000s ]
INFO: [ view_parse ] --START--
INFO: [ template_filter ] --START--
INFO: Run Behavior\ContentReplaceBehavior [ RunTime:0.000000s ]
INFO: [ template_filter ] --END-- [ RunTime:0.001000s ]
NOTIC: [8] Undefined variable: title G:\github\gaozi\Application\Runtime\Cache\Home\3c7da5e707e39cf515ed6034c4367426.php 第 5 行.
NOTIC: [8] Undefined variable: index_active G:\github\gaozi\Application\Runtime\Cache\Home\3c7da5e707e39cf515ed6034c4367426.php 第 24 行.
NOTIC: [8] Undefined variable: info_active G:\github\gaozi\Application\Runtime\Cache\Home\3c7da5e707e39cf515ed6034c4367426.php 第 25 行.
NOTIC: [8] Undefined variable: news_active G:\github\gaozi\Application\Runtime\Cache\Home\3c7da5e707e39cf515ed6034c4367426.php 第 26 行.
NOTIC: [8] Undefined variable: member_active G:\github\gaozi\Application\Runtime\Cache\Home\3c7da5e707e39cf515ed6034c4367426.php 第 27 行.
NOTIC: [8] Undefined variable: paper_active G:\github\gaozi\Application\Runtime\Cache\Home\3c7da5e707e39cf515ed6034c4367426.php 第 28 行.
NOTIC: [8] Undefined variable: projects_active G:\github\gaozi\Application\Runtime\Cache\Home\3c7da5e707e39cf515ed6034c4367426.php 第 29 行.
NOTIC: [8] Undefined variable: result_active G:\github\gaozi\Application\Runtime\Cache\Home\3c7da5e707e39cf515ed6034c4367426.php 第 30 行.
NOTIC: [8] Undefined variable: link_active G:\github\gaozi\Application\Runtime\Cache\Home\3c7da5e707e39cf515ed6034c4367426.php 第 31 行.
NOTIC: [8] Undefined variable: contact_active G:\github\gaozi\Application\Runtime\Cache\Home\3c7da5e707e39cf515ed6034c4367426.php 第 32 行.
NOTIC: [8] Undefined variable: title G:\github\gaozi\Application\Runtime\Cache\Home\3c7da5e707e39cf515ed6034c4367426.php 第 39 行.
NOTIC: [8] Undefined variable: info G:\github\gaozi\Application\Runtime\Cache\Home\3c7da5e707e39cf515ed6034c4367426.php 第 42 行.
NOTIC: [8] Undefined variable: info G:\github\gaozi\Application\Runtime\Cache\Home\3c7da5e707e39cf515ed6034c4367426.php 第 45 行.
INFO: Run Behavior\ParseTemplateBehavior [ RunTime:0.008000s ]
INFO: [ view_parse ] --END-- [ RunTime:0.008000s ]
INFO: [ view_filter ] --START--
INFO: Run Behavior\WriteHtmlCacheBehavior [ RunTime:0.000000s ]
INFO: [ view_filter ] --END-- [ RunTime:0.000000s ]
INFO: [ app_end ] --START--
INFO: Run Behavior\ShowPageTraceBehavior [ RunTime:0.001001s ]
INFO: [ app_end ] --END-- [ RunTime:0.001001s ]

[ 2014-11-19T22:28:05+08:00 ] 127.0.0.1 /home/result/result_info?rid=1
INFO: [ app_init ] --START--
INFO: Run Behavior\BuildLiteBehavior [ RunTime:0.000000s ]
INFO: [ app_init ] --END-- [ RunTime:0.001000s ]
INFO: [ app_begin ] --START--
INFO: Run Behavior\ReadHtmlCacheBehavior [ RunTime:0.000000s ]
INFO: [ app_begin ] --END-- [ RunTime:0.001000s ]
SQL: SHOW COLUMNS FROM `db_result` [ RunTime:0.003001s ]
NOTIC: [8] Undefined variable: nid G:\github\gaozi\Application\Home\Controller\ResultController.class.php 第 14 行.
SQL: SELECT * FROM `db_result` WHERE ( id =  )  [ RunTime:0.000000s ]
ERR: 1064:You have an error in your SQL syntax; check the manual that corresponds to your MySQL server version for the right syntax to use near ')' at line 1
 [ SQL语句 ] : SELECT * FROM `db_result` WHERE ( id =  ) 
INFO: [ view_parse ] --START--
INFO: [ template_filter ] --START--
INFO: Run Behavior\ContentReplaceBehavior [ RunTime:0.000000s ]
INFO: [ template_filter ] --END-- [ RunTime:0.000000s ]
NOTIC: [8] Undefined variable: index_active G:\github\gaozi\Application\Runtime\Cache\Home\3c7da5e707e39cf515ed6034c4367426.php 第 24 行.
NOTIC: [8] Undefined variable: info_active G:\github\gaozi\Application\Runtime\Cache\Home\3c7da5e707e39cf515ed6034c4367426.php 第 25 行.
NOTIC: [8] Undefined variable: news_active G:\github\gaozi\Application\Runtime\Cache\Home\3c7da5e707e39cf515ed6034c4367426.php 第 26 行.
NOTIC: [8] Undefined variable: member_active G:\github\gaozi\Application\Runtime\Cache\Home\3c7da5e707e39cf515ed6034c4367426.php 第 27 行.
NOTIC: [8] Undefined variable: paper_active G:\github\gaozi\Application\Runtime\Cache\Home\3c7da5e707e39cf515ed6034c4367426.php 第 28 行.
NOTIC: [8] Undefined variable: projects_active G:\github\gaozi\Application\Runtime\Cache\Home\3c7da5e707e39cf515ed6034c4367426.php 第 29 行.
NOTIC: [8] Undefined variable: result_active G:\github\gaozi\Application\Runtime\Cache\Home\3c7da5e707e39cf515ed6034c4367426.php 第 30 行.
NOTIC: [8] Undefined variable: link_active G:\github\gaozi\Application\Runtime\Cache\Home\3c7da5e707e39cf515ed6034c4367426.php 第 31 行.
NOTIC: [8] Undefined variable: contact_active G:\github\gaozi\Application\Runtime\Cache\Home\3c7da5e707e39cf515ed6034c4367426.php 第 32 行.
INFO: Run Behavior\ParseTemplateBehavior [ RunTime:0.008000s ]
INFO: [ view_parse ] --END-- [ RunTime:0.008000s ]
INFO: [ view_filter ] --START--
INFO: Run Behavior\WriteHtmlCacheBehavior [ RunTime:0.001000s ]
INFO: [ view_filter ] --END-- [ RunTime:0.001000s ]
INFO: [ app_end ] --START--
INFO: Run Behavior\ShowPageTraceBehavior [ RunTime:0.000000s ]
INFO: [ app_end ] --END-- [ RunTime:0.000000s ]

[ 2014-11-19T22:28:16+08:00 ] 127.0.0.1 /home/result/result_info?rid=1
INFO: [ app_init ] --START--
INFO: Run Behavior\BuildLiteBehavior [ RunTime:0.000000s ]
INFO: [ app_init ] --END-- [ RunTime:0.001000s ]
INFO: [ app_begin ] --START--
INFO: Run Behavior\ReadHtmlCacheBehavior [ RunTime:0.001000s ]
INFO: [ app_begin ] --END-- [ RunTime:0.002000s ]
SQL: SHOW COLUMNS FROM `db_result` [ RunTime:0.003000s ]
SQL: SELECT * FROM `db_result` WHERE ( id = 1 )  [ RunTime:0.000000s ]
INFO: [ view_parse ] --START--
INFO: [ template_filter ] --START--
INFO: Run Behavior\ContentReplaceBehavior [ RunTime:0.000000s ]
INFO: [ template_filter ] --END-- [ RunTime:0.000000s ]
NOTIC: [8] Undefined variable: index_active G:\github\gaozi\Application\Runtime\Cache\Home\3c7da5e707e39cf515ed6034c4367426.php 第 24 行.
NOTIC: [8] Undefined variable: info_active G:\github\gaozi\Application\Runtime\Cache\Home\3c7da5e707e39cf515ed6034c4367426.php 第 25 行.
NOTIC: [8] Undefined variable: news_active G:\github\gaozi\Application\Runtime\Cache\Home\3c7da5e707e39cf515ed6034c4367426.php 第 26 行.
NOTIC: [8] Undefined variable: member_active G:\github\gaozi\Application\Runtime\Cache\Home\3c7da5e707e39cf515ed6034c4367426.php 第 27 行.
NOTIC: [8] Undefined variable: paper_active G:\github\gaozi\Application\Runtime\Cache\Home\3c7da5e707e39cf515ed6034c4367426.php 第 28 行.
NOTIC: [8] Undefined variable: projects_active G:\github\gaozi\Application\Runtime\Cache\Home\3c7da5e707e39cf515ed6034c4367426.php 第 29 行.
NOTIC: [8] Undefined variable: result_active G:\github\gaozi\Application\Runtime\Cache\Home\3c7da5e707e39cf515ed6034c4367426.php 第 30 行.
NOTIC: [8] Undefined variable: link_active G:\github\gaozi\Application\Runtime\Cache\Home\3c7da5e707e39cf515ed6034c4367426.php 第 31 行.
NOTIC: [8] Undefined variable: contact_active G:\github\gaozi\Application\Runtime\Cache\Home\3c7da5e707e39cf515ed6034c4367426.php 第 32 行.
INFO: Run Behavior\ParseTemplateBehavior [ RunTime:0.008000s ]
INFO: [ view_parse ] --END-- [ RunTime:0.008000s ]
INFO: [ view_filter ] --START--
INFO: Run Behavior\WriteHtmlCacheBehavior [ RunTime:0.000000s ]
INFO: [ view_filter ] --END-- [ RunTime:0.000000s ]
INFO: [ app_end ] --START--
INFO: Run Behavior\ShowPageTraceBehavior [ RunTime:0.001000s ]
INFO: [ app_end ] --END-- [ RunTime:0.001000s ]

[ 2014-11-19T22:29:09+08:00 ] 127.0.0.1 /home/result/result_info?rid=1
INFO: [ app_init ] --START--
INFO: Run Behavior\BuildLiteBehavior [ RunTime:0.000000s ]
INFO: [ app_init ] --END-- [ RunTime:0.000000s ]
INFO: [ app_begin ] --START--
INFO: Run Behavior\ReadHtmlCacheBehavior [ RunTime:0.000000s ]
INFO: [ app_begin ] --END-- [ RunTime:0.000000s ]
SQL: SHOW COLUMNS FROM `db_result` [ RunTime:0.003000s ]
SQL: SELECT * FROM `db_result` WHERE ( id = 1 )  [ RunTime:0.001000s ]
INFO: [ view_parse ] --START--
INFO: [ template_filter ] --START--
INFO: Run Behavior\ContentReplaceBehavior [ RunTime:0.000000s ]
INFO: [ template_filter ] --END-- [ RunTime:0.000000s ]
NOTIC: [8] Undefined variable: index_active G:\github\gaozi\Application\Runtime\Cache\Home\3c7da5e707e39cf515ed6034c4367426.php 第 24 行.
NOTIC: [8] Undefined variable: info_active G:\github\gaozi\Application\Runtime\Cache\Home\3c7da5e707e39cf515ed6034c4367426.php 第 25 行.
NOTIC: [8] Undefined variable: news_active G:\github\gaozi\Application\Runtime\Cache\Home\3c7da5e707e39cf515ed6034c4367426.php 第 26 行.
NOTIC: [8] Undefined variable: member_active G:\github\gaozi\Application\Runtime\Cache\Home\3c7da5e707e39cf515ed6034c4367426.php 第 27 行.
NOTIC: [8] Undefined variable: paper_active G:\github\gaozi\Application\Runtime\Cache\Home\3c7da5e707e39cf515ed6034c4367426.php 第 28 行.
NOTIC: [8] Undefined variable: projects_active G:\github\gaozi\Application\Runtime\Cache\Home\3c7da5e707e39cf515ed6034c4367426.php 第 29 行.
NOTIC: [8] Undefined variable: result_active G:\github\gaozi\Application\Runtime\Cache\Home\3c7da5e707e39cf515ed6034c4367426.php 第 30 行.
NOTIC: [8] Undefined variable: link_active G:\github\gaozi\Application\Runtime\Cache\Home\3c7da5e707e39cf515ed6034c4367426.php 第 31 行.
NOTIC: [8] Undefined variable: contact_active G:\github\gaozi\Application\Runtime\Cache\Home\3c7da5e707e39cf515ed6034c4367426.php 第 32 行.
INFO: Run Behavior\ParseTemplateBehavior [ RunTime:0.007001s ]
INFO: [ view_parse ] --END-- [ RunTime:0.007001s ]
INFO: [ view_filter ] --START--
INFO: Run Behavior\WriteHtmlCacheBehavior [ RunTime:0.000000s ]
INFO: [ view_filter ] --END-- [ RunTime:0.000000s ]
INFO: [ app_end ] --START--
INFO: Run Behavior\ShowPageTraceBehavior [ RunTime:0.001000s ]
INFO: [ app_end ] --END-- [ RunTime:0.001000s ]

[ 2014-11-19T22:29:59+08:00 ] 127.0.0.1 /home/result/result_info?rid=1
INFO: [ app_init ] --START--
INFO: Run Behavior\BuildLiteBehavior [ RunTime:0.000000s ]
INFO: [ app_init ] --END-- [ RunTime:0.001000s ]
INFO: [ app_begin ] --START--
INFO: Run Behavior\ReadHtmlCacheBehavior [ RunTime:0.001000s ]
INFO: [ app_begin ] --END-- [ RunTime:0.001000s ]
SQL: SHOW COLUMNS FROM `db_result` [ RunTime:0.005000s ]
SQL: SELECT * FROM `db_result` WHERE ( id = 1 )  [ RunTime:0.001000s ]
INFO: [ view_parse ] --START--
INFO: [ template_filter ] --START--
INFO: Run Behavior\ContentReplaceBehavior [ RunTime:0.000000s ]
INFO: [ template_filter ] --END-- [ RunTime:0.000000s ]
NOTIC: [8] Undefined variable: index_active G:\github\gaozi\Application\Runtime\Cache\Home\3c7da5e707e39cf515ed6034c4367426.php 第 24 行.
NOTIC: [8] Undefined variable: info_active G:\github\gaozi\Application\Runtime\Cache\Home\3c7da5e707e39cf515ed6034c4367426.php 第 25 行.
NOTIC: [8] Undefined variable: news_active G:\github\gaozi\Application\Runtime\Cache\Home\3c7da5e707e39cf515ed6034c4367426.php 第 26 行.
NOTIC: [8] Undefined variable: member_active G:\github\gaozi\Application\Runtime\Cache\Home\3c7da5e707e39cf515ed6034c4367426.php 第 27 行.
NOTIC: [8] Undefined variable: paper_active G:\github\gaozi\Application\Runtime\Cache\Home\3c7da5e707e39cf515ed6034c4367426.php 第 28 行.
NOTIC: [8] Undefined variable: projects_active G:\github\gaozi\Application\Runtime\Cache\Home\3c7da5e707e39cf515ed6034c4367426.php 第 29 行.
NOTIC: [8] Undefined variable: result_active G:\github\gaozi\Application\Runtime\Cache\Home\3c7da5e707e39cf515ed6034c4367426.php 第 30 行.
NOTIC: [8] Undefined variable: link_active G:\github\gaozi\Application\Runtime\Cache\Home\3c7da5e707e39cf515ed6034c4367426.php 第 31 行.
NOTIC: [8] Undefined variable: contact_active G:\github\gaozi\Application\Runtime\Cache\Home\3c7da5e707e39cf515ed6034c4367426.php 第 32 行.
INFO: Run Behavior\ParseTemplateBehavior [ RunTime:0.009001s ]
INFO: [ view_parse ] --END-- [ RunTime:0.009001s ]
INFO: [ view_filter ] --START--
INFO: Run Behavior\WriteHtmlCacheBehavior [ RunTime:0.001000s ]
INFO: [ view_filter ] --END-- [ RunTime:0.001000s ]
INFO: [ app_end ] --START--
INFO: Run Behavior\ShowPageTraceBehavior [ RunTime:0.000000s ]
INFO: [ app_end ] --END-- [ RunTime:0.000000s ]

[ 2014-11-19T22:30:05+08:00 ] 127.0.0.1 /home/index/result
INFO: [ app_init ] --START--
INFO: Run Behavior\BuildLiteBehavior [ RunTime:0.000000s ]
INFO: [ app_init ] --END-- [ RunTime:0.000000s ]
INFO: [ app_begin ] --START--
INFO: Run Behavior\ReadHtmlCacheBehavior [ RunTime:0.001000s ]
INFO: [ app_begin ] --END-- [ RunTime:0.001000s ]
SQL: SHOW COLUMNS FROM `db_result` [ RunTime:0.003000s ]
SQL: SELECT * FROM `db_result` ORDER BY id desc  [ RunTime:0.001000s ]
INFO: [ view_parse ] --START--
INFO: [ template_filter ] --START--
INFO: Run Behavior\ContentReplaceBehavior [ RunTime:0.000000s ]
INFO: [ template_filter ] --END-- [ RunTime:0.000000s ]
NOTIC: [8] Undefined variable: index_active G:\github\gaozi\Application\Runtime\Cache\Home\52160acf02b94d3c6daf1b9d1b963035.php 第 24 行.
NOTIC: [8] Undefined variable: info_active G:\github\gaozi\Application\Runtime\Cache\Home\52160acf02b94d3c6daf1b9d1b963035.php 第 25 行.
NOTIC: [8] Undefined variable: news_active G:\github\gaozi\Application\Runtime\Cache\Home\52160acf02b94d3c6daf1b9d1b963035.php 第 26 行.
NOTIC: [8] Undefined variable: member_active G:\github\gaozi\Application\Runtime\Cache\Home\52160acf02b94d3c6daf1b9d1b963035.php 第 27 行.
NOTIC: [8] Undefined variable: paper_active G:\github\gaozi\Application\Runtime\Cache\Home\52160acf02b94d3c6daf1b9d1b963035.php 第 28 行.
NOTIC: [8] Undefined variable: projects_active G:\github\gaozi\Application\Runtime\Cache\Home\52160acf02b94d3c6daf1b9d1b963035.php 第 29 行.
NOTIC: [8] Undefined variable: link_active G:\github\gaozi\Application\Runtime\Cache\Home\52160acf02b94d3c6daf1b9d1b963035.php 第 31 行.
NOTIC: [8] Undefined variable: contact_active G:\github\gaozi\Application\Runtime\Cache\Home\52160acf02b94d3c6daf1b9d1b963035.php 第 32 行.
INFO: Run Behavior\ParseTemplateBehavior [ RunTime:0.008001s ]
INFO: [ view_parse ] --END-- [ RunTime:0.008001s ]
INFO: [ view_filter ] --START--
INFO: Run Behavior\WriteHtmlCacheBehavior [ RunTime:0.000000s ]
INFO: [ view_filter ] --END-- [ RunTime:0.000000s ]
INFO: [ app_end ] --START--
INFO: Run Behavior\ShowPageTraceBehavior [ RunTime:0.001000s ]
INFO: [ app_end ] --END-- [ RunTime:0.001000s ]

[ 2014-11-19T22:30:07+08:00 ] 127.0.0.1 /home/result/result_info?rid=1
INFO: [ app_init ] --START--
INFO: Run Behavior\BuildLiteBehavior [ RunTime:0.000000s ]
INFO: [ app_init ] --END-- [ RunTime:0.000000s ]
INFO: [ app_begin ] --START--
INFO: Run Behavior\ReadHtmlCacheBehavior [ RunTime:0.000000s ]
INFO: [ app_begin ] --END-- [ RunTime:0.000000s ]
SQL: SHOW COLUMNS FROM `db_result` [ RunTime:0.002000s ]
SQL: SELECT * FROM `db_result` WHERE ( id = 1 )  [ RunTime:0.000000s ]
INFO: [ view_parse ] --START--
INFO: [ template_filter ] --START--
INFO: Run Behavior\ContentReplaceBehavior [ RunTime:0.000000s ]
INFO: [ template_filter ] --END-- [ RunTime:0.000000s ]
NOTIC: [8] Undefined variable: index_active G:\github\gaozi\Application\Runtime\Cache\Home\3c7da5e707e39cf515ed6034c4367426.php 第 24 行.
NOTIC: [8] Undefined variable: info_active G:\github\gaozi\Application\Runtime\Cache\Home\3c7da5e707e39cf515ed6034c4367426.php 第 25 行.
NOTIC: [8] Undefined variable: news_active G:\github\gaozi\Application\Runtime\Cache\Home\3c7da5e707e39cf515ed6034c4367426.php 第 26 行.
NOTIC: [8] Undefined variable: member_active G:\github\gaozi\Application\Runtime\Cache\Home\3c7da5e707e39cf515ed6034c4367426.php 第 27 行.
NOTIC: [8] Undefined variable: paper_active G:\github\gaozi\Application\Runtime\Cache\Home\3c7da5e707e39cf515ed6034c4367426.php 第 28 行.
NOTIC: [8] Undefined variable: projects_active G:\github\gaozi\Application\Runtime\Cache\Home\3c7da5e707e39cf515ed6034c4367426.php 第 29 行.
NOTIC: [8] Undefined variable: result_active G:\github\gaozi\Application\Runtime\Cache\Home\3c7da5e707e39cf515ed6034c4367426.php 第 30 行.
NOTIC: [8] Undefined variable: link_active G:\github\gaozi\Application\Runtime\Cache\Home\3c7da5e707e39cf515ed6034c4367426.php 第 31 行.
NOTIC: [8] Undefined variable: contact_active G:\github\gaozi\Application\Runtime\Cache\Home\3c7da5e707e39cf515ed6034c4367426.php 第 32 行.
INFO: Run Behavior\ParseTemplateBehavior [ RunTime:0.009000s ]
INFO: [ view_parse ] --END-- [ RunTime:0.009000s ]
INFO: [ view_filter ] --START--
INFO: Run Behavior\WriteHtmlCacheBehavior [ RunTime:0.000000s ]
INFO: [ view_filter ] --END-- [ RunTime:0.000000s ]
INFO: [ app_end ] --START--
INFO: Run Behavior\ShowPageTraceBehavior [ RunTime:0.001001s ]
INFO: [ app_end ] --END-- [ RunTime:0.001001s ]

[ 2014-11-19T22:30:08+08:00 ] 127.0.0.1 /home/index/projects
INFO: [ app_init ] --START--
INFO: Run Behavior\BuildLiteBehavior [ RunTime:0.000000s ]
INFO: [ app_init ] --END-- [ RunTime:0.001000s ]
INFO: [ app_begin ] --START--
INFO: Run Behavior\ReadHtmlCacheBehavior [ RunTime:0.001001s ]
INFO: [ app_begin ] --END-- [ RunTime:0.001001s ]
SQL: SHOW COLUMNS FROM `db_projects` [ RunTime:0.002000s ]
SQL: SELECT * FROM `db_projects` ORDER BY id desc  [ RunTime:0.001000s ]
INFO: [ view_parse ] --START--
INFO: [ template_filter ] --START--
INFO: Run Behavior\ContentReplaceBehavior [ RunTime:0.000000s ]
INFO: [ template_filter ] --END-- [ RunTime:0.000000s ]
NOTIC: [8] Undefined variable: index_active G:\github\gaozi\Application\Runtime\Cache\Home\70f18358bcf8be8f1521f277990280d6.php 第 24 行.
NOTIC: [8] Undefined variable: info_active G:\github\gaozi\Application\Runtime\Cache\Home\70f18358bcf8be8f1521f277990280d6.php 第 25 行.
NOTIC: [8] Undefined variable: news_active G:\github\gaozi\Application\Runtime\Cache\Home\70f18358bcf8be8f1521f277990280d6.php 第 26 行.
NOTIC: [8] Undefined variable: member_active G:\github\gaozi\Application\Runtime\Cache\Home\70f18358bcf8be8f1521f277990280d6.php 第 27 行.
NOTIC: [8] Undefined variable: paper_active G:\github\gaozi\Application\Runtime\Cache\Home\70f18358bcf8be8f1521f277990280d6.php 第 28 行.
NOTIC: [8] Undefined variable: result_active G:\github\gaozi\Application\Runtime\Cache\Home\70f18358bcf8be8f1521f277990280d6.php 第 30 行.
NOTIC: [8] Undefined variable: link_active G:\github\gaozi\Application\Runtime\Cache\Home\70f18358bcf8be8f1521f277990280d6.php 第 31 行.
NOTIC: [8] Undefined variable: contact_active G:\github\gaozi\Application\Runtime\Cache\Home\70f18358bcf8be8f1521f277990280d6.php 第 32 行.
INFO: Run Behavior\ParseTemplateBehavior [ RunTime:0.009001s ]
INFO: [ view_parse ] --END-- [ RunTime:0.009001s ]
INFO: [ view_filter ] --START--
INFO: Run Behavior\WriteHtmlCacheBehavior [ RunTime:0.000000s ]
INFO: [ view_filter ] --END-- [ RunTime:0.000000s ]
INFO: [ app_end ] --START--
INFO: Run Behavior\ShowPageTraceBehavior [ RunTime:0.001000s ]
INFO: [ app_end ] --END-- [ RunTime:0.001000s ]

[ 2014-11-19T22:30:09+08:00 ] 127.0.0.1 /home/index/paper
INFO: [ app_init ] --START--
INFO: Run Behavior\BuildLiteBehavior [ RunTime:0.000000s ]
INFO: [ app_init ] --END-- [ RunTime:0.000000s ]
INFO: [ app_begin ] --START--
INFO: Run Behavior\ReadHtmlCacheBehavior [ RunTime:0.001000s ]
INFO: [ app_begin ] --END-- [ RunTime:0.001000s ]
INFO: [ view_parse ] --START--
INFO: [ template_filter ] --START--
INFO: Run Behavior\ContentReplaceBehavior [ RunTime:0.000000s ]
INFO: [ template_filter ] --END-- [ RunTime:0.000000s ]
NOTIC: [8] Undefined variable: index_active G:\github\gaozi\Application\Runtime\Cache\Home\e62ece094d52bdb2f61a2a5604f95112.php 第 24 行.
NOTIC: [8] Undefined variable: info_active G:\github\gaozi\Application\Runtime\Cache\Home\e62ece094d52bdb2f61a2a5604f95112.php 第 25 行.
NOTIC: [8] Undefined variable: news_active G:\github\gaozi\Application\Runtime\Cache\Home\e62ece094d52bdb2f61a2a5604f95112.php 第 26 行.
NOTIC: [8] Undefined variable: member_active G:\github\gaozi\Application\Runtime\Cache\Home\e62ece094d52bdb2f61a2a5604f95112.php 第 27 行.
NOTIC: [8] Undefined variable: projects_active G:\github\gaozi\Application\Runtime\Cache\Home\e62ece094d52bdb2f61a2a5604f95112.php 第 29 行.
NOTIC: [8] Undefined variable: result_active G:\github\gaozi\Application\Runtime\Cache\Home\e62ece094d52bdb2f61a2a5604f95112.php 第 30 行.
NOTIC: [8] Undefined variable: link_active G:\github\gaozi\Application\Runtime\Cache\Home\e62ece094d52bdb2f61a2a5604f95112.php 第 31 行.
NOTIC: [8] Undefined variable: contact_active G:\github\gaozi\Application\Runtime\Cache\Home\e62ece094d52bdb2f61a2a5604f95112.php 第 32 行.
INFO: Run Behavior\ParseTemplateBehavior [ RunTime:0.010000s ]
INFO: [ view_parse ] --END-- [ RunTime:0.010000s ]
INFO: [ view_filter ] --START--
INFO: Run Behavior\WriteHtmlCacheBehavior [ RunTime:0.000000s ]
INFO: [ view_filter ] --END-- [ RunTime:0.000000s ]
INFO: [ app_end ] --START--
INFO: Run Behavior\ShowPageTraceBehavior [ RunTime:0.001000s ]
INFO: [ app_end ] --END-- [ RunTime:0.001000s ]

