[ 2015-09-15T20:52:34+08:00 ] 127.0.0.1 /
INFO: [ app_init ] --START--
INFO: Run Behavior\BuildLiteBehavior [ RunTime:0.000000s ]
INFO: [ app_init ] --END-- [ RunTime:0.879050s ]
INFO: [ app_begin ] --START--
INFO: Run Behavior\ReadHtmlCacheBehavior [ RunTime:0.147008s ]
INFO: [ app_begin ] --END-- [ RunTime:0.147008s ]
NOTIC: [8192] mysql_connect(): The mysql extension is deprecated and will be removed in the future: use mysqli or PDO instead F:\xampp\htdocs\gaozi\ThinkPHP\Library\Think\Db\Driver\Mysql.class.php 第 52 行.
SQL: SHOW COLUMNS FROM `db_news` [ RunTime:1.630093s ]
SQL: SELECT * FROM `db_news` WHERE ( type != 1 ) ORDER BY nid desc LIMIT 10   [ RunTime:0.115007s ]
SQL: SELECT * FROM `db_news` WHERE ( type = 1 ) ORDER BY nid desc LIMIT 1   [ RunTime:0.001000s ]
SQL: SHOW COLUMNS FROM `db_study` [ RunTime:0.420024s ]
SQL: SELECT * FROM `db_study`  [ RunTime:0.001001s ]
SQL: SHOW COLUMNS FROM `db_user_info` [ RunTime:0.360021s ]
SQL: SELECT * FROM `db_user_info` WHERE ( type != 0 )  [ RunTime:0.001000s ]
SQL: SHOW COLUMNS FROM `db_links` [ RunTime:0.119007s ]
SQL: SELECT * FROM `db_links`  [ RunTime:0.000000s ]
INFO: [ view_parse ] --START--
INFO: [ template_filter ] --START--
INFO: Run Behavior\ContentReplaceBehavior [ RunTime:0.000000s ]
INFO: [ template_filter ] --END-- [ RunTime:0.000000s ]
NOTIC: [8] Undefined variable: info_active F:\xampp\htdocs\gaozi\Application\Runtime\Cache\Home\2a94b8bda04ff446dcedd42276fc99ee.php 第 23 行.
NOTIC: [8] Undefined variable: news_active F:\xampp\htdocs\gaozi\Application\Runtime\Cache\Home\2a94b8bda04ff446dcedd42276fc99ee.php 第 24 行.
NOTIC: [8] Undefined variable: notice_active F:\xampp\htdocs\gaozi\Application\Runtime\Cache\Home\2a94b8bda04ff446dcedd42276fc99ee.php 第 25 行.
NOTIC: [8] Undefined variable: member_active F:\xampp\htdocs\gaozi\Application\Runtime\Cache\Home\2a94b8bda04ff446dcedd42276fc99ee.php 第 26 行.
NOTIC: [8] Undefined variable: paper_active F:\xampp\htdocs\gaozi\Application\Runtime\Cache\Home\2a94b8bda04ff446dcedd42276fc99ee.php 第 27 行.
NOTIC: [8] Undefined variable: projects_active F:\xampp\htdocs\gaozi\Application\Runtime\Cache\Home\2a94b8bda04ff446dcedd42276fc99ee.php 第 28 行.
NOTIC: [8] Undefined variable: result_active F:\xampp\htdocs\gaozi\Application\Runtime\Cache\Home\2a94b8bda04ff446dcedd42276fc99ee.php 第 29 行.
NOTIC: [8] Undefined variable: link_active F:\xampp\htdocs\gaozi\Application\Runtime\Cache\Home\2a94b8bda04ff446dcedd42276fc99ee.php 第 30 行.
INFO: Run Behavior\ParseTemplateBehavior [ RunTime:1.224070s ]
INFO: [ view_parse ] --END-- [ RunTime:1.224070s ]
INFO: [ view_filter ] --START--
INFO: Run Behavior\WriteHtmlCacheBehavior [ RunTime:0.096006s ]
INFO: [ view_filter ] --END-- [ RunTime:0.096006s ]
INFO: [ app_end ] --START--
INFO: Run Behavior\ShowPageTraceBehavior [ RunTime:0.120006s ]
INFO: [ app_end ] --END-- [ RunTime:0.120006s ]

